2026-07-17 17:42:44 | INFO | Using device: cuda
2026-07-17 17:42:44 | INFO | Configuration: configs/s_peft_e0_frozen.yaml
2026-07-17 17:42:44 | INFO | Train seed: 42
2026-07-17 17:42:44 | INFO | Resolved runtime: experiment_id=S_PEFT_E0_FROZEN, mode=dev, head_type=linear, augmentation=a0, cached=False
2026-07-17 17:42:46 | INFO | Total parameters:     88,105,716
2026-07-17 17:42:46 | INFO | Trainable parameters: 256,500
2026-07-17 17:42:49 | INFO | Using config epochs: 15 (dev mode)
2026-07-17 17:42:49 | INFO | Loss: gce (reduction=mean)
2026-07-17 17:42:49 | INFO | Optimizer parameter groups:
2026-07-17 17:42:49 | INFO |   head        :    256,500 params, lr=1.00e-04, wd=1.00e-04
2026-07-17 17:42:49 | INFO |   TOTAL       :    256,500 optimizer params
2026-07-17 17:42:49 | INFO |   Trainable head params:       256,500
2026-07-17 17:42:49 | INFO |   Trainable visual params:           0
2026-07-17 17:42:49 | INFO | Initializing model weights from: outputs/w1_gce05_mixup/seed42/checkpoints/best.pt
2026-07-17 17:42:49 | INFO | Model weights loaded with exact key match.
2026-07-17 17:42:49 | INFO | Running split lineage audit...
2026-07-17 17:42:49 | INFO |   Parent: outputs/w1_gce05_mixup
2026-07-17 17:42:49 | INFO |   Parent split: outputs/ref/seed42
2026-07-17 17:42:49 | INFO |   Child split:  outputs/ref/seed42
2026-07-17 17:42:49 | INFO | Split lineage audit: protocol_valid = True
2026-07-17 17:42:49 | INFO | ============================================================
2026-07-17 17:42:49 | INFO | Epoch-0 validation gate: verifying loaded checkpoint
2026-07-17 17:43:10 | INFO | Epoch 0   | Val Loss: 0.5622 | Val Acc: 0.7116
2026-07-17 17:43:10 | INFO | Epoch-0 validation gate PASSED: delta=0.000000 <= 0.0005
2026-07-17 17:43:10 | INFO | ============================================================
