2026-07-17 17:43:24 | INFO | Using device: cuda
2026-07-17 17:43:24 | INFO | Configuration: configs/s_peft_e0_frozen.yaml
2026-07-17 17:43:24 | INFO | Train seed: 42
2026-07-17 17:43:24 | INFO | Resolved runtime: experiment_id=S_PEFT_E0_FROZEN, mode=dev, head_type=linear, augmentation=a0, cached=False
2026-07-17 17:43:27 | INFO | Total parameters:     88,105,716
2026-07-17 17:43:27 | INFO | Trainable parameters: 256,500
2026-07-17 17:43:30 | INFO | Using config epochs: 15 (dev mode)
2026-07-17 17:43:30 | INFO | Loss: gce (reduction=mean)
2026-07-17 17:43:30 | INFO | Optimizer parameter groups:
2026-07-17 17:43:30 | INFO |   head        :    256,500 params, lr=1.00e-04, wd=1.00e-04
2026-07-17 17:43:30 | INFO |   TOTAL       :    256,500 optimizer params
2026-07-17 17:43:30 | INFO |   Trainable head params:       256,500
2026-07-17 17:43:30 | INFO |   Trainable visual params:           0
2026-07-17 17:43:30 | INFO | Initializing model weights from: outputs/w1_gce05_mixup/seed42/checkpoints/best.pt
2026-07-17 17:43:30 | INFO | Model weights loaded with exact key match.
2026-07-17 17:43:30 | INFO | Running split lineage audit...
2026-07-17 17:43:30 | INFO |   Parent: outputs/w1_gce05_mixup
2026-07-17 17:43:30 | INFO |   Parent split: outputs/ref/seed42
2026-07-17 17:43:30 | INFO |   Child split:  outputs/ref/seed42
2026-07-17 17:43:30 | INFO | Split lineage audit: protocol_valid = True
2026-07-17 17:43:30 | INFO | ============================================================
2026-07-17 17:43:30 | INFO | Epoch-0 validation gate: verifying loaded checkpoint
2026-07-17 17:43:48 | INFO | Epoch 0   | Val Loss: 0.5622 | Val Acc: 0.7116
2026-07-17 17:43:48 | INFO | Epoch-0 validation gate PASSED: delta=0.000000 <= 0.0005
2026-07-17 17:43:48 | INFO | ============================================================
2026-07-17 17:43:48 | INFO | Starting training: 15 epochs, 714 batches/epoch
2026-07-17 17:43:48 | INFO | Warmup steps: 1428, Total steps: 10710, Cosine steps: 9282
2026-07-17 17:43:48 | INFO | AMP: True
2026-07-17 17:43:48 | INFO | ============================================================
2026-07-17 17:46:21 | INFO | Epoch   1/15 | Train Loss: 0.4709 | Train Acc: 0.7960 | Val Loss: 0.5622 | Val Acc: 0.7117 | head_lr: 5.00e-05 | bb_lr: 0.00e+00 | Time: 2m 33s
2026-07-17 17:46:21 | INFO |   >> New best RAW! Val Acc: 0.7117
2026-07-17 17:48:55 | INFO | Epoch   2/15 | Train Loss: 0.4669 | Train Acc: 0.7977 | Val Loss: 0.5622 | Val Acc: 0.7113 | head_lr: 1.00e-04 | bb_lr: 0.00e+00 | Time: 2m 31s
2026-07-17 17:48:55 | INFO |   >> No improvement for 1/5 epochs
2026-07-17 17:51:28 | INFO | Epoch   3/15 | Train Loss: 0.4695 | Train Acc: 0.7955 | Val Loss: 0.5622 | Val Acc: 0.7112 | head_lr: 9.86e-05 | bb_lr: 0.00e+00 | Time: 2m 32s
2026-07-17 17:51:28 | INFO |   >> No improvement for 2/5 epochs
2026-07-17 17:53:58 | INFO | Epoch   4/15 | Train Loss: 0.4738 | Train Acc: 0.7938 | Val Loss: 0.5621 | Val Acc: 0.7115 | head_lr: 9.43e-05 | bb_lr: 0.00e+00 | Time: 2m 29s
2026-07-17 17:53:58 | INFO |   >> No improvement for 3/5 epochs
2026-07-17 17:56:30 | INFO | Epoch   5/15 | Train Loss: 0.4687 | Train Acc: 0.7963 | Val Loss: 0.5621 | Val Acc: 0.7115 | head_lr: 8.76e-05 | bb_lr: 0.00e+00 | Time: 2m 30s
2026-07-17 17:56:30 | INFO |   >> No improvement for 4/5 epochs
2026-07-17 17:58:58 | INFO | Epoch   6/15 | Train Loss: 0.4749 | Train Acc: 0.7945 | Val Loss: 0.5620 | Val Acc: 0.7114 | head_lr: 7.86e-05 | bb_lr: 0.00e+00 | Time: 2m 27s
2026-07-17 17:58:58 | INFO |   >> No improvement for 5/5 epochs
2026-07-17 17:58:58 | INFO | Early stopping triggered at epoch 6 (no improvement for 5 epochs). Best val acc: 0.7117 at epoch 1.
2026-07-17 17:58:58 | INFO | ============================================================
2026-07-17 17:58:58 | INFO | Training complete! Total time: 15m 10s
2026-07-17 17:58:58 | INFO | Best validation accuracy: 0.7117
2026-07-17 17:58:58 | INFO | Best model saved to: outputs/s_peft/e0_frozen/seed42/checkpoints/best.pt
2026-07-17 17:58:58 | INFO | Training log saved to: outputs/s_peft/e0_frozen/seed42/logs/train_log.csv
2026-07-17 17:58:59 | INFO | Reloaded best checkpoint for post-training evaluation: outputs/s_peft/e0_frozen/seed42/checkpoints/best.pt (epoch=1, best_val_acc=0.71170997)
2026-07-17 17:58:59 | INFO | Running post-training per-class evaluation...
2026-07-17 17:59:17 | INFO | Eval results saved to: outputs/s_peft/e0_frozen/seed42/checkpoints/eval_results.json
2026-07-17 17:59:18 | INFO | Artifact manifest saved to: outputs/s_peft/e0_frozen/seed42/checkpoints/artifact_manifest.json
2026-07-17 17:59:18 | INFO | Per-class metrics saved to: outputs/s_peft/e0_frozen/seed42/checkpoints/per_class_metrics.csv
2026-07-17 17:59:35 | INFO | Prediction records saved to: outputs/s_peft/e0_frozen/seed42/checkpoints/prediction_records.csv
