2026-07-12 22:57:20 | INFO | Using device: cuda
2026-07-12 22:57:20 | INFO | Configuration: configs/r3_d3_proto_weight.yaml
2026-07-12 22:57:20 | INFO | Train seed: 42
2026-07-12 22:57:20 | INFO | Resolved runtime: experiment_id=B3_PROTO_STATIC, mode=dev, head_type=linear, augmentation=a0, cached=False
2026-07-12 22:57:23 | INFO | Total parameters:     88,105,716
2026-07-12 22:57:23 | INFO | Trainable parameters: 256,500
2026-07-12 22:57:25 | INFO | Using config epochs: 50 (dev mode)
2026-07-12 22:57:26 | INFO | Sample weighting enabled: 91375 weights loaded from outputs/phase2/prototype_weights/sample_weights.json
2026-07-12 22:57:26 | INFO | Loss: cross_entropy (reduction=none)
2026-07-12 22:57:26 | INFO | Optimizer parameter groups:
2026-07-12 22:57:26 | INFO |   head        :    256,500 params, lr=5.00e-03, wd=1.00e-04
2026-07-12 22:57:26 | INFO |   TOTAL       :    256,500 optimizer params
2026-07-12 22:57:26 | INFO |   Trainable head params:       256,500
2026-07-12 22:57:26 | INFO |   Trainable visual params:           0
2026-07-12 22:57:26 | INFO | Starting training: 50 epochs, 714 batches/epoch
2026-07-12 22:57:26 | INFO | Warmup steps: 1428, Total steps: 35700, Cosine steps: 34272
2026-07-12 22:57:26 | INFO | AMP: True
2026-07-12 22:57:26 | INFO | ============================================================
2026-07-12 22:59:47 | INFO | Epoch   1/50 | Train Loss: 5.6669 | Train Acc: 0.2101 | Val Loss: 4.8128 | Val Acc: 0.3767 | head_lr: 2.50e-03 | bb_lr: 0.00e+00 | Time: 2m 21s
2026-07-12 22:59:47 | INFO |   >> New best model! Val Acc: 0.3767
2026-07-12 23:02:16 | INFO | Epoch   2/50 | Train Loss: 3.5026 | Train Acc: 0.4712 | Val Loss: 2.8916 | Val Acc: 0.5332 | head_lr: 5.00e-03 | bb_lr: 0.00e+00 | Time: 2m 28s
2026-07-12 23:02:16 | INFO |   >> New best model! Val Acc: 0.5332
2026-07-12 23:05:11 | INFO | Epoch   3/50 | Train Loss: 2.0344 | Train Acc: 0.5807 | Val Loss: 2.2021 | Val Acc: 0.5898 | head_lr: 4.99e-03 | bb_lr: 0.00e+00 | Time: 2m 52s
2026-07-12 23:05:11 | INFO |   >> New best model! Val Acc: 0.5898
2026-07-12 23:07:43 | INFO | Epoch   4/50 | Train Loss: 1.5383 | Train Acc: 0.6238 | Val Loss: 1.9407 | Val Acc: 0.6115 | head_lr: 4.98e-03 | bb_lr: 0.00e+00 | Time: 2m 30s
2026-07-12 23:07:43 | INFO |   >> New best model! Val Acc: 0.6115
2026-07-12 23:10:12 | INFO | Epoch   5/50 | Train Loss: 1.3159 | Train Acc: 0.6499 | Val Loss: 1.7975 | Val Acc: 0.6302 | head_lr: 4.95e-03 | bb_lr: 0.00e+00 | Time: 2m 28s
2026-07-12 23:10:12 | INFO |   >> New best model! Val Acc: 0.6302
2026-07-12 23:12:41 | INFO | Epoch   6/50 | Train Loss: 1.1844 | Train Acc: 0.6695 | Val Loss: 1.7082 | Val Acc: 0.6412 | head_lr: 4.92e-03 | bb_lr: 0.00e+00 | Time: 2m 28s
2026-07-12 23:12:41 | INFO |   >> New best model! Val Acc: 0.6412
2026-07-12 23:15:12 | INFO | Epoch   7/50 | Train Loss: 1.0954 | Train Acc: 0.6850 | Val Loss: 1.6426 | Val Acc: 0.6523 | head_lr: 4.87e-03 | bb_lr: 0.00e+00 | Time: 2m 30s
2026-07-12 23:15:12 | INFO |   >> New best model! Val Acc: 0.6523
2026-07-12 23:17:43 | INFO | Epoch   8/50 | Train Loss: 1.0291 | Train Acc: 0.6974 | Val Loss: 1.5933 | Val Acc: 0.6559 | head_lr: 4.81e-03 | bb_lr: 0.00e+00 | Time: 2m 29s
2026-07-12 23:17:43 | INFO |   >> New best model! Val Acc: 0.6559
2026-07-12 23:20:14 | INFO | Epoch   9/50 | Train Loss: 0.9770 | Train Acc: 0.7083 | Val Loss: 1.5560 | Val Acc: 0.6633 | head_lr: 4.74e-03 | bb_lr: 0.00e+00 | Time: 2m 30s
2026-07-12 23:20:14 | INFO |   >> New best model! Val Acc: 0.6633
2026-07-12 23:22:45 | INFO | Epoch  10/50 | Train Loss: 0.9350 | Train Acc: 0.7187 | Val Loss: 1.5272 | Val Acc: 0.6710 | head_lr: 4.67e-03 | bb_lr: 0.00e+00 | Time: 2m 30s
2026-07-12 23:22:45 | INFO |   >> New best model! Val Acc: 0.6710
2026-07-12 23:25:18 | INFO | Epoch  11/50 | Train Loss: 0.8991 | Train Acc: 0.7264 | Val Loss: 1.5019 | Val Acc: 0.6758 | head_lr: 4.58e-03 | bb_lr: 0.00e+00 | Time: 2m 31s
2026-07-12 23:25:18 | INFO |   >> New best model! Val Acc: 0.6758
2026-07-12 23:27:51 | INFO | Epoch  12/50 | Train Loss: 0.8698 | Train Acc: 0.7338 | Val Loss: 1.4843 | Val Acc: 0.6777 | head_lr: 4.49e-03 | bb_lr: 0.00e+00 | Time: 2m 32s
2026-07-12 23:27:51 | INFO |   >> New best model! Val Acc: 0.6777
2026-07-12 23:30:23 | INFO | Epoch  13/50 | Train Loss: 0.8438 | Train Acc: 0.7415 | Val Loss: 1.4636 | Val Acc: 0.6799 | head_lr: 4.39e-03 | bb_lr: 0.00e+00 | Time: 2m 30s
2026-07-12 23:30:23 | INFO |   >> New best model! Val Acc: 0.6799
2026-07-12 23:32:55 | INFO | Epoch  14/50 | Train Loss: 0.8213 | Train Acc: 0.7471 | Val Loss: 1.4480 | Val Acc: 0.6812 | head_lr: 4.28e-03 | bb_lr: 0.00e+00 | Time: 2m 31s
2026-07-12 23:32:55 | INFO |   >> New best model! Val Acc: 0.6812
2026-07-12 23:35:29 | INFO | Epoch  15/50 | Train Loss: 0.8012 | Train Acc: 0.7528 | Val Loss: 1.4387 | Val Acc: 0.6866 | head_lr: 4.16e-03 | bb_lr: 0.00e+00 | Time: 2m 32s
2026-07-12 23:35:29 | INFO |   >> New best model! Val Acc: 0.6866
2026-07-12 23:37:58 | INFO | Epoch  16/50 | Train Loss: 0.7832 | Train Acc: 0.7579 | Val Loss: 1.4289 | Val Acc: 0.6878 | head_lr: 4.03e-03 | bb_lr: 0.00e+00 | Time: 2m 28s
2026-07-12 23:37:58 | INFO |   >> New best model! Val Acc: 0.6878
2026-07-12 23:40:28 | INFO | Epoch  17/50 | Train Loss: 0.7669 | Train Acc: 0.7617 | Val Loss: 1.4190 | Val Acc: 0.6883 | head_lr: 3.90e-03 | bb_lr: 0.00e+00 | Time: 2m 27s
2026-07-12 23:40:28 | INFO |   >> New best model! Val Acc: 0.6883
2026-07-12 23:42:58 | INFO | Epoch  18/50 | Train Loss: 0.7522 | Train Acc: 0.7656 | Val Loss: 1.4119 | Val Acc: 0.6907 | head_lr: 3.76e-03 | bb_lr: 0.00e+00 | Time: 2m 28s
2026-07-12 23:42:58 | INFO |   >> New best model! Val Acc: 0.6907
2026-07-12 23:45:30 | INFO | Epoch  19/50 | Train Loss: 0.7392 | Train Acc: 0.7705 | Val Loss: 1.4051 | Val Acc: 0.6880 | head_lr: 3.62e-03 | bb_lr: 0.00e+00 | Time: 2m 31s
2026-07-12 23:45:30 | INFO |   >> No improvement for 1/10 epochs
2026-07-12 23:48:02 | INFO | Epoch  20/50 | Train Loss: 0.7272 | Train Acc: 0.7737 | Val Loss: 1.3972 | Val Acc: 0.6935 | head_lr: 3.47e-03 | bb_lr: 0.00e+00 | Time: 2m 31s
2026-07-12 23:48:02 | INFO |   >> New best model! Val Acc: 0.6935
2026-07-12 23:50:35 | INFO | Epoch  21/50 | Train Loss: 0.7160 | Train Acc: 0.7769 | Val Loss: 1.3918 | Val Acc: 0.6946 | head_lr: 3.32e-03 | bb_lr: 0.00e+00 | Time: 2m 31s
2026-07-12 23:50:35 | INFO |   >> New best model! Val Acc: 0.6946
2026-07-12 23:53:03 | INFO | Epoch  22/50 | Train Loss: 0.7058 | Train Acc: 0.7806 | Val Loss: 1.3875 | Val Acc: 0.6959 | head_lr: 3.17e-03 | bb_lr: 0.00e+00 | Time: 2m 27s
2026-07-12 23:53:03 | INFO |   >> New best model! Val Acc: 0.6959
2026-07-12 23:55:33 | INFO | Epoch  23/50 | Train Loss: 0.6971 | Train Acc: 0.7822 | Val Loss: 1.3832 | Val Acc: 0.6937 | head_lr: 3.01e-03 | bb_lr: 0.00e+00 | Time: 2m 29s
2026-07-12 23:55:33 | INFO |   >> No improvement for 1/10 epochs
2026-07-12 23:58:04 | INFO | Epoch  24/50 | Train Loss: 0.6883 | Train Acc: 0.7855 | Val Loss: 1.3816 | Val Acc: 0.6957 | head_lr: 2.85e-03 | bb_lr: 0.00e+00 | Time: 2m 29s
2026-07-12 23:58:04 | INFO |   >> No improvement for 2/10 epochs
2026-07-13 00:00:34 | INFO | Epoch  25/50 | Train Loss: 0.6803 | Train Acc: 0.7877 | Val Loss: 1.3752 | Val Acc: 0.6968 | head_lr: 2.69e-03 | bb_lr: 0.00e+00 | Time: 2m 29s
2026-07-13 00:00:34 | INFO |   >> New best model! Val Acc: 0.6968
2026-07-13 00:03:06 | INFO | Epoch  26/50 | Train Loss: 0.6733 | Train Acc: 0.7902 | Val Loss: 1.3742 | Val Acc: 0.6964 | head_lr: 2.52e-03 | bb_lr: 0.00e+00 | Time: 2m 30s
2026-07-13 00:03:06 | INFO |   >> No improvement for 1/10 epochs
2026-07-13 00:05:39 | INFO | Epoch  27/50 | Train Loss: 0.6665 | Train Acc: 0.7916 | Val Loss: 1.3725 | Val Acc: 0.6994 | head_lr: 2.36e-03 | bb_lr: 0.00e+00 | Time: 2m 32s
2026-07-13 00:05:39 | INFO |   >> New best model! Val Acc: 0.6994
2026-07-13 00:08:17 | INFO | Epoch  28/50 | Train Loss: 0.6608 | Train Acc: 0.7932 | Val Loss: 1.3697 | Val Acc: 0.6966 | head_lr: 2.20e-03 | bb_lr: 0.00e+00 | Time: 2m 36s
2026-07-13 00:08:17 | INFO |   >> No improvement for 1/10 epochs
2026-07-13 00:10:50 | INFO | Epoch  29/50 | Train Loss: 0.6550 | Train Acc: 0.7952 | Val Loss: 1.3673 | Val Acc: 0.6986 | head_lr: 2.04e-03 | bb_lr: 0.00e+00 | Time: 2m 32s
2026-07-13 00:10:50 | INFO |   >> No improvement for 2/10 epochs
2026-07-13 00:13:21 | INFO | Epoch  30/50 | Train Loss: 0.6497 | Train Acc: 0.7978 | Val Loss: 1.3653 | Val Acc: 0.6996 | head_lr: 1.88e-03 | bb_lr: 0.00e+00 | Time: 2m 29s
2026-07-13 00:13:21 | INFO |   >> New best model! Val Acc: 0.6996
2026-07-13 00:15:50 | INFO | Epoch  31/50 | Train Loss: 0.6447 | Train Acc: 0.7989 | Val Loss: 1.3634 | Val Acc: 0.7005 | head_lr: 1.73e-03 | bb_lr: 0.00e+00 | Time: 2m 27s
2026-07-13 00:15:50 | INFO |   >> New best model! Val Acc: 0.7005
2026-07-13 00:18:24 | INFO | Epoch  32/50 | Train Loss: 0.6407 | Train Acc: 0.8001 | Val Loss: 1.3615 | Val Acc: 0.7005 | head_lr: 1.58e-03 | bb_lr: 0.00e+00 | Time: 2m 32s
2026-07-13 00:18:24 | INFO |   >> No improvement for 1/10 epochs
2026-07-13 00:20:55 | INFO | Epoch  33/50 | Train Loss: 0.6368 | Train Acc: 0.8010 | Val Loss: 1.3597 | Val Acc: 0.6997 | head_lr: 1.43e-03 | bb_lr: 0.00e+00 | Time: 2m 30s
2026-07-13 00:20:55 | INFO |   >> No improvement for 2/10 epochs
2026-07-13 00:23:25 | INFO | Epoch  34/50 | Train Loss: 0.6332 | Train Acc: 0.8027 | Val Loss: 1.3583 | Val Acc: 0.7005 | head_lr: 1.29e-03 | bb_lr: 0.00e+00 | Time: 2m 30s
2026-07-13 00:23:25 | INFO |   >> No improvement for 3/10 epochs
2026-07-13 00:25:55 | INFO | Epoch  35/50 | Train Loss: 0.6302 | Train Acc: 0.8040 | Val Loss: 1.3574 | Val Acc: 0.7004 | head_lr: 1.15e-03 | bb_lr: 0.00e+00 | Time: 2m 29s
2026-07-13 00:25:55 | INFO |   >> No improvement for 4/10 epochs
2026-07-13 00:28:27 | INFO | Epoch  36/50 | Train Loss: 0.6274 | Train Acc: 0.8047 | Val Loss: 1.3567 | Val Acc: 0.7015 | head_lr: 1.02e-03 | bb_lr: 0.00e+00 | Time: 2m 31s
2026-07-13 00:28:27 | INFO |   >> New best model! Val Acc: 0.7015
2026-07-13 00:30:58 | INFO | Epoch  37/50 | Train Loss: 0.6244 | Train Acc: 0.8055 | Val Loss: 1.3561 | Val Acc: 0.7011 | head_lr: 8.93e-04 | bb_lr: 0.00e+00 | Time: 2m 30s
2026-07-13 00:30:58 | INFO |   >> No improvement for 1/10 epochs
2026-07-13 00:33:31 | INFO | Epoch  38/50 | Train Loss: 0.6223 | Train Acc: 0.8062 | Val Loss: 1.3552 | Val Acc: 0.7016 | head_lr: 7.75e-04 | bb_lr: 0.00e+00 | Time: 2m 31s
2026-07-13 00:33:31 | INFO |   >> New best model! Val Acc: 0.7016
2026-07-13 00:36:02 | INFO | Epoch  39/50 | Train Loss: 0.6200 | Train Acc: 0.8073 | Val Loss: 1.3548 | Val Acc: 0.7014 | head_lr: 6.64e-04 | bb_lr: 0.00e+00 | Time: 2m 30s
2026-07-13 00:36:02 | INFO |   >> No improvement for 1/10 epochs
2026-07-13 00:38:33 | INFO | Epoch  40/50 | Train Loss: 0.6182 | Train Acc: 0.8081 | Val Loss: 1.3543 | Val Acc: 0.7016 | head_lr: 5.61e-04 | bb_lr: 0.00e+00 | Time: 2m 30s
2026-07-13 00:38:33 | INFO |   >> No improvement for 2/10 epochs
2026-07-13 00:41:02 | INFO | Epoch  41/50 | Train Loss: 0.6167 | Train Acc: 0.8082 | Val Loss: 1.3538 | Val Acc: 0.7019 | head_lr: 4.67e-04 | bb_lr: 0.00e+00 | Time: 2m 29s
2026-07-13 00:41:02 | INFO |   >> New best model! Val Acc: 0.7019
2026-07-13 00:43:36 | INFO | Epoch  42/50 | Train Loss: 0.6153 | Train Acc: 0.8086 | Val Loss: 1.3536 | Val Acc: 0.7009 | head_lr: 3.82e-04 | bb_lr: 0.00e+00 | Time: 2m 32s
2026-07-13 00:43:36 | INFO |   >> No improvement for 1/10 epochs
2026-07-13 00:46:01 | INFO | Epoch  43/50 | Train Loss: 0.6145 | Train Acc: 0.8092 | Val Loss: 1.3533 | Val Acc: 0.7008 | head_lr: 3.05e-04 | bb_lr: 0.00e+00 | Time: 2m 25s
2026-07-13 00:46:01 | INFO |   >> No improvement for 2/10 epochs
2026-07-13 00:48:25 | INFO | Epoch  44/50 | Train Loss: 0.6134 | Train Acc: 0.8096 | Val Loss: 1.3531 | Val Acc: 0.7005 | head_lr: 2.38e-04 | bb_lr: 0.00e+00 | Time: 2m 22s
2026-07-13 00:48:25 | INFO |   >> No improvement for 3/10 epochs
2026-07-13 00:50:49 | INFO | Epoch  45/50 | Train Loss: 0.6127 | Train Acc: 0.8099 | Val Loss: 1.3530 | Val Acc: 0.7007 | head_lr: 1.81e-04 | bb_lr: 0.00e+00 | Time: 2m 23s
2026-07-13 00:50:49 | INFO |   >> No improvement for 4/10 epochs
2026-07-13 00:53:12 | INFO | Epoch  46/50 | Train Loss: 0.6119 | Train Acc: 0.8098 | Val Loss: 1.3529 | Val Acc: 0.7011 | head_lr: 1.34e-04 | bb_lr: 0.00e+00 | Time: 2m 23s
2026-07-13 00:53:12 | INFO |   >> No improvement for 5/10 epochs
2026-07-13 00:55:39 | INFO | Epoch  47/50 | Train Loss: 0.6113 | Train Acc: 0.8103 | Val Loss: 1.3528 | Val Acc: 0.7012 | head_lr: 9.76e-05 | bb_lr: 0.00e+00 | Time: 2m 26s
2026-07-13 00:55:39 | INFO |   >> No improvement for 6/10 epochs
2026-07-13 00:58:03 | INFO | Epoch  48/50 | Train Loss: 0.6112 | Train Acc: 0.8103 | Val Loss: 1.3528 | Val Acc: 0.7011 | head_lr: 7.12e-05 | bb_lr: 0.00e+00 | Time: 2m 23s
2026-07-13 00:58:03 | INFO |   >> No improvement for 7/10 epochs
2026-07-13 01:00:29 | INFO | Epoch  49/50 | Train Loss: 0.6110 | Train Acc: 0.8103 | Val Loss: 1.3528 | Val Acc: 0.7011 | head_lr: 5.53e-05 | bb_lr: 0.00e+00 | Time: 2m 25s
2026-07-13 01:00:29 | INFO |   >> No improvement for 8/10 epochs
2026-07-13 01:02:54 | INFO | Epoch  50/50 | Train Loss: 0.6107 | Train Acc: 0.8104 | Val Loss: 1.3527 | Val Acc: 0.7012 | head_lr: 5.00e-05 | bb_lr: 0.00e+00 | Time: 2m 24s
2026-07-13 01:02:54 | INFO |   >> No improvement for 9/10 epochs
2026-07-13 01:02:55 | INFO | ============================================================
2026-07-13 01:02:55 | INFO | Training complete! Total time: 2h 5m 29s
2026-07-13 01:02:55 | INFO | Best validation accuracy: 0.7019
2026-07-13 01:02:55 | INFO | Best model saved to: outputs/r3_d3_proto_weight/seed42/checkpoints/best.pt
2026-07-13 01:02:55 | INFO | Training log saved to: outputs/r3_d3_proto_weight/seed42/logs/train_log.csv
2026-07-13 01:02:55 | INFO | Reloaded best checkpoint for post-training evaluation: outputs/r3_d3_proto_weight/seed42/checkpoints/best.pt (epoch=41, best_val_acc=0.70191935)
2026-07-13 01:02:55 | INFO | Running post-training per-class evaluation...
