2026-07-11 21:15:03 | INFO | Using device: cuda
2026-07-11 21:15:03 | INFO | Configuration: configs/d3_dedup.yaml
2026-07-11 21:15:03 | INFO | Train seed: 42
2026-07-11 21:15:03 | INFO | Resolved runtime: experiment_id=D3_DEDUP, mode=dev, head_type=linear, augmentation=a0, cached=True
2026-07-11 21:15:06 | INFO | Total parameters:     88,105,716
2026-07-11 21:15:06 | INFO | Trainable parameters: 256,500
2026-07-11 21:15:06 | INFO | Using cached features for training.
2026-07-11 21:15:54 | INFO | Val loader (cached): 9931 samples, 39 batches
2026-07-11 21:15:54 | INFO | Train loader (cached): 91395 samples, 715 batches
2026-07-11 21:15:54 | INFO | Using config epochs: 50 (dev mode)
2026-07-11 21:15:54 | INFO | Optimizer parameter groups:
2026-07-11 21:15:54 | INFO |   head        :    256,500 params, lr=5.00e-03, wd=1.00e-04
2026-07-11 21:15:54 | INFO |   TOTAL       :    256,500 optimizer params
2026-07-11 21:15:54 | INFO |   Trainable head params:       256,500
2026-07-11 21:15:54 | INFO |   Trainable visual params:           0
2026-07-11 21:15:54 | INFO | Starting training: 50 epochs, 715 batches/epoch
2026-07-11 21:15:54 | INFO | Warmup steps: 715, Total steps: 35750, Cosine steps: 35035
2026-07-11 21:15:54 | INFO | AMP: True
2026-07-11 21:15:54 | INFO | ============================================================
2026-07-11 21:15:57 | INFO | Epoch   1/50 | Train Loss: 5.3298 | Train Acc: 0.2359 | Val Loss: 3.9194 | Val Acc: 0.4243 | head_lr: 5.00e-03 | bb_lr: 0.00e+00 | Time: 3s
2026-07-11 21:15:57 | INFO |   >> New best model! Val Acc: 0.4243
2026-07-11 21:16:01 | INFO | Epoch   2/50 | Train Loss: 2.9911 | Train Acc: 0.5272 | Val Loss: 2.4541 | Val Acc: 0.5744 | head_lr: 4.99e-03 | bb_lr: 0.00e+00 | Time: 2s
2026-07-11 21:16:01 | INFO |   >> New best model! Val Acc: 0.5744
2026-07-11 21:16:05 | INFO | Epoch   3/50 | Train Loss: 2.1419 | Train Acc: 0.6146 | Val Loss: 2.0277 | Val Acc: 0.6234 | head_lr: 4.98e-03 | bb_lr: 0.00e+00 | Time: 2s
2026-07-11 21:16:05 | INFO |   >> New best model! Val Acc: 0.6234
2026-07-11 21:16:09 | INFO | Epoch   4/50 | Train Loss: 1.8157 | Train Acc: 0.6524 | Val Loss: 1.8266 | Val Acc: 0.6395 | head_lr: 4.95e-03 | bb_lr: 0.00e+00 | Time: 3s
2026-07-11 21:16:09 | INFO |   >> New best model! Val Acc: 0.6395
2026-07-11 21:16:13 | INFO | Epoch   5/50 | Train Loss: 1.6341 | Train Acc: 0.6764 | Val Loss: 1.7094 | Val Acc: 0.6547 | head_lr: 4.92e-03 | bb_lr: 0.00e+00 | Time: 2s
2026-07-11 21:16:13 | INFO |   >> New best model! Val Acc: 0.6547
2026-07-11 21:16:17 | INFO | Epoch   6/50 | Train Loss: 1.5128 | Train Acc: 0.6945 | Val Loss: 1.6295 | Val Acc: 0.6647 | head_lr: 4.87e-03 | bb_lr: 0.00e+00 | Time: 2s
2026-07-11 21:16:17 | INFO |   >> New best model! Val Acc: 0.6647
2026-07-11 21:16:21 | INFO | Epoch   7/50 | Train Loss: 1.4235 | Train Acc: 0.7094 | Val Loss: 1.5724 | Val Acc: 0.6707 | head_lr: 4.82e-03 | bb_lr: 0.00e+00 | Time: 2s
2026-07-11 21:16:21 | INFO |   >> New best model! Val Acc: 0.6707
2026-07-11 21:16:25 | INFO | Epoch   8/50 | Train Loss: 1.3535 | Train Acc: 0.7185 | Val Loss: 1.5297 | Val Acc: 0.6761 | head_lr: 4.75e-03 | bb_lr: 0.00e+00 | Time: 2s
2026-07-11 21:16:25 | INFO |   >> New best model! Val Acc: 0.6761
2026-07-11 21:16:29 | INFO | Epoch   9/50 | Train Loss: 1.2960 | Train Acc: 0.7299 | Val Loss: 1.4982 | Val Acc: 0.6786 | head_lr: 4.68e-03 | bb_lr: 0.00e+00 | Time: 2s
2026-07-11 21:16:29 | INFO |   >> New best model! Val Acc: 0.6786
2026-07-11 21:16:31 | INFO | Epoch  10/50 | Train Loss: 1.2482 | Train Acc: 0.7391 | Val Loss: 1.4712 | Val Acc: 0.6812 | head_lr: 4.60e-03 | bb_lr: 0.00e+00 | Time: 0s
2026-07-11 21:16:31 | INFO |   >> New best model! Val Acc: 0.6812
2026-07-11 21:16:34 | INFO | Epoch  11/50 | Train Loss: 1.2073 | Train Acc: 0.7452 | Val Loss: 1.4493 | Val Acc: 0.6863 | head_lr: 4.51e-03 | bb_lr: 0.00e+00 | Time: 2s
2026-07-11 21:16:34 | INFO |   >> New best model! Val Acc: 0.6863
2026-07-11 21:16:38 | INFO | Epoch  12/50 | Train Loss: 1.1711 | Train Acc: 0.7526 | Val Loss: 1.4340 | Val Acc: 0.6858 | head_lr: 4.41e-03 | bb_lr: 0.00e+00 | Time: 2s
2026-07-11 21:16:38 | INFO |   >> No improvement for 1/10 epochs
2026-07-11 21:16:42 | INFO | Epoch  13/50 | Train Loss: 1.1392 | Train Acc: 0.7583 | Val Loss: 1.4171 | Val Acc: 0.6923 | head_lr: 4.30e-03 | bb_lr: 0.00e+00 | Time: 2s
2026-07-11 21:16:42 | INFO |   >> New best model! Val Acc: 0.6923
2026-07-11 21:16:45 | INFO | Epoch  14/50 | Train Loss: 1.1116 | Train Acc: 0.7628 | Val Loss: 1.4068 | Val Acc: 0.6909 | head_lr: 4.19e-03 | bb_lr: 0.00e+00 | Time: 2s
2026-07-11 21:16:45 | INFO |   >> No improvement for 1/10 epochs
2026-07-11 21:16:49 | INFO | Epoch  15/50 | Train Loss: 1.0861 | Train Acc: 0.7683 | Val Loss: 1.3960 | Val Acc: 0.6905 | head_lr: 4.07e-03 | bb_lr: 0.00e+00 | Time: 2s
2026-07-11 21:16:49 | INFO |   >> No improvement for 2/10 epochs
2026-07-11 21:16:52 | INFO | Epoch  16/50 | Train Loss: 1.0635 | Train Acc: 0.7729 | Val Loss: 1.3864 | Val Acc: 0.6931 | head_lr: 3.94e-03 | bb_lr: 0.00e+00 | Time: 2s
2026-07-11 21:16:52 | INFO |   >> New best model! Val Acc: 0.6931
2026-07-11 21:16:56 | INFO | Epoch  17/50 | Train Loss: 1.0427 | Train Acc: 0.7767 | Val Loss: 1.3790 | Val Acc: 0.6941 | head_lr: 3.81e-03 | bb_lr: 0.00e+00 | Time: 2s
2026-07-11 21:16:56 | INFO |   >> New best model! Val Acc: 0.6941
2026-07-11 21:17:00 | INFO | Epoch  18/50 | Train Loss: 1.0238 | Train Acc: 0.7806 | Val Loss: 1.3724 | Val Acc: 0.6962 | head_lr: 3.67e-03 | bb_lr: 0.00e+00 | Time: 2s
2026-07-11 21:17:00 | INFO |   >> New best model! Val Acc: 0.6962
2026-07-11 21:17:02 | INFO | Epoch  19/50 | Train Loss: 1.0064 | Train Acc: 0.7836 | Val Loss: 1.3665 | Val Acc: 0.6964 | head_lr: 3.53e-03 | bb_lr: 0.00e+00 | Time: 1s
2026-07-11 21:17:02 | INFO |   >> New best model! Val Acc: 0.6964
2026-07-11 21:17:06 | INFO | Epoch  20/50 | Train Loss: 0.9904 | Train Acc: 0.7883 | Val Loss: 1.3608 | Val Acc: 0.6981 | head_lr: 3.38e-03 | bb_lr: 0.00e+00 | Time: 2s
2026-07-11 21:17:06 | INFO |   >> New best model! Val Acc: 0.6981
2026-07-11 21:17:10 | INFO | Epoch  21/50 | Train Loss: 0.9762 | Train Acc: 0.7902 | Val Loss: 1.3577 | Val Acc: 0.6990 | head_lr: 3.23e-03 | bb_lr: 0.00e+00 | Time: 2s
2026-07-11 21:17:10 | INFO |   >> New best model! Val Acc: 0.6990
2026-07-11 21:17:14 | INFO | Epoch  22/50 | Train Loss: 0.9629 | Train Acc: 0.7937 | Val Loss: 1.3518 | Val Acc: 0.7030 | head_lr: 3.08e-03 | bb_lr: 0.00e+00 | Time: 2s
2026-07-11 21:17:14 | INFO |   >> New best model! Val Acc: 0.7030
2026-07-11 21:17:18 | INFO | Epoch  23/50 | Train Loss: 0.9507 | Train Acc: 0.7963 | Val Loss: 1.3490 | Val Acc: 0.7028 | head_lr: 2.92e-03 | bb_lr: 0.00e+00 | Time: 2s
2026-07-11 21:17:18 | INFO |   >> No improvement for 1/10 epochs
2026-07-11 21:17:21 | INFO | Epoch  24/50 | Train Loss: 0.9389 | Train Acc: 0.7986 | Val Loss: 1.3451 | Val Acc: 0.7005 | head_lr: 2.76e-03 | bb_lr: 0.00e+00 | Time: 2s
2026-07-11 21:17:21 | INFO |   >> No improvement for 2/10 epochs
2026-07-11 21:17:24 | INFO | Epoch  25/50 | Train Loss: 0.9284 | Train Acc: 0.8014 | Val Loss: 1.3432 | Val Acc: 0.7032 | head_lr: 2.60e-03 | bb_lr: 0.00e+00 | Time: 2s
2026-07-11 21:17:24 | INFO |   >> New best model! Val Acc: 0.7032
2026-07-11 21:17:28 | INFO | Epoch  26/50 | Train Loss: 0.9186 | Train Acc: 0.8036 | Val Loss: 1.3401 | Val Acc: 0.7026 | head_lr: 2.45e-03 | bb_lr: 0.00e+00 | Time: 2s
2026-07-11 21:17:28 | INFO |   >> No improvement for 1/10 epochs
2026-07-11 21:17:32 | INFO | Epoch  27/50 | Train Loss: 0.9099 | Train Acc: 0.8053 | Val Loss: 1.3377 | Val Acc: 0.7021 | head_lr: 2.29e-03 | bb_lr: 0.00e+00 | Time: 2s
2026-07-11 21:17:32 | INFO |   >> No improvement for 2/10 epochs
2026-07-11 21:17:35 | INFO | Epoch  28/50 | Train Loss: 0.9015 | Train Acc: 0.8074 | Val Loss: 1.3364 | Val Acc: 0.7042 | head_lr: 2.13e-03 | bb_lr: 0.00e+00 | Time: 2s
2026-07-11 21:17:35 | INFO |   >> New best model! Val Acc: 0.7042
2026-07-11 21:17:39 | INFO | Epoch  29/50 | Train Loss: 0.8939 | Train Acc: 0.8085 | Val Loss: 1.3344 | Val Acc: 0.7049 | head_lr: 1.97e-03 | bb_lr: 0.00e+00 | Time: 2s
2026-07-11 21:17:39 | INFO |   >> New best model! Val Acc: 0.7049
2026-07-11 21:17:43 | INFO | Epoch  30/50 | Train Loss: 0.8871 | Train Acc: 0.8104 | Val Loss: 1.3324 | Val Acc: 0.7043 | head_lr: 1.82e-03 | bb_lr: 0.00e+00 | Time: 3s
2026-07-11 21:17:43 | INFO |   >> No improvement for 1/10 epochs
2026-07-11 21:17:46 | INFO | Epoch  31/50 | Train Loss: 0.8806 | Train Acc: 0.8119 | Val Loss: 1.3315 | Val Acc: 0.7040 | head_lr: 1.67e-03 | bb_lr: 0.00e+00 | Time: 2s
2026-07-11 21:17:46 | INFO |   >> No improvement for 2/10 epochs
2026-07-11 21:17:47 | INFO | Epoch  32/50 | Train Loss: 0.8749 | Train Acc: 0.8134 | Val Loss: 1.3298 | Val Acc: 0.7035 | head_lr: 1.52e-03 | bb_lr: 0.00e+00 | Time: 0s
2026-07-11 21:17:47 | INFO |   >> No improvement for 3/10 epochs
2026-07-11 21:17:50 | INFO | Epoch  33/50 | Train Loss: 0.8695 | Train Acc: 0.8147 | Val Loss: 1.3284 | Val Acc: 0.7036 | head_lr: 1.38e-03 | bb_lr: 0.00e+00 | Time: 2s
2026-07-11 21:17:50 | INFO |   >> No improvement for 4/10 epochs
2026-07-11 21:17:54 | INFO | Epoch  34/50 | Train Loss: 0.8647 | Train Acc: 0.8168 | Val Loss: 1.3277 | Val Acc: 0.7049 | head_lr: 1.24e-03 | bb_lr: 0.00e+00 | Time: 2s
2026-07-11 21:17:54 | INFO |   >> No improvement for 5/10 epochs
2026-07-11 21:17:58 | INFO | Epoch  35/50 | Train Loss: 0.8603 | Train Acc: 0.8175 | Val Loss: 1.3274 | Val Acc: 0.7051 | head_lr: 1.11e-03 | bb_lr: 0.00e+00 | Time: 2s
2026-07-11 21:17:58 | INFO |   >> New best model! Val Acc: 0.7051
2026-07-11 21:18:02 | INFO | Epoch  36/50 | Train Loss: 0.8565 | Train Acc: 0.8179 | Val Loss: 1.3264 | Val Acc: 0.7051 | head_lr: 9.82e-04 | bb_lr: 0.00e+00 | Time: 3s
2026-07-11 21:18:02 | INFO |   >> No improvement for 1/10 epochs
2026-07-11 21:18:05 | INFO | Epoch  37/50 | Train Loss: 0.8529 | Train Acc: 0.8189 | Val Loss: 1.3257 | Val Acc: 0.7049 | head_lr: 8.61e-04 | bb_lr: 0.00e+00 | Time: 2s
2026-07-11 21:18:05 | INFO |   >> No improvement for 2/10 epochs
2026-07-11 21:18:08 | INFO | Epoch  38/50 | Train Loss: 0.8498 | Train Acc: 0.8200 | Val Loss: 1.3256 | Val Acc: 0.7036 | head_lr: 7.47e-04 | bb_lr: 0.00e+00 | Time: 2s
2026-07-11 21:18:08 | INFO |   >> No improvement for 3/10 epochs
2026-07-11 21:18:12 | INFO | Epoch  39/50 | Train Loss: 0.8470 | Train Acc: 0.8201 | Val Loss: 1.3250 | Val Acc: 0.7032 | head_lr: 6.40e-04 | bb_lr: 0.00e+00 | Time: 2s
2026-07-11 21:18:12 | INFO |   >> No improvement for 4/10 epochs
2026-07-11 21:18:15 | INFO | Epoch  40/50 | Train Loss: 0.8446 | Train Acc: 0.8211 | Val Loss: 1.3245 | Val Acc: 0.7049 | head_lr: 5.42e-04 | bb_lr: 0.00e+00 | Time: 2s
2026-07-11 21:18:15 | INFO |   >> No improvement for 5/10 epochs
2026-07-11 21:18:18 | INFO | Epoch  41/50 | Train Loss: 0.8425 | Train Acc: 0.8215 | Val Loss: 1.3242 | Val Acc: 0.7043 | head_lr: 4.51e-04 | bb_lr: 0.00e+00 | Time: 2s
2026-07-11 21:18:18 | INFO |   >> No improvement for 6/10 epochs
2026-07-11 21:18:20 | INFO | Epoch  42/50 | Train Loss: 0.8407 | Train Acc: 0.8223 | Val Loss: 1.3239 | Val Acc: 0.7050 | head_lr: 3.68e-04 | bb_lr: 0.00e+00 | Time: 0s
2026-07-11 21:18:20 | INFO |   >> No improvement for 7/10 epochs
2026-07-11 21:18:23 | INFO | Epoch  43/50 | Train Loss: 0.8391 | Train Acc: 0.8225 | Val Loss: 1.3237 | Val Acc: 0.7049 | head_lr: 2.95e-04 | bb_lr: 0.00e+00 | Time: 2s
2026-07-11 21:18:23 | INFO |   >> No improvement for 8/10 epochs
2026-07-11 21:18:26 | INFO | Epoch  44/50 | Train Loss: 0.8378 | Train Acc: 0.8229 | Val Loss: 1.3235 | Val Acc: 0.7048 | head_lr: 2.31e-04 | bb_lr: 0.00e+00 | Time: 2s
2026-07-11 21:18:26 | INFO |   >> No improvement for 9/10 epochs
2026-07-11 21:18:30 | INFO | Epoch  45/50 | Train Loss: 0.8367 | Train Acc: 0.8232 | Val Loss: 1.3235 | Val Acc: 0.7052 | head_lr: 1.76e-04 | bb_lr: 0.00e+00 | Time: 2s
2026-07-11 21:18:30 | INFO |   >> New best model! Val Acc: 0.7052
2026-07-11 21:18:34 | INFO | Epoch  46/50 | Train Loss: 0.8359 | Train Acc: 0.8236 | Val Loss: 1.3234 | Val Acc: 0.7053 | head_lr: 1.31e-04 | bb_lr: 0.00e+00 | Time: 2s
2026-07-11 21:18:34 | INFO |   >> New best model! Val Acc: 0.7053
2026-07-11 21:18:38 | INFO | Epoch  47/50 | Train Loss: 0.8352 | Train Acc: 0.8236 | Val Loss: 1.3234 | Val Acc: 0.7052 | head_lr: 9.56e-05 | bb_lr: 0.00e+00 | Time: 2s
2026-07-11 21:18:38 | INFO |   >> No improvement for 1/10 epochs
2026-07-11 21:18:41 | INFO | Epoch  48/50 | Train Loss: 0.8347 | Train Acc: 0.8238 | Val Loss: 1.3233 | Val Acc: 0.7053 | head_lr: 7.03e-05 | bb_lr: 0.00e+00 | Time: 2s
2026-07-11 21:18:41 | INFO |   >> No improvement for 2/10 epochs
2026-07-11 21:18:45 | INFO | Epoch  49/50 | Train Loss: 0.8343 | Train Acc: 0.8239 | Val Loss: 1.3233 | Val Acc: 0.7052 | head_lr: 5.51e-05 | bb_lr: 0.00e+00 | Time: 2s
2026-07-11 21:18:45 | INFO |   >> No improvement for 3/10 epochs
2026-07-11 21:18:49 | INFO | Epoch  50/50 | Train Loss: 0.8341 | Train Acc: 0.8240 | Val Loss: 1.3233 | Val Acc: 0.7052 | head_lr: 5.00e-05 | bb_lr: 0.00e+00 | Time: 2s
2026-07-11 21:18:49 | INFO |   >> No improvement for 4/10 epochs
2026-07-11 21:18:49 | INFO | ============================================================
2026-07-11 21:18:49 | INFO | Training complete! Total time: 2m 55s
2026-07-11 21:18:49 | INFO | Best validation accuracy: 0.7053
2026-07-11 21:18:49 | INFO | Best model saved to: outputs/d3/checkpoints/best.pt
2026-07-11 21:18:49 | INFO | Training log saved to: outputs/d3/logs/train_log.csv
2026-07-11 21:18:49 | INFO | Eval results saved to: outputs/d3/checkpoints/eval_results.json
