2026-07-14 18:16:56 | INFO | Using device: cuda
2026-07-14 18:16:56 | INFO | Configuration: configs/w1_ce5_gce07.yaml
2026-07-14 18:16:56 | INFO | Train seed: 42
2026-07-14 18:16:56 | INFO | Resolved runtime: experiment_id=W1_CE5_GCE07, mode=dev, head_type=linear, augmentation=a0, cached=False
2026-07-14 18:16:59 | INFO | Total parameters:     88,105,716
2026-07-14 18:16:59 | INFO | Trainable parameters: 256,500
2026-07-14 18:17:02 | INFO | Using config epochs: 50 (dev mode)
2026-07-14 18:17:02 | INFO | Loss: cross_entropy (reduction=mean)
2026-07-14 18:17:02 | INFO | Optimizer parameter groups:
2026-07-14 18:17:02 | INFO |   head        :    256,500 params, lr=5.00e-03, wd=1.00e-04
2026-07-14 18:17:02 | INFO |   TOTAL       :    256,500 optimizer params
2026-07-14 18:17:02 | INFO |   Trainable head params:       256,500
2026-07-14 18:17:02 | INFO |   Trainable visual params:           0
2026-07-14 18:17:02 | INFO | Starting training: 50 epochs, 714 batches/epoch
2026-07-14 18:17:02 | INFO | Warmup steps: 1428, Total steps: 35700, Cosine steps: 34272
2026-07-14 18:17:02 | INFO | AMP: True
2026-07-14 18:17:02 | INFO | ============================================================
2026-07-14 18:19:21 | INFO | Epoch   1/50 | Train Loss: 5.7231 | Train Acc: 0.2042 | Val Loss: 4.8490 | Val Acc: 0.3704 | head_lr: 2.50e-03 | bb_lr: 0.00e+00 | Time: 2m 18s
2026-07-14 18:19:21 | INFO |   >> New best RAW! Val Acc: 0.3704
2026-07-14 18:21:46 | INFO | Epoch   2/50 | Train Loss: 3.7894 | Train Acc: 0.4613 | Val Loss: 2.9439 | Val Acc: 0.5291 | head_lr: 5.00e-03 | bb_lr: 0.00e+00 | Time: 2m 24s
2026-07-14 18:21:46 | INFO |   >> New best RAW! Val Acc: 0.5291
2026-07-14 18:24:14 | INFO | Epoch   3/50 | Train Loss: 2.4456 | Train Acc: 0.5851 | Val Loss: 2.2150 | Val Acc: 0.6008 | head_lr: 4.99e-03 | bb_lr: 0.00e+00 | Time: 2m 26s
2026-07-14 18:24:14 | INFO |   >> New best RAW! Val Acc: 0.6008
2026-07-14 18:26:45 | INFO | Epoch   4/50 | Train Loss: 1.9538 | Train Acc: 0.6362 | Val Loss: 1.9314 | Val Acc: 0.6254 | head_lr: 4.98e-03 | bb_lr: 0.00e+00 | Time: 2m 30s
2026-07-14 18:26:45 | INFO |   >> New best RAW! Val Acc: 0.6254
2026-07-14 18:29:14 | INFO | Epoch   5/50 | Train Loss: 1.7182 | Train Acc: 0.6648 | Val Loss: 1.7764 | Val Acc: 0.6415 | head_lr: 4.95e-03 | bb_lr: 0.00e+00 | Time: 2m 27s
2026-07-14 18:29:14 | INFO |   >> New best RAW! Val Acc: 0.6415
2026-07-14 18:31:42 | INFO | Epoch   6/50 | Train Loss: 0.7095 | Train Acc: 0.6713 | Val Loss: 0.7270 | Val Acc: 0.6309 | head_lr: 4.92e-03 | bb_lr: 0.00e+00 | Time: 2m 26s
2026-07-14 18:31:42 | INFO |   >> No improvement for 1/10 epochs
2026-07-14 18:34:08 | INFO | Epoch   7/50 | Train Loss: 0.6693 | Train Acc: 0.6692 | Val Loss: 0.6924 | Val Acc: 0.6345 | head_lr: 4.87e-03 | bb_lr: 0.00e+00 | Time: 2m 25s
2026-07-14 18:34:08 | INFO |   >> No improvement for 2/10 epochs
2026-07-14 18:36:38 | INFO | Epoch   8/50 | Train Loss: 0.6332 | Train Acc: 0.6753 | Val Loss: 0.6606 | Val Acc: 0.6386 | head_lr: 4.81e-03 | bb_lr: 0.00e+00 | Time: 2m 29s
2026-07-14 18:36:38 | INFO |   >> No improvement for 3/10 epochs
2026-07-14 18:39:07 | INFO | Epoch   9/50 | Train Loss: 0.5998 | Train Acc: 0.6830 | Val Loss: 0.6325 | Val Acc: 0.6470 | head_lr: 4.74e-03 | bb_lr: 0.00e+00 | Time: 2m 28s
2026-07-14 18:39:07 | INFO |   >> New best RAW! Val Acc: 0.6470
2026-07-14 18:41:38 | INFO | Epoch  10/50 | Train Loss: 0.5698 | Train Acc: 0.6915 | Val Loss: 0.6081 | Val Acc: 0.6554 | head_lr: 4.67e-03 | bb_lr: 0.00e+00 | Time: 2m 29s
2026-07-14 18:41:38 | INFO |   >> New best RAW! Val Acc: 0.6554
2026-07-14 18:44:06 | INFO | Epoch  11/50 | Train Loss: 0.5435 | Train Acc: 0.7011 | Val Loss: 0.5868 | Val Acc: 0.6604 | head_lr: 4.58e-03 | bb_lr: 0.00e+00 | Time: 2m 25s
2026-07-14 18:44:06 | INFO |   >> New best RAW! Val Acc: 0.6604
2026-07-14 18:46:37 | INFO | Epoch  12/50 | Train Loss: 0.5208 | Train Acc: 0.7095 | Val Loss: 0.5713 | Val Acc: 0.6665 | head_lr: 4.49e-03 | bb_lr: 0.00e+00 | Time: 2m 29s
2026-07-14 18:46:37 | INFO |   >> New best RAW! Val Acc: 0.6665
2026-07-14 18:49:04 | INFO | Epoch  13/50 | Train Loss: 0.5014 | Train Acc: 0.7177 | Val Loss: 0.5561 | Val Acc: 0.6715 | head_lr: 4.39e-03 | bb_lr: 0.00e+00 | Time: 2m 25s
2026-07-14 18:49:04 | INFO |   >> New best RAW! Val Acc: 0.6715
2026-07-14 18:51:32 | INFO | Epoch  14/50 | Train Loss: 0.4847 | Train Acc: 0.7253 | Val Loss: 0.5435 | Val Acc: 0.6735 | head_lr: 4.28e-03 | bb_lr: 0.00e+00 | Time: 2m 26s
2026-07-14 18:51:32 | INFO |   >> New best RAW! Val Acc: 0.6735
2026-07-14 18:53:56 | INFO | Epoch  15/50 | Train Loss: 0.4700 | Train Acc: 0.7322 | Val Loss: 0.5339 | Val Acc: 0.6777 | head_lr: 4.16e-03 | bb_lr: 0.00e+00 | Time: 2m 23s
2026-07-14 18:53:56 | INFO |   >> New best RAW! Val Acc: 0.6777
2026-07-14 18:56:24 | INFO | Epoch  16/50 | Train Loss: 0.4575 | Train Acc: 0.7382 | Val Loss: 0.5259 | Val Acc: 0.6807 | head_lr: 4.03e-03 | bb_lr: 0.00e+00 | Time: 2m 26s
2026-07-14 18:56:24 | INFO |   >> New best RAW! Val Acc: 0.6807
2026-07-14 18:58:53 | INFO | Epoch  17/50 | Train Loss: 0.4463 | Train Acc: 0.7440 | Val Loss: 0.5191 | Val Acc: 0.6844 | head_lr: 3.90e-03 | bb_lr: 0.00e+00 | Time: 2m 27s
2026-07-14 18:58:53 | INFO |   >> New best RAW! Val Acc: 0.6844
2026-07-14 19:01:20 | INFO | Epoch  18/50 | Train Loss: 0.4365 | Train Acc: 0.7488 | Val Loss: 0.5134 | Val Acc: 0.6834 | head_lr: 3.76e-03 | bb_lr: 0.00e+00 | Time: 2m 25s
2026-07-14 19:01:20 | INFO |   >> No improvement for 1/10 epochs
2026-07-14 19:03:48 | INFO | Epoch  19/50 | Train Loss: 0.4278 | Train Acc: 0.7538 | Val Loss: 0.5079 | Val Acc: 0.6844 | head_lr: 3.62e-03 | bb_lr: 0.00e+00 | Time: 2m 26s
2026-07-14 19:03:48 | INFO |   >> No improvement for 2/10 epochs
2026-07-14 19:06:17 | INFO | Epoch  20/50 | Train Loss: 0.4200 | Train Acc: 0.7579 | Val Loss: 0.5024 | Val Acc: 0.6885 | head_lr: 3.47e-03 | bb_lr: 0.00e+00 | Time: 2m 28s
2026-07-14 19:06:17 | INFO |   >> New best RAW! Val Acc: 0.6885
2026-07-14 19:08:48 | INFO | Epoch  21/50 | Train Loss: 0.4129 | Train Acc: 0.7616 | Val Loss: 0.4987 | Val Acc: 0.6887 | head_lr: 3.32e-03 | bb_lr: 0.00e+00 | Time: 2m 29s
2026-07-14 19:08:48 | INFO |   >> New best RAW! Val Acc: 0.6887
2026-07-14 19:11:16 | INFO | Epoch  22/50 | Train Loss: 0.4065 | Train Acc: 0.7648 | Val Loss: 0.4954 | Val Acc: 0.6897 | head_lr: 3.17e-03 | bb_lr: 0.00e+00 | Time: 2m 26s
2026-07-14 19:11:16 | INFO |   >> New best RAW! Val Acc: 0.6897
2026-07-14 19:13:45 | INFO | Epoch  23/50 | Train Loss: 0.4008 | Train Acc: 0.7682 | Val Loss: 0.4927 | Val Acc: 0.6917 | head_lr: 3.01e-03 | bb_lr: 0.00e+00 | Time: 2m 28s
2026-07-14 19:13:45 | INFO |   >> New best RAW! Val Acc: 0.6917
2026-07-14 19:16:13 | INFO | Epoch  24/50 | Train Loss: 0.3956 | Train Acc: 0.7717 | Val Loss: 0.4895 | Val Acc: 0.6915 | head_lr: 2.85e-03 | bb_lr: 0.00e+00 | Time: 2m 26s
2026-07-14 19:16:13 | INFO |   >> No improvement for 1/10 epochs
2026-07-14 19:18:40 | INFO | Epoch  25/50 | Train Loss: 0.3908 | Train Acc: 0.7739 | Val Loss: 0.4867 | Val Acc: 0.6933 | head_lr: 2.69e-03 | bb_lr: 0.00e+00 | Time: 2m 26s
2026-07-14 19:18:40 | INFO |   >> New best RAW! Val Acc: 0.6933
2026-07-14 19:21:10 | INFO | Epoch  26/50 | Train Loss: 0.3865 | Train Acc: 0.7763 | Val Loss: 0.4847 | Val Acc: 0.6927 | head_lr: 2.52e-03 | bb_lr: 0.00e+00 | Time: 2m 28s
2026-07-14 19:21:10 | INFO |   >> No improvement for 1/10 epochs
2026-07-14 19:23:39 | INFO | Epoch  27/50 | Train Loss: 0.3825 | Train Acc: 0.7787 | Val Loss: 0.4830 | Val Acc: 0.6943 | head_lr: 2.36e-03 | bb_lr: 0.00e+00 | Time: 2m 28s
2026-07-14 19:23:39 | INFO |   >> New best RAW! Val Acc: 0.6943
2026-07-14 19:26:07 | INFO | Epoch  28/50 | Train Loss: 0.3790 | Train Acc: 0.7807 | Val Loss: 0.4810 | Val Acc: 0.6952 | head_lr: 2.20e-03 | bb_lr: 0.00e+00 | Time: 2m 27s
2026-07-14 19:26:07 | INFO |   >> New best RAW! Val Acc: 0.6952
2026-07-14 19:28:40 | INFO | Epoch  29/50 | Train Loss: 0.3757 | Train Acc: 0.7824 | Val Loss: 0.4792 | Val Acc: 0.6948 | head_lr: 2.04e-03 | bb_lr: 0.00e+00 | Time: 2m 30s
2026-07-14 19:28:40 | INFO |   >> No improvement for 1/10 epochs
2026-07-14 19:31:07 | INFO | Epoch  30/50 | Train Loss: 0.3727 | Train Acc: 0.7847 | Val Loss: 0.4776 | Val Acc: 0.6944 | head_lr: 1.88e-03 | bb_lr: 0.00e+00 | Time: 2m 26s
2026-07-14 19:31:07 | INFO |   >> No improvement for 2/10 epochs
2026-07-14 19:33:34 | INFO | Epoch  31/50 | Train Loss: 0.3699 | Train Acc: 0.7862 | Val Loss: 0.4762 | Val Acc: 0.6946 | head_lr: 1.73e-03 | bb_lr: 0.00e+00 | Time: 2m 26s
2026-07-14 19:33:34 | INFO |   >> No improvement for 3/10 epochs
2026-07-14 19:36:01 | INFO | Epoch  32/50 | Train Loss: 0.3676 | Train Acc: 0.7875 | Val Loss: 0.4755 | Val Acc: 0.6961 | head_lr: 1.58e-03 | bb_lr: 0.00e+00 | Time: 2m 26s
2026-07-14 19:36:01 | INFO |   >> New best RAW! Val Acc: 0.6961
2026-07-14 19:38:30 | INFO | Epoch  33/50 | Train Loss: 0.3653 | Train Acc: 0.7890 | Val Loss: 0.4743 | Val Acc: 0.6942 | head_lr: 1.43e-03 | bb_lr: 0.00e+00 | Time: 2m 27s
2026-07-14 19:38:30 | INFO |   >> No improvement for 1/10 epochs
2026-07-14 19:40:58 | INFO | Epoch  34/50 | Train Loss: 0.3634 | Train Acc: 0.7896 | Val Loss: 0.4734 | Val Acc: 0.6962 | head_lr: 1.29e-03 | bb_lr: 0.00e+00 | Time: 2m 27s
2026-07-14 19:40:58 | INFO |   >> New best RAW! Val Acc: 0.6962
2026-07-14 19:43:26 | INFO | Epoch  35/50 | Train Loss: 0.3615 | Train Acc: 0.7912 | Val Loss: 0.4726 | Val Acc: 0.6958 | head_lr: 1.15e-03 | bb_lr: 0.00e+00 | Time: 2m 26s
2026-07-14 19:43:26 | INFO |   >> No improvement for 1/10 epochs
2026-07-14 19:45:55 | INFO | Epoch  36/50 | Train Loss: 0.3600 | Train Acc: 0.7920 | Val Loss: 0.4718 | Val Acc: 0.6968 | head_lr: 1.02e-03 | bb_lr: 0.00e+00 | Time: 2m 29s
2026-07-14 19:45:55 | INFO |   >> New best RAW! Val Acc: 0.6968
2026-07-14 19:48:24 | INFO | Epoch  37/50 | Train Loss: 0.3585 | Train Acc: 0.7927 | Val Loss: 0.4714 | Val Acc: 0.6970 | head_lr: 8.93e-04 | bb_lr: 0.00e+00 | Time: 2m 27s
2026-07-14 19:48:24 | INFO |   >> New best RAW! Val Acc: 0.6970
2026-07-14 19:50:55 | INFO | Epoch  38/50 | Train Loss: 0.3573 | Train Acc: 0.7934 | Val Loss: 0.4709 | Val Acc: 0.6978 | head_lr: 7.75e-04 | bb_lr: 0.00e+00 | Time: 2m 29s
2026-07-14 19:50:55 | INFO |   >> New best RAW! Val Acc: 0.6978
2026-07-14 19:53:25 | INFO | Epoch  39/50 | Train Loss: 0.3562 | Train Acc: 0.7942 | Val Loss: 0.4705 | Val Acc: 0.6967 | head_lr: 6.64e-04 | bb_lr: 0.00e+00 | Time: 2m 28s
2026-07-14 19:53:25 | INFO |   >> No improvement for 1/10 epochs
2026-07-14 19:55:51 | INFO | Epoch  40/50 | Train Loss: 0.3552 | Train Acc: 0.7950 | Val Loss: 0.4701 | Val Acc: 0.6971 | head_lr: 5.61e-04 | bb_lr: 0.00e+00 | Time: 2m 26s
2026-07-14 19:55:51 | INFO |   >> No improvement for 2/10 epochs
2026-07-14 19:58:19 | INFO | Epoch  41/50 | Train Loss: 0.3544 | Train Acc: 0.7953 | Val Loss: 0.4697 | Val Acc: 0.6975 | head_lr: 4.67e-04 | bb_lr: 0.00e+00 | Time: 2m 27s
2026-07-14 19:58:19 | INFO |   >> No improvement for 3/10 epochs
2026-07-14 20:00:47 | INFO | Epoch  42/50 | Train Loss: 0.3537 | Train Acc: 0.7956 | Val Loss: 0.4696 | Val Acc: 0.6962 | head_lr: 3.82e-04 | bb_lr: 0.00e+00 | Time: 2m 27s
2026-07-14 20:00:47 | INFO |   >> No improvement for 4/10 epochs
2026-07-14 20:03:14 | INFO | Epoch  43/50 | Train Loss: 0.3532 | Train Acc: 0.7960 | Val Loss: 0.4694 | Val Acc: 0.6974 | head_lr: 3.05e-04 | bb_lr: 0.00e+00 | Time: 2m 26s
2026-07-14 20:03:14 | INFO |   >> No improvement for 5/10 epochs
2026-07-14 20:05:40 | INFO | Epoch  44/50 | Train Loss: 0.3527 | Train Acc: 0.7962 | Val Loss: 0.4692 | Val Acc: 0.6975 | head_lr: 2.38e-04 | bb_lr: 0.00e+00 | Time: 2m 26s
2026-07-14 20:05:40 | INFO |   >> No improvement for 6/10 epochs
2026-07-14 20:08:06 | INFO | Epoch  45/50 | Train Loss: 0.3523 | Train Acc: 0.7965 | Val Loss: 0.4691 | Val Acc: 0.6977 | head_lr: 1.81e-04 | bb_lr: 0.00e+00 | Time: 2m 24s
2026-07-14 20:08:06 | INFO |   >> No improvement for 7/10 epochs
2026-07-14 20:10:33 | INFO | Epoch  46/50 | Train Loss: 0.3520 | Train Acc: 0.7968 | Val Loss: 0.4690 | Val Acc: 0.6976 | head_lr: 1.34e-04 | bb_lr: 0.00e+00 | Time: 2m 25s
2026-07-14 20:10:33 | INFO |   >> No improvement for 8/10 epochs
2026-07-14 20:13:02 | INFO | Epoch  47/50 | Train Loss: 0.3517 | Train Acc: 0.7969 | Val Loss: 0.4690 | Val Acc: 0.6977 | head_lr: 9.76e-05 | bb_lr: 0.00e+00 | Time: 2m 28s
2026-07-14 20:13:02 | INFO |   >> No improvement for 9/10 epochs
2026-07-14 20:15:29 | INFO | Epoch  48/50 | Train Loss: 0.3515 | Train Acc: 0.7970 | Val Loss: 0.4689 | Val Acc: 0.6978 | head_lr: 7.12e-05 | bb_lr: 0.00e+00 | Time: 2m 26s
2026-07-14 20:15:29 | INFO |   >> No improvement for 10/10 epochs
2026-07-14 20:15:29 | INFO | Early stopping triggered at epoch 48 (no improvement for 10 epochs). Best val acc: 0.6978 at epoch 38.
2026-07-14 20:15:29 | INFO | ============================================================
2026-07-14 20:15:29 | INFO | Training complete! Total time: 1h 58m 27s
2026-07-14 20:15:29 | INFO | Best validation accuracy: 0.6978
2026-07-14 20:15:29 | INFO | Best model saved to: outputs/w1_ce5_gce07/seed42/checkpoints/best.pt
2026-07-14 20:15:29 | INFO | Training log saved to: outputs/w1_ce5_gce07/seed42/logs/train_log.csv
2026-07-14 20:15:30 | INFO | Reloaded best checkpoint for post-training evaluation: outputs/w1_ce5_gce07/seed42/checkpoints/best.pt (epoch=38, best_val_acc=0.69775107)
2026-07-14 20:15:30 | INFO | Running post-training per-class evaluation...
2026-07-14 20:15:48 | INFO | Eval results saved to: outputs/w1_ce5_gce07/seed42/checkpoints/eval_results.json
2026-07-14 20:15:48 | INFO | Artifact manifest saved to: outputs/w1_ce5_gce07/seed42/checkpoints/artifact_manifest.json
2026-07-14 20:15:48 | INFO | Per-class metrics saved to: outputs/w1_ce5_gce07/seed42/checkpoints/per_class_metrics.csv
2026-07-14 20:16:06 | INFO | Prediction records saved to: outputs/w1_ce5_gce07/seed42/checkpoints/prediction_records.csv
