2026-07-13 21:15:09 | INFO | Using device: cuda
2026-07-13 21:15:09 | INFO | Configuration: configs/w2_ema_loss.yaml
2026-07-13 21:15:09 | INFO | Train seed: 42
2026-07-13 21:15:09 | INFO | Resolved runtime: experiment_id=w2_ema_loss, mode=dev, head_type=linear, augmentation=a0, cached=False
2026-07-13 21:15:11 | INFO | Total parameters:     88,105,716
2026-07-13 21:15:11 | INFO | Trainable parameters: 256,500
2026-07-13 21:15:14 | INFO | Using config epochs: 50 (dev mode)
2026-07-13 21:15:14 | INFO | Loss: gce (reduction=mean)
2026-07-13 21:15:14 | INFO | Optimizer parameter groups:
2026-07-13 21:15:14 | INFO |   head        :    256,500 params, lr=5.00e-03, wd=1.00e-04
2026-07-13 21:15:14 | INFO |   TOTAL       :    256,500 optimizer params
2026-07-13 21:15:14 | INFO |   Trainable head params:       256,500
2026-07-13 21:15:14 | INFO |   Trainable visual params:           0
2026-07-13 21:15:14 | INFO | Starting training: 50 epochs, 714 batches/epoch
2026-07-13 21:15:14 | INFO | Warmup steps: 1428, Total steps: 35700, Cosine steps: 34272
2026-07-13 21:15:14 | INFO | AMP: True
2026-07-13 21:15:14 | INFO | ============================================================
2026-07-13 21:17:33 | INFO | Epoch   1/50 | Train Loss: 1.3939 | Train Acc: 0.1284 | Val Loss: 1.3264 | Val Acc: 0.1749 | head_lr: 2.50e-03 | bb_lr: 0.00e+00 | Time: 2m 18s
2026-07-13 21:17:33 | INFO |   >> New best RAW! Val Acc: 0.1749
2026-07-13 21:20:04 | INFO | Epoch   2/50 | Train Loss: 1.1115 | Train Acc: 0.3438 | Val Loss: 0.9290 | Val Acc: 0.4798 | head_lr: 5.00e-03 | bb_lr: 0.00e+00 | Time: 2m 28s
2026-07-13 21:20:04 | INFO |   >> New best RAW! Val Acc: 0.4798
2026-07-13 21:22:33 | INFO | Epoch   3/50 | Train Loss: 0.8084 | Train Acc: 0.5538 | Val Loss: 0.7567 | Val Acc: 0.5785 | head_lr: 4.99e-03 | bb_lr: 0.00e+00 | Time: 2m 27s
2026-07-13 21:22:33 | INFO |   >> New best RAW! Val Acc: 0.5785
2026-07-13 21:25:02 | INFO | Epoch   4/50 | Train Loss: 0.6834 | Train Acc: 0.6184 | Val Loss: 0.6818 | Val Acc: 0.6098 | head_lr: 4.98e-03 | bb_lr: 0.00e+00 | Time: 2m 27s
2026-07-13 21:25:02 | INFO |   >> New best RAW! Val Acc: 0.6098
2026-07-13 21:27:30 | INFO | Epoch   5/50 | Train Loss: 0.6193 | Train Acc: 0.6488 | Val Loss: 0.6393 | Val Acc: 0.6261 | head_lr: 4.95e-03 | bb_lr: 0.00e+00 | Time: 2m 26s
2026-07-13 21:27:30 | INFO |   >> New best RAW! Val Acc: 0.6261
2026-07-13 21:30:03 | INFO | Epoch   6/50 | Train Loss: 0.5618 | Train Acc: 0.6676 | Val Loss: 0.6112 | Val Acc: 0.6347 | head_lr: 4.92e-03 | bb_lr: 0.00e+00 | Time: 2m 31s
2026-07-13 21:30:03 | INFO |   >> New best RAW! Val Acc: 0.6347
2026-07-13 21:32:35 | INFO | Epoch   7/50 | Train Loss: 0.5313 | Train Acc: 0.6820 | Val Loss: 0.5878 | Val Acc: 0.6457 | head_lr: 4.87e-03 | bb_lr: 0.00e+00 | Time: 2m 29s
2026-07-13 21:32:35 | INFO |   >> New best RAW! Val Acc: 0.6457
2026-07-13 21:35:09 | INFO | Epoch   8/50 | Train Loss: 0.5064 | Train Acc: 0.6942 | Val Loss: 0.5705 | Val Acc: 0.6543 | head_lr: 4.81e-03 | bb_lr: 0.00e+00 | Time: 2m 32s
2026-07-13 21:35:09 | INFO |   >> New best RAW! Val Acc: 0.6543
2026-07-13 21:37:43 | INFO | Epoch   9/50 | Train Loss: 0.4882 | Train Acc: 0.7034 | Val Loss: 0.5571 | Val Acc: 0.6603 | head_lr: 4.74e-03 | bb_lr: 0.00e+00 | Time: 2m 32s
2026-07-13 21:37:43 | INFO |   >> New best RAW! Val Acc: 0.6603
2026-07-13 21:40:15 | INFO | Epoch  10/50 | Train Loss: 0.4712 | Train Acc: 0.7127 | Val Loss: 0.5455 | Val Acc: 0.6663 | head_lr: 4.67e-03 | bb_lr: 0.00e+00 | Time: 2m 29s
2026-07-13 21:40:15 | INFO |   >> New best RAW! Val Acc: 0.6663
2026-07-13 21:42:47 | INFO | Epoch  11/50 | Train Loss: 0.4570 | Train Acc: 0.7200 | Val Loss: 0.5357 | Val Acc: 0.6676 | head_lr: 4.58e-03 | bb_lr: 0.00e+00 | Time: 2m 29s
2026-07-13 21:42:47 | INFO |   >> New best RAW! Val Acc: 0.6676
2026-07-13 21:45:24 | INFO | Epoch  12/50 | Train Loss: 0.4449 | Train Acc: 0.7267 | Val Loss: 0.5296 | Val Acc: 0.6696 | head_lr: 4.49e-03 | bb_lr: 0.00e+00 | Time: 2m 36s
2026-07-13 21:45:24 | INFO |   >> New best RAW! Val Acc: 0.6696
