2026-07-13 20:24:42 | INFO | Using device: cuda
2026-07-13 20:24:42 | INFO | Configuration: configs/w2_ema_loss.yaml
2026-07-13 20:24:42 | INFO | Train seed: 42
2026-07-13 20:24:42 | INFO | Resolved runtime: experiment_id=w2_ema_loss, mode=dev, head_type=linear, augmentation=a0, cached=False
2026-07-13 20:24:44 | INFO | Total parameters:     88,105,716
2026-07-13 20:24:44 | INFO | Trainable parameters: 256,500
2026-07-13 20:24:47 | INFO | Using config epochs: 50 (dev mode)
2026-07-13 20:24:47 | INFO | Loss: gce (reduction=mean)
2026-07-13 20:24:47 | INFO | Optimizer parameter groups:
2026-07-13 20:24:47 | INFO |   head        :    256,500 params, lr=5.00e-03, wd=1.00e-04
2026-07-13 20:24:47 | INFO |   TOTAL       :    256,500 optimizer params
2026-07-13 20:24:47 | INFO |   Trainable head params:       256,500
2026-07-13 20:24:47 | INFO |   Trainable visual params:           0
2026-07-13 20:24:47 | INFO | Starting training: 50 epochs, 714 batches/epoch
2026-07-13 20:24:47 | INFO | Warmup steps: 1428, Total steps: 35700, Cosine steps: 34272
2026-07-13 20:24:47 | INFO | AMP: True
2026-07-13 20:24:47 | INFO | ============================================================
2026-07-13 20:27:09 | INFO | Epoch   1/50 | Train Loss: 1.3939 | Train Acc: 0.1284 | Val Loss: 1.3264 | Val Acc: 0.1749 | head_lr: 2.50e-03 | bb_lr: 0.00e+00 | Time: 2m 22s
2026-07-13 20:27:09 | INFO |   >> New best RAW! Val Acc: 0.1749
2026-07-13 20:29:40 | INFO | Epoch   2/50 | Train Loss: 1.1115 | Train Acc: 0.3438 | Val Loss: 0.9290 | Val Acc: 0.4798 | head_lr: 5.00e-03 | bb_lr: 0.00e+00 | Time: 2m 28s
2026-07-13 20:29:40 | INFO |   >> New best RAW! Val Acc: 0.4798
2026-07-13 20:32:11 | INFO | Epoch   3/50 | Train Loss: 0.8084 | Train Acc: 0.5538 | Val Loss: 0.7567 | Val Acc: 0.5785 | head_lr: 4.99e-03 | bb_lr: 0.00e+00 | Time: 2m 29s
2026-07-13 20:32:11 | INFO |   >> New best RAW! Val Acc: 0.5785
2026-07-13 20:34:49 | INFO | Epoch   4/50 | Train Loss: 0.6834 | Train Acc: 0.6184 | Val Loss: 0.6818 | Val Acc: 0.6098 | head_lr: 4.98e-03 | bb_lr: 0.00e+00 | Time: 2m 36s
2026-07-13 20:34:49 | INFO |   >> New best RAW! Val Acc: 0.6098
2026-07-13 20:37:23 | INFO | Epoch   5/50 | Train Loss: 0.6193 | Train Acc: 0.6488 | Val Loss: 0.6393 | Val Acc: 0.6261 | head_lr: 4.95e-03 | bb_lr: 0.00e+00 | Time: 2m 32s
2026-07-13 20:37:23 | INFO |   >> New best RAW! Val Acc: 0.6261
