2026-07-12 05:14:59 | INFO | Using device: cuda
2026-07-12 05:14:59 | INFO | Configuration: configs/d3_strict.yaml
2026-07-12 05:14:59 | INFO | Train seed: 42
2026-07-12 05:14:59 | INFO | Resolved runtime: experiment_id=D3_STRICT, mode=dev, head_type=linear, augmentation=a0, cached=False
2026-07-12 05:15:02 | INFO | Total parameters:     88,105,716
2026-07-12 05:15:02 | INFO | Trainable parameters: 256,500
2026-07-12 05:15:05 | INFO | Using config epochs: 50 (dev mode)
2026-07-12 05:15:05 | INFO | Optimizer parameter groups:
2026-07-12 05:15:05 | INFO |   head        :    256,500 params, lr=5.00e-03, wd=1.00e-04
2026-07-12 05:15:05 | INFO |   TOTAL       :    256,500 optimizer params
2026-07-12 05:15:05 | INFO |   Trainable head params:       256,500
2026-07-12 05:15:05 | INFO |   Trainable visual params:           0
2026-07-12 05:15:05 | INFO | Starting training: 50 epochs, 713 batches/epoch
2026-07-12 05:15:05 | INFO | Warmup steps: 1426, Total steps: 35650, Cosine steps: 34224
2026-07-12 05:15:05 | INFO | AMP: True
2026-07-12 05:15:05 | INFO | ============================================================
2026-07-12 05:17:31 | INFO | Epoch   1/50 | Train Loss: 5.7240 | Train Acc: 0.2051 | Val Loss: 4.8586 | Val Acc: 0.3779 | head_lr: 2.50e-03 | bb_lr: 0.00e+00 | Time: 2m 25s
2026-07-12 05:17:31 | INFO |   >> New best model! Val Acc: 0.3779
2026-07-12 05:20:04 | INFO | Epoch   2/50 | Train Loss: 3.7885 | Train Acc: 0.4675 | Val Loss: 2.9695 | Val Acc: 0.5159 | head_lr: 5.00e-03 | bb_lr: 0.00e+00 | Time: 2m 31s
2026-07-12 05:20:04 | INFO |   >> New best model! Val Acc: 0.5159
2026-07-12 05:22:37 | INFO | Epoch   3/50 | Train Loss: 2.4418 | Train Acc: 0.5854 | Val Loss: 2.2443 | Val Acc: 0.5832 | head_lr: 4.99e-03 | bb_lr: 0.00e+00 | Time: 2m 31s
2026-07-12 05:22:37 | INFO |   >> New best model! Val Acc: 0.5832
2026-07-12 05:25:10 | INFO | Epoch   4/50 | Train Loss: 1.9490 | Train Acc: 0.6378 | Val Loss: 1.9651 | Val Acc: 0.6092 | head_lr: 4.98e-03 | bb_lr: 0.00e+00 | Time: 2m 32s
2026-07-12 05:25:10 | INFO |   >> New best model! Val Acc: 0.6092
2026-07-12 05:27:45 | INFO | Epoch   5/50 | Train Loss: 1.7122 | Train Acc: 0.6667 | Val Loss: 1.8148 | Val Acc: 0.6296 | head_lr: 4.95e-03 | bb_lr: 0.00e+00 | Time: 2m 33s
2026-07-12 05:27:45 | INFO |   >> New best model! Val Acc: 0.6296
2026-07-12 05:30:19 | INFO | Epoch   6/50 | Train Loss: 1.5657 | Train Acc: 0.6872 | Val Loss: 1.7203 | Val Acc: 0.6384 | head_lr: 4.92e-03 | bb_lr: 0.00e+00 | Time: 2m 32s
2026-07-12 05:30:19 | INFO |   >> New best model! Val Acc: 0.6384
2026-07-12 05:32:53 | INFO | Epoch   7/50 | Train Loss: 1.4622 | Train Acc: 0.7017 | Val Loss: 1.6531 | Val Acc: 0.6495 | head_lr: 4.87e-03 | bb_lr: 0.00e+00 | Time: 2m 33s
2026-07-12 05:32:53 | INFO |   >> New best model! Val Acc: 0.6495
2026-07-12 05:35:28 | INFO | Epoch   8/50 | Train Loss: 1.3834 | Train Acc: 0.7151 | Val Loss: 1.6065 | Val Acc: 0.6544 | head_lr: 4.81e-03 | bb_lr: 0.00e+00 | Time: 2m 34s
2026-07-12 05:35:28 | INFO |   >> New best model! Val Acc: 0.6544
2026-07-12 05:38:01 | INFO | Epoch   9/50 | Train Loss: 1.3200 | Train Acc: 0.7261 | Val Loss: 1.5699 | Val Acc: 0.6595 | head_lr: 4.74e-03 | bb_lr: 0.00e+00 | Time: 2m 31s
2026-07-12 05:38:01 | INFO |   >> New best model! Val Acc: 0.6595
2026-07-12 05:40:37 | INFO | Epoch  10/50 | Train Loss: 1.2675 | Train Acc: 0.7343 | Val Loss: 1.5425 | Val Acc: 0.6643 | head_lr: 4.67e-03 | bb_lr: 0.00e+00 | Time: 2m 33s
2026-07-12 05:40:37 | INFO |   >> New best model! Val Acc: 0.6643
2026-07-12 05:43:09 | INFO | Epoch  11/50 | Train Loss: 1.2237 | Train Acc: 0.7419 | Val Loss: 1.5146 | Val Acc: 0.6684 | head_lr: 4.58e-03 | bb_lr: 0.00e+00 | Time: 2m 31s
2026-07-12 05:43:09 | INFO |   >> New best model! Val Acc: 0.6684
2026-07-12 05:45:43 | INFO | Epoch  12/50 | Train Loss: 1.1846 | Train Acc: 0.7498 | Val Loss: 1.4989 | Val Acc: 0.6704 | head_lr: 4.49e-03 | bb_lr: 0.00e+00 | Time: 2m 33s
2026-07-12 05:45:43 | INFO |   >> New best model! Val Acc: 0.6704
2026-07-12 05:48:17 | INFO | Epoch  13/50 | Train Loss: 1.1514 | Train Acc: 0.7554 | Val Loss: 1.4825 | Val Acc: 0.6743 | head_lr: 4.39e-03 | bb_lr: 0.00e+00 | Time: 2m 32s
2026-07-12 05:48:17 | INFO |   >> New best model! Val Acc: 0.6743
2026-07-12 05:50:52 | INFO | Epoch  14/50 | Train Loss: 1.1214 | Train Acc: 0.7610 | Val Loss: 1.4669 | Val Acc: 0.6761 | head_lr: 4.28e-03 | bb_lr: 0.00e+00 | Time: 2m 33s
2026-07-12 05:50:52 | INFO |   >> New best model! Val Acc: 0.6761
2026-07-12 05:53:28 | INFO | Epoch  15/50 | Train Loss: 1.0946 | Train Acc: 0.7664 | Val Loss: 1.4578 | Val Acc: 0.6796 | head_lr: 4.16e-03 | bb_lr: 0.00e+00 | Time: 2m 34s
2026-07-12 05:53:28 | INFO |   >> New best model! Val Acc: 0.6796
2026-07-12 05:56:01 | INFO | Epoch  16/50 | Train Loss: 1.0702 | Train Acc: 0.7711 | Val Loss: 1.4480 | Val Acc: 0.6788 | head_lr: 4.03e-03 | bb_lr: 0.00e+00 | Time: 2m 31s
2026-07-12 05:56:01 | INFO |   >> No improvement for 1/10 epochs
2026-07-12 05:58:32 | INFO | Epoch  17/50 | Train Loss: 1.0487 | Train Acc: 0.7754 | Val Loss: 1.4388 | Val Acc: 0.6809 | head_lr: 3.90e-03 | bb_lr: 0.00e+00 | Time: 2m 31s
2026-07-12 05:58:32 | INFO |   >> New best model! Val Acc: 0.6809
2026-07-12 06:01:08 | INFO | Epoch  18/50 | Train Loss: 1.0289 | Train Acc: 0.7791 | Val Loss: 1.4317 | Val Acc: 0.6817 | head_lr: 3.76e-03 | bb_lr: 0.00e+00 | Time: 2m 34s
2026-07-12 06:01:08 | INFO |   >> New best model! Val Acc: 0.6817
2026-07-12 06:03:41 | INFO | Epoch  19/50 | Train Loss: 1.0109 | Train Acc: 0.7831 | Val Loss: 1.4258 | Val Acc: 0.6856 | head_lr: 3.62e-03 | bb_lr: 0.00e+00 | Time: 2m 31s
2026-07-12 06:03:41 | INFO |   >> New best model! Val Acc: 0.6856
2026-07-12 06:06:14 | INFO | Epoch  20/50 | Train Loss: 0.9940 | Train Acc: 0.7862 | Val Loss: 1.4215 | Val Acc: 0.6831 | head_lr: 3.47e-03 | bb_lr: 0.00e+00 | Time: 2m 30s
2026-07-12 06:06:14 | INFO |   >> No improvement for 1/10 epochs
2026-07-12 06:08:47 | INFO | Epoch  21/50 | Train Loss: 0.9789 | Train Acc: 0.7899 | Val Loss: 1.4146 | Val Acc: 0.6864 | head_lr: 3.32e-03 | bb_lr: 0.00e+00 | Time: 2m 33s
2026-07-12 06:08:47 | INFO |   >> New best model! Val Acc: 0.6864
2026-07-12 06:11:21 | INFO | Epoch  22/50 | Train Loss: 0.9646 | Train Acc: 0.7923 | Val Loss: 1.4125 | Val Acc: 0.6869 | head_lr: 3.17e-03 | bb_lr: 0.00e+00 | Time: 2m 32s
2026-07-12 06:11:21 | INFO |   >> New best model! Val Acc: 0.6869
2026-07-12 06:13:57 | INFO | Epoch  23/50 | Train Loss: 0.9519 | Train Acc: 0.7951 | Val Loss: 1.4086 | Val Acc: 0.6866 | head_lr: 3.01e-03 | bb_lr: 0.00e+00 | Time: 2m 35s
2026-07-12 06:13:57 | INFO |   >> No improvement for 1/10 epochs
2026-07-12 06:16:32 | INFO | Epoch  24/50 | Train Loss: 0.9400 | Train Acc: 0.7973 | Val Loss: 1.4058 | Val Acc: 0.6853 | head_lr: 2.85e-03 | bb_lr: 0.00e+00 | Time: 2m 34s
2026-07-12 06:16:32 | INFO |   >> No improvement for 2/10 epochs
2026-07-12 06:19:06 | INFO | Epoch  25/50 | Train Loss: 0.9293 | Train Acc: 0.8006 | Val Loss: 1.4027 | Val Acc: 0.6873 | head_lr: 2.69e-03 | bb_lr: 0.00e+00 | Time: 2m 33s
2026-07-12 06:19:06 | INFO |   >> New best model! Val Acc: 0.6873
2026-07-12 06:21:39 | INFO | Epoch  26/50 | Train Loss: 0.9191 | Train Acc: 0.8028 | Val Loss: 1.3999 | Val Acc: 0.6886 | head_lr: 2.52e-03 | bb_lr: 0.00e+00 | Time: 2m 31s
2026-07-12 06:21:39 | INFO |   >> New best model! Val Acc: 0.6886
2026-07-12 06:24:13 | INFO | Epoch  27/50 | Train Loss: 0.9098 | Train Acc: 0.8051 | Val Loss: 1.3966 | Val Acc: 0.6893 | head_lr: 2.36e-03 | bb_lr: 0.00e+00 | Time: 2m 32s
2026-07-12 06:24:13 | INFO |   >> New best model! Val Acc: 0.6893
2026-07-12 06:26:47 | INFO | Epoch  28/50 | Train Loss: 0.9012 | Train Acc: 0.8072 | Val Loss: 1.3953 | Val Acc: 0.6908 | head_lr: 2.20e-03 | bb_lr: 0.00e+00 | Time: 2m 32s
2026-07-12 06:26:47 | INFO |   >> New best model! Val Acc: 0.6908
2026-07-12 06:29:22 | INFO | Epoch  29/50 | Train Loss: 0.8931 | Train Acc: 0.8087 | Val Loss: 1.3952 | Val Acc: 0.6898 | head_lr: 2.04e-03 | bb_lr: 0.00e+00 | Time: 2m 33s
2026-07-12 06:29:22 | INFO |   >> No improvement for 1/10 epochs
2026-07-12 06:31:56 | INFO | Epoch  30/50 | Train Loss: 0.8861 | Train Acc: 0.8102 | Val Loss: 1.3931 | Val Acc: 0.6898 | head_lr: 1.88e-03 | bb_lr: 0.00e+00 | Time: 2m 33s
2026-07-12 06:31:56 | INFO |   >> No improvement for 2/10 epochs
2026-07-12 06:34:30 | INFO | Epoch  31/50 | Train Loss: 0.8794 | Train Acc: 0.8118 | Val Loss: 1.3914 | Val Acc: 0.6908 | head_lr: 1.73e-03 | bb_lr: 0.00e+00 | Time: 2m 33s
2026-07-12 06:34:30 | INFO |   >> No improvement for 3/10 epochs
2026-07-12 06:37:04 | INFO | Epoch  32/50 | Train Loss: 0.8733 | Train Acc: 0.8136 | Val Loss: 1.3905 | Val Acc: 0.6913 | head_lr: 1.58e-03 | bb_lr: 0.00e+00 | Time: 2m 33s
2026-07-12 06:37:04 | INFO |   >> New best model! Val Acc: 0.6913
2026-07-12 06:39:40 | INFO | Epoch  33/50 | Train Loss: 0.8679 | Train Acc: 0.8148 | Val Loss: 1.3888 | Val Acc: 0.6910 | head_lr: 1.43e-03 | bb_lr: 0.00e+00 | Time: 2m 33s
2026-07-12 06:39:40 | INFO |   >> No improvement for 1/10 epochs
2026-07-12 06:42:13 | INFO | Epoch  34/50 | Train Loss: 0.8630 | Train Acc: 0.8158 | Val Loss: 1.3881 | Val Acc: 0.6912 | head_lr: 1.29e-03 | bb_lr: 0.00e+00 | Time: 2m 32s
2026-07-12 06:42:13 | INFO |   >> No improvement for 2/10 epochs
2026-07-12 06:44:47 | INFO | Epoch  35/50 | Train Loss: 0.8583 | Train Acc: 0.8173 | Val Loss: 1.3875 | Val Acc: 0.6910 | head_lr: 1.15e-03 | bb_lr: 0.00e+00 | Time: 2m 33s
2026-07-12 06:44:47 | INFO |   >> No improvement for 3/10 epochs
2026-07-12 06:47:21 | INFO | Epoch  36/50 | Train Loss: 0.8541 | Train Acc: 0.8181 | Val Loss: 1.3863 | Val Acc: 0.6924 | head_lr: 1.02e-03 | bb_lr: 0.00e+00 | Time: 2m 33s
2026-07-12 06:47:21 | INFO |   >> New best model! Val Acc: 0.6924
2026-07-12 06:49:55 | INFO | Epoch  37/50 | Train Loss: 0.8506 | Train Acc: 0.8189 | Val Loss: 1.3857 | Val Acc: 0.6923 | head_lr: 8.93e-04 | bb_lr: 0.00e+00 | Time: 2m 33s
2026-07-12 06:49:55 | INFO |   >> No improvement for 1/10 epochs
2026-07-12 06:52:29 | INFO | Epoch  38/50 | Train Loss: 0.8474 | Train Acc: 0.8201 | Val Loss: 1.3851 | Val Acc: 0.6923 | head_lr: 7.75e-04 | bb_lr: 0.00e+00 | Time: 2m 33s
2026-07-12 06:52:29 | INFO |   >> No improvement for 2/10 epochs
2026-07-12 06:55:04 | INFO | Epoch  39/50 | Train Loss: 0.8445 | Train Acc: 0.8208 | Val Loss: 1.3846 | Val Acc: 0.6927 | head_lr: 6.64e-04 | bb_lr: 0.00e+00 | Time: 2m 34s
2026-07-12 06:55:04 | INFO |   >> New best model! Val Acc: 0.6927
2026-07-12 06:57:38 | INFO | Epoch  40/50 | Train Loss: 0.8420 | Train Acc: 0.8212 | Val Loss: 1.3841 | Val Acc: 0.6930 | head_lr: 5.61e-04 | bb_lr: 0.00e+00 | Time: 2m 32s
2026-07-12 06:57:38 | INFO |   >> New best model! Val Acc: 0.6930
2026-07-12 07:00:13 | INFO | Epoch  41/50 | Train Loss: 0.8398 | Train Acc: 0.8218 | Val Loss: 1.3840 | Val Acc: 0.6932 | head_lr: 4.67e-04 | bb_lr: 0.00e+00 | Time: 2m 33s
2026-07-12 07:00:13 | INFO |   >> New best model! Val Acc: 0.6932
2026-07-12 07:02:48 | INFO | Epoch  42/50 | Train Loss: 0.8379 | Train Acc: 0.8220 | Val Loss: 1.3839 | Val Acc: 0.6932 | head_lr: 3.82e-04 | bb_lr: 0.00e+00 | Time: 2m 33s
2026-07-12 07:02:48 | INFO |   >> No improvement for 1/10 epochs
2026-07-12 07:05:21 | INFO | Epoch  43/50 | Train Loss: 0.8363 | Train Acc: 0.8225 | Val Loss: 1.3838 | Val Acc: 0.6923 | head_lr: 3.05e-04 | bb_lr: 0.00e+00 | Time: 2m 33s
2026-07-12 07:05:21 | INFO |   >> No improvement for 2/10 epochs
2026-07-12 07:07:54 | INFO | Epoch  44/50 | Train Loss: 0.8349 | Train Acc: 0.8232 | Val Loss: 1.3836 | Val Acc: 0.6930 | head_lr: 2.38e-04 | bb_lr: 0.00e+00 | Time: 2m 32s
2026-07-12 07:07:54 | INFO |   >> No improvement for 3/10 epochs
2026-07-12 07:10:27 | INFO | Epoch  45/50 | Train Loss: 0.8338 | Train Acc: 0.8236 | Val Loss: 1.3835 | Val Acc: 0.6924 | head_lr: 1.81e-04 | bb_lr: 0.00e+00 | Time: 2m 32s
2026-07-12 07:10:27 | INFO |   >> No improvement for 4/10 epochs
2026-07-12 07:12:59 | INFO | Epoch  46/50 | Train Loss: 0.8329 | Train Acc: 0.8235 | Val Loss: 1.3835 | Val Acc: 0.6925 | head_lr: 1.34e-04 | bb_lr: 0.00e+00 | Time: 2m 31s
2026-07-12 07:12:59 | INFO |   >> No improvement for 5/10 epochs
2026-07-12 07:15:34 | INFO | Epoch  47/50 | Train Loss: 0.8322 | Train Acc: 0.8238 | Val Loss: 1.3835 | Val Acc: 0.6925 | head_lr: 9.76e-05 | bb_lr: 0.00e+00 | Time: 2m 34s
2026-07-12 07:15:34 | INFO |   >> No improvement for 6/10 epochs
2026-07-12 07:18:08 | INFO | Epoch  48/50 | Train Loss: 0.8317 | Train Acc: 0.8239 | Val Loss: 1.3834 | Val Acc: 0.6925 | head_lr: 7.12e-05 | bb_lr: 0.00e+00 | Time: 2m 32s
2026-07-12 07:18:08 | INFO |   >> No improvement for 7/10 epochs
2026-07-12 07:20:41 | INFO | Epoch  49/50 | Train Loss: 0.8313 | Train Acc: 0.8240 | Val Loss: 1.3834 | Val Acc: 0.6926 | head_lr: 5.53e-05 | bb_lr: 0.00e+00 | Time: 2m 32s
2026-07-12 07:20:41 | INFO |   >> No improvement for 8/10 epochs
2026-07-12 07:23:13 | INFO | Epoch  50/50 | Train Loss: 0.8311 | Train Acc: 0.8241 | Val Loss: 1.3834 | Val Acc: 0.6926 | head_lr: 5.00e-05 | bb_lr: 0.00e+00 | Time: 2m 31s
2026-07-12 07:23:13 | INFO |   >> No improvement for 9/10 epochs
2026-07-12 07:23:14 | INFO | ============================================================
2026-07-12 07:23:14 | INFO | Training complete! Total time: 2h 8m 8s
2026-07-12 07:23:14 | INFO | Best validation accuracy: 0.6932
2026-07-12 07:23:14 | INFO | Best model saved to: outputs/d3_strict/seed42/checkpoints/best.pt
2026-07-12 07:23:14 | INFO | Training log saved to: outputs/d3_strict/seed42/logs/train_log.csv
2026-07-12 07:23:14 | INFO | Eval results saved to: outputs/d3_strict/seed42/checkpoints/eval_results.json
