2026-07-12 20:35:02 | INFO | Using device: cuda
2026-07-12 20:35:02 | INFO | Configuration: configs/e0_strict.yaml
2026-07-12 20:35:02 | INFO | Train seed: 42
2026-07-12 20:35:02 | INFO | Resolved runtime: experiment_id=E0_STRICT, mode=dev, head_type=linear, augmentation=a0, cached=False
2026-07-12 20:35:05 | INFO | Total parameters:     88,105,716
2026-07-12 20:35:05 | INFO | Trainable parameters: 256,500
2026-07-12 20:35:07 | INFO | Using config epochs: 50 (dev mode)
2026-07-12 20:35:07 | INFO | Optimizer parameter groups:
2026-07-12 20:35:07 | INFO |   head        :    256,500 params, lr=5.00e-03, wd=1.00e-04
2026-07-12 20:35:07 | INFO |   TOTAL       :    256,500 optimizer params
2026-07-12 20:35:07 | INFO |   Trainable head params:       256,500
2026-07-12 20:35:07 | INFO |   Trainable visual params:           0
2026-07-12 20:35:07 | INFO | Starting training: 50 epochs, 726 batches/epoch
2026-07-12 20:35:07 | INFO | Warmup steps: 1452, Total steps: 36300, Cosine steps: 34848
2026-07-12 20:35:07 | INFO | AMP: True
2026-07-12 20:35:07 | INFO | ============================================================
2026-07-12 20:37:31 | INFO | Epoch   1/50 | Train Loss: 5.7184 | Train Acc: 0.1999 | Val Loss: 4.8276 | Val Acc: 0.3717 | head_lr: 2.50e-03 | bb_lr: 0.00e+00 | Time: 2m 23s
2026-07-12 20:37:31 | INFO |   >> New best model! Val Acc: 0.3717
2026-07-12 20:40:04 | INFO | Epoch   2/50 | Train Loss: 3.7791 | Train Acc: 0.4611 | Val Loss: 2.9229 | Val Acc: 0.5294 | head_lr: 5.00e-03 | bb_lr: 0.00e+00 | Time: 2m 31s
2026-07-12 20:40:04 | INFO |   >> New best model! Val Acc: 0.5294
2026-07-12 20:42:35 | INFO | Epoch   3/50 | Train Loss: 2.4473 | Train Acc: 0.5787 | Val Loss: 2.1997 | Val Acc: 0.5952 | head_lr: 4.99e-03 | bb_lr: 0.00e+00 | Time: 2m 30s
2026-07-12 20:42:35 | INFO |   >> New best model! Val Acc: 0.5952
2026-07-12 20:45:12 | INFO | Epoch   4/50 | Train Loss: 1.9629 | Train Acc: 0.6302 | Val Loss: 1.9184 | Val Acc: 0.6259 | head_lr: 4.98e-03 | bb_lr: 0.00e+00 | Time: 2m 34s
2026-07-12 20:45:12 | INFO |   >> New best model! Val Acc: 0.6259
2026-07-12 20:47:47 | INFO | Epoch   5/50 | Train Loss: 1.7312 | Train Acc: 0.6562 | Val Loss: 1.7678 | Val Acc: 0.6382 | head_lr: 4.95e-03 | bb_lr: 0.00e+00 | Time: 2m 34s
2026-07-12 20:47:47 | INFO |   >> New best model! Val Acc: 0.6382
2026-07-12 20:50:25 | INFO | Epoch   6/50 | Train Loss: 1.5871 | Train Acc: 0.6773 | Val Loss: 1.6707 | Val Acc: 0.6567 | head_lr: 4.92e-03 | bb_lr: 0.00e+00 | Time: 2m 36s
2026-07-12 20:50:25 | INFO |   >> New best model! Val Acc: 0.6567
2026-07-12 20:53:03 | INFO | Epoch   7/50 | Train Loss: 1.4853 | Train Acc: 0.6936 | Val Loss: 1.6027 | Val Acc: 0.6628 | head_lr: 4.87e-03 | bb_lr: 0.00e+00 | Time: 2m 35s
2026-07-12 20:53:03 | INFO |   >> New best model! Val Acc: 0.6628
2026-07-12 20:55:38 | INFO | Epoch   8/50 | Train Loss: 1.4079 | Train Acc: 0.7050 | Val Loss: 1.5548 | Val Acc: 0.6716 | head_lr: 4.81e-03 | bb_lr: 0.00e+00 | Time: 2m 34s
2026-07-12 20:55:38 | INFO |   >> New best model! Val Acc: 0.6716
2026-07-12 20:58:11 | INFO | Epoch   9/50 | Train Loss: 1.3461 | Train Acc: 0.7150 | Val Loss: 1.5149 | Val Acc: 0.6756 | head_lr: 4.74e-03 | bb_lr: 0.00e+00 | Time: 2m 30s
2026-07-12 20:58:11 | INFO |   >> New best model! Val Acc: 0.6756
2026-07-12 21:00:41 | INFO | Epoch  10/50 | Train Loss: 1.2942 | Train Acc: 0.7249 | Val Loss: 1.4871 | Val Acc: 0.6759 | head_lr: 4.67e-03 | bb_lr: 0.00e+00 | Time: 2m 29s
2026-07-12 21:00:41 | INFO |   >> New best model! Val Acc: 0.6759
2026-07-12 21:03:16 | INFO | Epoch  11/50 | Train Loss: 1.2506 | Train Acc: 0.7322 | Val Loss: 1.4613 | Val Acc: 0.6807 | head_lr: 4.58e-03 | bb_lr: 0.00e+00 | Time: 2m 33s
2026-07-12 21:03:16 | INFO |   >> New best model! Val Acc: 0.6807
2026-07-12 21:05:48 | INFO | Epoch  12/50 | Train Loss: 1.2129 | Train Acc: 0.7390 | Val Loss: 1.4421 | Val Acc: 0.6874 | head_lr: 4.49e-03 | bb_lr: 0.00e+00 | Time: 2m 30s
2026-07-12 21:05:48 | INFO |   >> New best model! Val Acc: 0.6874
2026-07-12 21:08:22 | INFO | Epoch  13/50 | Train Loss: 1.1794 | Train Acc: 0.7445 | Val Loss: 1.4252 | Val Acc: 0.6883 | head_lr: 4.39e-03 | bb_lr: 0.00e+00 | Time: 2m 32s
2026-07-12 21:08:22 | INFO |   >> New best model! Val Acc: 0.6883
2026-07-12 21:10:58 | INFO | Epoch  14/50 | Train Loss: 1.1504 | Train Acc: 0.7507 | Val Loss: 1.4117 | Val Acc: 0.6892 | head_lr: 4.28e-03 | bb_lr: 0.00e+00 | Time: 2m 34s
2026-07-12 21:10:58 | INFO |   >> New best model! Val Acc: 0.6892
2026-07-12 21:13:31 | INFO | Epoch  15/50 | Train Loss: 1.1240 | Train Acc: 0.7556 | Val Loss: 1.4004 | Val Acc: 0.6905 | head_lr: 4.16e-03 | bb_lr: 0.00e+00 | Time: 2m 31s
2026-07-12 21:13:31 | INFO |   >> New best model! Val Acc: 0.6905
2026-07-12 21:16:06 | INFO | Epoch  16/50 | Train Loss: 1.1004 | Train Acc: 0.7606 | Val Loss: 1.3919 | Val Acc: 0.6918 | head_lr: 4.03e-03 | bb_lr: 0.00e+00 | Time: 2m 33s
2026-07-12 21:16:06 | INFO |   >> New best model! Val Acc: 0.6918
2026-07-12 21:18:41 | INFO | Epoch  17/50 | Train Loss: 1.0787 | Train Acc: 0.7639 | Val Loss: 1.3810 | Val Acc: 0.6949 | head_lr: 3.90e-03 | bb_lr: 0.00e+00 | Time: 2m 34s
2026-07-12 21:18:41 | INFO |   >> New best model! Val Acc: 0.6949
2026-07-12 21:21:16 | INFO | Epoch  18/50 | Train Loss: 1.0593 | Train Acc: 0.7688 | Val Loss: 1.3751 | Val Acc: 0.6923 | head_lr: 3.76e-03 | bb_lr: 0.00e+00 | Time: 2m 33s
2026-07-12 21:21:16 | INFO |   >> No improvement for 1/10 epochs
2026-07-12 21:23:58 | INFO | Epoch  19/50 | Train Loss: 1.0415 | Train Acc: 0.7722 | Val Loss: 1.3668 | Val Acc: 0.6961 | head_lr: 3.62e-03 | bb_lr: 0.00e+00 | Time: 2m 41s
2026-07-12 21:23:58 | INFO |   >> New best model! Val Acc: 0.6961
2026-07-12 21:26:39 | INFO | Epoch  20/50 | Train Loss: 1.0251 | Train Acc: 0.7756 | Val Loss: 1.3616 | Val Acc: 0.6976 | head_lr: 3.47e-03 | bb_lr: 0.00e+00 | Time: 2m 39s
2026-07-12 21:26:39 | INFO |   >> New best model! Val Acc: 0.6976
2026-07-12 21:29:10 | INFO | Epoch  21/50 | Train Loss: 1.0100 | Train Acc: 0.7786 | Val Loss: 1.3556 | Val Acc: 0.6990 | head_lr: 3.32e-03 | bb_lr: 0.00e+00 | Time: 2m 29s
2026-07-12 21:29:10 | INFO |   >> New best model! Val Acc: 0.6990
2026-07-12 21:31:43 | INFO | Epoch  22/50 | Train Loss: 0.9960 | Train Acc: 0.7820 | Val Loss: 1.3526 | Val Acc: 0.7009 | head_lr: 3.17e-03 | bb_lr: 0.00e+00 | Time: 2m 33s
2026-07-12 21:31:43 | INFO |   >> New best model! Val Acc: 0.7009
2026-07-12 21:34:15 | INFO | Epoch  23/50 | Train Loss: 0.9835 | Train Acc: 0.7844 | Val Loss: 1.3477 | Val Acc: 0.7008 | head_lr: 3.01e-03 | bb_lr: 0.00e+00 | Time: 2m 29s
2026-07-12 21:34:15 | INFO |   >> No improvement for 1/10 epochs
2026-07-12 21:36:47 | INFO | Epoch  24/50 | Train Loss: 0.9715 | Train Acc: 0.7875 | Val Loss: 1.3452 | Val Acc: 0.7017 | head_lr: 2.85e-03 | bb_lr: 0.00e+00 | Time: 2m 31s
2026-07-12 21:36:47 | INFO |   >> New best model! Val Acc: 0.7017
2026-07-12 21:39:17 | INFO | Epoch  25/50 | Train Loss: 0.9608 | Train Acc: 0.7901 | Val Loss: 1.3409 | Val Acc: 0.7003 | head_lr: 2.69e-03 | bb_lr: 0.00e+00 | Time: 2m 28s
2026-07-12 21:39:17 | INFO |   >> No improvement for 1/10 epochs
2026-07-12 21:41:46 | INFO | Epoch  26/50 | Train Loss: 0.9508 | Train Acc: 0.7920 | Val Loss: 1.3390 | Val Acc: 0.7033 | head_lr: 2.52e-03 | bb_lr: 0.00e+00 | Time: 2m 28s
2026-07-12 21:41:46 | INFO |   >> New best model! Val Acc: 0.7033
2026-07-12 21:44:20 | INFO | Epoch  27/50 | Train Loss: 0.9413 | Train Acc: 0.7947 | Val Loss: 1.3371 | Val Acc: 0.7014 | head_lr: 2.36e-03 | bb_lr: 0.00e+00 | Time: 2m 33s
2026-07-12 21:44:20 | INFO |   >> No improvement for 1/10 epochs
2026-07-12 21:46:50 | INFO | Epoch  28/50 | Train Loss: 0.9330 | Train Acc: 0.7965 | Val Loss: 1.3361 | Val Acc: 0.7001 | head_lr: 2.20e-03 | bb_lr: 0.00e+00 | Time: 2m 30s
2026-07-12 21:46:50 | INFO |   >> No improvement for 2/10 epochs
2026-07-12 21:49:17 | INFO | Epoch  29/50 | Train Loss: 0.9250 | Train Acc: 0.7975 | Val Loss: 1.3329 | Val Acc: 0.7014 | head_lr: 2.04e-03 | bb_lr: 0.00e+00 | Time: 2m 26s
2026-07-12 21:49:17 | INFO |   >> No improvement for 3/10 epochs
2026-07-12 21:51:48 | INFO | Epoch  30/50 | Train Loss: 0.9182 | Train Acc: 0.7996 | Val Loss: 1.3306 | Val Acc: 0.7009 | head_lr: 1.88e-03 | bb_lr: 0.00e+00 | Time: 2m 29s
2026-07-12 21:51:48 | INFO |   >> No improvement for 4/10 epochs
2026-07-12 21:54:18 | INFO | Epoch  31/50 | Train Loss: 0.9113 | Train Acc: 0.8016 | Val Loss: 1.3296 | Val Acc: 0.7026 | head_lr: 1.73e-03 | bb_lr: 0.00e+00 | Time: 2m 29s
2026-07-12 21:54:18 | INFO |   >> No improvement for 5/10 epochs
2026-07-12 21:56:47 | INFO | Epoch  32/50 | Train Loss: 0.9057 | Train Acc: 0.8026 | Val Loss: 1.3279 | Val Acc: 0.7018 | head_lr: 1.58e-03 | bb_lr: 0.00e+00 | Time: 2m 28s
2026-07-12 21:56:47 | INFO |   >> No improvement for 6/10 epochs
2026-07-12 21:59:21 | INFO | Epoch  33/50 | Train Loss: 0.9001 | Train Acc: 0.8039 | Val Loss: 1.3264 | Val Acc: 0.7034 | head_lr: 1.43e-03 | bb_lr: 0.00e+00 | Time: 2m 33s
2026-07-12 21:59:21 | INFO |   >> New best model! Val Acc: 0.7034
2026-07-12 22:01:50 | INFO | Epoch  34/50 | Train Loss: 0.8950 | Train Acc: 0.8053 | Val Loss: 1.3256 | Val Acc: 0.7045 | head_lr: 1.29e-03 | bb_lr: 0.00e+00 | Time: 2m 27s
2026-07-12 22:01:50 | INFO |   >> New best model! Val Acc: 0.7045
2026-07-12 22:04:20 | INFO | Epoch  35/50 | Train Loss: 0.8906 | Train Acc: 0.8060 | Val Loss: 1.3247 | Val Acc: 0.7042 | head_lr: 1.15e-03 | bb_lr: 0.00e+00 | Time: 2m 29s
2026-07-12 22:04:20 | INFO |   >> No improvement for 1/10 epochs
2026-07-12 22:06:50 | INFO | Epoch  36/50 | Train Loss: 0.8864 | Train Acc: 0.8077 | Val Loss: 1.3247 | Val Acc: 0.7050 | head_lr: 1.02e-03 | bb_lr: 0.00e+00 | Time: 2m 29s
2026-07-12 22:06:50 | INFO |   >> New best model! Val Acc: 0.7050
2026-07-12 22:09:19 | INFO | Epoch  37/50 | Train Loss: 0.8829 | Train Acc: 0.8081 | Val Loss: 1.3231 | Val Acc: 0.7045 | head_lr: 8.93e-04 | bb_lr: 0.00e+00 | Time: 2m 27s
2026-07-12 22:09:19 | INFO |   >> No improvement for 1/10 epochs
2026-07-12 22:11:47 | INFO | Epoch  38/50 | Train Loss: 0.8797 | Train Acc: 0.8089 | Val Loss: 1.3226 | Val Acc: 0.7048 | head_lr: 7.75e-04 | bb_lr: 0.00e+00 | Time: 2m 27s
2026-07-12 22:11:47 | INFO |   >> No improvement for 2/10 epochs
2026-07-12 22:14:18 | INFO | Epoch  39/50 | Train Loss: 0.8768 | Train Acc: 0.8101 | Val Loss: 1.3220 | Val Acc: 0.7041 | head_lr: 6.64e-04 | bb_lr: 0.00e+00 | Time: 2m 30s
2026-07-12 22:14:18 | INFO |   >> No improvement for 3/10 epochs
2026-07-12 22:16:49 | INFO | Epoch  40/50 | Train Loss: 0.8742 | Train Acc: 0.8106 | Val Loss: 1.3217 | Val Acc: 0.7044 | head_lr: 5.61e-04 | bb_lr: 0.00e+00 | Time: 2m 30s
2026-07-12 22:16:49 | INFO |   >> No improvement for 4/10 epochs
2026-07-12 22:19:19 | INFO | Epoch  41/50 | Train Loss: 0.8721 | Train Acc: 0.8113 | Val Loss: 1.3213 | Val Acc: 0.7044 | head_lr: 4.67e-04 | bb_lr: 0.00e+00 | Time: 2m 29s
2026-07-12 22:19:19 | INFO |   >> No improvement for 5/10 epochs
2026-07-12 22:22:02 | INFO | Epoch  42/50 | Train Loss: 0.8702 | Train Acc: 0.8117 | Val Loss: 1.3211 | Val Acc: 0.7046 | head_lr: 3.82e-04 | bb_lr: 0.00e+00 | Time: 2m 42s
2026-07-12 22:22:02 | INFO |   >> No improvement for 6/10 epochs
2026-07-12 22:24:36 | INFO | Epoch  43/50 | Train Loss: 0.8686 | Train Acc: 0.8120 | Val Loss: 1.3209 | Val Acc: 0.7053 | head_lr: 3.05e-04 | bb_lr: 0.00e+00 | Time: 2m 32s
2026-07-12 22:24:36 | INFO |   >> New best model! Val Acc: 0.7053
2026-07-12 22:27:08 | INFO | Epoch  44/50 | Train Loss: 0.8673 | Train Acc: 0.8125 | Val Loss: 1.3207 | Val Acc: 0.7045 | head_lr: 2.38e-04 | bb_lr: 0.00e+00 | Time: 2m 31s
2026-07-12 22:27:08 | INFO |   >> No improvement for 1/10 epochs
2026-07-12 22:29:41 | INFO | Epoch  45/50 | Train Loss: 0.8662 | Train Acc: 0.8130 | Val Loss: 1.3206 | Val Acc: 0.7050 | head_lr: 1.81e-04 | bb_lr: 0.00e+00 | Time: 2m 32s
2026-07-12 22:29:41 | INFO |   >> No improvement for 2/10 epochs
2026-07-12 22:32:15 | INFO | Epoch  46/50 | Train Loss: 0.8652 | Train Acc: 0.8130 | Val Loss: 1.3205 | Val Acc: 0.7051 | head_lr: 1.34e-04 | bb_lr: 0.00e+00 | Time: 2m 33s
2026-07-12 22:32:15 | INFO |   >> No improvement for 3/10 epochs
2026-07-12 22:34:48 | INFO | Epoch  47/50 | Train Loss: 0.8645 | Train Acc: 0.8133 | Val Loss: 1.3205 | Val Acc: 0.7054 | head_lr: 9.76e-05 | bb_lr: 0.00e+00 | Time: 2m 31s
2026-07-12 22:34:48 | INFO |   >> New best model! Val Acc: 0.7054
2026-07-12 22:37:22 | INFO | Epoch  48/50 | Train Loss: 0.8640 | Train Acc: 0.8134 | Val Loss: 1.3204 | Val Acc: 0.7054 | head_lr: 7.12e-05 | bb_lr: 0.00e+00 | Time: 2m 32s
2026-07-12 22:37:22 | INFO |   >> No improvement for 1/10 epochs
2026-07-12 22:39:56 | INFO | Epoch  49/50 | Train Loss: 0.8636 | Train Acc: 0.8136 | Val Loss: 1.3204 | Val Acc: 0.7053 | head_lr: 5.53e-05 | bb_lr: 0.00e+00 | Time: 2m 33s
2026-07-12 22:39:56 | INFO |   >> No improvement for 2/10 epochs
2026-07-12 22:42:27 | INFO | Epoch  50/50 | Train Loss: 0.8634 | Train Acc: 0.8136 | Val Loss: 1.3204 | Val Acc: 0.7054 | head_lr: 5.00e-05 | bb_lr: 0.00e+00 | Time: 2m 30s
2026-07-12 22:42:27 | INFO |   >> No improvement for 3/10 epochs
2026-07-12 22:42:28 | INFO | ============================================================
2026-07-12 22:42:28 | INFO | Training complete! Total time: 2h 7m 20s
2026-07-12 22:42:28 | INFO | Best validation accuracy: 0.7054
2026-07-12 22:42:28 | INFO | Best model saved to: outputs/e0_strict/seed42/checkpoints/best.pt
2026-07-12 22:42:28 | INFO | Training log saved to: outputs/e0_strict/seed42/logs/train_log.csv
2026-07-12 22:42:28 | INFO | Reloaded best checkpoint for post-training evaluation: outputs/e0_strict/seed42/checkpoints/best.pt (epoch=47, best_val_acc=0.70540907)
2026-07-12 22:42:28 | INFO | Running post-training per-class evaluation...
2026-07-12 22:42:46 | INFO | Eval results saved to: outputs/e0_strict/seed42/checkpoints/eval_results.json
