2026-07-12 00:44:57 | INFO | Using device: cuda
2026-07-12 00:44:57 | INFO | Configuration: configs/e0_strict.yaml
2026-07-12 00:44:57 | INFO | Train seed: 42
2026-07-12 00:44:57 | INFO | Resolved runtime: experiment_id=E0_STRICT, mode=dev, head_type=linear, augmentation=a0, cached=False
2026-07-12 00:44:59 | INFO | Total parameters:     88,105,716
2026-07-12 00:44:59 | INFO | Trainable parameters: 256,500
2026-07-12 00:45:02 | INFO | Using config epochs: 50 (dev mode)
2026-07-12 00:45:02 | INFO | Optimizer parameter groups:
2026-07-12 00:45:02 | INFO |   head        :    256,500 params, lr=5.00e-03, wd=1.00e-04
2026-07-12 00:45:02 | INFO |   TOTAL       :    256,500 optimizer params
2026-07-12 00:45:02 | INFO |   Trainable head params:       256,500
2026-07-12 00:45:02 | INFO |   Trainable visual params:           0
2026-07-12 00:45:02 | INFO | Starting training: 50 epochs, 726 batches/epoch
2026-07-12 00:45:02 | INFO | Warmup steps: 1452, Total steps: 36300, Cosine steps: 34848
2026-07-12 00:45:02 | INFO | AMP: True
2026-07-12 00:45:02 | INFO | ============================================================
2026-07-12 00:47:21 | INFO | Epoch   1/50 | Train Loss: 5.7179 | Train Acc: 0.2032 | Val Loss: 4.8358 | Val Acc: 0.3530 | head_lr: 2.50e-03 | bb_lr: 0.00e+00 | Time: 2m 19s
2026-07-12 00:47:21 | INFO |   >> New best model! Val Acc: 0.3530
2026-07-12 00:49:48 | INFO | Epoch   2/50 | Train Loss: 3.7767 | Train Acc: 0.4626 | Val Loss: 2.9422 | Val Acc: 0.5258 | head_lr: 5.00e-03 | bb_lr: 0.00e+00 | Time: 2m 25s
2026-07-12 00:49:48 | INFO |   >> New best model! Val Acc: 0.5258
2026-07-12 00:52:20 | INFO | Epoch   3/50 | Train Loss: 2.4443 | Train Acc: 0.5793 | Val Loss: 2.2273 | Val Acc: 0.5870 | head_lr: 4.99e-03 | bb_lr: 0.00e+00 | Time: 2m 29s
2026-07-12 00:52:20 | INFO |   >> New best model! Val Acc: 0.5870
2026-07-12 00:54:52 | INFO | Epoch   4/50 | Train Loss: 1.9597 | Train Acc: 0.6319 | Val Loss: 1.9510 | Val Acc: 0.6134 | head_lr: 4.98e-03 | bb_lr: 0.00e+00 | Time: 2m 31s
2026-07-12 00:54:52 | INFO |   >> New best model! Val Acc: 0.6134
2026-07-12 00:57:25 | INFO | Epoch   5/50 | Train Loss: 1.7273 | Train Acc: 0.6602 | Val Loss: 1.8039 | Val Acc: 0.6270 | head_lr: 4.95e-03 | bb_lr: 0.00e+00 | Time: 2m 31s
2026-07-12 00:57:25 | INFO |   >> New best model! Val Acc: 0.6270
2026-07-12 00:59:51 | INFO | Epoch   6/50 | Train Loss: 1.5830 | Train Acc: 0.6786 | Val Loss: 1.7097 | Val Acc: 0.6386 | head_lr: 4.92e-03 | bb_lr: 0.00e+00 | Time: 2m 25s
2026-07-12 00:59:51 | INFO |   >> New best model! Val Acc: 0.6386
