2026-07-17 18:16:59 | INFO | Using device: cuda
2026-07-17 18:16:59 | INFO | Configuration: configs/s_peft_e2_ln_5e7.yaml
2026-07-17 18:16:59 | INFO | Train seed: 42
2026-07-17 18:16:59 | INFO | Resolved runtime: experiment_id=S_PEFT_E2_LN_5E7, mode=dev, head_type=linear, augmentation=a0, cached=False
2026-07-17 18:17:01 | INFO | Total parameters:     88,105,716
2026-07-17 18:17:01 | INFO | Trainable parameters: 256,500
2026-07-17 18:17:01 | INFO | After PEFT (visual_layernorm_only): total=88,105,716, trainable=296,436
2026-07-17 18:17:05 | INFO | Using config epochs: 15 (dev mode)
2026-07-17 18:17:05 | INFO | Loss: gce (reduction=mean)
2026-07-17 18:17:05 | INFO | Optimizer parameter groups:
2026-07-17 18:17:05 | INFO |   head        :    256,500 params, lr=1.00e-04, wd=1.00e-04
2026-07-17 18:17:05 | INFO |   backbone    :     39,936 params, lr=5.00e-07, wd=1.00e-02
2026-07-17 18:17:05 | INFO |   TOTAL       :    296,436 optimizer params
2026-07-17 18:17:05 | INFO |   Trainable head params:       256,500
2026-07-17 18:17:05 | INFO |   Trainable visual params:      39,936
2026-07-17 18:17:05 | INFO | Initializing model weights from: outputs/w1_gce05_mixup/seed42/checkpoints/best.pt
2026-07-17 18:17:05 | INFO | Model weights loaded with exact key match.
2026-07-17 18:17:05 | INFO | Running split lineage audit...
2026-07-17 18:17:05 | INFO |   Parent: outputs/w1_gce05_mixup
2026-07-17 18:17:05 | INFO |   Parent split: outputs/ref/seed42
2026-07-17 18:17:05 | INFO |   Child split:  outputs/ref/seed42
2026-07-17 18:17:05 | INFO | Split lineage audit: protocol_valid = True
2026-07-17 18:17:05 | INFO | ============================================================
2026-07-17 18:17:05 | INFO | Epoch-0 validation gate: verifying loaded checkpoint
