2026-07-17 18:00:01 | INFO | Using device: cuda
2026-07-17 18:00:01 | INFO | Configuration: configs/s_peft_e1_ln_1e6.yaml
2026-07-17 18:00:01 | INFO | Train seed: 42
2026-07-17 18:00:01 | INFO | Resolved runtime: experiment_id=S_PEFT_E1_LN_1E6, mode=dev, head_type=linear, augmentation=a0, cached=False
2026-07-17 18:00:04 | INFO | Total parameters:     88,105,716
2026-07-17 18:00:04 | INFO | Trainable parameters: 256,500
2026-07-17 18:00:04 | INFO | After PEFT (visual_layernorm_only): total=88,105,716, trainable=296,436
2026-07-17 18:00:07 | INFO | Using config epochs: 15 (dev mode)
2026-07-17 18:00:07 | INFO | Loss: gce (reduction=mean)
2026-07-17 18:00:07 | INFO | Optimizer parameter groups:
2026-07-17 18:00:07 | INFO |   head        :    256,500 params, lr=1.00e-04, wd=1.00e-04
2026-07-17 18:00:07 | INFO |   backbone    :     39,936 params, lr=1.00e-06, wd=1.00e-02
2026-07-17 18:00:07 | INFO |   TOTAL       :    296,436 optimizer params
2026-07-17 18:00:07 | INFO |   Trainable head params:       256,500
2026-07-17 18:00:07 | INFO |   Trainable visual params:      39,936
2026-07-17 18:00:07 | INFO | Initializing model weights from: outputs/w1_gce05_mixup/seed42/checkpoints/best.pt
2026-07-17 18:00:07 | INFO | Model weights loaded with exact key match.
2026-07-17 18:00:07 | INFO | Running split lineage audit...
2026-07-17 18:00:07 | INFO |   Parent: outputs/w1_gce05_mixup
2026-07-17 18:00:07 | INFO |   Parent split: outputs/ref/seed42
2026-07-17 18:00:07 | INFO |   Child split:  outputs/ref/seed42
2026-07-17 18:00:07 | INFO | Split lineage audit: protocol_valid = True
2026-07-17 18:00:07 | INFO | ============================================================
2026-07-17 18:00:07 | INFO | Epoch-0 validation gate: verifying loaded checkpoint
2026-07-17 18:00:26 | INFO | Epoch 0   | Val Loss: 0.5622 | Val Acc: 0.7116
2026-07-17 18:00:26 | INFO | Epoch-0 validation gate PASSED: delta=0.000000 <= 0.0005
2026-07-17 18:00:26 | INFO | ============================================================
2026-07-17 18:00:26 | INFO | Starting training: 15 epochs, 714 batches/epoch
2026-07-17 18:00:26 | INFO | Warmup steps: 1428, Total steps: 10710, Cosine steps: 9282
2026-07-17 18:00:26 | INFO | AMP: True
2026-07-17 18:00:26 | INFO | ============================================================
2026-07-17 18:03:10 | INFO | Epoch   1/15 | Train Loss: 0.4709 | Train Acc: 0.7960 | Val Loss: 0.5620 | Val Acc: 0.7118 | head_lr: 5.00e-05 | bb_lr: 5.00e-07 | Time: 2m 44s
2026-07-17 18:03:10 | INFO |   >> New best RAW! Val Acc: 0.7118
2026-07-17 18:05:59 | INFO | Epoch   2/15 | Train Loss: 0.4664 | Train Acc: 0.7979 | Val Loss: 0.5614 | Val Acc: 0.7111 | head_lr: 1.00e-04 | bb_lr: 1.00e-06 | Time: 2m 47s
2026-07-17 18:05:59 | INFO |   >> No improvement for 1/5 epochs
2026-07-17 18:08:37 | INFO | Epoch   3/15 | Train Loss: 0.4683 | Train Acc: 0.7956 | Val Loss: 0.5607 | Val Acc: 0.7112 | head_lr: 9.86e-05 | bb_lr: 9.86e-07 | Time: 2m 37s
2026-07-17 18:08:37 | INFO |   >> No improvement for 2/5 epochs
2026-07-17 18:11:16 | INFO | Epoch   4/15 | Train Loss: 0.4718 | Train Acc: 0.7941 | Val Loss: 0.5599 | Val Acc: 0.7116 | head_lr: 9.43e-05 | bb_lr: 9.43e-07 | Time: 2m 39s
2026-07-17 18:11:16 | INFO |   >> No improvement for 3/5 epochs
2026-07-17 18:14:03 | INFO | Epoch   5/15 | Train Loss: 0.4660 | Train Acc: 0.7967 | Val Loss: 0.5593 | Val Acc: 0.7116 | head_lr: 8.76e-05 | bb_lr: 8.76e-07 | Time: 2m 46s
2026-07-17 18:14:03 | INFO |   >> No improvement for 4/5 epochs
2026-07-17 18:16:45 | INFO | Epoch   6/15 | Train Loss: 0.4716 | Train Acc: 0.7947 | Val Loss: 0.5588 | Val Acc: 0.7118 | head_lr: 7.86e-05 | bb_lr: 7.86e-07 | Time: 2m 40s
2026-07-17 18:16:45 | INFO |   >> No improvement for 5/5 epochs
2026-07-17 18:16:46 | INFO | Early stopping triggered at epoch 6 (no improvement for 5 epochs). Best val acc: 0.7118 at epoch 1.
2026-07-17 18:16:46 | INFO | ============================================================
2026-07-17 18:16:46 | INFO | Training complete! Total time: 16m 19s
2026-07-17 18:16:46 | INFO | Best validation accuracy: 0.7118
2026-07-17 18:16:46 | INFO | Best model saved to: outputs/s_peft/e1_ln_1e6/seed42/checkpoints/best.pt
2026-07-17 18:16:46 | INFO | Training log saved to: outputs/s_peft/e1_ln_1e6/seed42/logs/train_log.csv
2026-07-17 18:16:46 | INFO | Reloaded best checkpoint for post-training evaluation: outputs/s_peft/e1_ln_1e6/seed42/checkpoints/best.pt (epoch=1, best_val_acc=0.71180690)
2026-07-17 18:16:46 | INFO | Running post-training per-class evaluation...
2026-07-17 18:17:04 | INFO | Eval results saved to: outputs/s_peft/e1_ln_1e6/seed42/checkpoints/eval_results.json
2026-07-17 18:17:04 | INFO | Artifact manifest saved to: outputs/s_peft/e1_ln_1e6/seed42/checkpoints/artifact_manifest.json
2026-07-17 18:17:04 | INFO | Per-class metrics saved to: outputs/s_peft/e1_ln_1e6/seed42/checkpoints/per_class_metrics.csv
