2026-07-18 14:20:11 | INFO | Config: configs/s_oof_zero_0001.yaml
2026-07-18 14:20:11 | INFO | Checkpoint: outputs/s_oof_zero_0001/seed42/checkpoints/best.pt
2026-07-18 14:20:11 | INFO | Seed: 42
2026-07-18 14:20:11 | INFO | Device: cuda
2026-07-18 14:20:11 | INFO | Head type: linear
2026-07-18 14:20:15 | INFO | Loaded checkpoint from epoch 44
2026-07-18 14:20:15 | INFO | Checkpoint best val acc: 0.6936640186010463
2026-07-18 14:20:16 | INFO | Checkpoint SHA-256: 87ea76f32ed2db6ef94d9584f459d3e44039cb8ca61988f7eee34058d0a84d23
2026-07-18 14:20:16 | INFO | Val CSV SHA-256: 607e019165912bb0639efb456b7e8dea122b3e8579a2344dedb8109798921eae
2026-07-18 14:20:16 | INFO | Validation set: 10322 samples, 41 batches
2026-07-18 14:20:37 | INFO | ==================================================
2026-07-18 14:20:37 | INFO | Evaluation Results:
2026-07-18 14:20:37 | INFO |   Total samples:              10322
2026-07-18 14:20:37 | INFO |   Correct samples:            7160
2026-07-18 14:20:37 | INFO |   Top-1 Accuracy (micro):     0.6937 (69.37%)
2026-07-18 14:20:37 | INFO |   Macro Accuracy:             0.6937 (69.37%)
2026-07-18 14:20:37 | INFO |   Median Per-Class Accuracy:  0.7143 (71.43%)
2026-07-18 14:20:37 | INFO |   Bottom-10%% Accuracy:        0.2973 (29.73%)
2026-07-18 14:20:37 | INFO |   Micro-Macro Gap:            -0.0000 (-0.00%)
2026-07-18 14:20:37 | INFO |   Loss:                       0.5961
2026-07-18 14:20:37 | INFO | ==================================================
2026-07-18 14:20:37 | INFO | Eval results saved to: outputs/s_oof_zero_0001/seed42/checkpoints/reeval_best.json
