2026-07-19 17:49:31 | INFO | Using device: cuda
2026-07-19 17:49:31 | INFO | Configuration: configs/nr_ctrl_oof_zero_0001_fixed.yaml
2026-07-19 17:49:31 | INFO | Train seed: 42
2026-07-19 17:49:31 | INFO | Resolved runtime: experiment_id=NR_CTRL_OOF_ZERO_0001_FIXED, mode=dev, head_type=linear, augmentation=a0, cached=False
2026-07-19 17:49:33 | INFO | Total parameters:     88,105,716
2026-07-19 17:49:33 | INFO | Trainable parameters: 256,500
2026-07-19 17:49:39 | INFO | Reject policy 'drop': removed 6354 rejected samples (91195 → 84841 remaining)
2026-07-19 17:49:39 | INFO | DataLoader rebuilt with 84841 samples (663 batches)
2026-07-19 17:49:39 | INFO | Using config epochs: 50 (dev mode)
2026-07-19 17:49:44 | INFO | Val weights from manifest: 0/10322 zeroed (0.0%)
2026-07-19 17:49:44 | INFO | Loss: gce (reduction=mean)
2026-07-19 17:49:44 | INFO | Optimizer parameter groups:
2026-07-19 17:49:44 | INFO |   head        :    256,500 params, lr=5.00e-03, wd=1.00e-04
2026-07-19 17:49:44 | INFO |   TOTAL       :    256,500 optimizer params
2026-07-19 17:49:44 | INFO |   Trainable head params:       256,500
2026-07-19 17:49:44 | INFO |   Trainable visual params:           0
2026-07-19 17:49:49 | INFO | Runtime manifest audit PASSED: 84841 samples, coverage=1.0, clean=84841 rejected=0 pseudo=0, max_class_drop=0.4167, reject_policy=drop
2026-07-19 17:49:49 | INFO | Starting training: 50 epochs, 663 batches/epoch
2026-07-19 17:49:49 | INFO | Warmup steps: 1326, Total steps: 33150, Cosine steps: 31824
2026-07-19 17:49:49 | INFO | AMP: True
2026-07-19 17:49:49 | INFO | ============================================================
2026-07-19 17:51:58 | INFO | Epoch   1/50 | Train Loss: 1.8738 | Train Acc: 0.1504 | Val Loss: 1.7722 | Val Acc: 0.2244 | head_lr: 2.50e-03 | bb_lr: 0.00e+00 | Time: 2m 8s
2026-07-19 17:51:58 | INFO |   >> New best RAW! Val Acc: 0.2244
2026-07-19 17:54:14 | INFO | Epoch   2/50 | Train Loss: 1.4409 | Train Acc: 0.3915 | Val Loss: 1.1947 | Val Acc: 0.4951 | head_lr: 5.00e-03 | bb_lr: 0.00e+00 | Time: 2m 14s
2026-07-19 17:54:14 | INFO |   >> New best RAW! Val Acc: 0.4951
2026-07-19 17:56:34 | INFO | Epoch   3/50 | Train Loss: 0.9772 | Train Acc: 0.6132 | Val Loss: 0.9530 | Val Acc: 0.5809 | head_lr: 4.99e-03 | bb_lr: 0.00e+00 | Time: 2m 18s
2026-07-19 17:56:34 | INFO |   >> New best RAW! Val Acc: 0.5809
2026-07-19 17:58:52 | INFO | Epoch   4/50 | Train Loss: 0.8096 | Train Acc: 0.6691 | Val Loss: 0.8594 | Val Acc: 0.6124 | head_lr: 4.98e-03 | bb_lr: 0.00e+00 | Time: 2m 16s
2026-07-19 17:58:52 | INFO |   >> New best RAW! Val Acc: 0.6124
2026-07-19 18:01:12 | INFO | Epoch   5/50 | Train Loss: 0.7162 | Train Acc: 0.7023 | Val Loss: 0.8058 | Val Acc: 0.6259 | head_lr: 4.95e-03 | bb_lr: 0.00e+00 | Time: 2m 17s
2026-07-19 18:01:12 | INFO |   >> New best RAW! Val Acc: 0.6259
2026-07-19 18:03:31 | INFO | Epoch   6/50 | Train Loss: 0.6642 | Train Acc: 0.7189 | Val Loss: 0.7699 | Val Acc: 0.6383 | head_lr: 4.92e-03 | bb_lr: 0.00e+00 | Time: 2m 16s
2026-07-19 18:03:31 | INFO |   >> New best RAW! Val Acc: 0.6383
2026-07-19 18:05:52 | INFO | Epoch   7/50 | Train Loss: 0.6229 | Train Acc: 0.7326 | Val Loss: 0.7433 | Val Acc: 0.6460 | head_lr: 4.87e-03 | bb_lr: 0.00e+00 | Time: 2m 18s
2026-07-19 18:05:52 | INFO |   >> New best RAW! Val Acc: 0.6460
2026-07-19 18:08:12 | INFO | Epoch   8/50 | Train Loss: 0.5794 | Train Acc: 0.7515 | Val Loss: 0.7230 | Val Acc: 0.6523 | head_lr: 4.81e-03 | bb_lr: 0.00e+00 | Time: 2m 18s
2026-07-19 18:08:12 | INFO |   >> New best RAW! Val Acc: 0.6523
2026-07-19 18:10:32 | INFO | Epoch   9/50 | Train Loss: 0.5639 | Train Acc: 0.7570 | Val Loss: 0.7053 | Val Acc: 0.6570 | head_lr: 4.74e-03 | bb_lr: 0.00e+00 | Time: 2m 18s
2026-07-19 18:10:32 | INFO |   >> New best RAW! Val Acc: 0.6570
2026-07-19 18:12:54 | INFO | Epoch  10/50 | Train Loss: 0.5441 | Train Acc: 0.7642 | Val Loss: 0.6927 | Val Acc: 0.6613 | head_lr: 4.67e-03 | bb_lr: 0.00e+00 | Time: 2m 20s
2026-07-19 18:12:54 | INFO |   >> New best RAW! Val Acc: 0.6613
