2026-07-19 17:44:19 | INFO | Using device: cuda
2026-07-19 17:44:19 | INFO | Configuration: configs/nr_ctrl_oof_zero_0001_fixed.yaml
2026-07-19 17:44:19 | INFO | Train seed: 42
2026-07-19 17:44:19 | INFO | Resolved runtime: experiment_id=NR_CTRL_OOF_ZERO_0001_FIXED, mode=dev, head_type=linear, augmentation=a0, cached=False
2026-07-19 17:44:22 | INFO | Total parameters:     88,105,716
2026-07-19 17:44:22 | INFO | Trainable parameters: 256,500
2026-07-19 17:44:28 | INFO | Reject policy 'drop': removed 6354 rejected samples (91195 → 84841 remaining)
2026-07-19 17:44:28 | INFO | DataLoader rebuilt with 84841 samples (663 batches)
2026-07-19 17:44:28 | INFO | Using config epochs: 50 (dev mode)
2026-07-19 17:44:33 | INFO | Val weights from manifest: 0/10322 zeroed (0.0%)
2026-07-19 17:44:33 | INFO | Loss: gce (reduction=mean)
2026-07-19 17:44:33 | INFO | Optimizer parameter groups:
2026-07-19 17:44:33 | INFO |   head        :    256,500 params, lr=5.00e-03, wd=1.00e-04
2026-07-19 17:44:33 | INFO |   TOTAL       :    256,500 optimizer params
2026-07-19 17:44:33 | INFO |   Trainable head params:       256,500
2026-07-19 17:44:33 | INFO |   Trainable visual params:           0
2026-07-19 17:44:40 | INFO | Runtime manifest audit PASSED: 84841 samples, coverage=1.0, clean=84841 rejected=0 pseudo=0, max_class_drop=0.4167, reject_policy=drop
2026-07-19 17:44:40 | INFO | Starting training: 50 epochs, 663 batches/epoch
2026-07-19 17:44:40 | INFO | Warmup steps: 1326, Total steps: 33150, Cosine steps: 31824
2026-07-19 17:44:40 | INFO | AMP: True
2026-07-19 17:44:40 | INFO | ============================================================
