2026-07-19 14:49:22 | INFO | Using device: cuda
2026-07-19 14:49:22 | INFO | Configuration: configs/nr_ctrl_oof_zero_0001_fixed.yaml
2026-07-19 14:49:22 | INFO | Train seed: 42
2026-07-19 14:49:22 | INFO | Resolved runtime: experiment_id=NR_CTRL_OOF_ZERO_0001_FIXED, mode=dev, head_type=linear, augmentation=a0, cached=False
2026-07-19 14:49:25 | INFO | Total parameters:     88,105,716
2026-07-19 14:49:25 | INFO | Trainable parameters: 256,500
2026-07-19 14:49:27 | INFO | Using config epochs: 50 (dev mode)
2026-07-19 14:49:35 | INFO | Val weights from manifest: 0/10322 zeroed (0.0%)
2026-07-19 14:49:35 | INFO | Loss: gce (reduction=mean)
2026-07-19 14:49:35 | INFO | Optimizer parameter groups:
2026-07-19 14:49:35 | INFO |   head        :    256,500 params, lr=5.00e-03, wd=1.00e-04
2026-07-19 14:49:35 | INFO |   TOTAL       :    256,500 optimizer params
2026-07-19 14:49:35 | INFO |   Trainable head params:       256,500
2026-07-19 14:49:35 | INFO |   Trainable visual params:           0
2026-07-19 14:49:35 | INFO | Restored weight provider state.
2026-07-19 14:49:35 | INFO | Resumed from epoch 4, best val acc: 0.6123
2026-07-19 14:49:41 | INFO | Runtime manifest audit PASSED: 91195 samples, coverage=1.0, clean=91195 rejected=0 pseudo=0, max_class_drop=0.4167
2026-07-19 14:49:41 | INFO | Starting training: 50 epochs, 713 batches/epoch
2026-07-19 14:49:41 | INFO | Warmup steps: 1426, Total steps: 35650, Cosine steps: 34224
2026-07-19 14:49:41 | INFO | AMP: True
2026-07-19 14:49:41 | INFO | ============================================================
2026-07-19 14:51:57 | INFO | Epoch   5/50 | Train Loss: 0.7107 | Train Acc: 0.6536 | Val Loss: 0.8001 | Val Acc: 0.6281 | head_lr: 4.95e-03 | bb_lr: 0.00e+00 | Time: 2m 16s
2026-07-19 14:51:57 | INFO |   >> New best RAW! Val Acc: 0.6281
2026-07-19 14:54:25 | INFO | Epoch   6/50 | Train Loss: 0.6518 | Train Acc: 0.6744 | Val Loss: 0.7653 | Val Acc: 0.6377 | head_lr: 4.92e-03 | bb_lr: 0.00e+00 | Time: 2m 25s
2026-07-19 14:54:25 | INFO |   >> New best RAW! Val Acc: 0.6377
2026-07-19 14:56:53 | INFO | Epoch   7/50 | Train Loss: 0.6130 | Train Acc: 0.6847 | Val Loss: 0.7389 | Val Acc: 0.6478 | head_lr: 4.87e-03 | bb_lr: 0.00e+00 | Time: 2m 26s
2026-07-19 14:56:53 | INFO |   >> New best RAW! Val Acc: 0.6478
2026-07-19 14:59:23 | INFO | Epoch   8/50 | Train Loss: 0.5864 | Train Acc: 0.6957 | Val Loss: 0.7193 | Val Acc: 0.6513 | head_lr: 4.81e-03 | bb_lr: 0.00e+00 | Time: 2m 28s
2026-07-19 14:59:23 | INFO |   >> New best RAW! Val Acc: 0.6513
2026-07-19 15:01:52 | INFO | Epoch   9/50 | Train Loss: 0.5570 | Train Acc: 0.7072 | Val Loss: 0.7025 | Val Acc: 0.6580 | head_lr: 4.74e-03 | bb_lr: 0.00e+00 | Time: 2m 28s
2026-07-19 15:01:52 | INFO |   >> New best RAW! Val Acc: 0.6580
2026-07-19 15:04:25 | INFO | Epoch  10/50 | Train Loss: 0.5420 | Train Acc: 0.7124 | Val Loss: 0.6894 | Val Acc: 0.6615 | head_lr: 4.67e-03 | bb_lr: 0.00e+00 | Time: 2m 31s
2026-07-19 15:04:25 | INFO |   >> New best RAW! Val Acc: 0.6615
2026-07-19 15:07:00 | INFO | Epoch  11/50 | Train Loss: 0.5134 | Train Acc: 0.7249 | Val Loss: 0.6778 | Val Acc: 0.6645 | head_lr: 4.58e-03 | bb_lr: 0.00e+00 | Time: 2m 32s
2026-07-19 15:07:00 | INFO |   >> New best RAW! Val Acc: 0.6645
2026-07-19 15:09:28 | INFO | Epoch  12/50 | Train Loss: 0.4985 | Train Acc: 0.7292 | Val Loss: 0.6693 | Val Acc: 0.6675 | head_lr: 4.49e-03 | bb_lr: 0.00e+00 | Time: 2m 26s
2026-07-19 15:09:28 | INFO |   >> New best RAW! Val Acc: 0.6675
2026-07-19 15:11:57 | INFO | Epoch  13/50 | Train Loss: 0.4942 | Train Acc: 0.7322 | Val Loss: 0.6606 | Val Acc: 0.6685 | head_lr: 4.39e-03 | bb_lr: 0.00e+00 | Time: 2m 27s
2026-07-19 15:11:57 | INFO |   >> New best RAW! Val Acc: 0.6685
2026-07-19 15:14:26 | INFO | Epoch  14/50 | Train Loss: 0.4833 | Train Acc: 0.7364 | Val Loss: 0.6541 | Val Acc: 0.6710 | head_lr: 4.28e-03 | bb_lr: 0.00e+00 | Time: 2m 27s
2026-07-19 15:14:26 | INFO |   >> New best RAW! Val Acc: 0.6710
2026-07-19 15:16:55 | INFO | Epoch  15/50 | Train Loss: 0.4608 | Train Acc: 0.7460 | Val Loss: 0.6468 | Val Acc: 0.6751 | head_lr: 4.16e-03 | bb_lr: 0.00e+00 | Time: 2m 27s
2026-07-19 15:16:55 | INFO |   >> New best RAW! Val Acc: 0.6751
2026-07-19 15:19:28 | INFO | Epoch  16/50 | Train Loss: 0.4402 | Train Acc: 0.7548 | Val Loss: 0.6415 | Val Acc: 0.6760 | head_lr: 4.03e-03 | bb_lr: 0.00e+00 | Time: 2m 31s
2026-07-19 15:19:28 | INFO |   >> New best RAW! Val Acc: 0.6760
2026-07-19 15:21:57 | INFO | Epoch  17/50 | Train Loss: 0.4354 | Train Acc: 0.7568 | Val Loss: 0.6368 | Val Acc: 0.6782 | head_lr: 3.90e-03 | bb_lr: 0.00e+00 | Time: 2m 28s
2026-07-19 15:21:57 | INFO |   >> New best RAW! Val Acc: 0.6782
2026-07-19 15:24:26 | INFO | Epoch  18/50 | Train Loss: 0.4316 | Train Acc: 0.7587 | Val Loss: 0.6325 | Val Acc: 0.6789 | head_lr: 3.76e-03 | bb_lr: 0.00e+00 | Time: 2m 27s
2026-07-19 15:24:26 | INFO |   >> New best RAW! Val Acc: 0.6789
2026-07-19 15:26:54 | INFO | Epoch  19/50 | Train Loss: 0.4277 | Train Acc: 0.7604 | Val Loss: 0.6291 | Val Acc: 0.6808 | head_lr: 3.62e-03 | bb_lr: 0.00e+00 | Time: 2m 27s
2026-07-19 15:26:54 | INFO |   >> New best RAW! Val Acc: 0.6808
2026-07-19 15:29:21 | INFO | Epoch  20/50 | Train Loss: 0.4127 | Train Acc: 0.7678 | Val Loss: 0.6251 | Val Acc: 0.6822 | head_lr: 3.47e-03 | bb_lr: 0.00e+00 | Time: 2m 26s
2026-07-19 15:29:21 | INFO |   >> New best RAW! Val Acc: 0.6822
2026-07-19 15:31:53 | INFO | Epoch  21/50 | Train Loss: 0.4262 | Train Acc: 0.7619 | Val Loss: 0.6220 | Val Acc: 0.6824 | head_lr: 3.32e-03 | bb_lr: 0.00e+00 | Time: 2m 29s
2026-07-19 15:31:53 | INFO |   >> New best RAW! Val Acc: 0.6824
2026-07-19 15:34:21 | INFO | Epoch  22/50 | Train Loss: 0.4016 | Train Acc: 0.7730 | Val Loss: 0.6192 | Val Acc: 0.6844 | head_lr: 3.17e-03 | bb_lr: 0.00e+00 | Time: 2m 26s
2026-07-19 15:34:21 | INFO |   >> New best RAW! Val Acc: 0.6844
2026-07-19 15:36:49 | INFO | Epoch  23/50 | Train Loss: 0.4136 | Train Acc: 0.7678 | Val Loss: 0.6162 | Val Acc: 0.6856 | head_lr: 3.01e-03 | bb_lr: 0.00e+00 | Time: 2m 27s
2026-07-19 15:36:49 | INFO |   >> New best RAW! Val Acc: 0.6856
2026-07-19 15:39:19 | INFO | Epoch  24/50 | Train Loss: 0.3963 | Train Acc: 0.7767 | Val Loss: 0.6144 | Val Acc: 0.6840 | head_lr: 2.85e-03 | bb_lr: 0.00e+00 | Time: 2m 27s
2026-07-19 15:39:19 | INFO |   >> No improvement for 1/10 epochs
2026-07-19 15:41:47 | INFO | Epoch  25/50 | Train Loss: 0.3901 | Train Acc: 0.7789 | Val Loss: 0.6116 | Val Acc: 0.6874 | head_lr: 2.69e-03 | bb_lr: 0.00e+00 | Time: 2m 27s
2026-07-19 15:41:47 | INFO |   >> New best RAW! Val Acc: 0.6874
2026-07-19 15:44:16 | INFO | Epoch  26/50 | Train Loss: 0.3955 | Train Acc: 0.7758 | Val Loss: 0.6107 | Val Acc: 0.6877 | head_lr: 2.52e-03 | bb_lr: 0.00e+00 | Time: 2m 27s
2026-07-19 15:44:16 | INFO |   >> New best RAW! Val Acc: 0.6877
2026-07-19 15:46:45 | INFO | Epoch  27/50 | Train Loss: 0.3954 | Train Acc: 0.7774 | Val Loss: 0.6089 | Val Acc: 0.6883 | head_lr: 2.36e-03 | bb_lr: 0.00e+00 | Time: 2m 27s
2026-07-19 15:46:45 | INFO |   >> New best RAW! Val Acc: 0.6883
2026-07-19 15:49:17 | INFO | Epoch  28/50 | Train Loss: 0.3769 | Train Acc: 0.7835 | Val Loss: 0.6071 | Val Acc: 0.6886 | head_lr: 2.20e-03 | bb_lr: 0.00e+00 | Time: 2m 30s
2026-07-19 15:49:17 | INFO |   >> New best RAW! Val Acc: 0.6886
2026-07-19 15:51:47 | INFO | Epoch  29/50 | Train Loss: 0.3724 | Train Acc: 0.7867 | Val Loss: 0.6056 | Val Acc: 0.6901 | head_lr: 2.04e-03 | bb_lr: 0.00e+00 | Time: 2m 28s
2026-07-19 15:51:47 | INFO |   >> New best RAW! Val Acc: 0.6901
2026-07-19 15:54:14 | INFO | Epoch  30/50 | Train Loss: 0.3802 | Train Acc: 0.7839 | Val Loss: 0.6043 | Val Acc: 0.6907 | head_lr: 1.88e-03 | bb_lr: 0.00e+00 | Time: 2m 25s
2026-07-19 15:54:14 | INFO |   >> New best RAW! Val Acc: 0.6907
2026-07-19 15:56:43 | INFO | Epoch  31/50 | Train Loss: 0.3769 | Train Acc: 0.7855 | Val Loss: 0.6033 | Val Acc: 0.6898 | head_lr: 1.73e-03 | bb_lr: 0.00e+00 | Time: 2m 28s
2026-07-19 15:56:43 | INFO |   >> No improvement for 1/10 epochs
2026-07-19 15:59:12 | INFO | Epoch  32/50 | Train Loss: 0.3757 | Train Acc: 0.7874 | Val Loss: 0.6022 | Val Acc: 0.6916 | head_lr: 1.58e-03 | bb_lr: 0.00e+00 | Time: 2m 28s
2026-07-19 15:59:12 | INFO |   >> New best RAW! Val Acc: 0.6916
2026-07-19 16:01:41 | INFO | Epoch  33/50 | Train Loss: 0.3645 | Train Acc: 0.7927 | Val Loss: 0.6012 | Val Acc: 0.6924 | head_lr: 1.43e-03 | bb_lr: 0.00e+00 | Time: 2m 27s
2026-07-19 16:01:41 | INFO |   >> New best RAW! Val Acc: 0.6924
2026-07-19 16:04:12 | INFO | Epoch  34/50 | Train Loss: 0.3666 | Train Acc: 0.7895 | Val Loss: 0.6006 | Val Acc: 0.6907 | head_lr: 1.29e-03 | bb_lr: 0.00e+00 | Time: 2m 30s
2026-07-19 16:04:12 | INFO |   >> No improvement for 1/10 epochs
2026-07-19 16:06:42 | INFO | Epoch  35/50 | Train Loss: 0.3651 | Train Acc: 0.7908 | Val Loss: 0.5997 | Val Acc: 0.6922 | head_lr: 1.15e-03 | bb_lr: 0.00e+00 | Time: 2m 28s
2026-07-19 16:06:42 | INFO |   >> No improvement for 2/10 epochs
2026-07-19 16:09:12 | INFO | Epoch  36/50 | Train Loss: 0.3521 | Train Acc: 0.7972 | Val Loss: 0.5987 | Val Acc: 0.6922 | head_lr: 1.02e-03 | bb_lr: 0.00e+00 | Time: 2m 28s
2026-07-19 16:09:12 | INFO |   >> No improvement for 3/10 epochs
2026-07-19 16:11:39 | INFO | Epoch  37/50 | Train Loss: 0.3746 | Train Acc: 0.7873 | Val Loss: 0.5984 | Val Acc: 0.6910 | head_lr: 8.93e-04 | bb_lr: 0.00e+00 | Time: 2m 26s
2026-07-19 16:11:39 | INFO |   >> No improvement for 4/10 epochs
2026-07-19 16:14:05 | INFO | Epoch  38/50 | Train Loss: 0.3630 | Train Acc: 0.7917 | Val Loss: 0.5979 | Val Acc: 0.6910 | head_lr: 7.75e-04 | bb_lr: 0.00e+00 | Time: 2m 26s
2026-07-19 16:14:05 | INFO |   >> No improvement for 5/10 epochs
2026-07-19 16:16:32 | INFO | Epoch  39/50 | Train Loss: 0.3673 | Train Acc: 0.7914 | Val Loss: 0.5976 | Val Acc: 0.6924 | head_lr: 6.64e-04 | bb_lr: 0.00e+00 | Time: 2m 26s
2026-07-19 16:16:32 | INFO |   >> No improvement for 6/10 epochs
2026-07-19 16:18:59 | INFO | Epoch  40/50 | Train Loss: 0.3577 | Train Acc: 0.7947 | Val Loss: 0.5971 | Val Acc: 0.6929 | head_lr: 5.61e-04 | bb_lr: 0.00e+00 | Time: 2m 26s
2026-07-19 16:18:59 | INFO |   >> New best RAW! Val Acc: 0.6929
2026-07-19 16:21:27 | INFO | Epoch  41/50 | Train Loss: 0.3578 | Train Acc: 0.7944 | Val Loss: 0.5968 | Val Acc: 0.6930 | head_lr: 4.67e-04 | bb_lr: 0.00e+00 | Time: 2m 26s
2026-07-19 16:21:27 | INFO |   >> New best RAW! Val Acc: 0.6930
2026-07-19 16:23:54 | INFO | Epoch  42/50 | Train Loss: 0.3576 | Train Acc: 0.7958 | Val Loss: 0.5966 | Val Acc: 0.6933 | head_lr: 3.82e-04 | bb_lr: 0.00e+00 | Time: 2m 25s
2026-07-19 16:23:54 | INFO |   >> New best RAW! Val Acc: 0.6933
2026-07-19 16:26:26 | INFO | Epoch  43/50 | Train Loss: 0.3563 | Train Acc: 0.7955 | Val Loss: 0.5965 | Val Acc: 0.6930 | head_lr: 3.05e-04 | bb_lr: 0.00e+00 | Time: 2m 30s
2026-07-19 16:26:26 | INFO |   >> No improvement for 1/10 epochs
2026-07-19 16:28:55 | INFO | Epoch  44/50 | Train Loss: 0.3476 | Train Acc: 0.7970 | Val Loss: 0.5963 | Val Acc: 0.6929 | head_lr: 2.38e-04 | bb_lr: 0.00e+00 | Time: 2m 28s
2026-07-19 16:28:55 | INFO |   >> No improvement for 2/10 epochs
2026-07-19 16:31:25 | INFO | Epoch  45/50 | Train Loss: 0.3652 | Train Acc: 0.7921 | Val Loss: 0.5962 | Val Acc: 0.6922 | head_lr: 1.81e-04 | bb_lr: 0.00e+00 | Time: 2m 29s
2026-07-19 16:31:25 | INFO |   >> No improvement for 3/10 epochs
2026-07-19 16:33:54 | INFO | Epoch  46/50 | Train Loss: 0.3582 | Train Acc: 0.7964 | Val Loss: 0.5961 | Val Acc: 0.6930 | head_lr: 1.34e-04 | bb_lr: 0.00e+00 | Time: 2m 28s
2026-07-19 16:33:54 | INFO |   >> No improvement for 4/10 epochs
2026-07-19 16:36:21 | INFO | Epoch  47/50 | Train Loss: 0.3575 | Train Acc: 0.7944 | Val Loss: 0.5961 | Val Acc: 0.6934 | head_lr: 9.76e-05 | bb_lr: 0.00e+00 | Time: 2m 27s
2026-07-19 16:36:21 | INFO |   >> New best RAW! Val Acc: 0.6934
2026-07-19 16:38:50 | INFO | Epoch  48/50 | Train Loss: 0.3712 | Train Acc: 0.7905 | Val Loss: 0.5960 | Val Acc: 0.6933 | head_lr: 7.12e-05 | bb_lr: 0.00e+00 | Time: 2m 27s
2026-07-19 16:38:50 | INFO |   >> No improvement for 1/10 epochs
2026-07-19 16:41:17 | INFO | Epoch  49/50 | Train Loss: 0.3507 | Train Acc: 0.7984 | Val Loss: 0.5960 | Val Acc: 0.6932 | head_lr: 5.53e-05 | bb_lr: 0.00e+00 | Time: 2m 26s
2026-07-19 16:41:17 | INFO |   >> No improvement for 2/10 epochs
2026-07-19 16:44:23 | INFO | Epoch  50/50 | Train Loss: 0.3500 | Train Acc: 0.7979 | Val Loss: 0.5959 | Val Acc: 0.6932 | head_lr: 5.00e-05 | bb_lr: 0.00e+00 | Time: 3m 5s
2026-07-19 16:44:23 | INFO |   >> No improvement for 3/10 epochs
2026-07-19 16:44:24 | INFO | ============================================================
2026-07-19 16:44:24 | INFO | Training complete! Total time: 1h 54m 42s
2026-07-19 16:44:24 | INFO | Best validation accuracy: 0.6934
2026-07-19 16:44:24 | INFO | Best model saved to: outputs/oof/nr_ctrl_fixed/seed42/checkpoints/best.pt
2026-07-19 16:44:24 | INFO | Training log saved to: outputs/oof/nr_ctrl_fixed/seed42/logs/train_log.csv
2026-07-19 16:44:24 | INFO | Reloaded best checkpoint for post-training evaluation: outputs/oof/nr_ctrl_fixed/seed42/checkpoints/best.pt (epoch=47, best_val_acc=0.69337338)
2026-07-19 16:44:24 | INFO | Running post-training per-class evaluation...
2026-07-19 16:44:46 | INFO | Eval results saved to: outputs/oof/nr_ctrl_fixed/seed42/checkpoints/eval_results.json
2026-07-19 16:44:46 | INFO | Artifact manifest saved to: outputs/oof/nr_ctrl_fixed/seed42/checkpoints/artifact_manifest.json
2026-07-19 16:44:46 | INFO | Per-class metrics saved to: outputs/oof/nr_ctrl_fixed/seed42/checkpoints/per_class_metrics.csv
2026-07-19 16:45:05 | INFO | Prediction records saved to: outputs/oof/nr_ctrl_fixed/seed42/checkpoints/prediction_records.csv
