2026-07-13 14:10:32 | INFO | Using device: cuda
2026-07-13 14:10:32 | INFO | Configuration: configs/b2_gce07_seed3407.yaml
2026-07-13 14:10:32 | INFO | Train seed: 3407
2026-07-13 14:10:32 | INFO | Resolved runtime: experiment_id=B2_GCE07_SEED3407, mode=dev, head_type=linear, augmentation=a0, cached=False
2026-07-13 14:10:37 | INFO | Total parameters:     88,105,716
2026-07-13 14:10:37 | INFO | Trainable parameters: 256,500
2026-07-13 14:10:44 | INFO | Using config epochs: 50 (dev mode)
2026-07-13 14:10:44 | INFO | Loss: gce (reduction=mean)
2026-07-13 14:10:44 | INFO | Optimizer parameter groups:
2026-07-13 14:10:44 | INFO |   head        :    256,500 params, lr=5.00e-03, wd=1.00e-04
2026-07-13 14:10:44 | INFO |   TOTAL       :    256,500 optimizer params
2026-07-13 14:10:44 | INFO |   Trainable head params:       256,500
2026-07-13 14:10:44 | INFO |   Trainable visual params:           0
2026-07-13 14:10:44 | INFO | Starting training: 50 epochs, 714 batches/epoch
2026-07-13 14:10:44 | INFO | Warmup steps: 1428, Total steps: 35700, Cosine steps: 34272
2026-07-13 14:10:44 | INFO | AMP: True
2026-07-13 14:10:44 | INFO | ============================================================
2026-07-13 14:18:17 | INFO | Epoch   1/50 | Train Loss: 1.3940 | Train Acc: 0.1314 | Val Loss: 1.3263 | Val Acc: 0.1747 | head_lr: 2.50e-03 | bb_lr: 0.00e+00 | Time: 7m 33s
2026-07-13 14:18:17 | INFO |   >> New best model! Val Acc: 0.1747
2026-07-13 14:25:36 | INFO | Epoch   2/50 | Train Loss: 1.1114 | Train Acc: 0.3456 | Val Loss: 0.9288 | Val Acc: 0.4820 | head_lr: 5.00e-03 | bb_lr: 0.00e+00 | Time: 7m 15s
2026-07-13 14:25:36 | INFO |   >> New best model! Val Acc: 0.4820
2026-07-13 14:34:44 | INFO | Epoch   3/50 | Train Loss: 0.8088 | Train Acc: 0.5539 | Val Loss: 0.7555 | Val Acc: 0.5804 | head_lr: 4.99e-03 | bb_lr: 0.00e+00 | Time: 9m 5s
2026-07-13 14:34:44 | INFO |   >> New best model! Val Acc: 0.5804
2026-07-13 14:43:30 | INFO | Epoch   4/50 | Train Loss: 0.6834 | Train Acc: 0.6190 | Val Loss: 0.6826 | Val Acc: 0.6097 | head_lr: 4.98e-03 | bb_lr: 0.00e+00 | Time: 8m 43s
2026-07-13 14:43:30 | INFO |   >> New best model! Val Acc: 0.6097
2026-07-13 14:51:29 | INFO | Epoch   5/50 | Train Loss: 0.6195 | Train Acc: 0.6483 | Val Loss: 0.6397 | Val Acc: 0.6265 | head_lr: 4.95e-03 | bb_lr: 0.00e+00 | Time: 7m 53s
2026-07-13 14:51:29 | INFO |   >> New best model! Val Acc: 0.6265
2026-07-13 14:59:30 | INFO | Epoch   6/50 | Train Loss: 0.5783 | Train Acc: 0.6675 | Val Loss: 0.6101 | Val Acc: 0.6388 | head_lr: 4.92e-03 | bb_lr: 0.00e+00 | Time: 7m 58s
2026-07-13 14:59:30 | INFO |   >> New best model! Val Acc: 0.6388
2026-07-13 15:07:27 | INFO | Epoch   7/50 | Train Loss: 0.5477 | Train Acc: 0.6825 | Val Loss: 0.5879 | Val Acc: 0.6457 | head_lr: 4.87e-03 | bb_lr: 0.00e+00 | Time: 7m 53s
2026-07-13 15:07:27 | INFO |   >> New best model! Val Acc: 0.6457
2026-07-13 15:15:12 | INFO | Epoch   8/50 | Train Loss: 0.5233 | Train Acc: 0.6953 | Val Loss: 0.5706 | Val Acc: 0.6562 | head_lr: 4.81e-03 | bb_lr: 0.00e+00 | Time: 7m 39s
2026-07-13 15:15:12 | INFO |   >> New best model! Val Acc: 0.6562
2026-07-13 15:23:47 | INFO | Epoch   9/50 | Train Loss: 0.5038 | Train Acc: 0.7048 | Val Loss: 0.5565 | Val Acc: 0.6598 | head_lr: 4.74e-03 | bb_lr: 0.00e+00 | Time: 8m 30s
2026-07-13 15:23:47 | INFO |   >> New best model! Val Acc: 0.6598
2026-07-13 15:29:49 | INFO | Epoch  10/50 | Train Loss: 0.4874 | Train Acc: 0.7137 | Val Loss: 0.5448 | Val Acc: 0.6650 | head_lr: 4.67e-03 | bb_lr: 0.00e+00 | Time: 5m 56s
2026-07-13 15:29:49 | INFO |   >> New best model! Val Acc: 0.6650
2026-07-13 15:36:57 | INFO | Epoch  11/50 | Train Loss: 0.4729 | Train Acc: 0.7212 | Val Loss: 0.5352 | Val Acc: 0.6696 | head_lr: 4.58e-03 | bb_lr: 0.00e+00 | Time: 7m 6s
2026-07-13 15:36:57 | INFO |   >> New best model! Val Acc: 0.6696
2026-07-13 15:43:26 | INFO | Epoch  12/50 | Train Loss: 0.4605 | Train Acc: 0.7290 | Val Loss: 0.5281 | Val Acc: 0.6723 | head_lr: 4.49e-03 | bb_lr: 0.00e+00 | Time: 6m 26s
2026-07-13 15:43:26 | INFO |   >> New best model! Val Acc: 0.6723
2026-07-13 15:49:40 | INFO | Epoch  13/50 | Train Loss: 0.4494 | Train Acc: 0.7344 | Val Loss: 0.5210 | Val Acc: 0.6724 | head_lr: 4.39e-03 | bb_lr: 0.00e+00 | Time: 6m 11s
2026-07-13 15:49:40 | INFO |   >> New best model! Val Acc: 0.6724
2026-07-13 15:56:43 | INFO | Epoch  14/50 | Train Loss: 0.4399 | Train Acc: 0.7393 | Val Loss: 0.5151 | Val Acc: 0.6756 | head_lr: 4.28e-03 | bb_lr: 0.00e+00 | Time: 7m 0s
2026-07-13 15:56:43 | INFO |   >> New best model! Val Acc: 0.6756
2026-07-13 16:03:27 | INFO | Epoch  15/50 | Train Loss: 0.4309 | Train Acc: 0.7449 | Val Loss: 0.5095 | Val Acc: 0.6783 | head_lr: 4.16e-03 | bb_lr: 0.00e+00 | Time: 6m 41s
2026-07-13 16:03:27 | INFO |   >> New best model! Val Acc: 0.6783
2026-07-13 16:09:23 | INFO | Epoch  16/50 | Train Loss: 0.4230 | Train Acc: 0.7488 | Val Loss: 0.5044 | Val Acc: 0.6803 | head_lr: 4.03e-03 | bb_lr: 0.00e+00 | Time: 5m 53s
2026-07-13 16:09:23 | INFO |   >> New best model! Val Acc: 0.6803
2026-07-13 16:14:53 | INFO | Epoch  17/50 | Train Loss: 0.4154 | Train Acc: 0.7536 | Val Loss: 0.5014 | Val Acc: 0.6818 | head_lr: 3.90e-03 | bb_lr: 0.00e+00 | Time: 5m 27s
2026-07-13 16:14:53 | INFO |   >> New best model! Val Acc: 0.6818
2026-07-13 16:21:51 | INFO | Epoch  18/50 | Train Loss: 0.4089 | Train Acc: 0.7576 | Val Loss: 0.4975 | Val Acc: 0.6825 | head_lr: 3.76e-03 | bb_lr: 0.00e+00 | Time: 6m 55s
2026-07-13 16:21:51 | INFO |   >> New best model! Val Acc: 0.6825
2026-07-13 16:28:41 | INFO | Epoch  19/50 | Train Loss: 0.4030 | Train Acc: 0.7606 | Val Loss: 0.4940 | Val Acc: 0.6852 | head_lr: 3.62e-03 | bb_lr: 0.00e+00 | Time: 6m 47s
2026-07-13 16:28:41 | INFO |   >> New best model! Val Acc: 0.6852
2026-07-13 16:35:26 | INFO | Epoch  20/50 | Train Loss: 0.3974 | Train Acc: 0.7643 | Val Loss: 0.4906 | Val Acc: 0.6865 | head_lr: 3.47e-03 | bb_lr: 0.00e+00 | Time: 6m 41s
2026-07-13 16:35:26 | INFO |   >> New best model! Val Acc: 0.6865
2026-07-13 16:42:36 | INFO | Epoch  21/50 | Train Loss: 0.3921 | Train Acc: 0.7673 | Val Loss: 0.4885 | Val Acc: 0.6867 | head_lr: 3.32e-03 | bb_lr: 0.00e+00 | Time: 7m 7s
2026-07-13 16:42:36 | INFO |   >> New best model! Val Acc: 0.6867
2026-07-13 16:49:39 | INFO | Epoch  22/50 | Train Loss: 0.3874 | Train Acc: 0.7701 | Val Loss: 0.4857 | Val Acc: 0.6883 | head_lr: 3.17e-03 | bb_lr: 0.00e+00 | Time: 7m 0s
2026-07-13 16:49:39 | INFO |   >> New best model! Val Acc: 0.6883
2026-07-13 16:55:46 | INFO | Epoch  23/50 | Train Loss: 0.3829 | Train Acc: 0.7730 | Val Loss: 0.4843 | Val Acc: 0.6885 | head_lr: 3.01e-03 | bb_lr: 0.00e+00 | Time: 6m 4s
2026-07-13 16:55:46 | INFO |   >> New best model! Val Acc: 0.6885
2026-07-13 17:02:14 | INFO | Epoch  24/50 | Train Loss: 0.3790 | Train Acc: 0.7751 | Val Loss: 0.4817 | Val Acc: 0.6894 | head_lr: 2.85e-03 | bb_lr: 0.00e+00 | Time: 6m 25s
2026-07-13 17:02:14 | INFO |   >> New best model! Val Acc: 0.6894
2026-07-13 17:08:00 | INFO | Epoch  25/50 | Train Loss: 0.3753 | Train Acc: 0.7775 | Val Loss: 0.4796 | Val Acc: 0.6907 | head_lr: 2.69e-03 | bb_lr: 0.00e+00 | Time: 5m 42s
2026-07-13 17:08:00 | INFO |   >> New best model! Val Acc: 0.6907
2026-07-13 17:14:52 | INFO | Epoch  26/50 | Train Loss: 0.3718 | Train Acc: 0.7800 | Val Loss: 0.4784 | Val Acc: 0.6906 | head_lr: 2.52e-03 | bb_lr: 0.00e+00 | Time: 6m 49s
2026-07-13 17:14:52 | INFO |   >> No improvement for 1/10 epochs
2026-07-13 17:20:38 | INFO | Epoch  27/50 | Train Loss: 0.3687 | Train Acc: 0.7816 | Val Loss: 0.4770 | Val Acc: 0.6915 | head_lr: 2.36e-03 | bb_lr: 0.00e+00 | Time: 5m 44s
2026-07-13 17:20:38 | INFO |   >> New best model! Val Acc: 0.6915
2026-07-13 17:27:20 | INFO | Epoch  28/50 | Train Loss: 0.3658 | Train Acc: 0.7839 | Val Loss: 0.4752 | Val Acc: 0.6926 | head_lr: 2.20e-03 | bb_lr: 0.00e+00 | Time: 6m 40s
2026-07-13 17:27:20 | INFO |   >> New best model! Val Acc: 0.6926
2026-07-13 17:34:27 | INFO | Epoch  29/50 | Train Loss: 0.3632 | Train Acc: 0.7853 | Val Loss: 0.4741 | Val Acc: 0.6922 | head_lr: 2.04e-03 | bb_lr: 0.00e+00 | Time: 7m 3s
2026-07-13 17:34:27 | INFO |   >> No improvement for 1/10 epochs
2026-07-13 17:41:48 | INFO | Epoch  30/50 | Train Loss: 0.3608 | Train Acc: 0.7869 | Val Loss: 0.4729 | Val Acc: 0.6929 | head_lr: 1.88e-03 | bb_lr: 0.00e+00 | Time: 7m 20s
2026-07-13 17:41:48 | INFO |   >> New best model! Val Acc: 0.6929
2026-07-13 17:48:50 | INFO | Epoch  31/50 | Train Loss: 0.3586 | Train Acc: 0.7884 | Val Loss: 0.4720 | Val Acc: 0.6933 | head_lr: 1.73e-03 | bb_lr: 0.00e+00 | Time: 6m 58s
2026-07-13 17:48:50 | INFO |   >> New best model! Val Acc: 0.6933
2026-07-13 17:55:37 | INFO | Epoch  32/50 | Train Loss: 0.3566 | Train Acc: 0.7896 | Val Loss: 0.4710 | Val Acc: 0.6930 | head_lr: 1.58e-03 | bb_lr: 0.00e+00 | Time: 6m 43s
2026-07-13 17:55:37 | INFO |   >> No improvement for 1/10 epochs
2026-07-13 18:01:28 | INFO | Epoch  33/50 | Train Loss: 0.3548 | Train Acc: 0.7906 | Val Loss: 0.4701 | Val Acc: 0.6942 | head_lr: 1.43e-03 | bb_lr: 0.00e+00 | Time: 5m 49s
2026-07-13 18:01:28 | INFO |   >> New best model! Val Acc: 0.6942
2026-07-13 18:08:19 | INFO | Epoch  34/50 | Train Loss: 0.3531 | Train Acc: 0.7916 | Val Loss: 0.4694 | Val Acc: 0.6942 | head_lr: 1.29e-03 | bb_lr: 0.00e+00 | Time: 6m 48s
2026-07-13 18:08:19 | INFO |   >> No improvement for 1/10 epochs
2026-07-13 18:14:50 | INFO | Epoch  35/50 | Train Loss: 0.3516 | Train Acc: 0.7930 | Val Loss: 0.4689 | Val Acc: 0.6946 | head_lr: 1.15e-03 | bb_lr: 0.00e+00 | Time: 6m 30s
2026-07-13 18:14:50 | INFO |   >> New best model! Val Acc: 0.6946
2026-07-13 18:21:45 | INFO | Epoch  36/50 | Train Loss: 0.3503 | Train Acc: 0.7936 | Val Loss: 0.4685 | Val Acc: 0.6946 | head_lr: 1.02e-03 | bb_lr: 0.00e+00 | Time: 6m 51s
2026-07-13 18:21:45 | INFO |   >> No improvement for 1/10 epochs
2026-07-13 18:28:19 | INFO | Epoch  37/50 | Train Loss: 0.3492 | Train Acc: 0.7942 | Val Loss: 0.4681 | Val Acc: 0.6946 | head_lr: 8.93e-04 | bb_lr: 0.00e+00 | Time: 6m 33s
2026-07-13 18:28:19 | INFO |   >> No improvement for 2/10 epochs
2026-07-13 18:35:12 | INFO | Epoch  38/50 | Train Loss: 0.3481 | Train Acc: 0.7949 | Val Loss: 0.4677 | Val Acc: 0.6948 | head_lr: 7.75e-04 | bb_lr: 0.00e+00 | Time: 6m 50s
2026-07-13 18:35:12 | INFO |   >> New best model! Val Acc: 0.6948
2026-07-13 18:43:03 | INFO | Epoch  39/50 | Train Loss: 0.3472 | Train Acc: 0.7953 | Val Loss: 0.4672 | Val Acc: 0.6946 | head_lr: 6.64e-04 | bb_lr: 0.00e+00 | Time: 7m 47s
2026-07-13 18:43:03 | INFO |   >> No improvement for 1/10 epochs
2026-07-13 18:49:03 | INFO | Epoch  40/50 | Train Loss: 0.3464 | Train Acc: 0.7958 | Val Loss: 0.4670 | Val Acc: 0.6955 | head_lr: 5.61e-04 | bb_lr: 0.00e+00 | Time: 5m 57s
2026-07-13 18:49:03 | INFO |   >> New best model! Val Acc: 0.6955
2026-07-13 18:56:11 | INFO | Epoch  41/50 | Train Loss: 0.3457 | Train Acc: 0.7963 | Val Loss: 0.4668 | Val Acc: 0.6956 | head_lr: 4.67e-04 | bb_lr: 0.00e+00 | Time: 7m 3s
2026-07-13 18:56:11 | INFO |   >> New best model! Val Acc: 0.6956
2026-07-13 19:03:08 | INFO | Epoch  42/50 | Train Loss: 0.3451 | Train Acc: 0.7968 | Val Loss: 0.4666 | Val Acc: 0.6954 | head_lr: 3.82e-04 | bb_lr: 0.00e+00 | Time: 6m 53s
2026-07-13 19:03:08 | INFO |   >> No improvement for 1/10 epochs
2026-07-13 19:09:45 | INFO | Epoch  43/50 | Train Loss: 0.3446 | Train Acc: 0.7970 | Val Loss: 0.4664 | Val Acc: 0.6948 | head_lr: 3.05e-04 | bb_lr: 0.00e+00 | Time: 6m 34s
2026-07-13 19:09:45 | INFO |   >> No improvement for 2/10 epochs
2026-07-13 19:16:42 | INFO | Epoch  44/50 | Train Loss: 0.3442 | Train Acc: 0.7971 | Val Loss: 0.4663 | Val Acc: 0.6953 | head_lr: 2.38e-04 | bb_lr: 0.00e+00 | Time: 6m 54s
2026-07-13 19:16:42 | INFO |   >> No improvement for 3/10 epochs
2026-07-13 19:22:17 | INFO | Epoch  45/50 | Train Loss: 0.3439 | Train Acc: 0.7974 | Val Loss: 0.4662 | Val Acc: 0.6951 | head_lr: 1.81e-04 | bb_lr: 0.00e+00 | Time: 5m 33s
2026-07-13 19:22:17 | INFO |   >> No improvement for 4/10 epochs
2026-07-13 19:29:15 | INFO | Epoch  46/50 | Train Loss: 0.3436 | Train Acc: 0.7975 | Val Loss: 0.4661 | Val Acc: 0.6952 | head_lr: 1.34e-04 | bb_lr: 0.00e+00 | Time: 6m 56s
2026-07-13 19:29:15 | INFO |   >> No improvement for 5/10 epochs
2026-07-13 19:36:10 | INFO | Epoch  47/50 | Train Loss: 0.3434 | Train Acc: 0.7976 | Val Loss: 0.4661 | Val Acc: 0.6952 | head_lr: 9.76e-05 | bb_lr: 0.00e+00 | Time: 6m 53s
2026-07-13 19:36:10 | INFO |   >> No improvement for 6/10 epochs
2026-07-13 19:45:53 | INFO | Epoch  48/50 | Train Loss: 0.3433 | Train Acc: 0.7977 | Val Loss: 0.4661 | Val Acc: 0.6950 | head_lr: 7.12e-05 | bb_lr: 0.00e+00 | Time: 9m 41s
2026-07-13 19:45:53 | INFO |   >> No improvement for 7/10 epochs
2026-07-13 19:55:42 | INFO | Epoch  49/50 | Train Loss: 0.3431 | Train Acc: 0.7978 | Val Loss: 0.4660 | Val Acc: 0.6956 | head_lr: 5.53e-05 | bb_lr: 0.00e+00 | Time: 9m 44s
2026-07-13 19:55:42 | INFO |   >> No improvement for 8/10 epochs
2026-07-13 20:07:22 | INFO | Epoch  50/50 | Train Loss: 0.3431 | Train Acc: 0.7978 | Val Loss: 0.4660 | Val Acc: 0.6953 | head_lr: 5.00e-05 | bb_lr: 0.00e+00 | Time: 11m 36s
2026-07-13 20:07:22 | INFO |   >> No improvement for 9/10 epochs
2026-07-13 20:07:26 | INFO | ============================================================
2026-07-13 20:07:26 | INFO | Training complete! Total time: 5h 56m 42s
2026-07-13 20:07:26 | INFO | Best validation accuracy: 0.6956
2026-07-13 20:07:26 | INFO | Best model saved to: outputs/b2_gce07/seed3407/checkpoints/best.pt
2026-07-13 20:07:26 | INFO | Training log saved to: outputs/b2_gce07/seed3407/logs/train_log.csv
2026-07-13 20:07:31 | INFO | Reloaded best checkpoint for post-training evaluation: outputs/b2_gce07/seed3407/checkpoints/best.pt (epoch=41, best_val_acc=0.69561846)
2026-07-13 20:07:31 | INFO | Running post-training per-class evaluation...
2026-07-13 20:08:33 | INFO | Eval results saved to: outputs/b2_gce07/seed3407/checkpoints/eval_results.json
