2026-07-12 17:38:17 | INFO | Using device: cuda
2026-07-12 17:38:17 | INFO | Configuration: configs/f0_strict.yaml
2026-07-12 17:38:17 | INFO | Train seed: 42
2026-07-12 17:38:17 | INFO | Resolved runtime: experiment_id=F0_STRICT, mode=dev, head_type=linear, augmentation=a0, cached=False
2026-07-12 17:38:20 | INFO | Total parameters:     88,105,716
2026-07-12 17:38:20 | INFO | Trainable parameters: 256,500
2026-07-12 17:38:23 | INFO | Using config epochs: 50 (dev mode)
2026-07-12 17:38:23 | INFO | Optimizer parameter groups:
2026-07-12 17:38:23 | INFO |   head        :    256,500 params, lr=3.00e-04, wd=1.00e-04
2026-07-12 17:38:23 | INFO |   TOTAL       :    256,500 optimizer params
2026-07-12 17:38:23 | INFO |   Trainable head params:       256,500
2026-07-12 17:38:23 | INFO |   Trainable visual params:           0
2026-07-12 17:38:23 | INFO | Initializing model weights from: outputs/d3_strict/seed42/checkpoints/best.pt
2026-07-12 17:38:23 | INFO | Model weights loaded with exact key match.
2026-07-12 17:38:23 | INFO | Running split lineage audit...
2026-07-12 17:38:23 | INFO |   Parent: outputs/d3_strict
2026-07-12 17:38:23 | INFO |   Parent split: outputs/d3_strict/seed42
2026-07-12 17:38:23 | INFO |   Child split:  outputs/d3_strict/seed42
2026-07-12 17:38:23 | INFO | Split lineage audit: protocol_valid = True
2026-07-12 17:38:23 | INFO | ============================================================
2026-07-12 17:38:23 | INFO | Epoch-0 validation gate: verifying loaded checkpoint
2026-07-12 17:38:42 | INFO | Epoch 0   | Val Loss: 1.3280 | Val Acc: 0.7066
2026-07-12 17:38:42 | INFO | Epoch-0 validation gate PASSED: delta=0.000000 <= 0.0005
2026-07-12 17:38:42 | INFO | ============================================================
2026-07-12 17:38:42 | INFO | Starting training: 50 epochs, 714 batches/epoch
2026-07-12 17:38:42 | INFO | Warmup steps: 1428, Total steps: 35700, Cosine steps: 34272
2026-07-12 17:38:42 | INFO | AMP: True
2026-07-12 17:38:42 | INFO | ============================================================
2026-07-12 17:41:07 | INFO | Epoch   1/50 | Train Loss: 0.8428 | Train Acc: 0.8219 | Val Loss: 1.3280 | Val Acc: 0.7062 | head_lr: 1.50e-04 | bb_lr: 0.00e+00 | Time: 2m 24s
2026-07-12 17:41:07 | INFO |   >> New best model! Val Acc: 0.7062
2026-07-12 17:43:33 | INFO | Epoch   2/50 | Train Loss: 0.8437 | Train Acc: 0.8217 | Val Loss: 1.3280 | Val Acc: 0.7054 | head_lr: 3.00e-04 | bb_lr: 0.00e+00 | Time: 2m 25s
2026-07-12 17:43:33 | INFO |   >> No improvement for 1/10 epochs
2026-07-12 17:46:08 | INFO | Epoch   3/50 | Train Loss: 0.8438 | Train Acc: 0.8215 | Val Loss: 1.3277 | Val Acc: 0.7064 | head_lr: 3.00e-04 | bb_lr: 0.00e+00 | Time: 2m 33s
2026-07-12 17:46:08 | INFO |   >> New best model! Val Acc: 0.7064
