2026-07-13 04:11:46 | INFO | Using device: cuda
2026-07-13 04:11:46 | INFO | Configuration: configs/b2_gce07.yaml
2026-07-13 04:11:46 | INFO | Train seed: 42
2026-07-13 04:11:46 | INFO | Resolved runtime: experiment_id=B2_GCE07, mode=dev, head_type=linear, augmentation=a0, cached=False
2026-07-13 04:11:52 | INFO | Total parameters:     88,105,716
2026-07-13 04:11:52 | INFO | Trainable parameters: 256,500
2026-07-13 04:11:58 | INFO | Using config epochs: 50 (dev mode)
2026-07-13 04:11:58 | INFO | Loss: gce (reduction=mean)
2026-07-13 04:11:58 | INFO | Optimizer parameter groups:
2026-07-13 04:11:58 | INFO |   head        :    256,500 params, lr=5.00e-03, wd=1.00e-04
2026-07-13 04:11:58 | INFO |   TOTAL       :    256,500 optimizer params
2026-07-13 04:11:58 | INFO |   Trainable head params:       256,500
2026-07-13 04:11:58 | INFO |   Trainable visual params:           0
2026-07-13 04:11:58 | INFO | Starting training: 50 epochs, 714 batches/epoch
2026-07-13 04:11:58 | INFO | Warmup steps: 1428, Total steps: 35700, Cosine steps: 34272
2026-07-13 04:11:58 | INFO | AMP: True
2026-07-13 04:11:58 | INFO | ============================================================
2026-07-13 04:18:18 | INFO | Epoch   1/50 | Train Loss: 1.3939 | Train Acc: 0.1284 | Val Loss: 1.3264 | Val Acc: 0.1748 | head_lr: 2.50e-03 | bb_lr: 0.00e+00 | Time: 6m 19s
2026-07-13 04:18:18 | INFO |   >> New best model! Val Acc: 0.1748
2026-07-13 04:24:12 | INFO | Epoch   2/50 | Train Loss: 1.1115 | Train Acc: 0.3438 | Val Loss: 0.9290 | Val Acc: 0.4801 | head_lr: 5.00e-03 | bb_lr: 0.00e+00 | Time: 5m 51s
2026-07-13 04:24:12 | INFO |   >> New best model! Val Acc: 0.4801
2026-07-13 04:31:31 | INFO | Epoch   3/50 | Train Loss: 0.8084 | Train Acc: 0.5537 | Val Loss: 0.7567 | Val Acc: 0.5786 | head_lr: 4.99e-03 | bb_lr: 0.00e+00 | Time: 7m 16s
2026-07-13 04:31:31 | INFO |   >> New best model! Val Acc: 0.5786
2026-07-13 04:37:13 | INFO | Epoch   4/50 | Train Loss: 0.6834 | Train Acc: 0.6184 | Val Loss: 0.6818 | Val Acc: 0.6101 | head_lr: 4.98e-03 | bb_lr: 0.00e+00 | Time: 5m 40s
2026-07-13 04:37:13 | INFO |   >> New best model! Val Acc: 0.6101
2026-07-13 04:42:37 | INFO | Epoch   5/50 | Train Loss: 0.6193 | Train Acc: 0.6488 | Val Loss: 0.6393 | Val Acc: 0.6261 | head_lr: 4.95e-03 | bb_lr: 0.00e+00 | Time: 5m 21s
2026-07-13 04:42:37 | INFO |   >> New best model! Val Acc: 0.6261
2026-07-13 04:48:13 | INFO | Epoch   6/50 | Train Loss: 0.5781 | Train Acc: 0.6672 | Val Loss: 0.6113 | Val Acc: 0.6348 | head_lr: 4.92e-03 | bb_lr: 0.00e+00 | Time: 5m 34s
2026-07-13 04:48:13 | INFO |   >> New best model! Val Acc: 0.6348
2026-07-13 04:53:45 | INFO | Epoch   7/50 | Train Loss: 0.5477 | Train Acc: 0.6820 | Val Loss: 0.5881 | Val Acc: 0.6458 | head_lr: 4.87e-03 | bb_lr: 0.00e+00 | Time: 5m 29s
2026-07-13 04:53:45 | INFO |   >> New best model! Val Acc: 0.6458
2026-07-13 04:59:09 | INFO | Epoch   8/50 | Train Loss: 0.5235 | Train Acc: 0.6947 | Val Loss: 0.5706 | Val Acc: 0.6535 | head_lr: 4.81e-03 | bb_lr: 0.00e+00 | Time: 5m 21s
2026-07-13 04:59:09 | INFO |   >> New best model! Val Acc: 0.6535
2026-07-13 05:04:25 | INFO | Epoch   9/50 | Train Loss: 0.5040 | Train Acc: 0.7046 | Val Loss: 0.5569 | Val Acc: 0.6604 | head_lr: 4.74e-03 | bb_lr: 0.00e+00 | Time: 5m 13s
2026-07-13 05:04:25 | INFO |   >> New best model! Val Acc: 0.6604
2026-07-13 05:09:36 | INFO | Epoch  10/50 | Train Loss: 0.4874 | Train Acc: 0.7135 | Val Loss: 0.5454 | Val Acc: 0.6668 | head_lr: 4.67e-03 | bb_lr: 0.00e+00 | Time: 5m 9s
2026-07-13 05:09:36 | INFO |   >> New best model! Val Acc: 0.6668
2026-07-13 05:14:51 | INFO | Epoch  11/50 | Train Loss: 0.4731 | Train Acc: 0.7214 | Val Loss: 0.5353 | Val Acc: 0.6687 | head_lr: 4.58e-03 | bb_lr: 0.00e+00 | Time: 5m 13s
2026-07-13 05:14:51 | INFO |   >> New best model! Val Acc: 0.6687
2026-07-13 05:20:04 | INFO | Epoch  12/50 | Train Loss: 0.4607 | Train Acc: 0.7283 | Val Loss: 0.5291 | Val Acc: 0.6702 | head_lr: 4.49e-03 | bb_lr: 0.00e+00 | Time: 5m 9s
2026-07-13 05:20:04 | INFO |   >> New best model! Val Acc: 0.6702
2026-07-13 05:25:16 | INFO | Epoch  13/50 | Train Loss: 0.4499 | Train Acc: 0.7341 | Val Loss: 0.5213 | Val Acc: 0.6730 | head_lr: 4.39e-03 | bb_lr: 0.00e+00 | Time: 5m 9s
2026-07-13 05:25:16 | INFO |   >> New best model! Val Acc: 0.6730
2026-07-13 05:30:32 | INFO | Epoch  14/50 | Train Loss: 0.4401 | Train Acc: 0.7393 | Val Loss: 0.5148 | Val Acc: 0.6756 | head_lr: 4.28e-03 | bb_lr: 0.00e+00 | Time: 5m 14s
2026-07-13 05:30:32 | INFO |   >> New best model! Val Acc: 0.6756
2026-07-13 05:35:40 | INFO | Epoch  15/50 | Train Loss: 0.4312 | Train Acc: 0.7444 | Val Loss: 0.5098 | Val Acc: 0.6782 | head_lr: 4.16e-03 | bb_lr: 0.00e+00 | Time: 5m 6s
2026-07-13 05:35:40 | INFO |   >> New best model! Val Acc: 0.6782
2026-07-13 05:40:54 | INFO | Epoch  16/50 | Train Loss: 0.4234 | Train Acc: 0.7492 | Val Loss: 0.5053 | Val Acc: 0.6807 | head_lr: 4.03e-03 | bb_lr: 0.00e+00 | Time: 5m 13s
2026-07-13 05:40:54 | INFO |   >> New best model! Val Acc: 0.6807
2026-07-13 05:46:07 | INFO | Epoch  17/50 | Train Loss: 0.4161 | Train Acc: 0.7529 | Val Loss: 0.5016 | Val Acc: 0.6822 | head_lr: 3.90e-03 | bb_lr: 0.00e+00 | Time: 5m 11s
2026-07-13 05:46:07 | INFO |   >> New best model! Val Acc: 0.6822
2026-07-13 05:51:21 | INFO | Epoch  18/50 | Train Loss: 0.4093 | Train Acc: 0.7568 | Val Loss: 0.4984 | Val Acc: 0.6818 | head_lr: 3.76e-03 | bb_lr: 0.00e+00 | Time: 5m 12s
2026-07-13 05:51:21 | INFO |   >> No improvement for 1/10 epochs
2026-07-13 05:56:28 | INFO | Epoch  19/50 | Train Loss: 0.4032 | Train Acc: 0.7607 | Val Loss: 0.4949 | Val Acc: 0.6825 | head_lr: 3.62e-03 | bb_lr: 0.00e+00 | Time: 5m 6s
2026-07-13 05:56:28 | INFO |   >> New best model! Val Acc: 0.6825
2026-07-13 06:01:37 | INFO | Epoch  20/50 | Train Loss: 0.3977 | Train Acc: 0.7640 | Val Loss: 0.4911 | Val Acc: 0.6855 | head_lr: 3.47e-03 | bb_lr: 0.00e+00 | Time: 5m 6s
2026-07-13 06:01:37 | INFO |   >> New best model! Val Acc: 0.6855
2026-07-13 06:06:47 | INFO | Epoch  21/50 | Train Loss: 0.3924 | Train Acc: 0.7677 | Val Loss: 0.4887 | Val Acc: 0.6861 | head_lr: 3.32e-03 | bb_lr: 0.00e+00 | Time: 5m 9s
2026-07-13 06:06:47 | INFO |   >> New best model! Val Acc: 0.6861
2026-07-13 06:11:57 | INFO | Epoch  22/50 | Train Loss: 0.3875 | Train Acc: 0.7707 | Val Loss: 0.4860 | Val Acc: 0.6876 | head_lr: 3.17e-03 | bb_lr: 0.00e+00 | Time: 5m 9s
2026-07-13 06:11:57 | INFO |   >> New best model! Val Acc: 0.6876
2026-07-13 06:17:10 | INFO | Epoch  23/50 | Train Loss: 0.3832 | Train Acc: 0.7725 | Val Loss: 0.4844 | Val Acc: 0.6881 | head_lr: 3.01e-03 | bb_lr: 0.00e+00 | Time: 5m 10s
2026-07-13 06:17:10 | INFO |   >> New best model! Val Acc: 0.6881
2026-07-13 06:22:19 | INFO | Epoch  24/50 | Train Loss: 0.3791 | Train Acc: 0.7753 | Val Loss: 0.4820 | Val Acc: 0.6898 | head_lr: 2.85e-03 | bb_lr: 0.00e+00 | Time: 5m 8s
2026-07-13 06:22:19 | INFO |   >> New best model! Val Acc: 0.6898
2026-07-13 06:27:27 | INFO | Epoch  25/50 | Train Loss: 0.3754 | Train Acc: 0.7778 | Val Loss: 0.4798 | Val Acc: 0.6907 | head_lr: 2.69e-03 | bb_lr: 0.00e+00 | Time: 5m 5s
2026-07-13 06:27:27 | INFO |   >> New best model! Val Acc: 0.6907
2026-07-13 06:32:37 | INFO | Epoch  26/50 | Train Loss: 0.3719 | Train Acc: 0.7797 | Val Loss: 0.4783 | Val Acc: 0.6898 | head_lr: 2.52e-03 | bb_lr: 0.00e+00 | Time: 5m 8s
2026-07-13 06:32:37 | INFO |   >> No improvement for 1/10 epochs
2026-07-13 06:37:47 | INFO | Epoch  27/50 | Train Loss: 0.3688 | Train Acc: 0.7818 | Val Loss: 0.4771 | Val Acc: 0.6913 | head_lr: 2.36e-03 | bb_lr: 0.00e+00 | Time: 5m 9s
2026-07-13 06:37:47 | INFO |   >> New best model! Val Acc: 0.6913
2026-07-13 06:42:53 | INFO | Epoch  28/50 | Train Loss: 0.3660 | Train Acc: 0.7832 | Val Loss: 0.4757 | Val Acc: 0.6922 | head_lr: 2.20e-03 | bb_lr: 0.00e+00 | Time: 5m 5s
2026-07-13 06:42:53 | INFO |   >> New best model! Val Acc: 0.6922
2026-07-13 06:48:04 | INFO | Epoch  29/50 | Train Loss: 0.3633 | Train Acc: 0.7853 | Val Loss: 0.4742 | Val Acc: 0.6921 | head_lr: 2.04e-03 | bb_lr: 0.00e+00 | Time: 5m 9s
2026-07-13 06:48:04 | INFO |   >> No improvement for 1/10 epochs
2026-07-13 06:53:12 | INFO | Epoch  30/50 | Train Loss: 0.3609 | Train Acc: 0.7869 | Val Loss: 0.4729 | Val Acc: 0.6938 | head_lr: 1.88e-03 | bb_lr: 0.00e+00 | Time: 5m 7s
2026-07-13 06:53:12 | INFO |   >> New best model! Val Acc: 0.6938
2026-07-13 06:58:20 | INFO | Epoch  31/50 | Train Loss: 0.3587 | Train Acc: 0.7882 | Val Loss: 0.4719 | Val Acc: 0.6936 | head_lr: 1.73e-03 | bb_lr: 0.00e+00 | Time: 5m 5s
2026-07-13 06:58:20 | INFO |   >> No improvement for 1/10 epochs
2026-07-13 07:03:25 | INFO | Epoch  32/50 | Train Loss: 0.3567 | Train Acc: 0.7892 | Val Loss: 0.4715 | Val Acc: 0.6938 | head_lr: 1.58e-03 | bb_lr: 0.00e+00 | Time: 5m 4s
2026-07-13 07:03:25 | INFO |   >> No improvement for 2/10 epochs
2026-07-13 07:08:35 | INFO | Epoch  33/50 | Train Loss: 0.3549 | Train Acc: 0.7905 | Val Loss: 0.4705 | Val Acc: 0.6942 | head_lr: 1.43e-03 | bb_lr: 0.00e+00 | Time: 5m 9s
2026-07-13 07:08:35 | INFO |   >> New best model! Val Acc: 0.6942
2026-07-13 07:13:43 | INFO | Epoch  34/50 | Train Loss: 0.3533 | Train Acc: 0.7911 | Val Loss: 0.4698 | Val Acc: 0.6938 | head_lr: 1.29e-03 | bb_lr: 0.00e+00 | Time: 5m 6s
2026-07-13 07:13:43 | INFO |   >> No improvement for 1/10 epochs
2026-07-13 07:18:47 | INFO | Epoch  35/50 | Train Loss: 0.3518 | Train Acc: 0.7925 | Val Loss: 0.4692 | Val Acc: 0.6937 | head_lr: 1.15e-03 | bb_lr: 0.00e+00 | Time: 5m 3s
2026-07-13 07:18:47 | INFO |   >> No improvement for 2/10 epochs
2026-07-13 07:23:59 | INFO | Epoch  36/50 | Train Loss: 0.3505 | Train Acc: 0.7931 | Val Loss: 0.4686 | Val Acc: 0.6946 | head_lr: 1.02e-03 | bb_lr: 0.00e+00 | Time: 5m 11s
2026-07-13 07:23:59 | INFO |   >> New best model! Val Acc: 0.6946
2026-07-13 07:29:10 | INFO | Epoch  37/50 | Train Loss: 0.3493 | Train Acc: 0.7940 | Val Loss: 0.4683 | Val Acc: 0.6951 | head_lr: 8.93e-04 | bb_lr: 0.00e+00 | Time: 5m 9s
2026-07-13 07:29:10 | INFO |   >> New best model! Val Acc: 0.6951
2026-07-13 07:34:18 | INFO | Epoch  38/50 | Train Loss: 0.3483 | Train Acc: 0.7946 | Val Loss: 0.4679 | Val Acc: 0.6957 | head_lr: 7.75e-04 | bb_lr: 0.00e+00 | Time: 5m 6s
2026-07-13 07:34:18 | INFO |   >> New best model! Val Acc: 0.6957
2026-07-13 07:39:27 | INFO | Epoch  39/50 | Train Loss: 0.3473 | Train Acc: 0.7951 | Val Loss: 0.4676 | Val Acc: 0.6946 | head_lr: 6.64e-04 | bb_lr: 0.00e+00 | Time: 5m 8s
2026-07-13 07:39:27 | INFO |   >> No improvement for 1/10 epochs
2026-07-13 07:44:36 | INFO | Epoch  40/50 | Train Loss: 0.3465 | Train Acc: 0.7958 | Val Loss: 0.4672 | Val Acc: 0.6950 | head_lr: 5.61e-04 | bb_lr: 0.00e+00 | Time: 5m 7s
2026-07-13 07:44:36 | INFO |   >> No improvement for 2/10 epochs
2026-07-13 07:49:48 | INFO | Epoch  41/50 | Train Loss: 0.3458 | Train Acc: 0.7962 | Val Loss: 0.4669 | Val Acc: 0.6959 | head_lr: 4.67e-04 | bb_lr: 0.00e+00 | Time: 5m 11s
2026-07-13 07:49:48 | INFO |   >> New best model! Val Acc: 0.6959
2026-07-13 07:55:02 | INFO | Epoch  42/50 | Train Loss: 0.3453 | Train Acc: 0.7963 | Val Loss: 0.4668 | Val Acc: 0.6954 | head_lr: 3.82e-04 | bb_lr: 0.00e+00 | Time: 5m 12s
2026-07-13 07:55:02 | INFO |   >> No improvement for 1/10 epochs
2026-07-13 08:00:05 | INFO | Epoch  43/50 | Train Loss: 0.3448 | Train Acc: 0.7965 | Val Loss: 0.4667 | Val Acc: 0.6952 | head_lr: 3.05e-04 | bb_lr: 0.00e+00 | Time: 5m 2s
2026-07-13 08:00:06 | INFO |   >> No improvement for 2/10 epochs
2026-07-13 08:05:15 | INFO | Epoch  44/50 | Train Loss: 0.3444 | Train Acc: 0.7968 | Val Loss: 0.4666 | Val Acc: 0.6955 | head_lr: 2.38e-04 | bb_lr: 0.00e+00 | Time: 5m 9s
2026-07-13 08:05:15 | INFO |   >> No improvement for 3/10 epochs
2026-07-13 08:10:22 | INFO | Epoch  45/50 | Train Loss: 0.3440 | Train Acc: 0.7970 | Val Loss: 0.4665 | Val Acc: 0.6956 | head_lr: 1.81e-04 | bb_lr: 0.00e+00 | Time: 5m 6s
2026-07-13 08:10:22 | INFO |   >> No improvement for 4/10 epochs
2026-07-13 08:15:28 | INFO | Epoch  46/50 | Train Loss: 0.3437 | Train Acc: 0.7972 | Val Loss: 0.4664 | Val Acc: 0.6953 | head_lr: 1.34e-04 | bb_lr: 0.00e+00 | Time: 5m 5s
2026-07-13 08:15:28 | INFO |   >> No improvement for 5/10 epochs
2026-07-13 08:20:38 | INFO | Epoch  47/50 | Train Loss: 0.3435 | Train Acc: 0.7973 | Val Loss: 0.4664 | Val Acc: 0.6953 | head_lr: 9.76e-05 | bb_lr: 0.00e+00 | Time: 5m 8s
2026-07-13 08:20:38 | INFO |   >> No improvement for 6/10 epochs
2026-07-13 08:25:43 | INFO | Epoch  48/50 | Train Loss: 0.3434 | Train Acc: 0.7975 | Val Loss: 0.4663 | Val Acc: 0.6954 | head_lr: 7.12e-05 | bb_lr: 0.00e+00 | Time: 5m 5s
2026-07-13 08:25:43 | INFO |   >> No improvement for 7/10 epochs
2026-07-13 08:30:54 | INFO | Epoch  49/50 | Train Loss: 0.3433 | Train Acc: 0.7975 | Val Loss: 0.4663 | Val Acc: 0.6953 | head_lr: 5.53e-05 | bb_lr: 0.00e+00 | Time: 5m 9s
2026-07-13 08:30:54 | INFO |   >> No improvement for 8/10 epochs
2026-07-13 08:36:00 | INFO | Epoch  50/50 | Train Loss: 0.3432 | Train Acc: 0.7975 | Val Loss: 0.4663 | Val Acc: 0.6954 | head_lr: 5.00e-05 | bb_lr: 0.00e+00 | Time: 5m 5s
2026-07-13 08:36:00 | INFO |   >> No improvement for 9/10 epochs
2026-07-13 08:36:01 | INFO | ============================================================
2026-07-13 08:36:01 | INFO | Training complete! Total time: 4h 24m 2s
2026-07-13 08:36:01 | INFO | Best validation accuracy: 0.6959
2026-07-13 08:36:01 | INFO | Best model saved to: outputs/b2_gce07/seed42/checkpoints/best.pt
2026-07-13 08:36:01 | INFO | Training log saved to: outputs/b2_gce07/seed42/logs/train_log.csv
2026-07-13 08:36:05 | INFO | Reloaded best checkpoint for post-training evaluation: outputs/b2_gce07/seed42/checkpoints/best.pt (epoch=41, best_val_acc=0.69590927)
2026-07-13 08:36:05 | INFO | Running post-training per-class evaluation...
2026-07-13 08:36:43 | INFO | Eval results saved to: outputs/b2_gce07/seed42/checkpoints/eval_results.json
