2026-07-11 23:55:55 | INFO | Using device: cuda
2026-07-11 23:55:55 | INFO | Configuration: configs/f2_last1_block.yaml
2026-07-11 23:55:55 | INFO | Train seed: 42
2026-07-11 23:55:55 | INFO | Resolved runtime: experiment_id=F2_LAST1_BLOCK, mode=dev, head_type=linear, augmentation=a0, cached=False
2026-07-11 23:55:58 | INFO | Total parameters:     88,105,716
2026-07-11 23:55:58 | INFO | Trainable parameters: 7,739,124
2026-07-11 23:56:01 | INFO | Using config epochs: 50 (dev mode)
2026-07-11 23:56:01 | INFO | Optimizer parameter groups:
2026-07-11 23:56:01 | INFO |   head        :    256,500 params, lr=1.00e-04, wd=1.00e-04
2026-07-11 23:56:01 | INFO |   backbone    :  7,482,624 params, lr=1.00e-05, wd=1.00e-02
2026-07-11 23:56:01 | INFO |   TOTAL       :  7,739,124 optimizer params
2026-07-11 23:56:01 | INFO |   Trainable head params:       256,500
2026-07-11 23:56:01 | INFO |   Trainable visual params:   7,482,624
2026-07-11 23:56:01 | INFO | Initializing model weights from: outputs/f1/checkpoints/best.pt
2026-07-11 23:56:01 | INFO | Model weights loaded with exact key match.
2026-07-11 23:56:01 | INFO | Starting training: 50 epochs, 728 batches/epoch
2026-07-11 23:56:01 | INFO | Warmup steps: 1456, Total steps: 36400, Cosine steps: 34944
2026-07-11 23:56:01 | INFO | AMP: True
2026-07-11 23:56:01 | INFO | ============================================================
2026-07-11 23:58:21 | INFO | Epoch   1/50 | Train Loss: 0.9731 | Train Acc: 0.7694 | Val Loss: 0.8817 | Val Acc: 0.7963 | head_lr: 5.00e-05 | bb_lr: 5.00e-06 | Time: 2m 20s
2026-07-11 23:58:21 | INFO |   >> New best model! Val Acc: 0.7963
2026-07-12 00:00:54 | INFO | Epoch   2/50 | Train Loss: 0.9570 | Train Acc: 0.7722 | Val Loss: 0.8865 | Val Acc: 0.7934 | head_lr: 1.00e-04 | bb_lr: 1.00e-05 | Time: 2m 31s
2026-07-12 00:00:54 | INFO |   >> No improvement for 1/10 epochs
2026-07-12 00:03:23 | INFO | Epoch   3/50 | Train Loss: 0.9111 | Train Acc: 0.7797 | Val Loss: 0.8760 | Val Acc: 0.7951 | head_lr: 9.99e-05 | bb_lr: 9.99e-06 | Time: 2m 28s
2026-07-12 00:03:23 | INFO |   >> No improvement for 2/10 epochs
2026-07-12 00:05:53 | INFO | Epoch   4/50 | Train Loss: 0.8481 | Train Acc: 0.7923 | Val Loss: 0.8771 | Val Acc: 0.7949 | head_lr: 9.96e-05 | bb_lr: 9.96e-06 | Time: 2m 28s
2026-07-12 00:05:53 | INFO |   >> No improvement for 3/10 epochs
2026-07-12 00:08:29 | INFO | Epoch   5/50 | Train Loss: 0.7855 | Train Acc: 0.8048 | Val Loss: 0.8744 | Val Acc: 0.7919 | head_lr: 9.90e-05 | bb_lr: 9.90e-06 | Time: 2m 35s
2026-07-12 00:08:29 | INFO |   >> No improvement for 4/10 epochs
2026-07-12 00:11:06 | INFO | Epoch   6/50 | Train Loss: 0.7276 | Train Acc: 0.8160 | Val Loss: 0.8829 | Val Acc: 0.7921 | head_lr: 9.83e-05 | bb_lr: 9.83e-06 | Time: 2m 34s
2026-07-12 00:11:06 | INFO |   >> No improvement for 5/10 epochs
2026-07-12 00:13:39 | INFO | Epoch   7/50 | Train Loss: 0.6715 | Train Acc: 0.8309 | Val Loss: 0.8923 | Val Acc: 0.7884 | head_lr: 9.74e-05 | bb_lr: 9.74e-06 | Time: 2m 32s
2026-07-12 00:13:39 | INFO |   >> No improvement for 6/10 epochs
