2026-07-18 16:56:48 | INFO | Config: configs/s_d3_mixup.yaml
2026-07-18 16:56:48 | INFO | Checkpoint: outputs/s_d3_mixup/seed42/checkpoints/best.pt
2026-07-18 16:56:48 | INFO | Seed: 42
2026-07-18 16:56:48 | INFO | Device: cuda
2026-07-18 16:56:48 | INFO | Head type: linear
2026-07-18 16:56:53 | INFO | Loaded checkpoint from epoch 40
2026-07-18 16:56:53 | INFO | Checkpoint best val acc: 0.6947297035458244
2026-07-18 16:56:53 | INFO | Checkpoint SHA-256: 990dae449138d3c7b3cc175071778cb8231f49c823e3e2ab7cbd6d8e42f72b59
2026-07-18 16:56:53 | INFO | Val CSV SHA-256: 607e019165912bb0639efb456b7e8dea122b3e8579a2344dedb8109798921eae
2026-07-18 16:56:54 | INFO | Validation set: 10322 samples, 41 batches
2026-07-18 16:57:12 | INFO | ==================================================
2026-07-18 16:57:12 | INFO | Evaluation Results:
2026-07-18 16:57:12 | INFO |   Total samples:              10322
2026-07-18 16:57:12 | INFO |   Correct samples:            7171
2026-07-18 16:57:12 | INFO |   Top-1 Accuracy (micro):     0.6947 (69.47%)
2026-07-18 16:57:12 | INFO |   Macro Accuracy:             0.6947 (69.47%)
2026-07-18 16:57:12 | INFO |   Median Per-Class Accuracy:  0.7143 (71.43%)
2026-07-18 16:57:12 | INFO |   Bottom-10%% Accuracy:        0.2939 (29.39%)
2026-07-18 16:57:12 | INFO |   Micro-Macro Gap:            -0.0000 (-0.00%)
2026-07-18 16:57:12 | INFO |   Loss:                       0.5956
2026-07-18 16:57:12 | INFO | ==================================================
2026-07-18 16:57:12 | INFO | Eval results saved to: outputs/s_d3_mixup/seed42/checkpoints/reeval_best.json
