2026-07-14 00:28:15 | INFO | Using device: cuda
2026-07-14 00:28:15 | INFO | Configuration: configs/b2_gce07_seed2026.yaml
2026-07-14 00:28:15 | INFO | Train seed: 2026
2026-07-14 00:28:15 | INFO | Resolved runtime: experiment_id=B2_GCE07_SEED2026, mode=dev, head_type=linear, augmentation=a0, cached=False
2026-07-14 00:28:21 | INFO | Total parameters:     88,105,716
2026-07-14 00:28:21 | INFO | Trainable parameters: 256,500
2026-07-14 00:28:28 | INFO | Using config epochs: 50 (dev mode)
2026-07-14 00:28:28 | INFO | Loss: gce (reduction=mean)
2026-07-14 00:28:28 | INFO | Optimizer parameter groups:
2026-07-14 00:28:28 | INFO |   head        :    256,500 params, lr=5.00e-03, wd=1.00e-04
2026-07-14 00:28:28 | INFO |   TOTAL       :    256,500 optimizer params
2026-07-14 00:28:28 | INFO |   Trainable head params:       256,500
2026-07-14 00:28:28 | INFO |   Trainable visual params:           0
2026-07-14 00:28:28 | INFO | Starting training: 50 epochs, 714 batches/epoch
2026-07-14 00:28:28 | INFO | Warmup steps: 1428, Total steps: 35700, Cosine steps: 34272
2026-07-14 00:28:28 | INFO | AMP: True
2026-07-14 00:28:28 | INFO | ============================================================
2026-07-14 00:34:54 | INFO | Epoch   1/50 | Train Loss: 1.3939 | Train Acc: 0.1254 | Val Loss: 1.3268 | Val Acc: 0.1729 | head_lr: 2.50e-03 | bb_lr: 0.00e+00 | Time: 6m 25s
2026-07-14 00:34:54 | INFO |   >> New best model! Val Acc: 0.1729
2026-07-14 00:40:51 | INFO | Epoch   2/50 | Train Loss: 1.1106 | Train Acc: 0.3444 | Val Loss: 0.9267 | Val Acc: 0.4777 | head_lr: 5.00e-03 | bb_lr: 0.00e+00 | Time: 5m 50s
2026-07-14 00:40:51 | INFO |   >> New best model! Val Acc: 0.4777
2026-07-14 00:47:46 | INFO | Epoch   3/50 | Train Loss: 0.8081 | Train Acc: 0.5530 | Val Loss: 0.7576 | Val Acc: 0.5745 | head_lr: 4.99e-03 | bb_lr: 0.00e+00 | Time: 6m 52s
2026-07-14 00:47:46 | INFO |   >> New best model! Val Acc: 0.5745
2026-07-14 00:55:16 | INFO | Epoch   4/50 | Train Loss: 0.6841 | Train Acc: 0.6185 | Val Loss: 0.6823 | Val Acc: 0.6078 | head_lr: 4.98e-03 | bb_lr: 0.00e+00 | Time: 7m 26s
2026-07-14 00:55:16 | INFO |   >> New best model! Val Acc: 0.6078
2026-07-14 01:03:14 | INFO | Epoch   5/50 | Train Loss: 0.6193 | Train Acc: 0.6493 | Val Loss: 0.6405 | Val Acc: 0.6220 | head_lr: 4.95e-03 | bb_lr: 0.00e+00 | Time: 7m 55s
2026-07-14 01:03:14 | INFO |   >> New best model! Val Acc: 0.6220
2026-07-14 01:12:11 | INFO | Epoch   6/50 | Train Loss: 0.5782 | Train Acc: 0.6673 | Val Loss: 0.6107 | Val Acc: 0.6366 | head_lr: 4.92e-03 | bb_lr: 0.00e+00 | Time: 8m 53s
2026-07-14 01:12:11 | INFO |   >> New best model! Val Acc: 0.6366
2026-07-14 01:19:59 | INFO | Epoch   7/50 | Train Loss: 0.5479 | Train Acc: 0.6822 | Val Loss: 0.5890 | Val Acc: 0.6485 | head_lr: 4.87e-03 | bb_lr: 0.00e+00 | Time: 7m 42s
2026-07-14 01:19:59 | INFO |   >> New best model! Val Acc: 0.6485
2026-07-14 01:27:53 | INFO | Epoch   8/50 | Train Loss: 0.5236 | Train Acc: 0.6948 | Val Loss: 0.5704 | Val Acc: 0.6555 | head_lr: 4.81e-03 | bb_lr: 0.00e+00 | Time: 7m 51s
2026-07-14 01:27:53 | INFO |   >> New best model! Val Acc: 0.6555
2026-07-14 01:35:10 | INFO | Epoch   9/50 | Train Loss: 0.5039 | Train Acc: 0.7049 | Val Loss: 0.5573 | Val Acc: 0.6585 | head_lr: 4.74e-03 | bb_lr: 0.00e+00 | Time: 7m 14s
2026-07-14 01:35:10 | INFO |   >> New best model! Val Acc: 0.6585
2026-07-14 01:42:12 | INFO | Epoch  10/50 | Train Loss: 0.4874 | Train Acc: 0.7137 | Val Loss: 0.5455 | Val Acc: 0.6663 | head_lr: 4.67e-03 | bb_lr: 0.00e+00 | Time: 6m 57s
2026-07-14 01:42:12 | INFO |   >> New best model! Val Acc: 0.6663
2026-07-14 01:49:15 | INFO | Epoch  11/50 | Train Loss: 0.4731 | Train Acc: 0.7215 | Val Loss: 0.5362 | Val Acc: 0.6687 | head_lr: 4.58e-03 | bb_lr: 0.00e+00 | Time: 6m 56s
2026-07-14 01:49:15 | INFO |   >> New best model! Val Acc: 0.6687
2026-07-14 01:55:51 | INFO | Epoch  12/50 | Train Loss: 0.4607 | Train Acc: 0.7286 | Val Loss: 0.5280 | Val Acc: 0.6737 | head_lr: 4.49e-03 | bb_lr: 0.00e+00 | Time: 6m 33s
2026-07-14 01:55:51 | INFO |   >> New best model! Val Acc: 0.6737
2026-07-14 02:02:03 | INFO | Epoch  13/50 | Train Loss: 0.4496 | Train Acc: 0.7342 | Val Loss: 0.5222 | Val Acc: 0.6717 | head_lr: 4.39e-03 | bb_lr: 0.00e+00 | Time: 6m 9s
2026-07-14 02:02:03 | INFO |   >> No improvement for 1/10 epochs
2026-07-14 02:08:03 | INFO | Epoch  14/50 | Train Loss: 0.4399 | Train Acc: 0.7395 | Val Loss: 0.5154 | Val Acc: 0.6753 | head_lr: 4.28e-03 | bb_lr: 0.00e+00 | Time: 5m 58s
2026-07-14 02:08:03 | INFO |   >> New best model! Val Acc: 0.6753
2026-07-14 02:14:21 | INFO | Epoch  15/50 | Train Loss: 0.4310 | Train Acc: 0.7451 | Val Loss: 0.5106 | Val Acc: 0.6777 | head_lr: 4.16e-03 | bb_lr: 0.00e+00 | Time: 6m 15s
2026-07-14 02:14:21 | INFO |   >> New best model! Val Acc: 0.6777
2026-07-14 02:20:39 | INFO | Epoch  16/50 | Train Loss: 0.4232 | Train Acc: 0.7499 | Val Loss: 0.5048 | Val Acc: 0.6793 | head_lr: 4.03e-03 | bb_lr: 0.00e+00 | Time: 6m 13s
2026-07-14 02:20:39 | INFO |   >> New best model! Val Acc: 0.6793
2026-07-14 02:27:11 | INFO | Epoch  17/50 | Train Loss: 0.4157 | Train Acc: 0.7534 | Val Loss: 0.5012 | Val Acc: 0.6810 | head_lr: 3.90e-03 | bb_lr: 0.00e+00 | Time: 6m 30s
2026-07-14 02:27:11 | INFO |   >> New best model! Val Acc: 0.6810
2026-07-14 02:33:21 | INFO | Epoch  18/50 | Train Loss: 0.4091 | Train Acc: 0.7573 | Val Loss: 0.4974 | Val Acc: 0.6833 | head_lr: 3.76e-03 | bb_lr: 0.00e+00 | Time: 6m 7s
2026-07-14 02:33:21 | INFO |   >> New best model! Val Acc: 0.6833
2026-07-14 02:39:52 | INFO | Epoch  19/50 | Train Loss: 0.4030 | Train Acc: 0.7614 | Val Loss: 0.4939 | Val Acc: 0.6845 | head_lr: 3.62e-03 | bb_lr: 0.00e+00 | Time: 6m 29s
2026-07-14 02:39:52 | INFO |   >> New best model! Val Acc: 0.6845
2026-07-14 02:46:39 | INFO | Epoch  20/50 | Train Loss: 0.3974 | Train Acc: 0.7646 | Val Loss: 0.4911 | Val Acc: 0.6862 | head_lr: 3.47e-03 | bb_lr: 0.00e+00 | Time: 6m 43s
2026-07-14 02:46:39 | INFO |   >> New best model! Val Acc: 0.6862
2026-07-14 02:52:56 | INFO | Epoch  21/50 | Train Loss: 0.3921 | Train Acc: 0.7673 | Val Loss: 0.4883 | Val Acc: 0.6877 | head_lr: 3.32e-03 | bb_lr: 0.00e+00 | Time: 6m 13s
2026-07-14 02:52:56 | INFO |   >> New best model! Val Acc: 0.6877
2026-07-14 02:59:46 | INFO | Epoch  22/50 | Train Loss: 0.3876 | Train Acc: 0.7704 | Val Loss: 0.4856 | Val Acc: 0.6878 | head_lr: 3.17e-03 | bb_lr: 0.00e+00 | Time: 6m 47s
2026-07-14 02:59:46 | INFO |   >> New best model! Val Acc: 0.6878
2026-07-14 03:06:51 | INFO | Epoch  23/50 | Train Loss: 0.3830 | Train Acc: 0.7730 | Val Loss: 0.4831 | Val Acc: 0.6883 | head_lr: 3.01e-03 | bb_lr: 0.00e+00 | Time: 7m 3s
2026-07-14 03:06:51 | INFO |   >> New best model! Val Acc: 0.6883
2026-07-14 03:13:39 | INFO | Epoch  24/50 | Train Loss: 0.3790 | Train Acc: 0.7752 | Val Loss: 0.4812 | Val Acc: 0.6897 | head_lr: 2.85e-03 | bb_lr: 0.00e+00 | Time: 6m 43s
2026-07-14 03:13:39 | INFO |   >> New best model! Val Acc: 0.6897
2026-07-14 03:20:35 | INFO | Epoch  25/50 | Train Loss: 0.3752 | Train Acc: 0.7776 | Val Loss: 0.4796 | Val Acc: 0.6888 | head_lr: 2.69e-03 | bb_lr: 0.00e+00 | Time: 6m 53s
2026-07-14 03:20:35 | INFO |   >> No improvement for 1/10 epochs
2026-07-14 03:27:01 | INFO | Epoch  26/50 | Train Loss: 0.3718 | Train Acc: 0.7798 | Val Loss: 0.4774 | Val Acc: 0.6918 | head_lr: 2.52e-03 | bb_lr: 0.00e+00 | Time: 6m 25s
2026-07-14 03:27:02 | INFO |   >> New best model! Val Acc: 0.6918
2026-07-14 03:33:32 | INFO | Epoch  27/50 | Train Loss: 0.3687 | Train Acc: 0.7822 | Val Loss: 0.4760 | Val Acc: 0.6924 | head_lr: 2.36e-03 | bb_lr: 0.00e+00 | Time: 6m 28s
2026-07-14 03:33:32 | INFO |   >> New best model! Val Acc: 0.6924
2026-07-14 03:40:37 | INFO | Epoch  28/50 | Train Loss: 0.3658 | Train Acc: 0.7836 | Val Loss: 0.4746 | Val Acc: 0.6920 | head_lr: 2.20e-03 | bb_lr: 0.00e+00 | Time: 7m 1s
2026-07-14 03:40:37 | INFO |   >> No improvement for 1/10 epochs
2026-07-14 03:47:27 | INFO | Epoch  29/50 | Train Loss: 0.3632 | Train Acc: 0.7852 | Val Loss: 0.4739 | Val Acc: 0.6927 | head_lr: 2.04e-03 | bb_lr: 0.00e+00 | Time: 6m 47s
2026-07-14 03:47:27 | INFO |   >> New best model! Val Acc: 0.6927
2026-07-14 03:53:56 | INFO | Epoch  30/50 | Train Loss: 0.3607 | Train Acc: 0.7870 | Val Loss: 0.4727 | Val Acc: 0.6931 | head_lr: 1.88e-03 | bb_lr: 0.00e+00 | Time: 6m 26s
2026-07-14 03:53:56 | INFO |   >> New best model! Val Acc: 0.6931
2026-07-14 04:00:44 | INFO | Epoch  31/50 | Train Loss: 0.3586 | Train Acc: 0.7887 | Val Loss: 0.4715 | Val Acc: 0.6943 | head_lr: 1.73e-03 | bb_lr: 0.00e+00 | Time: 6m 46s
2026-07-14 04:00:44 | INFO |   >> New best model! Val Acc: 0.6943
2026-07-14 04:06:59 | INFO | Epoch  32/50 | Train Loss: 0.3566 | Train Acc: 0.7897 | Val Loss: 0.4703 | Val Acc: 0.6943 | head_lr: 1.58e-03 | bb_lr: 0.00e+00 | Time: 6m 12s
2026-07-14 04:06:59 | INFO |   >> No improvement for 1/10 epochs
2026-07-14 04:13:54 | INFO | Epoch  33/50 | Train Loss: 0.3548 | Train Acc: 0.7905 | Val Loss: 0.4702 | Val Acc: 0.6950 | head_lr: 1.43e-03 | bb_lr: 0.00e+00 | Time: 6m 54s
2026-07-14 04:13:54 | INFO |   >> New best model! Val Acc: 0.6950
2026-07-14 04:20:18 | INFO | Epoch  34/50 | Train Loss: 0.3532 | Train Acc: 0.7916 | Val Loss: 0.4691 | Val Acc: 0.6940 | head_lr: 1.29e-03 | bb_lr: 0.00e+00 | Time: 6m 20s
2026-07-14 04:20:18 | INFO |   >> No improvement for 1/10 epochs
2026-07-14 04:25:48 | INFO | Epoch  35/50 | Train Loss: 0.3517 | Train Acc: 0.7925 | Val Loss: 0.4687 | Val Acc: 0.6954 | head_lr: 1.15e-03 | bb_lr: 0.00e+00 | Time: 5m 28s
2026-07-14 04:25:48 | INFO |   >> New best model! Val Acc: 0.6954
2026-07-14 04:32:32 | INFO | Epoch  36/50 | Train Loss: 0.3504 | Train Acc: 0.7936 | Val Loss: 0.4682 | Val Acc: 0.6946 | head_lr: 1.02e-03 | bb_lr: 0.00e+00 | Time: 6m 38s
2026-07-14 04:32:32 | INFO |   >> No improvement for 1/10 epochs
2026-07-14 04:39:30 | INFO | Epoch  37/50 | Train Loss: 0.3492 | Train Acc: 0.7940 | Val Loss: 0.4677 | Val Acc: 0.6946 | head_lr: 8.93e-04 | bb_lr: 0.00e+00 | Time: 6m 56s
2026-07-14 04:39:30 | INFO |   >> No improvement for 2/10 epochs
2026-07-14 04:46:16 | INFO | Epoch  38/50 | Train Loss: 0.3482 | Train Acc: 0.7947 | Val Loss: 0.4673 | Val Acc: 0.6950 | head_lr: 7.75e-04 | bb_lr: 0.00e+00 | Time: 6m 43s
2026-07-14 04:46:16 | INFO |   >> No improvement for 3/10 epochs
2026-07-14 04:53:07 | INFO | Epoch  39/50 | Train Loss: 0.3472 | Train Acc: 0.7951 | Val Loss: 0.4671 | Val Acc: 0.6946 | head_lr: 6.64e-04 | bb_lr: 0.00e+00 | Time: 6m 49s
2026-07-14 04:53:07 | INFO |   >> No improvement for 4/10 epochs
2026-07-14 05:01:20 | INFO | Epoch  40/50 | Train Loss: 0.3465 | Train Acc: 0.7958 | Val Loss: 0.4668 | Val Acc: 0.6947 | head_lr: 5.61e-04 | bb_lr: 0.00e+00 | Time: 8m 11s
2026-07-14 05:01:20 | INFO |   >> No improvement for 5/10 epochs
2026-07-14 05:07:17 | INFO | Epoch  41/50 | Train Loss: 0.3458 | Train Acc: 0.7961 | Val Loss: 0.4666 | Val Acc: 0.6952 | head_lr: 4.67e-04 | bb_lr: 0.00e+00 | Time: 5m 54s
2026-07-14 05:07:17 | INFO |   >> No improvement for 6/10 epochs
2026-07-14 05:13:56 | INFO | Epoch  42/50 | Train Loss: 0.3452 | Train Acc: 0.7966 | Val Loss: 0.4664 | Val Acc: 0.6950 | head_lr: 3.82e-04 | bb_lr: 0.00e+00 | Time: 6m 36s
2026-07-14 05:13:56 | INFO |   >> No improvement for 7/10 epochs
2026-07-14 05:20:28 | INFO | Epoch  43/50 | Train Loss: 0.3447 | Train Acc: 0.7968 | Val Loss: 0.4662 | Val Acc: 0.6951 | head_lr: 3.05e-04 | bb_lr: 0.00e+00 | Time: 6m 31s
2026-07-14 05:20:28 | INFO |   >> No improvement for 8/10 epochs
2026-07-14 05:27:21 | INFO | Epoch  44/50 | Train Loss: 0.3443 | Train Acc: 0.7970 | Val Loss: 0.4661 | Val Acc: 0.6954 | head_lr: 2.38e-04 | bb_lr: 0.00e+00 | Time: 6m 51s
2026-07-14 05:27:21 | INFO |   >> No improvement for 9/10 epochs
2026-07-14 05:34:04 | INFO | Epoch  45/50 | Train Loss: 0.3439 | Train Acc: 0.7973 | Val Loss: 0.4660 | Val Acc: 0.6953 | head_lr: 1.81e-04 | bb_lr: 0.00e+00 | Time: 6m 40s
2026-07-14 05:34:04 | INFO |   >> No improvement for 10/10 epochs
2026-07-14 05:34:07 | INFO | Early stopping triggered at epoch 45 (no improvement for 10 epochs). Best val acc: 0.6954 at epoch 35.
2026-07-14 05:34:07 | INFO | ============================================================
2026-07-14 05:34:07 | INFO | Training complete! Total time: 5h 5m 38s
2026-07-14 05:34:07 | INFO | Best validation accuracy: 0.6954
2026-07-14 05:34:07 | INFO | Best model saved to: outputs/b2_gce07/seed2026/checkpoints/best.pt
2026-07-14 05:34:07 | INFO | Training log saved to: outputs/b2_gce07/seed2026/logs/train_log.csv
2026-07-14 05:34:08 | INFO | Reloaded best checkpoint for post-training evaluation: outputs/b2_gce07/seed2026/checkpoints/best.pt (epoch=35, best_val_acc=0.69542458)
2026-07-14 05:34:08 | INFO | Running post-training per-class evaluation...
2026-07-14 05:35:02 | INFO | Eval results saved to: outputs/b2_gce07/seed2026/checkpoints/eval_results.json
