{
  "config": "configs/nr_cl_knn_drop.yaml",
  "batches": 15,
  "losses": [
    6.30023193359375,
    6.313193321228027,
    6.29644775390625,
    6.3350372314453125,
    6.2571258544921875,
    6.5234270095825195,
    6.30419921875,
    6.496353626251221,
    6.0680389404296875,
    5.9588470458984375,
    5.88470458984375,
    6.298294544219971,
    5.715225696563721,
    6.124197006225586,
    5.959442138671875
  ],
  "relabel_applied": 0,
  "rejected_samples": 0,
  "pseudo_samples": 0,
  "nan_loss": 0,
  "nan_grad": 0,
  "manifest_loaded": true,
  "total_rows": 91195,
  "clean_count": 90204,
  "rejected_count": 991,
  "pseudo_count": 0,
  "coverage": 1.0,
  "effective_samples": 90204,
  "max_class_drop_rate": 0.08791208791208792
}