{
  "config": "configs/nr_ctrl_oof_zero_0001_fixed.yaml",
  "batches": 15,
  "losses": [
    6.37646484375,
    6.36273193359375,
    6.24053955078125,
    6.440683364868164,
    6.294164180755615,
    6.475000858306885,
    6.2518157958984375,
    6.480621337890625,
    6.1368408203125,
    5.925048828125,
    5.837813854217529,
    5.9211883544921875,
    5.75201416015625,
    6.194668769836426,
    5.946732044219971
  ],
  "relabel_applied": 0,
  "rejected_samples": 0,
  "pseudo_samples": 0,
  "nan_loss": 0,
  "nan_grad": 0,
  "manifest_loaded": true,
  "total_rows": 91195,
  "clean_count": 84841,
  "rejected_count": 6354,
  "pseudo_count": 0,
  "coverage": 1.0,
  "effective_samples": 84841,
  "max_class_drop_rate": 0.4166666666666667
}