{
  "config": "configs/nr_consensus_relabel_v2_top100.yaml",
  "batches": 15,
  "losses": [
    6.35614013671875,
    6.307342529296875,
    6.241455078125,
    6.342498779296875,
    6.3256988525390625,
    6.425201416015625,
    6.3044281005859375,
    6.4921722412109375,
    6.319939613342285,
    5.915081024169922,
    5.846466064453125,
    5.8557586669921875,
    5.7440948486328125,
    5.7707977294921875,
    6.353307723999023
  ],
  "relabel_applied": 1,
  "rejected_samples": 0,
  "pseudo_samples": 0,
  "nan_loss": 0,
  "nan_grad": 0,
  "manifest_loaded": true,
  "total_rows": 91195,
  "clean_count": 91095,
  "rejected_count": 0,
  "pseudo_count": 100,
  "coverage": 1.0,
  "effective_samples": 91195,
  "max_class_drop_rate": 0.0,
  "max_source_class_relabel_rate": 0.027777777777777776
}