2026-07-16 03:54:09 | INFO | Using device: cuda
2026-07-16 03:54:09 | INFO | Configuration: configs/w1_ce5_gce05_seed3407.yaml
2026-07-16 03:54:09 | INFO | Train seed: 3407
2026-07-16 03:54:09 | INFO | Resolved runtime: experiment_id=W1_CE5_GCE05_SEED3407, mode=dev, head_type=linear, augmentation=a0, cached=False
2026-07-16 03:54:14 | INFO | Total parameters:     88,105,716
2026-07-16 03:54:14 | INFO | Trainable parameters: 256,500
2026-07-16 03:54:22 | INFO | Using config epochs: 50 (dev mode)
2026-07-16 03:54:22 | INFO | Loss: cross_entropy (reduction=mean)
2026-07-16 03:54:22 | INFO | Optimizer parameter groups:
2026-07-16 03:54:22 | INFO |   head        :    256,500 params, lr=5.00e-03, wd=1.00e-04
2026-07-16 03:54:22 | INFO |   TOTAL       :    256,500 optimizer params
2026-07-16 03:54:22 | INFO |   Trainable head params:       256,500
2026-07-16 03:54:22 | INFO |   Trainable visual params:           0
2026-07-16 03:54:22 | INFO | Starting training: 50 epochs, 714 batches/epoch
2026-07-16 03:54:22 | INFO | Warmup steps: 1428, Total steps: 35700, Cosine steps: 34272
2026-07-16 03:54:22 | INFO | AMP: True
2026-07-16 03:54:22 | INFO | ============================================================
2026-07-16 04:00:12 | INFO | Epoch   1/50 | Train Loss: 5.7226 | Train Acc: 0.2021 | Val Loss: 4.8469 | Val Acc: 0.3640 | head_lr: 2.50e-03 | bb_lr: 0.00e+00 | Time: 5m 50s
2026-07-16 04:00:12 | INFO |   >> New best RAW! Val Acc: 0.3640
2026-07-16 04:07:13 | INFO | Epoch   2/50 | Train Loss: 3.7888 | Train Acc: 0.4637 | Val Loss: 2.9432 | Val Acc: 0.5387 | head_lr: 5.00e-03 | bb_lr: 0.00e+00 | Time: 6m 58s
2026-07-16 04:07:13 | INFO |   >> New best RAW! Val Acc: 0.5387
2026-07-16 04:16:51 | INFO | Epoch   3/50 | Train Loss: 2.4455 | Train Acc: 0.5836 | Val Loss: 2.2133 | Val Acc: 0.6006 | head_lr: 4.99e-03 | bb_lr: 0.00e+00 | Time: 9m 28s
2026-07-16 04:16:51 | INFO |   >> New best RAW! Val Acc: 0.6006
2026-07-16 04:24:13 | INFO | Epoch   4/50 | Train Loss: 1.9535 | Train Acc: 0.6357 | Val Loss: 1.9309 | Val Acc: 0.6250 | head_lr: 4.98e-03 | bb_lr: 0.00e+00 | Time: 7m 16s
2026-07-16 04:24:13 | INFO |   >> New best RAW! Val Acc: 0.6250
2026-07-16 04:31:49 | INFO | Epoch   5/50 | Train Loss: 1.7181 | Train Acc: 0.6646 | Val Loss: 1.7779 | Val Acc: 0.6427 | head_lr: 4.95e-03 | bb_lr: 0.00e+00 | Time: 7m 30s
2026-07-16 04:31:49 | INFO |   >> New best RAW! Val Acc: 0.6427
2026-07-16 04:38:47 | INFO | Epoch   6/50 | Train Loss: 0.8408 | Train Acc: 0.6760 | Val Loss: 0.8674 | Val Acc: 0.6400 | head_lr: 4.92e-03 | bb_lr: 0.00e+00 | Time: 6m 52s
2026-07-16 04:38:47 | INFO |   >> No improvement for 1/10 epochs
2026-07-16 04:45:22 | INFO | Epoch   7/50 | Train Loss: 0.7911 | Train Acc: 0.6791 | Val Loss: 0.8252 | Val Acc: 0.6425 | head_lr: 4.87e-03 | bb_lr: 0.00e+00 | Time: 6m 33s
2026-07-16 04:45:22 | INFO |   >> No improvement for 2/10 epochs
2026-07-16 04:51:37 | INFO | Epoch   8/50 | Train Loss: 0.7470 | Train Acc: 0.6872 | Val Loss: 0.7885 | Val Acc: 0.6505 | head_lr: 4.81e-03 | bb_lr: 0.00e+00 | Time: 6m 13s
2026-07-16 04:51:37 | INFO |   >> New best RAW! Val Acc: 0.6505
2026-07-16 04:57:54 | INFO | Epoch   9/50 | Train Loss: 0.7080 | Train Acc: 0.6966 | Val Loss: 0.7563 | Val Acc: 0.6578 | head_lr: 4.74e-03 | bb_lr: 0.00e+00 | Time: 6m 12s
2026-07-16 04:57:54 | INFO |   >> New best RAW! Val Acc: 0.6578
2026-07-16 05:03:26 | INFO | Epoch  10/50 | Train Loss: 0.6742 | Train Acc: 0.7059 | Val Loss: 0.7288 | Val Acc: 0.6661 | head_lr: 4.67e-03 | bb_lr: 0.00e+00 | Time: 5m 27s
2026-07-16 05:03:26 | INFO |   >> New best RAW! Val Acc: 0.6661
2026-07-16 05:08:49 | INFO | Epoch  11/50 | Train Loss: 0.6446 | Train Acc: 0.7151 | Val Loss: 0.7071 | Val Acc: 0.6701 | head_lr: 4.58e-03 | bb_lr: 0.00e+00 | Time: 5m 19s
2026-07-16 05:08:49 | INFO |   >> New best RAW! Val Acc: 0.6701
2026-07-16 05:14:25 | INFO | Epoch  12/50 | Train Loss: 0.6197 | Train Acc: 0.7244 | Val Loss: 0.6897 | Val Acc: 0.6736 | head_lr: 4.49e-03 | bb_lr: 0.00e+00 | Time: 5m 30s
2026-07-16 05:14:25 | INFO |   >> New best RAW! Val Acc: 0.6736
2026-07-16 05:19:50 | INFO | Epoch  13/50 | Train Loss: 0.5981 | Train Acc: 0.7320 | Val Loss: 0.6746 | Val Acc: 0.6780 | head_lr: 4.39e-03 | bb_lr: 0.00e+00 | Time: 5m 20s
2026-07-16 05:19:50 | INFO |   >> New best RAW! Val Acc: 0.6780
2026-07-16 05:25:23 | INFO | Epoch  14/50 | Train Loss: 0.5799 | Train Acc: 0.7389 | Val Loss: 0.6620 | Val Acc: 0.6816 | head_lr: 4.28e-03 | bb_lr: 0.00e+00 | Time: 5m 28s
2026-07-16 05:25:23 | INFO |   >> New best RAW! Val Acc: 0.6816
2026-07-16 05:30:42 | INFO | Epoch  15/50 | Train Loss: 0.5638 | Train Acc: 0.7463 | Val Loss: 0.6512 | Val Acc: 0.6840 | head_lr: 4.16e-03 | bb_lr: 0.00e+00 | Time: 5m 14s
2026-07-16 05:30:42 | INFO |   >> New best RAW! Val Acc: 0.6840
2026-07-16 05:36:07 | INFO | Epoch  16/50 | Train Loss: 0.5498 | Train Acc: 0.7511 | Val Loss: 0.6419 | Val Acc: 0.6884 | head_lr: 4.03e-03 | bb_lr: 0.00e+00 | Time: 5m 19s
2026-07-16 05:36:07 | INFO |   >> New best RAW! Val Acc: 0.6884
2026-07-16 05:41:33 | INFO | Epoch  17/50 | Train Loss: 0.5371 | Train Acc: 0.7573 | Val Loss: 0.6361 | Val Acc: 0.6879 | head_lr: 3.90e-03 | bb_lr: 0.00e+00 | Time: 5m 20s
2026-07-16 05:41:33 | INFO |   >> No improvement for 1/10 epochs
2026-07-16 05:47:00 | INFO | Epoch  18/50 | Train Loss: 0.5262 | Train Acc: 0.7625 | Val Loss: 0.6291 | Val Acc: 0.6887 | head_lr: 3.76e-03 | bb_lr: 0.00e+00 | Time: 5m 25s
2026-07-16 05:47:00 | INFO |   >> New best RAW! Val Acc: 0.6887
2026-07-16 05:52:22 | INFO | Epoch  19/50 | Train Loss: 0.5164 | Train Acc: 0.7662 | Val Loss: 0.6232 | Val Acc: 0.6916 | head_lr: 3.62e-03 | bb_lr: 0.00e+00 | Time: 5m 18s
2026-07-16 05:52:22 | INFO |   >> New best RAW! Val Acc: 0.6916
2026-07-16 05:57:44 | INFO | Epoch  20/50 | Train Loss: 0.5074 | Train Acc: 0.7712 | Val Loss: 0.6180 | Val Acc: 0.6930 | head_lr: 3.47e-03 | bb_lr: 0.00e+00 | Time: 5m 18s
2026-07-16 05:57:44 | INFO |   >> New best RAW! Val Acc: 0.6930
2026-07-16 06:03:11 | INFO | Epoch  21/50 | Train Loss: 0.4993 | Train Acc: 0.7745 | Val Loss: 0.6140 | Val Acc: 0.6931 | head_lr: 3.32e-03 | bb_lr: 0.00e+00 | Time: 5m 22s
2026-07-16 06:03:11 | INFO |   >> New best RAW! Val Acc: 0.6931
2026-07-16 06:08:32 | INFO | Epoch  22/50 | Train Loss: 0.4920 | Train Acc: 0.7782 | Val Loss: 0.6097 | Val Acc: 0.6958 | head_lr: 3.17e-03 | bb_lr: 0.00e+00 | Time: 5m 16s
2026-07-16 06:08:32 | INFO |   >> New best RAW! Val Acc: 0.6958
2026-07-16 06:14:03 | INFO | Epoch  23/50 | Train Loss: 0.4851 | Train Acc: 0.7818 | Val Loss: 0.6072 | Val Acc: 0.6945 | head_lr: 3.01e-03 | bb_lr: 0.00e+00 | Time: 5m 26s
2026-07-16 06:14:03 | INFO |   >> No improvement for 1/10 epochs
2026-07-16 06:19:24 | INFO | Epoch  24/50 | Train Loss: 0.4791 | Train Acc: 0.7845 | Val Loss: 0.6033 | Val Acc: 0.6974 | head_lr: 2.85e-03 | bb_lr: 0.00e+00 | Time: 5m 20s
2026-07-16 06:19:24 | INFO |   >> New best RAW! Val Acc: 0.6974
2026-07-16 06:24:44 | INFO | Epoch  25/50 | Train Loss: 0.4736 | Train Acc: 0.7868 | Val Loss: 0.6003 | Val Acc: 0.7005 | head_lr: 2.69e-03 | bb_lr: 0.00e+00 | Time: 5m 15s
2026-07-16 06:24:44 | INFO |   >> New best RAW! Val Acc: 0.7005
2026-07-16 06:30:09 | INFO | Epoch  26/50 | Train Loss: 0.4684 | Train Acc: 0.7900 | Val Loss: 0.5985 | Val Acc: 0.6975 | head_lr: 2.52e-03 | bb_lr: 0.00e+00 | Time: 5m 21s
2026-07-16 06:30:09 | INFO |   >> No improvement for 1/10 epochs
2026-07-16 06:35:25 | INFO | Epoch  27/50 | Train Loss: 0.4638 | Train Acc: 0.7920 | Val Loss: 0.5962 | Val Acc: 0.6987 | head_lr: 2.36e-03 | bb_lr: 0.00e+00 | Time: 5m 14s
2026-07-16 06:35:25 | INFO |   >> No improvement for 2/10 epochs
2026-07-16 06:40:41 | INFO | Epoch  28/50 | Train Loss: 0.4595 | Train Acc: 0.7950 | Val Loss: 0.5936 | Val Acc: 0.6989 | head_lr: 2.20e-03 | bb_lr: 0.00e+00 | Time: 5m 13s
2026-07-16 06:40:41 | INFO |   >> No improvement for 3/10 epochs
2026-07-16 06:45:57 | INFO | Epoch  29/50 | Train Loss: 0.4556 | Train Acc: 0.7966 | Val Loss: 0.5923 | Val Acc: 0.6992 | head_lr: 2.04e-03 | bb_lr: 0.00e+00 | Time: 5m 14s
2026-07-16 06:45:57 | INFO |   >> No improvement for 4/10 epochs
2026-07-16 06:51:12 | INFO | Epoch  30/50 | Train Loss: 0.4522 | Train Acc: 0.7981 | Val Loss: 0.5906 | Val Acc: 0.7007 | head_lr: 1.88e-03 | bb_lr: 0.00e+00 | Time: 5m 13s
2026-07-16 06:51:12 | INFO |   >> New best RAW! Val Acc: 0.7007
2026-07-16 06:56:34 | INFO | Epoch  31/50 | Train Loss: 0.4488 | Train Acc: 0.8003 | Val Loss: 0.5891 | Val Acc: 0.7003 | head_lr: 1.73e-03 | bb_lr: 0.00e+00 | Time: 5m 17s
2026-07-16 06:56:34 | INFO |   >> No improvement for 1/10 epochs
2026-07-16 07:01:51 | INFO | Epoch  32/50 | Train Loss: 0.4460 | Train Acc: 0.8019 | Val Loss: 0.5878 | Val Acc: 0.6981 | head_lr: 1.58e-03 | bb_lr: 0.00e+00 | Time: 5m 16s
2026-07-16 07:01:51 | INFO |   >> No improvement for 2/10 epochs
2026-07-16 07:07:13 | INFO | Epoch  33/50 | Train Loss: 0.4433 | Train Acc: 0.8033 | Val Loss: 0.5868 | Val Acc: 0.7007 | head_lr: 1.43e-03 | bb_lr: 0.00e+00 | Time: 5m 20s
2026-07-16 07:07:13 | INFO |   >> No improvement for 3/10 epochs
2026-07-16 07:12:30 | INFO | Epoch  34/50 | Train Loss: 0.4409 | Train Acc: 0.8042 | Val Loss: 0.5855 | Val Acc: 0.7011 | head_lr: 1.29e-03 | bb_lr: 0.00e+00 | Time: 5m 16s
2026-07-16 07:12:30 | INFO |   >> New best RAW! Val Acc: 0.7011
2026-07-16 07:17:55 | INFO | Epoch  35/50 | Train Loss: 0.4387 | Train Acc: 0.8055 | Val Loss: 0.5848 | Val Acc: 0.7009 | head_lr: 1.15e-03 | bb_lr: 0.00e+00 | Time: 5m 19s
2026-07-16 07:17:55 | INFO |   >> No improvement for 1/10 epochs
2026-07-16 07:23:16 | INFO | Epoch  36/50 | Train Loss: 0.4369 | Train Acc: 0.8064 | Val Loss: 0.5843 | Val Acc: 0.7018 | head_lr: 1.02e-03 | bb_lr: 0.00e+00 | Time: 5m 20s
2026-07-16 07:23:16 | INFO |   >> New best RAW! Val Acc: 0.7018
2026-07-16 07:28:39 | INFO | Epoch  37/50 | Train Loss: 0.4352 | Train Acc: 0.8075 | Val Loss: 0.5835 | Val Acc: 0.7012 | head_lr: 8.93e-04 | bb_lr: 0.00e+00 | Time: 5m 18s
2026-07-16 07:28:39 | INFO |   >> No improvement for 1/10 epochs
2026-07-16 07:33:59 | INFO | Epoch  38/50 | Train Loss: 0.4337 | Train Acc: 0.8080 | Val Loss: 0.5830 | Val Acc: 0.7028 | head_lr: 7.75e-04 | bb_lr: 0.00e+00 | Time: 5m 19s
2026-07-16 07:33:59 | INFO |   >> New best RAW! Val Acc: 0.7028
2026-07-16 07:39:26 | INFO | Epoch  39/50 | Train Loss: 0.4323 | Train Acc: 0.8087 | Val Loss: 0.5824 | Val Acc: 0.7021 | head_lr: 6.64e-04 | bb_lr: 0.00e+00 | Time: 5m 21s
2026-07-16 07:39:26 | INFO |   >> No improvement for 1/10 epochs
2026-07-16 07:44:55 | INFO | Epoch  40/50 | Train Loss: 0.4312 | Train Acc: 0.8098 | Val Loss: 0.5821 | Val Acc: 0.7021 | head_lr: 5.61e-04 | bb_lr: 0.00e+00 | Time: 5m 27s
2026-07-16 07:44:55 | INFO |   >> No improvement for 2/10 epochs
2026-07-16 07:50:13 | INFO | Epoch  41/50 | Train Loss: 0.4302 | Train Acc: 0.8103 | Val Loss: 0.5818 | Val Acc: 0.7014 | head_lr: 4.67e-04 | bb_lr: 0.00e+00 | Time: 5m 17s
2026-07-16 07:50:13 | INFO |   >> No improvement for 3/10 epochs
2026-07-16 07:55:27 | INFO | Epoch  42/50 | Train Loss: 0.4294 | Train Acc: 0.8104 | Val Loss: 0.5816 | Val Acc: 0.7013 | head_lr: 3.82e-04 | bb_lr: 0.00e+00 | Time: 5m 13s
2026-07-16 07:55:27 | INFO |   >> No improvement for 4/10 epochs
2026-07-16 08:00:44 | INFO | Epoch  43/50 | Train Loss: 0.4287 | Train Acc: 0.8110 | Val Loss: 0.5814 | Val Acc: 0.7020 | head_lr: 3.05e-04 | bb_lr: 0.00e+00 | Time: 5m 16s
2026-07-16 08:00:44 | INFO |   >> No improvement for 5/10 epochs
2026-07-16 08:06:06 | INFO | Epoch  44/50 | Train Loss: 0.4281 | Train Acc: 0.8112 | Val Loss: 0.5811 | Val Acc: 0.7024 | head_lr: 2.38e-04 | bb_lr: 0.00e+00 | Time: 5m 21s
2026-07-16 08:06:06 | INFO |   >> No improvement for 6/10 epochs
2026-07-16 08:11:19 | INFO | Epoch  45/50 | Train Loss: 0.4276 | Train Acc: 0.8116 | Val Loss: 0.5810 | Val Acc: 0.7022 | head_lr: 1.81e-04 | bb_lr: 0.00e+00 | Time: 5m 12s
2026-07-16 08:11:19 | INFO |   >> No improvement for 7/10 epochs
2026-07-16 08:16:33 | INFO | Epoch  46/50 | Train Loss: 0.4272 | Train Acc: 0.8118 | Val Loss: 0.5810 | Val Acc: 0.7020 | head_lr: 1.34e-04 | bb_lr: 0.00e+00 | Time: 5m 12s
2026-07-16 08:16:33 | INFO |   >> No improvement for 8/10 epochs
2026-07-16 08:21:51 | INFO | Epoch  47/50 | Train Loss: 0.4269 | Train Acc: 0.8120 | Val Loss: 0.5809 | Val Acc: 0.7022 | head_lr: 9.76e-05 | bb_lr: 0.00e+00 | Time: 5m 17s
2026-07-16 08:21:51 | INFO |   >> No improvement for 9/10 epochs
2026-07-16 08:27:05 | INFO | Epoch  48/50 | Train Loss: 0.4267 | Train Acc: 0.8122 | Val Loss: 0.5808 | Val Acc: 0.7021 | head_lr: 7.12e-05 | bb_lr: 0.00e+00 | Time: 5m 12s
2026-07-16 08:27:05 | INFO |   >> No improvement for 10/10 epochs
2026-07-16 08:27:05 | INFO | Early stopping triggered at epoch 48 (no improvement for 10 epochs). Best val acc: 0.7028 at epoch 38.
2026-07-16 08:27:05 | INFO | ============================================================
2026-07-16 08:27:05 | INFO | Training complete! Total time: 4h 32m 43s
2026-07-16 08:27:05 | INFO | Best validation accuracy: 0.7028
2026-07-16 08:27:05 | INFO | Best model saved to: outputs/w1_ce5_gce05/seed3407/checkpoints/best.pt
2026-07-16 08:27:05 | INFO | Training log saved to: outputs/w1_ce5_gce05/seed3407/logs/train_log.csv
2026-07-16 08:27:06 | INFO | Reloaded best checkpoint for post-training evaluation: outputs/w1_ce5_gce05/seed3407/checkpoints/best.pt (epoch=38, best_val_acc=0.70279178)
2026-07-16 08:27:06 | INFO | Running post-training per-class evaluation...
2026-07-16 08:27:49 | INFO | Eval results saved to: outputs/w1_ce5_gce05/seed3407/checkpoints/eval_results.json
2026-07-16 08:27:50 | INFO | Artifact manifest saved to: outputs/w1_ce5_gce05/seed3407/checkpoints/artifact_manifest.json
2026-07-16 08:27:50 | INFO | Per-class metrics saved to: outputs/w1_ce5_gce05/seed3407/checkpoints/per_class_metrics.csv
2026-07-16 08:28:32 | INFO | Prediction records saved to: outputs/w1_ce5_gce05/seed3407/checkpoints/prediction_records.csv
