2026-07-14 09:43:59 | INFO | Using device: cuda
2026-07-14 09:43:59 | INFO | Configuration: configs/w2_proto_min04.yaml
2026-07-14 09:43:59 | INFO | Train seed: 42
2026-07-14 09:43:59 | INFO | Resolved runtime: experiment_id=w2_proto_min04, mode=dev, head_type=linear, augmentation=a0, cached=False
2026-07-14 09:44:02 | INFO | Total parameters:     88,105,716
2026-07-14 09:44:02 | INFO | Trainable parameters: 256,500
2026-07-14 09:44:05 | INFO | Using config epochs: 50 (dev mode)
2026-07-14 09:44:05 | INFO | Loss: gce (reduction=mean)
2026-07-14 09:44:05 | INFO | Optimizer parameter groups:
2026-07-14 09:44:05 | INFO |   head        :    256,500 params, lr=5.00e-03, wd=1.00e-04
2026-07-14 09:44:05 | INFO |   TOTAL       :    256,500 optimizer params
2026-07-14 09:44:05 | INFO |   Trainable head params:       256,500
2026-07-14 09:44:05 | INFO |   Trainable visual params:           0
2026-07-14 09:44:06 | INFO | Restored weight provider state.
2026-07-14 09:44:06 | INFO | Resumed from epoch 6, best val acc: 0.6258
2026-07-14 09:44:06 | INFO | Starting training: 50 epochs, 714 batches/epoch
2026-07-14 09:44:06 | INFO | Warmup steps: 1428, Total steps: 35700, Cosine steps: 34272
2026-07-14 09:44:06 | INFO | AMP: True
2026-07-14 09:44:06 | INFO | ============================================================
2026-07-14 09:46:26 | INFO | Epoch   7/50 | Train Loss: 0.4334 | Train Acc: 0.6662 | Val Loss: 0.5934 | Val Acc: 0.6370 | head_lr: 4.87e-03 | bb_lr: 0.00e+00 | Time: 2m 19s
2026-07-14 09:46:26 | INFO |   >> New best RAW! Val Acc: 0.6370
2026-07-14 09:48:58 | INFO | Epoch   8/50 | Train Loss: 0.4108 | Train Acc: 0.6765 | Val Loss: 0.5768 | Val Acc: 0.6431 | head_lr: 4.81e-03 | bb_lr: 0.00e+00 | Time: 2m 30s
2026-07-14 09:48:58 | INFO |   >> New best RAW! Val Acc: 0.6431
2026-07-14 09:51:35 | INFO | Epoch   9/50 | Train Loss: 0.3926 | Train Acc: 0.6866 | Val Loss: 0.5630 | Val Acc: 0.6475 | head_lr: 4.74e-03 | bb_lr: 0.00e+00 | Time: 2m 34s
2026-07-14 09:51:35 | INFO |   >> New best RAW! Val Acc: 0.6475
2026-07-14 09:54:10 | INFO | Epoch  10/50 | Train Loss: 0.3772 | Train Acc: 0.6950 | Val Loss: 0.5526 | Val Acc: 0.6521 | head_lr: 4.67e-03 | bb_lr: 0.00e+00 | Time: 2m 32s
2026-07-14 09:54:10 | INFO |   >> New best RAW! Val Acc: 0.6521
2026-07-14 09:56:43 | INFO | Epoch  11/50 | Train Loss: 0.3642 | Train Acc: 0.7021 | Val Loss: 0.5424 | Val Acc: 0.6558 | head_lr: 4.58e-03 | bb_lr: 0.00e+00 | Time: 2m 30s
2026-07-14 09:56:43 | INFO |   >> New best RAW! Val Acc: 0.6558
2026-07-14 09:59:15 | INFO | Epoch  12/50 | Train Loss: 0.3528 | Train Acc: 0.7092 | Val Loss: 0.5354 | Val Acc: 0.6595 | head_lr: 4.49e-03 | bb_lr: 0.00e+00 | Time: 2m 30s
2026-07-14 09:59:15 | INFO |   >> New best RAW! Val Acc: 0.6595
2026-07-14 10:01:46 | INFO | Epoch  13/50 | Train Loss: 0.3432 | Train Acc: 0.7156 | Val Loss: 0.5278 | Val Acc: 0.6619 | head_lr: 4.39e-03 | bb_lr: 0.00e+00 | Time: 2m 29s
2026-07-14 10:01:46 | INFO |   >> New best RAW! Val Acc: 0.6619
2026-07-14 10:04:25 | INFO | Epoch  14/50 | Train Loss: 0.3344 | Train Acc: 0.7208 | Val Loss: 0.5216 | Val Acc: 0.6630 | head_lr: 4.28e-03 | bb_lr: 0.00e+00 | Time: 2m 36s
2026-07-14 10:04:25 | INFO |   >> New best RAW! Val Acc: 0.6630
2026-07-14 10:07:00 | INFO | Epoch  15/50 | Train Loss: 0.3264 | Train Acc: 0.7262 | Val Loss: 0.5162 | Val Acc: 0.6688 | head_lr: 4.16e-03 | bb_lr: 0.00e+00 | Time: 2m 34s
2026-07-14 10:07:00 | INFO |   >> New best RAW! Val Acc: 0.6688
2026-07-14 10:09:38 | INFO | Epoch  16/50 | Train Loss: 0.3193 | Train Acc: 0.7309 | Val Loss: 0.5115 | Val Acc: 0.6712 | head_lr: 4.03e-03 | bb_lr: 0.00e+00 | Time: 2m 35s
2026-07-14 10:09:38 | INFO |   >> New best RAW! Val Acc: 0.6712
2026-07-14 10:12:12 | INFO | Epoch  17/50 | Train Loss: 0.3128 | Train Acc: 0.7354 | Val Loss: 0.5064 | Val Acc: 0.6724 | head_lr: 3.90e-03 | bb_lr: 0.00e+00 | Time: 2m 31s
2026-07-14 10:12:12 | INFO |   >> New best RAW! Val Acc: 0.6724
2026-07-14 10:14:47 | INFO | Epoch  18/50 | Train Loss: 0.3071 | Train Acc: 0.7394 | Val Loss: 0.5046 | Val Acc: 0.6703 | head_lr: 3.76e-03 | bb_lr: 0.00e+00 | Time: 2m 33s
2026-07-14 10:14:47 | INFO |   >> No improvement for 1/10 epochs
2026-07-14 10:17:19 | INFO | Epoch  19/50 | Train Loss: 0.3018 | Train Acc: 0.7424 | Val Loss: 0.5001 | Val Acc: 0.6747 | head_lr: 3.62e-03 | bb_lr: 0.00e+00 | Time: 2m 31s
2026-07-14 10:17:19 | INFO |   >> New best RAW! Val Acc: 0.6747
2026-07-14 10:19:56 | INFO | Epoch  20/50 | Train Loss: 0.2971 | Train Acc: 0.7467 | Val Loss: 0.4970 | Val Acc: 0.6752 | head_lr: 3.47e-03 | bb_lr: 0.00e+00 | Time: 2m 35s
2026-07-14 10:19:56 | INFO |   >> New best RAW! Val Acc: 0.6752
2026-07-14 10:22:30 | INFO | Epoch  21/50 | Train Loss: 0.2927 | Train Acc: 0.7497 | Val Loss: 0.4944 | Val Acc: 0.6771 | head_lr: 3.32e-03 | bb_lr: 0.00e+00 | Time: 2m 31s
2026-07-14 10:22:30 | INFO |   >> New best RAW! Val Acc: 0.6771
2026-07-14 10:25:08 | INFO | Epoch  22/50 | Train Loss: 0.2886 | Train Acc: 0.7524 | Val Loss: 0.4921 | Val Acc: 0.6784 | head_lr: 3.17e-03 | bb_lr: 0.00e+00 | Time: 2m 35s
2026-07-14 10:25:08 | INFO |   >> New best RAW! Val Acc: 0.6784
2026-07-14 10:27:42 | INFO | Epoch  23/50 | Train Loss: 0.2848 | Train Acc: 0.7554 | Val Loss: 0.4902 | Val Acc: 0.6782 | head_lr: 3.01e-03 | bb_lr: 0.00e+00 | Time: 2m 32s
2026-07-14 10:27:42 | INFO |   >> No improvement for 1/10 epochs
2026-07-14 10:30:14 | INFO | Epoch  24/50 | Train Loss: 0.2812 | Train Acc: 0.7577 | Val Loss: 0.4884 | Val Acc: 0.6789 | head_lr: 2.85e-03 | bb_lr: 0.00e+00 | Time: 2m 31s
2026-07-14 10:30:14 | INFO |   >> New best RAW! Val Acc: 0.6789
2026-07-14 10:32:46 | INFO | Epoch  25/50 | Train Loss: 0.2781 | Train Acc: 0.7603 | Val Loss: 0.4863 | Val Acc: 0.6791 | head_lr: 2.69e-03 | bb_lr: 0.00e+00 | Time: 2m 29s
2026-07-14 10:32:46 | INFO |   >> New best RAW! Val Acc: 0.6791
2026-07-14 10:35:20 | INFO | Epoch  26/50 | Train Loss: 0.2753 | Train Acc: 0.7618 | Val Loss: 0.4840 | Val Acc: 0.6818 | head_lr: 2.52e-03 | bb_lr: 0.00e+00 | Time: 2m 33s
2026-07-14 10:35:20 | INFO |   >> New best RAW! Val Acc: 0.6818
2026-07-14 10:37:55 | INFO | Epoch  27/50 | Train Loss: 0.2725 | Train Acc: 0.7644 | Val Loss: 0.4829 | Val Acc: 0.6823 | head_lr: 2.36e-03 | bb_lr: 0.00e+00 | Time: 2m 32s
2026-07-14 10:37:55 | INFO |   >> New best RAW! Val Acc: 0.6823
2026-07-14 10:40:28 | INFO | Epoch  28/50 | Train Loss: 0.2701 | Train Acc: 0.7658 | Val Loss: 0.4813 | Val Acc: 0.6820 | head_lr: 2.20e-03 | bb_lr: 0.00e+00 | Time: 2m 31s
2026-07-14 10:40:28 | INFO |   >> No improvement for 1/10 epochs
2026-07-14 10:43:03 | INFO | Epoch  29/50 | Train Loss: 0.2680 | Train Acc: 0.7672 | Val Loss: 0.4805 | Val Acc: 0.6836 | head_lr: 2.04e-03 | bb_lr: 0.00e+00 | Time: 2m 34s
2026-07-14 10:43:03 | INFO |   >> New best RAW! Val Acc: 0.6836
2026-07-14 10:45:41 | INFO | Epoch  30/50 | Train Loss: 0.2659 | Train Acc: 0.7685 | Val Loss: 0.4789 | Val Acc: 0.6838 | head_lr: 1.88e-03 | bb_lr: 0.00e+00 | Time: 2m 35s
2026-07-14 10:45:41 | INFO |   >> New best RAW! Val Acc: 0.6838
2026-07-14 10:48:19 | INFO | Epoch  31/50 | Train Loss: 0.2641 | Train Acc: 0.7701 | Val Loss: 0.4777 | Val Acc: 0.6840 | head_lr: 1.73e-03 | bb_lr: 0.00e+00 | Time: 2m 36s
2026-07-14 10:48:19 | INFO |   >> New best RAW! Val Acc: 0.6840
2026-07-14 10:51:00 | INFO | Epoch  32/50 | Train Loss: 0.2624 | Train Acc: 0.7715 | Val Loss: 0.4769 | Val Acc: 0.6851 | head_lr: 1.58e-03 | bb_lr: 0.00e+00 | Time: 2m 39s
2026-07-14 10:51:00 | INFO |   >> New best RAW! Val Acc: 0.6851
2026-07-14 10:53:39 | INFO | Epoch  33/50 | Train Loss: 0.2609 | Train Acc: 0.7723 | Val Loss: 0.4764 | Val Acc: 0.6857 | head_lr: 1.43e-03 | bb_lr: 0.00e+00 | Time: 2m 36s
2026-07-14 10:53:39 | INFO |   >> New best RAW! Val Acc: 0.6857
2026-07-14 10:56:14 | INFO | Epoch  34/50 | Train Loss: 0.2596 | Train Acc: 0.7732 | Val Loss: 0.4756 | Val Acc: 0.6850 | head_lr: 1.29e-03 | bb_lr: 0.00e+00 | Time: 2m 32s
2026-07-14 10:56:14 | INFO |   >> No improvement for 1/10 epochs
2026-07-14 10:58:51 | INFO | Epoch  35/50 | Train Loss: 0.2583 | Train Acc: 0.7743 | Val Loss: 0.4749 | Val Acc: 0.6856 | head_lr: 1.15e-03 | bb_lr: 0.00e+00 | Time: 2m 36s
2026-07-14 10:58:51 | INFO |   >> No improvement for 2/10 epochs
2026-07-14 11:01:31 | INFO | Epoch  36/50 | Train Loss: 0.2572 | Train Acc: 0.7752 | Val Loss: 0.4743 | Val Acc: 0.6865 | head_lr: 1.02e-03 | bb_lr: 0.00e+00 | Time: 2m 39s
2026-07-14 11:01:31 | INFO |   >> New best RAW! Val Acc: 0.6865
2026-07-14 11:04:08 | INFO | Epoch  37/50 | Train Loss: 0.2561 | Train Acc: 0.7756 | Val Loss: 0.4737 | Val Acc: 0.6876 | head_lr: 8.93e-04 | bb_lr: 0.00e+00 | Time: 2m 34s
2026-07-14 11:04:08 | INFO |   >> New best RAW! Val Acc: 0.6876
2026-07-14 11:06:45 | INFO | Epoch  38/50 | Train Loss: 0.2552 | Train Acc: 0.7763 | Val Loss: 0.4735 | Val Acc: 0.6867 | head_lr: 7.75e-04 | bb_lr: 0.00e+00 | Time: 2m 35s
2026-07-14 11:06:45 | INFO |   >> No improvement for 1/10 epochs
2026-07-14 11:09:20 | INFO | Epoch  39/50 | Train Loss: 0.2545 | Train Acc: 0.7770 | Val Loss: 0.4730 | Val Acc: 0.6867 | head_lr: 6.64e-04 | bb_lr: 0.00e+00 | Time: 2m 34s
2026-07-14 11:09:20 | INFO |   >> No improvement for 2/10 epochs
2026-07-14 11:11:59 | INFO | Epoch  40/50 | Train Loss: 0.2538 | Train Acc: 0.7775 | Val Loss: 0.4727 | Val Acc: 0.6864 | head_lr: 5.61e-04 | bb_lr: 0.00e+00 | Time: 2m 38s
2026-07-14 11:11:59 | INFO |   >> No improvement for 3/10 epochs
2026-07-14 11:14:34 | INFO | Epoch  41/50 | Train Loss: 0.2533 | Train Acc: 0.7779 | Val Loss: 0.4725 | Val Acc: 0.6862 | head_lr: 4.67e-04 | bb_lr: 0.00e+00 | Time: 2m 34s
2026-07-14 11:14:34 | INFO |   >> No improvement for 4/10 epochs
2026-07-14 11:17:08 | INFO | Epoch  42/50 | Train Loss: 0.2529 | Train Acc: 0.7783 | Val Loss: 0.4723 | Val Acc: 0.6865 | head_lr: 3.82e-04 | bb_lr: 0.00e+00 | Time: 2m 33s
2026-07-14 11:17:08 | INFO |   >> No improvement for 5/10 epochs
2026-07-14 11:19:45 | INFO | Epoch  43/50 | Train Loss: 0.2523 | Train Acc: 0.7784 | Val Loss: 0.4721 | Val Acc: 0.6864 | head_lr: 3.05e-04 | bb_lr: 0.00e+00 | Time: 2m 36s
2026-07-14 11:19:45 | INFO |   >> No improvement for 6/10 epochs
2026-07-14 11:22:20 | INFO | Epoch  44/50 | Train Loss: 0.2520 | Train Acc: 0.7787 | Val Loss: 0.4720 | Val Acc: 0.6868 | head_lr: 2.38e-04 | bb_lr: 0.00e+00 | Time: 2m 34s
2026-07-14 11:22:20 | INFO |   >> No improvement for 7/10 epochs
2026-07-14 11:24:55 | INFO | Epoch  45/50 | Train Loss: 0.2517 | Train Acc: 0.7789 | Val Loss: 0.4719 | Val Acc: 0.6868 | head_lr: 1.81e-04 | bb_lr: 0.00e+00 | Time: 2m 33s
2026-07-14 11:24:55 | INFO |   >> No improvement for 8/10 epochs
2026-07-14 11:27:34 | INFO | Epoch  46/50 | Train Loss: 0.2514 | Train Acc: 0.7791 | Val Loss: 0.4719 | Val Acc: 0.6869 | head_lr: 1.34e-04 | bb_lr: 0.00e+00 | Time: 2m 37s
2026-07-14 11:27:34 | INFO |   >> No improvement for 9/10 epochs
2026-07-14 11:30:07 | INFO | Epoch  47/50 | Train Loss: 0.2512 | Train Acc: 0.7793 | Val Loss: 0.4718 | Val Acc: 0.6868 | head_lr: 9.76e-05 | bb_lr: 0.00e+00 | Time: 2m 32s
2026-07-14 11:30:07 | INFO |   >> No improvement for 10/10 epochs
2026-07-14 11:30:07 | INFO | Early stopping triggered at epoch 47 (no improvement for 10 epochs). Best val acc: 0.6876 at epoch 37.
2026-07-14 11:30:07 | INFO | ============================================================
2026-07-14 11:30:07 | INFO | Training complete! Total time: 1h 46m 1s
2026-07-14 11:30:07 | INFO | Best validation accuracy: 0.6876
2026-07-14 11:30:07 | INFO | Best model saved to: outputs/w2_proto_min04/seed42/checkpoints/best.pt
2026-07-14 11:30:07 | INFO | Training log saved to: outputs/w2_proto_min04/seed42/logs/train_log.csv
2026-07-14 11:30:07 | INFO | Reloaded best checkpoint for post-training evaluation: outputs/w2_proto_min04/seed42/checkpoints/best.pt (epoch=37, best_val_acc=0.68757270)
2026-07-14 11:30:07 | INFO | Running post-training per-class evaluation...
2026-07-14 11:30:27 | INFO | Eval results saved to: outputs/w2_proto_min04/seed42/checkpoints/eval_results.json
