2026-07-15 01:00:59 | INFO | Using device: cuda
2026-07-15 01:00:59 | INFO | Configuration: configs/w1_gce09.yaml
2026-07-15 01:00:59 | INFO | Train seed: 42
2026-07-15 01:00:59 | INFO | Resolved runtime: experiment_id=W1_GCE09, mode=dev, head_type=linear, augmentation=a0, cached=False
2026-07-15 01:01:02 | INFO | Total parameters:     88,105,716
2026-07-15 01:01:02 | INFO | Trainable parameters: 256,500
2026-07-15 01:01:04 | INFO | Using config epochs: 50 (dev mode)
2026-07-15 01:01:04 | INFO | Loss: gce (reduction=mean)
2026-07-15 01:01:04 | INFO | Optimizer parameter groups:
2026-07-15 01:01:04 | INFO |   head        :    256,500 params, lr=5.00e-03, wd=1.00e-04
2026-07-15 01:01:04 | INFO |   TOTAL       :    256,500 optimizer params
2026-07-15 01:01:04 | INFO |   Trainable head params:       256,500
2026-07-15 01:01:04 | INFO |   Trainable visual params:           0
2026-07-15 01:01:04 | INFO | Starting training: 50 epochs, 714 batches/epoch
2026-07-15 01:01:04 | INFO | Warmup steps: 1428, Total steps: 35700, Cosine steps: 34272
2026-07-15 01:01:04 | INFO | AMP: True
2026-07-15 01:01:04 | INFO | ============================================================
2026-07-15 01:03:24 | INFO | Epoch   1/50 | Train Loss: 1.0982 | Train Acc: 0.1049 | Val Loss: 1.0490 | Val Acc: 0.1391 | head_lr: 2.50e-03 | bb_lr: 0.00e+00 | Time: 2m 19s
2026-07-15 01:03:24 | INFO |   >> New best RAW! Val Acc: 0.1391
2026-07-15 01:05:51 | INFO | Epoch   2/50 | Train Loss: 0.9138 | Train Acc: 0.2723 | Val Loss: 0.8113 | Val Acc: 0.3618 | head_lr: 5.00e-03 | bb_lr: 0.00e+00 | Time: 2m 25s
2026-07-15 01:05:51 | INFO |   >> New best RAW! Val Acc: 0.3618
2026-07-15 01:08:19 | INFO | Epoch   3/50 | Train Loss: 0.7472 | Train Acc: 0.4069 | Val Loss: 0.7203 | Val Acc: 0.4207 | head_lr: 4.99e-03 | bb_lr: 0.00e+00 | Time: 2m 26s
2026-07-15 01:08:19 | INFO |   >> New best RAW! Val Acc: 0.4207
2026-07-15 01:10:48 | INFO | Epoch   4/50 | Train Loss: 0.6812 | Train Acc: 0.4505 | Val Loss: 0.6783 | Val Acc: 0.4494 | head_lr: 4.98e-03 | bb_lr: 0.00e+00 | Time: 2m 27s
2026-07-15 01:10:48 | INFO |   >> New best RAW! Val Acc: 0.4494
2026-07-15 01:13:16 | INFO | Epoch   5/50 | Train Loss: 0.6420 | Train Acc: 0.4795 | Val Loss: 0.6497 | Val Acc: 0.4701 | head_lr: 4.95e-03 | bb_lr: 0.00e+00 | Time: 2m 26s
2026-07-15 01:13:16 | INFO |   >> New best RAW! Val Acc: 0.4701
2026-07-15 01:15:44 | INFO | Epoch   6/50 | Train Loss: 0.6157 | Train Acc: 0.4976 | Val Loss: 0.6273 | Val Acc: 0.4880 | head_lr: 4.92e-03 | bb_lr: 0.00e+00 | Time: 2m 27s
2026-07-15 01:15:44 | INFO |   >> New best RAW! Val Acc: 0.4880
2026-07-15 01:18:12 | INFO | Epoch   7/50 | Train Loss: 0.5939 | Train Acc: 0.5138 | Val Loss: 0.6133 | Val Acc: 0.4947 | head_lr: 4.87e-03 | bb_lr: 0.00e+00 | Time: 2m 26s
2026-07-15 01:18:12 | INFO |   >> New best RAW! Val Acc: 0.4947
2026-07-15 01:20:42 | INFO | Epoch   8/50 | Train Loss: 0.5781 | Train Acc: 0.5248 | Val Loss: 0.6009 | Val Acc: 0.5036 | head_lr: 4.81e-03 | bb_lr: 0.00e+00 | Time: 2m 28s
2026-07-15 01:20:42 | INFO |   >> New best RAW! Val Acc: 0.5036
2026-07-15 01:23:12 | INFO | Epoch   9/50 | Train Loss: 0.5630 | Train Acc: 0.5373 | Val Loss: 0.5894 | Val Acc: 0.5112 | head_lr: 4.74e-03 | bb_lr: 0.00e+00 | Time: 2m 28s
2026-07-15 01:23:12 | INFO |   >> New best RAW! Val Acc: 0.5112
2026-07-15 01:25:44 | INFO | Epoch  10/50 | Train Loss: 0.5491 | Train Acc: 0.5486 | Val Loss: 0.5785 | Val Acc: 0.5207 | head_lr: 4.67e-03 | bb_lr: 0.00e+00 | Time: 2m 29s
2026-07-15 01:25:44 | INFO |   >> New best RAW! Val Acc: 0.5207
2026-07-15 01:28:14 | INFO | Epoch  11/50 | Train Loss: 0.5362 | Train Acc: 0.5599 | Val Loss: 0.5698 | Val Acc: 0.5271 | head_lr: 4.58e-03 | bb_lr: 0.00e+00 | Time: 2m 27s
2026-07-15 01:28:14 | INFO |   >> New best RAW! Val Acc: 0.5271
2026-07-15 01:30:43 | INFO | Epoch  12/50 | Train Loss: 0.5258 | Train Acc: 0.5673 | Val Loss: 0.5613 | Val Acc: 0.5336 | head_lr: 4.49e-03 | bb_lr: 0.00e+00 | Time: 2m 28s
2026-07-15 01:30:43 | INFO |   >> New best RAW! Val Acc: 0.5336
2026-07-15 01:33:13 | INFO | Epoch  13/50 | Train Loss: 0.5157 | Train Acc: 0.5760 | Val Loss: 0.5523 | Val Acc: 0.5427 | head_lr: 4.39e-03 | bb_lr: 0.00e+00 | Time: 2m 27s
2026-07-15 01:33:13 | INFO |   >> New best RAW! Val Acc: 0.5427
2026-07-15 01:35:45 | INFO | Epoch  14/50 | Train Loss: 0.5048 | Train Acc: 0.5859 | Val Loss: 0.5428 | Val Acc: 0.5515 | head_lr: 4.28e-03 | bb_lr: 0.00e+00 | Time: 2m 29s
2026-07-15 01:35:45 | INFO |   >> New best RAW! Val Acc: 0.5515
2026-07-15 01:38:15 | INFO | Epoch  15/50 | Train Loss: 0.4938 | Train Acc: 0.5964 | Val Loss: 0.5362 | Val Acc: 0.5555 | head_lr: 4.16e-03 | bb_lr: 0.00e+00 | Time: 2m 27s
2026-07-15 01:38:15 | INFO |   >> New best RAW! Val Acc: 0.5555
2026-07-15 01:40:46 | INFO | Epoch  16/50 | Train Loss: 0.4856 | Train Acc: 0.6032 | Val Loss: 0.5299 | Val Acc: 0.5621 | head_lr: 4.03e-03 | bb_lr: 0.00e+00 | Time: 2m 29s
2026-07-15 01:40:46 | INFO |   >> New best RAW! Val Acc: 0.5621
2026-07-15 01:43:16 | INFO | Epoch  17/50 | Train Loss: 0.4773 | Train Acc: 0.6106 | Val Loss: 0.5245 | Val Acc: 0.5668 | head_lr: 3.90e-03 | bb_lr: 0.00e+00 | Time: 2m 27s
2026-07-15 01:43:16 | INFO |   >> New best RAW! Val Acc: 0.5668
2026-07-15 01:45:45 | INFO | Epoch  18/50 | Train Loss: 0.4710 | Train Acc: 0.6151 | Val Loss: 0.5205 | Val Acc: 0.5693 | head_lr: 3.76e-03 | bb_lr: 0.00e+00 | Time: 2m 27s
2026-07-15 01:45:45 | INFO |   >> New best RAW! Val Acc: 0.5693
2026-07-15 01:48:14 | INFO | Epoch  19/50 | Train Loss: 0.4656 | Train Acc: 0.6193 | Val Loss: 0.5171 | Val Acc: 0.5706 | head_lr: 3.62e-03 | bb_lr: 0.00e+00 | Time: 2m 27s
2026-07-15 01:48:14 | INFO |   >> New best RAW! Val Acc: 0.5706
2026-07-15 01:50:45 | INFO | Epoch  20/50 | Train Loss: 0.4613 | Train Acc: 0.6223 | Val Loss: 0.5142 | Val Acc: 0.5720 | head_lr: 3.47e-03 | bb_lr: 0.00e+00 | Time: 2m 29s
2026-07-15 01:50:45 | INFO |   >> New best RAW! Val Acc: 0.5720
2026-07-15 01:53:14 | INFO | Epoch  21/50 | Train Loss: 0.4572 | Train Acc: 0.6251 | Val Loss: 0.5116 | Val Acc: 0.5728 | head_lr: 3.32e-03 | bb_lr: 0.00e+00 | Time: 2m 28s
2026-07-15 01:53:14 | INFO |   >> New best RAW! Val Acc: 0.5728
2026-07-15 01:55:44 | INFO | Epoch  22/50 | Train Loss: 0.4525 | Train Acc: 0.6289 | Val Loss: 0.5078 | Val Acc: 0.5757 | head_lr: 3.17e-03 | bb_lr: 0.00e+00 | Time: 2m 27s
2026-07-15 01:55:44 | INFO |   >> New best RAW! Val Acc: 0.5757
2026-07-15 01:58:16 | INFO | Epoch  23/50 | Train Loss: 0.4479 | Train Acc: 0.6332 | Val Loss: 0.5053 | Val Acc: 0.5775 | head_lr: 3.01e-03 | bb_lr: 0.00e+00 | Time: 2m 30s
2026-07-15 01:58:16 | INFO |   >> New best RAW! Val Acc: 0.5775
2026-07-15 02:00:46 | INFO | Epoch  24/50 | Train Loss: 0.4444 | Train Acc: 0.6357 | Val Loss: 0.5035 | Val Acc: 0.5792 | head_lr: 2.85e-03 | bb_lr: 0.00e+00 | Time: 2m 28s
2026-07-15 02:00:46 | INFO |   >> New best RAW! Val Acc: 0.5792
2026-07-15 02:03:16 | INFO | Epoch  25/50 | Train Loss: 0.4415 | Train Acc: 0.6377 | Val Loss: 0.5019 | Val Acc: 0.5804 | head_lr: 2.69e-03 | bb_lr: 0.00e+00 | Time: 2m 28s
2026-07-15 02:03:16 | INFO |   >> New best RAW! Val Acc: 0.5804
2026-07-15 02:05:47 | INFO | Epoch  26/50 | Train Loss: 0.4389 | Train Acc: 0.6394 | Val Loss: 0.5004 | Val Acc: 0.5832 | head_lr: 2.52e-03 | bb_lr: 0.00e+00 | Time: 2m 28s
2026-07-15 02:05:47 | INFO |   >> New best RAW! Val Acc: 0.5832
2026-07-15 02:08:18 | INFO | Epoch  27/50 | Train Loss: 0.4366 | Train Acc: 0.6404 | Val Loss: 0.4994 | Val Acc: 0.5827 | head_lr: 2.36e-03 | bb_lr: 0.00e+00 | Time: 2m 28s
2026-07-15 02:08:18 | INFO |   >> No improvement for 1/10 epochs
2026-07-15 02:10:46 | INFO | Epoch  28/50 | Train Loss: 0.4346 | Train Acc: 0.6420 | Val Loss: 0.4984 | Val Acc: 0.5821 | head_lr: 2.20e-03 | bb_lr: 0.00e+00 | Time: 2m 28s
2026-07-15 02:10:46 | INFO |   >> No improvement for 2/10 epochs
2026-07-15 02:13:15 | INFO | Epoch  29/50 | Train Loss: 0.4324 | Train Acc: 0.6437 | Val Loss: 0.4966 | Val Acc: 0.5845 | head_lr: 2.04e-03 | bb_lr: 0.00e+00 | Time: 2m 28s
2026-07-15 02:13:15 | INFO |   >> New best RAW! Val Acc: 0.5845
2026-07-15 02:15:45 | INFO | Epoch  30/50 | Train Loss: 0.4304 | Train Acc: 0.6449 | Val Loss: 0.4956 | Val Acc: 0.5855 | head_lr: 1.88e-03 | bb_lr: 0.00e+00 | Time: 2m 27s
2026-07-15 02:15:45 | INFO |   >> New best RAW! Val Acc: 0.5855
2026-07-15 02:18:14 | INFO | Epoch  31/50 | Train Loss: 0.4289 | Train Acc: 0.6461 | Val Loss: 0.4947 | Val Acc: 0.5860 | head_lr: 1.73e-03 | bb_lr: 0.00e+00 | Time: 2m 27s
2026-07-15 02:18:14 | INFO |   >> New best RAW! Val Acc: 0.5860
2026-07-15 02:20:43 | INFO | Epoch  32/50 | Train Loss: 0.4275 | Train Acc: 0.6466 | Val Loss: 0.4942 | Val Acc: 0.5852 | head_lr: 1.58e-03 | bb_lr: 0.00e+00 | Time: 2m 28s
2026-07-15 02:20:43 | INFO |   >> No improvement for 1/10 epochs
2026-07-15 02:23:15 | INFO | Epoch  33/50 | Train Loss: 0.4263 | Train Acc: 0.6476 | Val Loss: 0.4933 | Val Acc: 0.5864 | head_lr: 1.43e-03 | bb_lr: 0.00e+00 | Time: 2m 30s
2026-07-15 02:23:15 | INFO |   >> New best RAW! Val Acc: 0.5864
2026-07-15 02:25:58 | INFO | Epoch  34/50 | Train Loss: 0.4251 | Train Acc: 0.6482 | Val Loss: 0.4928 | Val Acc: 0.5875 | head_lr: 1.29e-03 | bb_lr: 0.00e+00 | Time: 2m 40s
2026-07-15 02:25:58 | INFO |   >> New best RAW! Val Acc: 0.5875
2026-07-15 02:28:25 | INFO | Epoch  35/50 | Train Loss: 0.4241 | Train Acc: 0.6492 | Val Loss: 0.4923 | Val Acc: 0.5858 | head_lr: 1.15e-03 | bb_lr: 0.00e+00 | Time: 2m 25s
2026-07-15 02:28:25 | INFO |   >> No improvement for 1/10 epochs
2026-07-15 02:30:56 | INFO | Epoch  36/50 | Train Loss: 0.4232 | Train Acc: 0.6496 | Val Loss: 0.4917 | Val Acc: 0.5874 | head_lr: 1.02e-03 | bb_lr: 0.00e+00 | Time: 2m 30s
2026-07-15 02:30:56 | INFO |   >> No improvement for 2/10 epochs
2026-07-15 02:33:27 | INFO | Epoch  37/50 | Train Loss: 0.4224 | Train Acc: 0.6503 | Val Loss: 0.4914 | Val Acc: 0.5872 | head_lr: 8.93e-04 | bb_lr: 0.00e+00 | Time: 2m 30s
2026-07-15 02:33:27 | INFO |   >> No improvement for 3/10 epochs
2026-07-15 02:36:00 | INFO | Epoch  38/50 | Train Loss: 0.4217 | Train Acc: 0.6508 | Val Loss: 0.4909 | Val Acc: 0.5880 | head_lr: 7.75e-04 | bb_lr: 0.00e+00 | Time: 2m 31s
2026-07-15 02:36:00 | INFO |   >> New best RAW! Val Acc: 0.5880
2026-07-15 02:38:32 | INFO | Epoch  39/50 | Train Loss: 0.4207 | Train Acc: 0.6518 | Val Loss: 0.4902 | Val Acc: 0.5890 | head_lr: 6.64e-04 | bb_lr: 0.00e+00 | Time: 2m 30s
2026-07-15 02:38:32 | INFO |   >> New best RAW! Val Acc: 0.5890
2026-07-15 02:41:03 | INFO | Epoch  40/50 | Train Loss: 0.4199 | Train Acc: 0.6528 | Val Loss: 0.4898 | Val Acc: 0.5891 | head_lr: 5.61e-04 | bb_lr: 0.00e+00 | Time: 2m 28s
2026-07-15 02:41:03 | INFO |   >> New best RAW! Val Acc: 0.5891
