2026-07-11 23:23:27 | INFO | Using device: cuda
2026-07-11 23:23:27 | INFO | Configuration: configs/f1b_dropout.yaml
2026-07-11 23:23:27 | INFO | Train seed: 42
2026-07-11 23:23:27 | INFO | Resolved runtime: experiment_id=F1b_DROPOUT, mode=dev, head_type=linear, augmentation=a0, cached=False
2026-07-11 23:23:30 | INFO | Total parameters:     88,105,716
2026-07-11 23:23:30 | INFO | Trainable parameters: 651,252
2026-07-11 23:23:33 | INFO | Using config epochs: 50 (dev mode)
2026-07-11 23:23:33 | INFO | Optimizer parameter groups:
2026-07-11 23:23:33 | INFO |   head        :    256,500 params, lr=1.00e-04, wd=1.00e-04
2026-07-11 23:23:33 | INFO |   backbone    :    394,752 params, lr=1.00e-05, wd=1.00e-02
2026-07-11 23:23:33 | INFO |   TOTAL       :    651,252 optimizer params
2026-07-11 23:23:33 | INFO |   Trainable head params:       256,500
2026-07-11 23:23:33 | INFO |   Trainable visual params:     394,752
2026-07-11 23:23:33 | INFO | Initializing model weights from: outputs/d3/checkpoints/best.pt
2026-07-11 23:23:33 | INFO | Model weights loaded with exact key match.
2026-07-11 23:23:33 | INFO | Starting training: 50 epochs, 728 batches/epoch
2026-07-11 23:23:33 | INFO | Warmup steps: 1456, Total steps: 36400, Cosine steps: 34944
2026-07-11 23:23:33 | INFO | AMP: True
2026-07-11 23:23:33 | INFO | ============================================================
2026-07-11 23:25:58 | INFO | Epoch   1/50 | Train Loss: 1.0488 | Train Acc: 0.7592 | Val Loss: 0.9084 | Val Acc: 0.8003 | head_lr: 5.00e-05 | bb_lr: 5.00e-06 | Time: 2m 25s
2026-07-11 23:25:58 | INFO |   >> New best model! Val Acc: 0.8003
2026-07-11 23:28:32 | INFO | Epoch   2/50 | Train Loss: 1.0231 | Train Acc: 0.7603 | Val Loss: 0.8946 | Val Acc: 0.7994 | head_lr: 1.00e-04 | bb_lr: 1.00e-05 | Time: 2m 32s
2026-07-11 23:28:32 | INFO |   >> No improvement for 1/10 epochs
2026-07-11 23:31:10 | INFO | Epoch   3/50 | Train Loss: 1.0008 | Train Acc: 0.7642 | Val Loss: 0.8915 | Val Acc: 0.8013 | head_lr: 9.99e-05 | bb_lr: 9.99e-06 | Time: 2m 37s
2026-07-11 23:31:10 | INFO |   >> New best model! Val Acc: 0.8013
2026-07-11 23:33:42 | INFO | Epoch   4/50 | Train Loss: 0.9813 | Train Acc: 0.7674 | Val Loss: 0.8900 | Val Acc: 0.7959 | head_lr: 9.96e-05 | bb_lr: 9.96e-06 | Time: 2m 30s
2026-07-11 23:33:42 | INFO |   >> No improvement for 1/10 epochs
2026-07-11 23:36:10 | INFO | Epoch   5/50 | Train Loss: 0.9642 | Train Acc: 0.7710 | Val Loss: 0.8878 | Val Acc: 0.7973 | head_lr: 9.90e-05 | bb_lr: 9.90e-06 | Time: 2m 26s
2026-07-11 23:36:10 | INFO |   >> No improvement for 2/10 epochs
2026-07-11 23:38:36 | INFO | Epoch   6/50 | Train Loss: 0.9522 | Train Acc: 0.7708 | Val Loss: 0.8900 | Val Acc: 0.7946 | head_lr: 9.83e-05 | bb_lr: 9.83e-06 | Time: 2m 25s
2026-07-11 23:38:36 | INFO |   >> No improvement for 3/10 epochs
2026-07-11 23:41:02 | INFO | Epoch   7/50 | Train Loss: 0.9395 | Train Acc: 0.7751 | Val Loss: 0.8888 | Val Acc: 0.7939 | head_lr: 9.74e-05 | bb_lr: 9.74e-06 | Time: 2m 24s
2026-07-11 23:41:02 | INFO |   >> No improvement for 4/10 epochs
2026-07-11 23:43:29 | INFO | Epoch   8/50 | Train Loss: 0.9260 | Train Acc: 0.7791 | Val Loss: 0.8894 | Val Acc: 0.7931 | head_lr: 9.62e-05 | bb_lr: 9.62e-06 | Time: 2m 26s
2026-07-11 23:43:29 | INFO |   >> No improvement for 5/10 epochs
2026-07-11 23:45:58 | INFO | Epoch   9/50 | Train Loss: 0.9151 | Train Acc: 0.7808 | Val Loss: 0.8886 | Val Acc: 0.7947 | head_lr: 9.49e-05 | bb_lr: 9.49e-06 | Time: 2m 28s
2026-07-11 23:45:58 | INFO |   >> No improvement for 6/10 epochs
2026-07-11 23:48:25 | INFO | Epoch  10/50 | Train Loss: 0.9047 | Train Acc: 0.7818 | Val Loss: 0.8880 | Val Acc: 0.7932 | head_lr: 9.34e-05 | bb_lr: 9.34e-06 | Time: 2m 25s
2026-07-11 23:48:25 | INFO |   >> No improvement for 7/10 epochs
2026-07-11 23:50:50 | INFO | Epoch  11/50 | Train Loss: 0.8958 | Train Acc: 0.7832 | Val Loss: 0.8904 | Val Acc: 0.7940 | head_lr: 9.17e-05 | bb_lr: 9.17e-06 | Time: 2m 24s
2026-07-11 23:50:50 | INFO |   >> No improvement for 8/10 epochs
2026-07-11 23:53:15 | INFO | Epoch  12/50 | Train Loss: 0.8847 | Train Acc: 0.7864 | Val Loss: 0.8921 | Val Acc: 0.7899 | head_lr: 8.98e-05 | bb_lr: 8.98e-06 | Time: 2m 24s
2026-07-11 23:53:15 | INFO |   >> No improvement for 9/10 epochs
2026-07-11 23:55:42 | INFO | Epoch  13/50 | Train Loss: 0.8768 | Train Acc: 0.7877 | Val Loss: 0.8906 | Val Acc: 0.7932 | head_lr: 8.77e-05 | bb_lr: 8.77e-06 | Time: 2m 26s
2026-07-11 23:55:42 | INFO |   >> No improvement for 10/10 epochs
2026-07-11 23:55:42 | INFO | Early stopping triggered at epoch 13 (no improvement for 10 epochs). Best val acc: 0.8013 at epoch 3.
2026-07-11 23:55:42 | INFO | ============================================================
2026-07-11 23:55:42 | INFO | Training complete! Total time: 32m 9s
2026-07-11 23:55:42 | INFO | Best validation accuracy: 0.8013
2026-07-11 23:55:42 | INFO | Best model saved to: outputs/f1b/checkpoints/best.pt
2026-07-11 23:55:42 | INFO | Training log saved to: outputs/f1b/logs/train_log.csv
2026-07-11 23:55:43 | INFO | Eval results saved to: outputs/f1b/checkpoints/eval_results.json
