2026-07-14 20:17:02 | INFO | Using device: cuda
2026-07-14 20:17:02 | INFO | Configuration: configs/w1_gce07_mixup.yaml
2026-07-14 20:17:02 | INFO | Train seed: 42
2026-07-14 20:17:02 | INFO | Resolved runtime: experiment_id=W1_GCE07_MIXUP, mode=dev, head_type=linear, augmentation=a0, cached=False
2026-07-14 20:17:04 | INFO | Total parameters:     88,105,716
2026-07-14 20:17:04 | INFO | Trainable parameters: 256,500
2026-07-14 20:17:07 | INFO | Using config epochs: 50 (dev mode)
2026-07-14 20:17:07 | INFO | Loss: gce (reduction=mean)
2026-07-14 20:17:07 | INFO | Optimizer parameter groups:
2026-07-14 20:17:07 | INFO |   head        :    256,500 params, lr=5.00e-03, wd=1.00e-04
2026-07-14 20:17:07 | INFO |   TOTAL       :    256,500 optimizer params
2026-07-14 20:17:07 | INFO |   Trainable head params:       256,500
2026-07-14 20:17:07 | INFO |   Trainable visual params:           0
2026-07-14 20:17:07 | INFO | Starting training: 50 epochs, 714 batches/epoch
2026-07-14 20:17:07 | INFO | Warmup steps: 1428, Total steps: 35700, Cosine steps: 34272
2026-07-14 20:17:07 | INFO | AMP: True
2026-07-14 20:17:07 | INFO | ============================================================
2026-07-14 20:19:29 | INFO | Epoch   1/50 | Train Loss: 1.3948 | Train Acc: 0.1242 | Val Loss: 1.3288 | Val Acc: 0.1746 | head_lr: 2.50e-03 | bb_lr: 0.00e+00 | Time: 2m 21s
2026-07-14 20:19:29 | INFO |   >> New best RAW! Val Acc: 0.1746
2026-07-14 20:21:57 | INFO | Epoch   2/50 | Train Loss: 1.1256 | Train Acc: 0.3348 | Val Loss: 0.9335 | Val Acc: 0.4740 | head_lr: 5.00e-03 | bb_lr: 0.00e+00 | Time: 2m 26s
2026-07-14 20:21:57 | INFO |   >> New best RAW! Val Acc: 0.4740
2026-07-14 20:24:26 | INFO | Epoch   3/50 | Train Loss: 0.8337 | Train Acc: 0.5398 | Val Loss: 0.7603 | Val Acc: 0.5762 | head_lr: 4.99e-03 | bb_lr: 0.00e+00 | Time: 2m 27s
2026-07-14 20:24:26 | INFO |   >> New best RAW! Val Acc: 0.5762
2026-07-14 20:26:54 | INFO | Epoch   4/50 | Train Loss: 0.7137 | Train Acc: 0.6036 | Val Loss: 0.6846 | Val Acc: 0.6104 | head_lr: 4.98e-03 | bb_lr: 0.00e+00 | Time: 2m 26s
2026-07-14 20:26:54 | INFO |   >> New best RAW! Val Acc: 0.6104
2026-07-14 20:29:21 | INFO | Epoch   5/50 | Train Loss: 0.6490 | Train Acc: 0.6353 | Val Loss: 0.6411 | Val Acc: 0.6261 | head_lr: 4.95e-03 | bb_lr: 0.00e+00 | Time: 2m 25s
2026-07-14 20:29:21 | INFO |   >> New best RAW! Val Acc: 0.6261
2026-07-14 20:31:48 | INFO | Epoch   6/50 | Train Loss: 0.6121 | Train Acc: 0.6510 | Val Loss: 0.6131 | Val Acc: 0.6330 | head_lr: 4.92e-03 | bb_lr: 0.00e+00 | Time: 2m 25s
2026-07-14 20:31:48 | INFO |   >> New best RAW! Val Acc: 0.6330
2026-07-14 20:34:17 | INFO | Epoch   7/50 | Train Loss: 0.5771 | Train Acc: 0.6684 | Val Loss: 0.5904 | Val Acc: 0.6431 | head_lr: 4.87e-03 | bb_lr: 0.00e+00 | Time: 2m 26s
2026-07-14 20:34:17 | INFO |   >> New best RAW! Val Acc: 0.6431
2026-07-14 20:36:45 | INFO | Epoch   8/50 | Train Loss: 0.5540 | Train Acc: 0.6804 | Val Loss: 0.5722 | Val Acc: 0.6521 | head_lr: 4.81e-03 | bb_lr: 0.00e+00 | Time: 2m 26s
2026-07-14 20:36:45 | INFO |   >> New best RAW! Val Acc: 0.6521
2026-07-14 20:39:14 | INFO | Epoch   9/50 | Train Loss: 0.5403 | Train Acc: 0.6865 | Val Loss: 0.5583 | Val Acc: 0.6579 | head_lr: 4.74e-03 | bb_lr: 0.00e+00 | Time: 2m 27s
2026-07-14 20:39:14 | INFO |   >> New best RAW! Val Acc: 0.6579
2026-07-14 20:42:01 | INFO | Epoch  10/50 | Train Loss: 0.5260 | Train Acc: 0.6944 | Val Loss: 0.5468 | Val Acc: 0.6649 | head_lr: 4.67e-03 | bb_lr: 0.00e+00 | Time: 2m 45s
2026-07-14 20:42:01 | INFO |   >> New best RAW! Val Acc: 0.6649
2026-07-14 20:44:54 | INFO | Epoch  11/50 | Train Loss: 0.5049 | Train Acc: 0.7065 | Val Loss: 0.5364 | Val Acc: 0.6685 | head_lr: 4.58e-03 | bb_lr: 0.00e+00 | Time: 2m 50s
2026-07-14 20:44:54 | INFO |   >> New best RAW! Val Acc: 0.6685
2026-07-14 20:47:24 | INFO | Epoch  12/50 | Train Loss: 0.4862 | Train Acc: 0.7164 | Val Loss: 0.5301 | Val Acc: 0.6698 | head_lr: 4.49e-03 | bb_lr: 0.00e+00 | Time: 2m 28s
2026-07-14 20:47:24 | INFO |   >> New best RAW! Val Acc: 0.6698
2026-07-14 20:49:58 | INFO | Epoch  13/50 | Train Loss: 0.4792 | Train Acc: 0.7197 | Val Loss: 0.5224 | Val Acc: 0.6721 | head_lr: 4.39e-03 | bb_lr: 0.00e+00 | Time: 2m 31s
2026-07-14 20:49:58 | INFO |   >> New best RAW! Val Acc: 0.6721
2026-07-14 20:52:32 | INFO | Epoch  14/50 | Train Loss: 0.4751 | Train Acc: 0.7224 | Val Loss: 0.5156 | Val Acc: 0.6752 | head_lr: 4.28e-03 | bb_lr: 0.00e+00 | Time: 2m 32s
2026-07-14 20:52:32 | INFO |   >> New best RAW! Val Acc: 0.6752
2026-07-14 20:55:06 | INFO | Epoch  15/50 | Train Loss: 0.4641 | Train Acc: 0.7277 | Val Loss: 0.5107 | Val Acc: 0.6770 | head_lr: 4.16e-03 | bb_lr: 0.00e+00 | Time: 2m 31s
2026-07-14 20:55:06 | INFO |   >> New best RAW! Val Acc: 0.6770
2026-07-14 20:57:40 | INFO | Epoch  16/50 | Train Loss: 0.4549 | Train Acc: 0.7351 | Val Loss: 0.5059 | Val Acc: 0.6807 | head_lr: 4.03e-03 | bb_lr: 0.00e+00 | Time: 2m 32s
2026-07-14 20:57:40 | INFO |   >> New best RAW! Val Acc: 0.6807
2026-07-14 21:00:13 | INFO | Epoch  17/50 | Train Loss: 0.4576 | Train Acc: 0.7316 | Val Loss: 0.5020 | Val Acc: 0.6816 | head_lr: 3.90e-03 | bb_lr: 0.00e+00 | Time: 2m 31s
2026-07-14 21:00:13 | INFO |   >> New best RAW! Val Acc: 0.6816
2026-07-14 21:02:48 | INFO | Epoch  18/50 | Train Loss: 0.4404 | Train Acc: 0.7423 | Val Loss: 0.4989 | Val Acc: 0.6820 | head_lr: 3.76e-03 | bb_lr: 0.00e+00 | Time: 2m 32s
2026-07-14 21:02:48 | INFO |   >> New best RAW! Val Acc: 0.6820
2026-07-14 21:05:25 | INFO | Epoch  19/50 | Train Loss: 0.4456 | Train Acc: 0.7397 | Val Loss: 0.4955 | Val Acc: 0.6825 | head_lr: 3.62e-03 | bb_lr: 0.00e+00 | Time: 2m 35s
2026-07-14 21:05:25 | INFO |   >> New best RAW! Val Acc: 0.6825
2026-07-14 21:07:58 | INFO | Epoch  20/50 | Train Loss: 0.4341 | Train Acc: 0.7474 | Val Loss: 0.4916 | Val Acc: 0.6858 | head_lr: 3.47e-03 | bb_lr: 0.00e+00 | Time: 2m 31s
2026-07-14 21:07:58 | INFO |   >> New best RAW! Val Acc: 0.6858
2026-07-14 21:10:31 | INFO | Epoch  21/50 | Train Loss: 0.4255 | Train Acc: 0.7519 | Val Loss: 0.4892 | Val Acc: 0.6854 | head_lr: 3.32e-03 | bb_lr: 0.00e+00 | Time: 2m 30s
2026-07-14 21:10:31 | INFO |   >> No improvement for 1/10 epochs
2026-07-14 21:12:59 | INFO | Epoch  22/50 | Train Loss: 0.4301 | Train Acc: 0.7480 | Val Loss: 0.4869 | Val Acc: 0.6861 | head_lr: 3.17e-03 | bb_lr: 0.00e+00 | Time: 2m 28s
2026-07-14 21:12:59 | INFO |   >> New best RAW! Val Acc: 0.6861
2026-07-14 21:15:34 | INFO | Epoch  23/50 | Train Loss: 0.4237 | Train Acc: 0.7525 | Val Loss: 0.4853 | Val Acc: 0.6875 | head_lr: 3.01e-03 | bb_lr: 0.00e+00 | Time: 2m 32s
2026-07-14 21:15:34 | INFO |   >> New best RAW! Val Acc: 0.6875
2026-07-14 21:18:12 | INFO | Epoch  24/50 | Train Loss: 0.4136 | Train Acc: 0.7569 | Val Loss: 0.4828 | Val Acc: 0.6886 | head_lr: 2.85e-03 | bb_lr: 0.00e+00 | Time: 2m 36s
2026-07-14 21:18:12 | INFO |   >> New best RAW! Val Acc: 0.6886
2026-07-14 21:20:49 | INFO | Epoch  25/50 | Train Loss: 0.4093 | Train Acc: 0.7618 | Val Loss: 0.4806 | Val Acc: 0.6888 | head_lr: 2.69e-03 | bb_lr: 0.00e+00 | Time: 2m 35s
2026-07-14 21:20:49 | INFO |   >> New best RAW! Val Acc: 0.6888
2026-07-14 21:23:25 | INFO | Epoch  26/50 | Train Loss: 0.4118 | Train Acc: 0.7601 | Val Loss: 0.4791 | Val Acc: 0.6891 | head_lr: 2.52e-03 | bb_lr: 0.00e+00 | Time: 2m 34s
2026-07-14 21:23:25 | INFO |   >> New best RAW! Val Acc: 0.6891
2026-07-14 21:26:02 | INFO | Epoch  27/50 | Train Loss: 0.4089 | Train Acc: 0.7613 | Val Loss: 0.4778 | Val Acc: 0.6898 | head_lr: 2.36e-03 | bb_lr: 0.00e+00 | Time: 2m 35s
2026-07-14 21:26:02 | INFO |   >> New best RAW! Val Acc: 0.6898
2026-07-14 21:28:40 | INFO | Epoch  28/50 | Train Loss: 0.4087 | Train Acc: 0.7625 | Val Loss: 0.4764 | Val Acc: 0.6909 | head_lr: 2.20e-03 | bb_lr: 0.00e+00 | Time: 2m 35s
2026-07-14 21:28:40 | INFO |   >> New best RAW! Val Acc: 0.6909
2026-07-14 21:31:16 | INFO | Epoch  29/50 | Train Loss: 0.3998 | Train Acc: 0.7693 | Val Loss: 0.4749 | Val Acc: 0.6907 | head_lr: 2.04e-03 | bb_lr: 0.00e+00 | Time: 2m 35s
2026-07-14 21:31:16 | INFO |   >> No improvement for 1/10 epochs
2026-07-14 21:33:52 | INFO | Epoch  30/50 | Train Loss: 0.3983 | Train Acc: 0.7679 | Val Loss: 0.4735 | Val Acc: 0.6921 | head_lr: 1.88e-03 | bb_lr: 0.00e+00 | Time: 2m 35s
2026-07-14 21:33:52 | INFO |   >> New best RAW! Val Acc: 0.6921
2026-07-14 21:36:28 | INFO | Epoch  31/50 | Train Loss: 0.3985 | Train Acc: 0.7677 | Val Loss: 0.4723 | Val Acc: 0.6935 | head_lr: 1.73e-03 | bb_lr: 0.00e+00 | Time: 2m 33s
2026-07-14 21:36:28 | INFO |   >> New best RAW! Val Acc: 0.6935
2026-07-14 21:39:03 | INFO | Epoch  32/50 | Train Loss: 0.3898 | Train Acc: 0.7733 | Val Loss: 0.4717 | Val Acc: 0.6929 | head_lr: 1.58e-03 | bb_lr: 0.00e+00 | Time: 2m 33s
2026-07-14 21:39:03 | INFO |   >> No improvement for 1/10 epochs
2026-07-14 21:41:39 | INFO | Epoch  33/50 | Train Loss: 0.4014 | Train Acc: 0.7670 | Val Loss: 0.4708 | Val Acc: 0.6935 | head_lr: 1.43e-03 | bb_lr: 0.00e+00 | Time: 2m 34s
2026-07-14 21:41:39 | INFO |   >> No improvement for 2/10 epochs
2026-07-14 21:44:15 | INFO | Epoch  34/50 | Train Loss: 0.3950 | Train Acc: 0.7694 | Val Loss: 0.4700 | Val Acc: 0.6936 | head_lr: 1.29e-03 | bb_lr: 0.00e+00 | Time: 2m 35s
2026-07-14 21:44:15 | INFO |   >> New best RAW! Val Acc: 0.6936
2026-07-14 21:46:52 | INFO | Epoch  35/50 | Train Loss: 0.3980 | Train Acc: 0.7702 | Val Loss: 0.4694 | Val Acc: 0.6935 | head_lr: 1.15e-03 | bb_lr: 0.00e+00 | Time: 2m 34s
2026-07-14 21:46:52 | INFO |   >> No improvement for 1/10 epochs
2026-07-14 21:49:28 | INFO | Epoch  36/50 | Train Loss: 0.3857 | Train Acc: 0.7758 | Val Loss: 0.4687 | Val Acc: 0.6946 | head_lr: 1.02e-03 | bb_lr: 0.00e+00 | Time: 2m 35s
2026-07-14 21:49:28 | INFO |   >> New best RAW! Val Acc: 0.6946
2026-07-14 21:52:07 | INFO | Epoch  37/50 | Train Loss: 0.3895 | Train Acc: 0.7735 | Val Loss: 0.4683 | Val Acc: 0.6942 | head_lr: 8.93e-04 | bb_lr: 0.00e+00 | Time: 2m 36s
2026-07-14 21:52:07 | INFO |   >> No improvement for 1/10 epochs
2026-07-14 21:54:47 | INFO | Epoch  38/50 | Train Loss: 0.3883 | Train Acc: 0.7753 | Val Loss: 0.4680 | Val Acc: 0.6946 | head_lr: 7.75e-04 | bb_lr: 0.00e+00 | Time: 2m 39s
2026-07-14 21:54:47 | INFO |   >> New best RAW! Val Acc: 0.6946
2026-07-14 21:57:25 | INFO | Epoch  39/50 | Train Loss: 0.3871 | Train Acc: 0.7758 | Val Loss: 0.4677 | Val Acc: 0.6946 | head_lr: 6.64e-04 | bb_lr: 0.00e+00 | Time: 2m 35s
2026-07-14 21:57:25 | INFO |   >> No improvement for 1/10 epochs
2026-07-14 22:00:00 | INFO | Epoch  40/50 | Train Loss: 0.3816 | Train Acc: 0.7771 | Val Loss: 0.4673 | Val Acc: 0.6954 | head_lr: 5.61e-04 | bb_lr: 0.00e+00 | Time: 2m 34s
2026-07-14 22:00:00 | INFO |   >> New best RAW! Val Acc: 0.6954
2026-07-14 22:02:41 | INFO | Epoch  41/50 | Train Loss: 0.3913 | Train Acc: 0.7731 | Val Loss: 0.4670 | Val Acc: 0.6953 | head_lr: 4.67e-04 | bb_lr: 0.00e+00 | Time: 2m 39s
2026-07-14 22:02:41 | INFO |   >> No improvement for 1/10 epochs
2026-07-14 22:05:22 | INFO | Epoch  42/50 | Train Loss: 0.3861 | Train Acc: 0.7770 | Val Loss: 0.4669 | Val Acc: 0.6951 | head_lr: 3.82e-04 | bb_lr: 0.00e+00 | Time: 2m 40s
2026-07-14 22:05:22 | INFO |   >> No improvement for 2/10 epochs
2026-07-14 22:07:57 | INFO | Epoch  43/50 | Train Loss: 0.3902 | Train Acc: 0.7734 | Val Loss: 0.4667 | Val Acc: 0.6953 | head_lr: 3.05e-04 | bb_lr: 0.00e+00 | Time: 2m 33s
2026-07-14 22:07:57 | INFO |   >> No improvement for 3/10 epochs
2026-07-14 22:10:36 | INFO | Epoch  44/50 | Train Loss: 0.3910 | Train Acc: 0.7740 | Val Loss: 0.4666 | Val Acc: 0.6961 | head_lr: 2.38e-04 | bb_lr: 0.00e+00 | Time: 2m 38s
2026-07-14 22:10:36 | INFO |   >> New best RAW! Val Acc: 0.6961
2026-07-14 22:13:15 | INFO | Epoch  45/50 | Train Loss: 0.3815 | Train Acc: 0.7793 | Val Loss: 0.4665 | Val Acc: 0.6955 | head_lr: 1.81e-04 | bb_lr: 0.00e+00 | Time: 2m 37s
2026-07-14 22:13:15 | INFO |   >> No improvement for 1/10 epochs
2026-07-14 22:15:54 | INFO | Epoch  46/50 | Train Loss: 0.3793 | Train Acc: 0.7799 | Val Loss: 0.4665 | Val Acc: 0.6954 | head_lr: 1.34e-04 | bb_lr: 0.00e+00 | Time: 2m 37s
2026-07-14 22:15:54 | INFO |   >> No improvement for 2/10 epochs
2026-07-14 22:18:33 | INFO | Epoch  47/50 | Train Loss: 0.3805 | Train Acc: 0.7791 | Val Loss: 0.4664 | Val Acc: 0.6955 | head_lr: 9.76e-05 | bb_lr: 0.00e+00 | Time: 2m 38s
2026-07-14 22:18:33 | INFO |   >> No improvement for 3/10 epochs
2026-07-14 22:21:16 | INFO | Epoch  48/50 | Train Loss: 0.3766 | Train Acc: 0.7813 | Val Loss: 0.4664 | Val Acc: 0.6953 | head_lr: 7.12e-05 | bb_lr: 0.00e+00 | Time: 2m 42s
2026-07-14 22:21:16 | INFO |   >> No improvement for 4/10 epochs
2026-07-14 22:23:55 | INFO | Epoch  49/50 | Train Loss: 0.3860 | Train Acc: 0.7750 | Val Loss: 0.4663 | Val Acc: 0.6953 | head_lr: 5.53e-05 | bb_lr: 0.00e+00 | Time: 2m 38s
2026-07-14 22:23:55 | INFO |   >> No improvement for 5/10 epochs
2026-07-14 22:26:38 | INFO | Epoch  50/50 | Train Loss: 0.3732 | Train Acc: 0.7837 | Val Loss: 0.4663 | Val Acc: 0.6955 | head_lr: 5.00e-05 | bb_lr: 0.00e+00 | Time: 2m 42s
2026-07-14 22:26:38 | INFO |   >> No improvement for 6/10 epochs
2026-07-14 22:26:38 | INFO | ============================================================
2026-07-14 22:26:38 | INFO | Training complete! Total time: 2h 9m 31s
2026-07-14 22:26:38 | INFO | Best validation accuracy: 0.6961
2026-07-14 22:26:38 | INFO | Best model saved to: outputs/w1_gce07_mixup/seed42/checkpoints/best.pt
2026-07-14 22:26:38 | INFO | Training log saved to: outputs/w1_gce07_mixup/seed42/logs/train_log.csv
2026-07-14 22:26:39 | INFO | Reloaded best checkpoint for post-training evaluation: outputs/w1_gce07_mixup/seed42/checkpoints/best.pt (epoch=44, best_val_acc=0.69610314)
2026-07-14 22:26:39 | INFO | Running post-training per-class evaluation...
2026-07-14 22:26:59 | INFO | Eval results saved to: outputs/w1_gce07_mixup/seed42/checkpoints/eval_results.json
2026-07-14 22:26:59 | INFO | Artifact manifest saved to: outputs/w1_gce07_mixup/seed42/checkpoints/artifact_manifest.json
2026-07-14 22:26:59 | INFO | Per-class metrics saved to: outputs/w1_gce07_mixup/seed42/checkpoints/per_class_metrics.csv
2026-07-14 22:27:19 | INFO | Prediction records saved to: outputs/w1_gce07_mixup/seed42/checkpoints/prediction_records.csv
