2026-07-13 22:15:20 | INFO | Using device: cuda
2026-07-13 22:15:20 | INFO | Configuration: configs/w2_ema_loss.yaml
2026-07-13 22:15:20 | INFO | Train seed: 42
2026-07-13 22:15:20 | INFO | Resolved runtime: experiment_id=w2_ema_loss, mode=dev, head_type=linear, augmentation=a0, cached=False
2026-07-13 22:15:23 | INFO | Total parameters:     88,105,716
2026-07-13 22:15:23 | INFO | Trainable parameters: 256,500
2026-07-13 22:15:26 | INFO | Using config epochs: 50 (dev mode)
2026-07-13 22:15:26 | INFO | Loss: gce (reduction=mean)
2026-07-13 22:15:26 | INFO | Optimizer parameter groups:
2026-07-13 22:15:26 | INFO |   head        :    256,500 params, lr=5.00e-03, wd=1.00e-04
2026-07-13 22:15:26 | INFO |   TOTAL       :    256,500 optimizer params
2026-07-13 22:15:26 | INFO |   Trainable head params:       256,500
2026-07-13 22:15:26 | INFO |   Trainable visual params:           0
2026-07-13 22:15:26 | INFO | Resumed from epoch 13, best val acc: 0.6715
2026-07-13 22:15:26 | INFO | Starting training: 50 epochs, 714 batches/epoch
2026-07-13 22:15:26 | INFO | Warmup steps: 1428, Total steps: 35700, Cosine steps: 34272
2026-07-13 22:15:26 | INFO | AMP: True
2026-07-13 22:15:26 | INFO | ============================================================
2026-07-13 22:17:48 | INFO | Epoch  14/50 | Train Loss: 0.4248 | Train Acc: 0.7383 | Val Loss: 0.5163 | Val Acc: 0.6733 | head_lr: 4.28e-03 | bb_lr: 0.00e+00 | Time: 2m 22s
2026-07-13 22:17:48 | INFO |   >> New best RAW! Val Acc: 0.6733
2026-07-13 22:20:22 | INFO | Epoch  15/50 | Train Loss: 0.4164 | Train Acc: 0.7424 | Val Loss: 0.5108 | Val Acc: 0.6774 | head_lr: 4.16e-03 | bb_lr: 0.00e+00 | Time: 2m 32s
2026-07-13 22:20:22 | INFO |   >> New best RAW! Val Acc: 0.6774
2026-07-13 22:22:55 | INFO | Epoch  16/50 | Train Loss: 0.4082 | Train Acc: 0.7470 | Val Loss: 0.5059 | Val Acc: 0.6800 | head_lr: 4.03e-03 | bb_lr: 0.00e+00 | Time: 2m 31s
2026-07-13 22:22:55 | INFO |   >> New best RAW! Val Acc: 0.6800
2026-07-13 22:25:28 | INFO | Epoch  17/50 | Train Loss: 0.4015 | Train Acc: 0.7520 | Val Loss: 0.5024 | Val Acc: 0.6803 | head_lr: 3.90e-03 | bb_lr: 0.00e+00 | Time: 2m 29s
2026-07-13 22:25:28 | INFO |   >> New best RAW! Val Acc: 0.6803
2026-07-13 22:27:58 | INFO | Epoch  18/50 | Train Loss: 0.3948 | Train Acc: 0.7551 | Val Loss: 0.4984 | Val Acc: 0.6818 | head_lr: 3.76e-03 | bb_lr: 0.00e+00 | Time: 2m 29s
2026-07-13 22:27:58 | INFO |   >> New best RAW! Val Acc: 0.6818
2026-07-13 22:30:32 | INFO | Epoch  19/50 | Train Loss: 0.3893 | Train Acc: 0.7590 | Val Loss: 0.4953 | Val Acc: 0.6824 | head_lr: 3.62e-03 | bb_lr: 0.00e+00 | Time: 2m 31s
2026-07-13 22:30:32 | INFO |   >> New best RAW! Val Acc: 0.6824
2026-07-13 22:33:03 | INFO | Epoch  20/50 | Train Loss: 0.3833 | Train Acc: 0.7622 | Val Loss: 0.4922 | Val Acc: 0.6825 | head_lr: 3.47e-03 | bb_lr: 0.00e+00 | Time: 2m 29s
2026-07-13 22:33:03 | INFO |   >> New best RAW! Val Acc: 0.6825
2026-07-13 22:35:33 | INFO | Epoch  21/50 | Train Loss: 0.3775 | Train Acc: 0.7654 | Val Loss: 0.4892 | Val Acc: 0.6857 | head_lr: 3.32e-03 | bb_lr: 0.00e+00 | Time: 2m 28s
2026-07-13 22:35:33 | INFO |   >> New best RAW! Val Acc: 0.6857
2026-07-13 22:38:04 | INFO | Epoch  22/50 | Train Loss: 0.3739 | Train Acc: 0.7682 | Val Loss: 0.4870 | Val Acc: 0.6867 | head_lr: 3.17e-03 | bb_lr: 0.00e+00 | Time: 2m 29s
2026-07-13 22:38:04 | INFO |   >> New best RAW! Val Acc: 0.6867
2026-07-13 22:40:36 | INFO | Epoch  23/50 | Train Loss: 0.3690 | Train Acc: 0.7710 | Val Loss: 0.4843 | Val Acc: 0.6898 | head_lr: 3.01e-03 | bb_lr: 0.00e+00 | Time: 2m 30s
2026-07-13 22:40:36 | INFO |   >> New best RAW! Val Acc: 0.6898
2026-07-13 22:43:09 | INFO | Epoch  24/50 | Train Loss: 0.3647 | Train Acc: 0.7738 | Val Loss: 0.4817 | Val Acc: 0.6901 | head_lr: 2.85e-03 | bb_lr: 0.00e+00 | Time: 2m 30s
2026-07-13 22:43:09 | INFO |   >> New best RAW! Val Acc: 0.6901
2026-07-13 22:45:46 | INFO | Epoch  25/50 | Train Loss: 0.3613 | Train Acc: 0.7753 | Val Loss: 0.4809 | Val Acc: 0.6902 | head_lr: 2.69e-03 | bb_lr: 0.00e+00 | Time: 2m 35s
2026-07-13 22:45:46 | INFO |   >> New best RAW! Val Acc: 0.6902
2026-07-13 22:48:28 | INFO | Epoch  26/50 | Train Loss: 0.3582 | Train Acc: 0.7773 | Val Loss: 0.4790 | Val Acc: 0.6912 | head_lr: 2.52e-03 | bb_lr: 0.00e+00 | Time: 2m 39s
2026-07-13 22:48:28 | INFO |   >> New best RAW! Val Acc: 0.6912
2026-07-13 22:51:09 | INFO | Epoch  27/50 | Train Loss: 0.3555 | Train Acc: 0.7794 | Val Loss: 0.4772 | Val Acc: 0.6915 | head_lr: 2.36e-03 | bb_lr: 0.00e+00 | Time: 2m 39s
2026-07-13 22:51:09 | INFO |   >> New best RAW! Val Acc: 0.6915
2026-07-13 22:53:50 | INFO | Epoch  28/50 | Train Loss: 0.3527 | Train Acc: 0.7815 | Val Loss: 0.4758 | Val Acc: 0.6917 | head_lr: 2.20e-03 | bb_lr: 0.00e+00 | Time: 2m 38s
2026-07-13 22:53:50 | INFO |   >> New best RAW! Val Acc: 0.6917
2026-07-13 22:56:32 | INFO | Epoch  29/50 | Train Loss: 0.3494 | Train Acc: 0.7831 | Val Loss: 0.4750 | Val Acc: 0.6921 | head_lr: 2.04e-03 | bb_lr: 0.00e+00 | Time: 2m 39s
2026-07-13 22:56:32 | INFO |   >> New best RAW! Val Acc: 0.6921
2026-07-13 22:59:12 | INFO | Epoch  30/50 | Train Loss: 0.3474 | Train Acc: 0.7844 | Val Loss: 0.4736 | Val Acc: 0.6925 | head_lr: 1.88e-03 | bb_lr: 0.00e+00 | Time: 2m 36s
2026-07-13 22:59:12 | INFO |   >> New best RAW! Val Acc: 0.6925
2026-07-13 23:01:52 | INFO | Epoch  31/50 | Train Loss: 0.3447 | Train Acc: 0.7859 | Val Loss: 0.4729 | Val Acc: 0.6917 | head_lr: 1.73e-03 | bb_lr: 0.00e+00 | Time: 2m 37s
2026-07-13 23:01:52 | INFO |   >> No improvement for 1/10 epochs
2026-07-13 23:04:25 | INFO | Epoch  32/50 | Train Loss: 0.3431 | Train Acc: 0.7872 | Val Loss: 0.4719 | Val Acc: 0.6928 | head_lr: 1.58e-03 | bb_lr: 0.00e+00 | Time: 2m 32s
2026-07-13 23:04:25 | INFO |   >> New best RAW! Val Acc: 0.6928
2026-07-13 23:07:01 | INFO | Epoch  33/50 | Train Loss: 0.3417 | Train Acc: 0.7882 | Val Loss: 0.4709 | Val Acc: 0.6930 | head_lr: 1.43e-03 | bb_lr: 0.00e+00 | Time: 2m 34s
2026-07-13 23:07:01 | INFO |   >> New best RAW! Val Acc: 0.6930
2026-07-13 23:09:38 | INFO | Epoch  34/50 | Train Loss: 0.3401 | Train Acc: 0.7896 | Val Loss: 0.4704 | Val Acc: 0.6930 | head_lr: 1.29e-03 | bb_lr: 0.00e+00 | Time: 2m 35s
2026-07-13 23:09:38 | INFO |   >> No improvement for 1/10 epochs
2026-07-13 23:12:24 | INFO | Epoch  35/50 | Train Loss: 0.3383 | Train Acc: 0.7899 | Val Loss: 0.4696 | Val Acc: 0.6942 | head_lr: 1.15e-03 | bb_lr: 0.00e+00 | Time: 2m 45s
2026-07-13 23:12:24 | INFO |   >> New best RAW! Val Acc: 0.6942
2026-07-13 23:15:08 | INFO | Epoch  36/50 | Train Loss: 0.3377 | Train Acc: 0.7909 | Val Loss: 0.4693 | Val Acc: 0.6937 | head_lr: 1.02e-03 | bb_lr: 0.00e+00 | Time: 2m 42s
2026-07-13 23:15:08 | INFO |   >> No improvement for 1/10 epochs
2026-07-13 23:17:50 | INFO | Epoch  37/50 | Train Loss: 0.3363 | Train Acc: 0.7917 | Val Loss: 0.4687 | Val Acc: 0.6937 | head_lr: 8.93e-04 | bb_lr: 0.00e+00 | Time: 2m 41s
2026-07-13 23:17:50 | INFO |   >> No improvement for 2/10 epochs
2026-07-13 23:20:33 | INFO | Epoch  38/50 | Train Loss: 0.3352 | Train Acc: 0.7923 | Val Loss: 0.4683 | Val Acc: 0.6939 | head_lr: 7.75e-04 | bb_lr: 0.00e+00 | Time: 2m 42s
2026-07-13 23:20:33 | INFO |   >> No improvement for 3/10 epochs
2026-07-13 23:23:17 | INFO | Epoch  39/50 | Train Loss: 0.3344 | Train Acc: 0.7928 | Val Loss: 0.4680 | Val Acc: 0.6939 | head_lr: 6.64e-04 | bb_lr: 0.00e+00 | Time: 2m 43s
2026-07-13 23:23:17 | INFO |   >> No improvement for 4/10 epochs
2026-07-13 23:25:59 | INFO | Epoch  40/50 | Train Loss: 0.3335 | Train Acc: 0.7934 | Val Loss: 0.4677 | Val Acc: 0.6938 | head_lr: 5.61e-04 | bb_lr: 0.00e+00 | Time: 2m 41s
2026-07-13 23:25:59 | INFO |   >> No improvement for 5/10 epochs
2026-07-13 23:28:41 | INFO | Epoch  41/50 | Train Loss: 0.3334 | Train Acc: 0.7938 | Val Loss: 0.4675 | Val Acc: 0.6944 | head_lr: 4.67e-04 | bb_lr: 0.00e+00 | Time: 2m 41s
2026-07-13 23:28:41 | INFO |   >> New best RAW! Val Acc: 0.6944
2026-07-13 23:31:25 | INFO | Epoch  42/50 | Train Loss: 0.3322 | Train Acc: 0.7942 | Val Loss: 0.4673 | Val Acc: 0.6943 | head_lr: 3.82e-04 | bb_lr: 0.00e+00 | Time: 2m 41s
2026-07-13 23:31:25 | INFO |   >> No improvement for 1/10 epochs
2026-07-13 23:34:05 | INFO | Epoch  43/50 | Train Loss: 0.3311 | Train Acc: 0.7946 | Val Loss: 0.4671 | Val Acc: 0.6941 | head_lr: 3.05e-04 | bb_lr: 0.00e+00 | Time: 2m 39s
2026-07-13 23:34:05 | INFO |   >> No improvement for 2/10 epochs
2026-07-13 23:36:46 | INFO | Epoch  44/50 | Train Loss: 0.3314 | Train Acc: 0.7948 | Val Loss: 0.4670 | Val Acc: 0.6942 | head_lr: 2.38e-04 | bb_lr: 0.00e+00 | Time: 2m 40s
2026-07-13 23:36:46 | INFO |   >> No improvement for 3/10 epochs
2026-07-13 23:39:27 | INFO | Epoch  45/50 | Train Loss: 0.3315 | Train Acc: 0.7949 | Val Loss: 0.4669 | Val Acc: 0.6939 | head_lr: 1.81e-04 | bb_lr: 0.00e+00 | Time: 2m 40s
2026-07-13 23:39:27 | INFO |   >> No improvement for 4/10 epochs
2026-07-13 23:42:09 | INFO | Epoch  46/50 | Train Loss: 0.3301 | Train Acc: 0.7953 | Val Loss: 0.4669 | Val Acc: 0.6940 | head_lr: 1.34e-04 | bb_lr: 0.00e+00 | Time: 2m 41s
2026-07-13 23:42:09 | INFO |   >> No improvement for 5/10 epochs
2026-07-13 23:44:52 | INFO | Epoch  47/50 | Train Loss: 0.3300 | Train Acc: 0.7953 | Val Loss: 0.4668 | Val Acc: 0.6938 | head_lr: 9.76e-05 | bb_lr: 0.00e+00 | Time: 2m 41s
2026-07-13 23:44:52 | INFO |   >> No improvement for 6/10 epochs
2026-07-13 23:47:35 | INFO | Epoch  48/50 | Train Loss: 0.3303 | Train Acc: 0.7955 | Val Loss: 0.4668 | Val Acc: 0.6941 | head_lr: 7.12e-05 | bb_lr: 0.00e+00 | Time: 2m 42s
2026-07-13 23:47:35 | INFO |   >> No improvement for 7/10 epochs
2026-07-13 23:50:22 | INFO | Epoch  49/50 | Train Loss: 0.3303 | Train Acc: 0.7955 | Val Loss: 0.4668 | Val Acc: 0.6939 | head_lr: 5.53e-05 | bb_lr: 0.00e+00 | Time: 2m 46s
2026-07-13 23:50:22 | INFO |   >> No improvement for 8/10 epochs
2026-07-13 23:53:11 | INFO | Epoch  50/50 | Train Loss: 0.3307 | Train Acc: 0.7956 | Val Loss: 0.4668 | Val Acc: 0.6939 | head_lr: 5.00e-05 | bb_lr: 0.00e+00 | Time: 2m 48s
2026-07-13 23:53:11 | INFO |   >> No improvement for 9/10 epochs
2026-07-13 23:53:11 | INFO | ============================================================
2026-07-13 23:53:11 | INFO | Training complete! Total time: 1h 37m 45s
2026-07-13 23:53:11 | INFO | Best validation accuracy: 0.6944
2026-07-13 23:53:11 | INFO | Best model saved to: outputs/w2_ema_loss/seed42/checkpoints/best.pt
2026-07-13 23:53:11 | INFO | Training log saved to: outputs/w2_ema_loss/seed42/logs/train_log.csv
2026-07-13 23:53:12 | INFO | Reloaded best checkpoint for post-training evaluation: outputs/w2_ema_loss/seed42/checkpoints/best.pt (epoch=41, best_val_acc=0.69435828)
2026-07-13 23:53:12 | INFO | Running post-training per-class evaluation...
2026-07-13 23:53:32 | INFO | Eval results saved to: outputs/w2_ema_loss/seed42/checkpoints/eval_results.json
