2026-07-12 17:52:44 | INFO | Using device: cuda
2026-07-12 17:52:44 | INFO | Configuration: configs/f0_strict.yaml
2026-07-12 17:52:44 | INFO | Train seed: 42
2026-07-12 17:52:44 | INFO | Resolved runtime: experiment_id=F0_STRICT, mode=dev, head_type=linear, augmentation=a0, cached=False
2026-07-12 17:52:46 | INFO | Total parameters:     88,105,716
2026-07-12 17:52:46 | INFO | Trainable parameters: 256,500
2026-07-12 17:52:48 | INFO | Using config epochs: 50 (dev mode)
2026-07-12 17:52:48 | INFO | Optimizer parameter groups:
2026-07-12 17:52:48 | INFO |   head        :    256,500 params, lr=3.00e-04, wd=1.00e-04
2026-07-12 17:52:48 | INFO |   TOTAL       :    256,500 optimizer params
2026-07-12 17:52:48 | INFO |   Trainable head params:       256,500
2026-07-12 17:52:48 | INFO |   Trainable visual params:           0
2026-07-12 17:52:48 | INFO | Initializing model weights from: outputs/d3_strict/seed42/checkpoints/best.pt
2026-07-12 17:52:49 | INFO | Model weights loaded with exact key match.
2026-07-12 17:52:49 | INFO | Running split lineage audit...
2026-07-12 17:52:49 | INFO |   Parent: outputs/d3_strict
2026-07-12 17:52:49 | INFO |   Parent split: outputs/d3_strict/seed42
2026-07-12 17:52:49 | INFO |   Child split:  outputs/d3_strict/seed42
2026-07-12 17:52:49 | INFO | Split lineage audit: protocol_valid = True
2026-07-12 17:52:49 | INFO | ============================================================
2026-07-12 17:52:49 | INFO | Epoch-0 validation gate: verifying loaded checkpoint
2026-07-12 17:53:06 | INFO | Epoch 0   | Val Loss: 1.3280 | Val Acc: 0.7066
2026-07-12 17:53:06 | INFO | Epoch-0 validation gate PASSED: delta=0.000000 <= 0.0005
2026-07-12 17:53:06 | INFO | ============================================================
2026-07-12 17:53:06 | INFO | Starting training: 50 epochs, 714 batches/epoch
2026-07-12 17:53:06 | INFO | Warmup steps: 1428, Total steps: 35700, Cosine steps: 34272
2026-07-12 17:53:06 | INFO | AMP: True
2026-07-12 17:53:06 | INFO | ============================================================
2026-07-12 17:55:28 | INFO | Epoch   1/50 | Train Loss: 0.8414 | Train Acc: 0.8221 | Val Loss: 1.3279 | Val Acc: 0.7061 | head_lr: 1.50e-04 | bb_lr: 0.00e+00 | Time: 2m 21s
2026-07-12 17:55:28 | INFO |   >> New best model! Val Acc: 0.7061
2026-07-12 17:57:52 | INFO | Epoch   2/50 | Train Loss: 0.8422 | Train Acc: 0.8219 | Val Loss: 1.3277 | Val Acc: 0.7053 | head_lr: 3.00e-04 | bb_lr: 0.00e+00 | Time: 2m 23s
2026-07-12 17:57:52 | INFO |   >> No improvement for 1/10 epochs
2026-07-12 18:00:18 | INFO | Epoch   3/50 | Train Loss: 0.8422 | Train Acc: 0.8219 | Val Loss: 1.3273 | Val Acc: 0.7063 | head_lr: 3.00e-04 | bb_lr: 0.00e+00 | Time: 2m 26s
2026-07-12 18:00:18 | INFO |   >> New best model! Val Acc: 0.7063
2026-07-12 18:02:45 | INFO | Epoch   4/50 | Train Loss: 0.8414 | Train Acc: 0.8217 | Val Loss: 1.3270 | Val Acc: 0.7059 | head_lr: 2.99e-04 | bb_lr: 0.00e+00 | Time: 2m 26s
2026-07-12 18:02:45 | INFO |   >> No improvement for 1/10 epochs
2026-07-12 18:05:12 | INFO | Epoch   5/50 | Train Loss: 0.8406 | Train Acc: 0.8224 | Val Loss: 1.3268 | Val Acc: 0.7064 | head_lr: 2.97e-04 | bb_lr: 0.00e+00 | Time: 2m 25s
2026-07-12 18:05:12 | INFO |   >> New best model! Val Acc: 0.7064
2026-07-12 18:07:38 | INFO | Epoch   6/50 | Train Loss: 0.8399 | Train Acc: 0.8222 | Val Loss: 1.3266 | Val Acc: 0.7055 | head_lr: 2.95e-04 | bb_lr: 0.00e+00 | Time: 2m 24s
2026-07-12 18:07:38 | INFO |   >> No improvement for 1/10 epochs
2026-07-12 18:10:03 | INFO | Epoch   7/50 | Train Loss: 0.8390 | Train Acc: 0.8224 | Val Loss: 1.3265 | Val Acc: 0.7063 | head_lr: 2.92e-04 | bb_lr: 0.00e+00 | Time: 2m 25s
2026-07-12 18:10:03 | INFO |   >> No improvement for 2/10 epochs
2026-07-12 18:12:31 | INFO | Epoch   8/50 | Train Loss: 0.8383 | Train Acc: 0.8225 | Val Loss: 1.3262 | Val Acc: 0.7059 | head_lr: 2.89e-04 | bb_lr: 0.00e+00 | Time: 2m 27s
2026-07-12 18:12:31 | INFO |   >> No improvement for 3/10 epochs
2026-07-12 18:14:55 | INFO | Epoch   9/50 | Train Loss: 0.8375 | Train Acc: 0.8230 | Val Loss: 1.3261 | Val Acc: 0.7055 | head_lr: 2.85e-04 | bb_lr: 0.00e+00 | Time: 2m 23s
2026-07-12 18:14:55 | INFO |   >> No improvement for 4/10 epochs
2026-07-12 18:17:20 | INFO | Epoch  10/50 | Train Loss: 0.8367 | Train Acc: 0.8231 | Val Loss: 1.3259 | Val Acc: 0.7057 | head_lr: 2.80e-04 | bb_lr: 0.00e+00 | Time: 2m 24s
2026-07-12 18:17:20 | INFO |   >> No improvement for 5/10 epochs
2026-07-12 18:19:46 | INFO | Epoch  11/50 | Train Loss: 0.8359 | Train Acc: 0.8232 | Val Loss: 1.3257 | Val Acc: 0.7061 | head_lr: 2.75e-04 | bb_lr: 0.00e+00 | Time: 2m 25s
2026-07-12 18:19:46 | INFO |   >> No improvement for 6/10 epochs
2026-07-12 18:22:13 | INFO | Epoch  12/50 | Train Loss: 0.8352 | Train Acc: 0.8232 | Val Loss: 1.3257 | Val Acc: 0.7062 | head_lr: 2.69e-04 | bb_lr: 0.00e+00 | Time: 2m 26s
2026-07-12 18:22:13 | INFO |   >> No improvement for 7/10 epochs
2026-07-12 18:24:38 | INFO | Epoch  13/50 | Train Loss: 0.8344 | Train Acc: 0.8235 | Val Loss: 1.3256 | Val Acc: 0.7058 | head_lr: 2.63e-04 | bb_lr: 0.00e+00 | Time: 2m 24s
2026-07-12 18:24:38 | INFO |   >> No improvement for 8/10 epochs
2026-07-12 18:27:01 | INFO | Epoch  14/50 | Train Loss: 0.8337 | Train Acc: 0.8235 | Val Loss: 1.3254 | Val Acc: 0.7059 | head_lr: 2.57e-04 | bb_lr: 0.00e+00 | Time: 2m 22s
2026-07-12 18:27:01 | INFO |   >> No improvement for 9/10 epochs
2026-07-12 18:29:26 | INFO | Epoch  15/50 | Train Loss: 0.8330 | Train Acc: 0.8237 | Val Loss: 1.3253 | Val Acc: 0.7055 | head_lr: 2.49e-04 | bb_lr: 0.00e+00 | Time: 2m 24s
2026-07-12 18:29:26 | INFO |   >> No improvement for 10/10 epochs
2026-07-12 18:29:26 | INFO | Early stopping triggered at epoch 15 (no improvement for 10 epochs). Best val acc: 0.7064 at epoch 5.
2026-07-12 18:29:26 | INFO | ============================================================
2026-07-12 18:29:26 | INFO | Training complete! Total time: 36m 20s
2026-07-12 18:29:26 | INFO | Best validation accuracy: 0.7064
2026-07-12 18:29:26 | INFO | Best model saved to: outputs/f0_strict/seed42/checkpoints/best.pt
2026-07-12 18:29:26 | INFO | Training log saved to: outputs/f0_strict/seed42/logs/train_log.csv
2026-07-12 18:29:26 | INFO | Running post-training per-class evaluation...
2026-07-12 18:29:45 | INFO | Eval results saved to: outputs/f0_strict/seed42/checkpoints/eval_results.json
