2026-07-11 22:14:01 | INFO | Using device: cuda
2026-07-11 22:14:01 | INFO | Configuration: configs/f1_ln_proj.yaml
2026-07-11 22:14:01 | INFO | Train seed: 42
2026-07-11 22:14:01 | INFO | Resolved runtime: experiment_id=F1_LN_PROJ, mode=dev, head_type=linear, augmentation=a0, cached=False
2026-07-11 22:14:03 | INFO | Total parameters:     88,105,716
2026-07-11 22:14:03 | INFO | Trainable parameters: 651,252
2026-07-11 22:14:06 | INFO | Using config epochs: 50 (dev mode)
2026-07-11 22:14:06 | INFO | Optimizer parameter groups:
2026-07-11 22:14:06 | INFO |   head        :    256,500 params, lr=3.00e-04, wd=1.00e-04
2026-07-11 22:14:06 | INFO |   backbone    :    394,752 params, lr=1.00e-05, wd=1.00e-02
2026-07-11 22:14:06 | INFO |   TOTAL       :    651,252 optimizer params
2026-07-11 22:14:06 | INFO |   Trainable head params:       256,500
2026-07-11 22:14:06 | INFO |   Trainable visual params:     394,752
2026-07-11 22:14:06 | INFO | Initializing model weights from: outputs/d3/checkpoints/best.pt
2026-07-11 22:14:06 | INFO | Model weights loaded with exact key match.
2026-07-11 22:14:06 | INFO | Starting training: 50 epochs, 728 batches/epoch
2026-07-11 22:14:06 | INFO | Warmup steps: 1456, Total steps: 36400, Cosine steps: 34944
2026-07-11 22:14:06 | INFO | AMP: True
2026-07-11 22:14:06 | INFO | ============================================================
2026-07-11 22:16:28 | INFO | Epoch   1/50 | Train Loss: 0.9186 | Train Acc: 0.8004 | Val Loss: 0.9073 | Val Acc: 0.8005 | head_lr: 1.50e-04 | bb_lr: 5.00e-06 | Time: 2m 22s
2026-07-11 22:16:28 | INFO |   >> New best model! Val Acc: 0.8005
2026-07-11 22:18:59 | INFO | Epoch   2/50 | Train Loss: 0.8915 | Train Acc: 0.8006 | Val Loss: 0.8909 | Val Acc: 0.7993 | head_lr: 3.00e-04 | bb_lr: 1.00e-05 | Time: 2m 29s
2026-07-11 22:18:59 | INFO |   >> No improvement for 1/10 epochs
2026-07-11 22:21:29 | INFO | Epoch   3/50 | Train Loss: 0.8644 | Train Acc: 0.8027 | Val Loss: 0.8850 | Val Acc: 0.8013 | head_lr: 3.00e-04 | bb_lr: 9.99e-06 | Time: 2m 28s
2026-07-11 22:21:29 | INFO |   >> New best model! Val Acc: 0.8013
2026-07-11 22:23:59 | INFO | Epoch   4/50 | Train Loss: 0.8397 | Train Acc: 0.8078 | Val Loss: 0.8848 | Val Acc: 0.7972 | head_lr: 2.99e-04 | bb_lr: 9.96e-06 | Time: 2m 28s
2026-07-11 22:23:59 | INFO |   >> No improvement for 1/10 epochs
2026-07-11 22:26:30 | INFO | Epoch   5/50 | Train Loss: 0.8183 | Train Acc: 0.8109 | Val Loss: 0.8815 | Val Acc: 0.7960 | head_lr: 2.97e-04 | bb_lr: 9.90e-06 | Time: 2m 31s
2026-07-11 22:26:30 | INFO |   >> No improvement for 2/10 epochs
2026-07-11 22:29:08 | INFO | Epoch   6/50 | Train Loss: 0.7998 | Train Acc: 0.8155 | Val Loss: 0.8847 | Val Acc: 0.7958 | head_lr: 2.95e-04 | bb_lr: 9.83e-06 | Time: 2m 37s
2026-07-11 22:29:08 | INFO |   >> No improvement for 3/10 epochs
2026-07-11 22:31:42 | INFO | Epoch   7/50 | Train Loss: 0.7824 | Train Acc: 0.8188 | Val Loss: 0.8862 | Val Acc: 0.7932 | head_lr: 2.92e-04 | bb_lr: 9.74e-06 | Time: 2m 33s
2026-07-11 22:31:42 | INFO |   >> No improvement for 4/10 epochs
2026-07-11 22:34:17 | INFO | Epoch   8/50 | Train Loss: 0.7668 | Train Acc: 0.8219 | Val Loss: 0.8875 | Val Acc: 0.7941 | head_lr: 2.89e-04 | bb_lr: 9.62e-06 | Time: 2m 34s
2026-07-11 22:34:17 | INFO |   >> No improvement for 5/10 epochs
2026-07-11 22:36:55 | INFO | Epoch   9/50 | Train Loss: 0.7522 | Train Acc: 0.8247 | Val Loss: 0.8895 | Val Acc: 0.7923 | head_lr: 2.85e-04 | bb_lr: 9.49e-06 | Time: 2m 37s
2026-07-11 22:36:55 | INFO |   >> No improvement for 6/10 epochs
2026-07-11 22:39:30 | INFO | Epoch  10/50 | Train Loss: 0.7385 | Train Acc: 0.8282 | Val Loss: 0.8896 | Val Acc: 0.7920 | head_lr: 2.80e-04 | bb_lr: 9.34e-06 | Time: 2m 34s
2026-07-11 22:39:30 | INFO |   >> No improvement for 7/10 epochs
2026-07-11 22:42:03 | INFO | Epoch  11/50 | Train Loss: 0.7259 | Train Acc: 0.8305 | Val Loss: 0.8925 | Val Acc: 0.7929 | head_lr: 2.75e-04 | bb_lr: 9.17e-06 | Time: 2m 33s
2026-07-11 22:42:03 | INFO |   >> No improvement for 8/10 epochs
2026-07-11 22:44:35 | INFO | Epoch  12/50 | Train Loss: 0.7136 | Train Acc: 0.8335 | Val Loss: 0.8972 | Val Acc: 0.7909 | head_lr: 2.69e-04 | bb_lr: 8.98e-06 | Time: 2m 31s
2026-07-11 22:44:35 | INFO |   >> No improvement for 9/10 epochs
2026-07-11 22:47:12 | INFO | Epoch  13/50 | Train Loss: 0.7028 | Train Acc: 0.8359 | Val Loss: 0.8959 | Val Acc: 0.7902 | head_lr: 2.63e-04 | bb_lr: 8.77e-06 | Time: 2m 36s
2026-07-11 22:47:12 | INFO |   >> No improvement for 10/10 epochs
2026-07-11 22:47:13 | INFO | Early stopping triggered at epoch 13 (no improvement for 10 epochs). Best val acc: 0.8013 at epoch 3.
2026-07-11 22:47:13 | INFO | ============================================================
2026-07-11 22:47:13 | INFO | Training complete! Total time: 33m 6s
2026-07-11 22:47:13 | INFO | Best validation accuracy: 0.8013
2026-07-11 22:47:13 | INFO | Best model saved to: outputs/f1/checkpoints/best.pt
2026-07-11 22:47:13 | INFO | Training log saved to: outputs/f1/logs/train_log.csv
2026-07-11 22:47:13 | INFO | Eval results saved to: outputs/f1/checkpoints/eval_results.json
