2026-07-18 14:26:13 | INFO | Using device: cuda
2026-07-18 14:26:13 | INFO | Configuration: configs/s_d3_mixup.yaml
2026-07-18 14:26:13 | INFO | Train seed: 42
2026-07-18 14:26:13 | INFO | Resolved runtime: experiment_id=S_D3_MIXUP, mode=dev, head_type=linear, augmentation=a0, cached=False
2026-07-18 14:26:15 | INFO | Total parameters:     88,105,716
2026-07-18 14:26:15 | INFO | Trainable parameters: 256,500
2026-07-18 14:26:18 | INFO | Using config epochs: 50 (dev mode)
2026-07-18 14:26:18 | INFO | Loss: gce (reduction=mean)
2026-07-18 14:26:18 | INFO | Optimizer parameter groups:
2026-07-18 14:26:18 | INFO |   head        :    256,500 params, lr=5.00e-03, wd=1.00e-04
2026-07-18 14:26:18 | INFO |   TOTAL       :    256,500 optimizer params
2026-07-18 14:26:18 | INFO |   Trainable head params:       256,500
2026-07-18 14:26:18 | INFO |   Trainable visual params:           0
2026-07-18 14:26:18 | INFO | Starting training: 50 epochs, 713 batches/epoch
2026-07-18 14:26:18 | INFO | Warmup steps: 1426, Total steps: 35650, Cosine steps: 34224
2026-07-18 14:26:18 | INFO | AMP: True
2026-07-18 14:26:18 | INFO | ============================================================
2026-07-18 14:28:56 | INFO | Epoch   1/50 | Train Loss: 1.8749 | Train Acc: 0.1486 | Val Loss: 1.7651 | Val Acc: 0.2431 | head_lr: 2.50e-03 | bb_lr: 0.00e+00 | Time: 2m 37s
2026-07-18 14:28:56 | INFO |   >> New best RAW! Val Acc: 0.2431
2026-07-18 14:31:52 | INFO | Epoch   2/50 | Train Loss: 1.4646 | Train Acc: 0.3733 | Val Loss: 1.1864 | Val Acc: 0.4970 | head_lr: 5.00e-03 | bb_lr: 0.00e+00 | Time: 2m 54s
2026-07-18 14:31:52 | INFO |   >> New best RAW! Val Acc: 0.4970
2026-07-18 14:34:46 | INFO | Epoch   3/50 | Train Loss: 1.0362 | Train Acc: 0.5701 | Val Loss: 0.9485 | Val Acc: 0.5834 | head_lr: 4.99e-03 | bb_lr: 0.00e+00 | Time: 2m 51s
2026-07-18 14:34:46 | INFO |   >> New best RAW! Val Acc: 0.5834
2026-07-18 14:37:41 | INFO | Epoch   4/50 | Train Loss: 0.8792 | Train Acc: 0.6259 | Val Loss: 0.8557 | Val Acc: 0.6120 | head_lr: 4.98e-03 | bb_lr: 0.00e+00 | Time: 2m 53s
2026-07-18 14:37:41 | INFO |   >> New best RAW! Val Acc: 0.6120
2026-07-18 14:40:39 | INFO | Epoch   5/50 | Train Loss: 0.7972 | Train Acc: 0.6539 | Val Loss: 0.8025 | Val Acc: 0.6300 | head_lr: 4.95e-03 | bb_lr: 0.00e+00 | Time: 2m 55s
2026-07-18 14:40:39 | INFO |   >> New best RAW! Val Acc: 0.6300
2026-07-18 14:43:33 | INFO | Epoch   6/50 | Train Loss: 0.7514 | Train Acc: 0.6693 | Val Loss: 0.7662 | Val Acc: 0.6377 | head_lr: 4.92e-03 | bb_lr: 0.00e+00 | Time: 2m 51s
2026-07-18 14:43:33 | INFO |   >> New best RAW! Val Acc: 0.6377
2026-07-18 14:46:28 | INFO | Epoch   7/50 | Train Loss: 0.7056 | Train Acc: 0.6875 | Val Loss: 0.7392 | Val Acc: 0.6461 | head_lr: 4.87e-03 | bb_lr: 0.00e+00 | Time: 2m 53s
2026-07-18 14:46:28 | INFO |   >> New best RAW! Val Acc: 0.6461
2026-07-18 14:49:27 | INFO | Epoch   8/50 | Train Loss: 0.6775 | Train Acc: 0.6976 | Val Loss: 0.7200 | Val Acc: 0.6501 | head_lr: 4.81e-03 | bb_lr: 0.00e+00 | Time: 2m 56s
2026-07-18 14:49:27 | INFO |   >> New best RAW! Val Acc: 0.6501
2026-07-18 14:52:28 | INFO | Epoch   9/50 | Train Loss: 0.6622 | Train Acc: 0.7035 | Val Loss: 0.7028 | Val Acc: 0.6553 | head_lr: 4.74e-03 | bb_lr: 0.00e+00 | Time: 2m 59s
2026-07-18 14:52:28 | INFO |   >> New best RAW! Val Acc: 0.6553
2026-07-18 14:55:27 | INFO | Epoch  10/50 | Train Loss: 0.6437 | Train Acc: 0.7121 | Val Loss: 0.6898 | Val Acc: 0.6614 | head_lr: 4.67e-03 | bb_lr: 0.00e+00 | Time: 2m 58s
2026-07-18 14:55:27 | INFO |   >> New best RAW! Val Acc: 0.6614
2026-07-18 14:58:26 | INFO | Epoch  11/50 | Train Loss: 0.6165 | Train Acc: 0.7229 | Val Loss: 0.6771 | Val Acc: 0.6671 | head_lr: 4.58e-03 | bb_lr: 0.00e+00 | Time: 2m 57s
2026-07-18 14:58:26 | INFO |   >> New best RAW! Val Acc: 0.6671
2026-07-18 15:01:26 | INFO | Epoch  12/50 | Train Loss: 0.5922 | Train Acc: 0.7341 | Val Loss: 0.6678 | Val Acc: 0.6692 | head_lr: 4.49e-03 | bb_lr: 0.00e+00 | Time: 2m 58s
2026-07-18 15:01:26 | INFO |   >> New best RAW! Val Acc: 0.6692
2026-07-18 15:04:25 | INFO | Epoch  13/50 | Train Loss: 0.5831 | Train Acc: 0.7382 | Val Loss: 0.6596 | Val Acc: 0.6721 | head_lr: 4.39e-03 | bb_lr: 0.00e+00 | Time: 2m 56s
2026-07-18 15:04:25 | INFO |   >> New best RAW! Val Acc: 0.6721
2026-07-18 15:07:24 | INFO | Epoch  14/50 | Train Loss: 0.5756 | Train Acc: 0.7412 | Val Loss: 0.6524 | Val Acc: 0.6740 | head_lr: 4.28e-03 | bb_lr: 0.00e+00 | Time: 2m 56s
2026-07-18 15:07:24 | INFO |   >> New best RAW! Val Acc: 0.6740
2026-07-18 15:10:21 | INFO | Epoch  15/50 | Train Loss: 0.5680 | Train Acc: 0.7445 | Val Loss: 0.6467 | Val Acc: 0.6758 | head_lr: 4.16e-03 | bb_lr: 0.00e+00 | Time: 2m 56s
2026-07-18 15:10:21 | INFO |   >> New best RAW! Val Acc: 0.6758
2026-07-18 15:13:17 | INFO | Epoch  16/50 | Train Loss: 0.5515 | Train Acc: 0.7535 | Val Loss: 0.6407 | Val Acc: 0.6784 | head_lr: 4.03e-03 | bb_lr: 0.00e+00 | Time: 2m 54s
2026-07-18 15:13:17 | INFO |   >> New best RAW! Val Acc: 0.6784
2026-07-18 15:16:08 | INFO | Epoch  17/50 | Train Loss: 0.5609 | Train Acc: 0.7487 | Val Loss: 0.6359 | Val Acc: 0.6775 | head_lr: 3.90e-03 | bb_lr: 0.00e+00 | Time: 2m 49s
2026-07-18 15:16:09 | INFO |   >> No improvement for 1/10 epochs
2026-07-18 15:19:01 | INFO | Epoch  18/50 | Train Loss: 0.5359 | Train Acc: 0.7605 | Val Loss: 0.6315 | Val Acc: 0.6797 | head_lr: 3.76e-03 | bb_lr: 0.00e+00 | Time: 2m 51s
2026-07-18 15:19:01 | INFO |   >> New best RAW! Val Acc: 0.6797
2026-07-18 15:21:55 | INFO | Epoch  19/50 | Train Loss: 0.5450 | Train Acc: 0.7573 | Val Loss: 0.6271 | Val Acc: 0.6821 | head_lr: 3.62e-03 | bb_lr: 0.00e+00 | Time: 2m 52s
2026-07-18 15:21:55 | INFO |   >> New best RAW! Val Acc: 0.6821
2026-07-18 15:24:53 | INFO | Epoch  20/50 | Train Loss: 0.5269 | Train Acc: 0.7666 | Val Loss: 0.6242 | Val Acc: 0.6812 | head_lr: 3.47e-03 | bb_lr: 0.00e+00 | Time: 2m 55s
2026-07-18 15:24:53 | INFO |   >> No improvement for 1/10 epochs
2026-07-18 15:27:49 | INFO | Epoch  21/50 | Train Loss: 0.5197 | Train Acc: 0.7696 | Val Loss: 0.6201 | Val Acc: 0.6843 | head_lr: 3.32e-03 | bb_lr: 0.00e+00 | Time: 2m 54s
2026-07-18 15:27:49 | INFO |   >> New best RAW! Val Acc: 0.6843
2026-07-18 15:30:48 | INFO | Epoch  22/50 | Train Loss: 0.5229 | Train Acc: 0.7668 | Val Loss: 0.6184 | Val Acc: 0.6846 | head_lr: 3.17e-03 | bb_lr: 0.00e+00 | Time: 2m 57s
2026-07-18 15:30:48 | INFO |   >> New best RAW! Val Acc: 0.6846
2026-07-18 15:33:45 | INFO | Epoch  23/50 | Train Loss: 0.5213 | Train Acc: 0.7695 | Val Loss: 0.6159 | Val Acc: 0.6851 | head_lr: 3.01e-03 | bb_lr: 0.00e+00 | Time: 2m 54s
2026-07-18 15:33:45 | INFO |   >> New best RAW! Val Acc: 0.6851
2026-07-18 15:36:45 | INFO | Epoch  24/50 | Train Loss: 0.5030 | Train Acc: 0.7763 | Val Loss: 0.6132 | Val Acc: 0.6872 | head_lr: 2.85e-03 | bb_lr: 0.00e+00 | Time: 2m 58s
2026-07-18 15:36:45 | INFO |   >> New best RAW! Val Acc: 0.6872
2026-07-18 15:39:44 | INFO | Epoch  25/50 | Train Loss: 0.4973 | Train Acc: 0.7800 | Val Loss: 0.6109 | Val Acc: 0.6889 | head_lr: 2.69e-03 | bb_lr: 0.00e+00 | Time: 2m 56s
2026-07-18 15:39:44 | INFO |   >> New best RAW! Val Acc: 0.6889
2026-07-18 15:42:35 | INFO | Epoch  26/50 | Train Loss: 0.5036 | Train Acc: 0.7778 | Val Loss: 0.6090 | Val Acc: 0.6898 | head_lr: 2.52e-03 | bb_lr: 0.00e+00 | Time: 2m 49s
2026-07-18 15:42:35 | INFO |   >> New best RAW! Val Acc: 0.6898
2026-07-18 15:45:27 | INFO | Epoch  27/50 | Train Loss: 0.4993 | Train Acc: 0.7795 | Val Loss: 0.6072 | Val Acc: 0.6891 | head_lr: 2.36e-03 | bb_lr: 0.00e+00 | Time: 2m 50s
2026-07-18 15:45:27 | INFO |   >> No improvement for 1/10 epochs
2026-07-18 15:48:19 | INFO | Epoch  28/50 | Train Loss: 0.4974 | Train Acc: 0.7823 | Val Loss: 0.6057 | Val Acc: 0.6905 | head_lr: 2.20e-03 | bb_lr: 0.00e+00 | Time: 2m 52s
2026-07-18 15:48:19 | INFO |   >> New best RAW! Val Acc: 0.6905
2026-07-18 15:51:12 | INFO | Epoch  29/50 | Train Loss: 0.4859 | Train Acc: 0.7881 | Val Loss: 0.6041 | Val Acc: 0.6910 | head_lr: 2.04e-03 | bb_lr: 0.00e+00 | Time: 2m 52s
2026-07-18 15:51:12 | INFO |   >> New best RAW! Val Acc: 0.6910
2026-07-18 15:54:08 | INFO | Epoch  30/50 | Train Loss: 0.4871 | Train Acc: 0.7856 | Val Loss: 0.6031 | Val Acc: 0.6905 | head_lr: 1.88e-03 | bb_lr: 0.00e+00 | Time: 2m 53s
2026-07-18 15:54:08 | INFO |   >> No improvement for 1/10 epochs
2026-07-18 15:57:04 | INFO | Epoch  31/50 | Train Loss: 0.4846 | Train Acc: 0.7871 | Val Loss: 0.6019 | Val Acc: 0.6918 | head_lr: 1.73e-03 | bb_lr: 0.00e+00 | Time: 2m 55s
2026-07-18 15:57:04 | INFO |   >> New best RAW! Val Acc: 0.6918
2026-07-18 16:00:04 | INFO | Epoch  32/50 | Train Loss: 0.4719 | Train Acc: 0.7937 | Val Loss: 0.6002 | Val Acc: 0.6921 | head_lr: 1.58e-03 | bb_lr: 0.00e+00 | Time: 2m 57s
2026-07-18 16:00:04 | INFO |   >> New best RAW! Val Acc: 0.6921
2026-07-18 16:03:05 | INFO | Epoch  33/50 | Train Loss: 0.4918 | Train Acc: 0.7846 | Val Loss: 0.5997 | Val Acc: 0.6909 | head_lr: 1.43e-03 | bb_lr: 0.00e+00 | Time: 2m 59s
2026-07-18 16:03:05 | INFO |   >> No improvement for 1/10 epochs
2026-07-18 16:06:04 | INFO | Epoch  34/50 | Train Loss: 0.4807 | Train Acc: 0.7894 | Val Loss: 0.5988 | Val Acc: 0.6915 | head_lr: 1.29e-03 | bb_lr: 0.00e+00 | Time: 2m 58s
2026-07-18 16:06:04 | INFO |   >> No improvement for 2/10 epochs
2026-07-18 16:09:03 | INFO | Epoch  35/50 | Train Loss: 0.4836 | Train Acc: 0.7892 | Val Loss: 0.5983 | Val Acc: 0.6931 | head_lr: 1.15e-03 | bb_lr: 0.00e+00 | Time: 2m 58s
2026-07-18 16:09:03 | INFO |   >> New best RAW! Val Acc: 0.6931
2026-07-18 16:12:00 | INFO | Epoch  36/50 | Train Loss: 0.4742 | Train Acc: 0.7931 | Val Loss: 0.5973 | Val Acc: 0.6933 | head_lr: 1.02e-03 | bb_lr: 0.00e+00 | Time: 2m 54s
2026-07-18 16:12:00 | INFO |   >> New best RAW! Val Acc: 0.6933
2026-07-18 16:14:54 | INFO | Epoch  37/50 | Train Loss: 0.4738 | Train Acc: 0.7931 | Val Loss: 0.5969 | Val Acc: 0.6935 | head_lr: 8.93e-04 | bb_lr: 0.00e+00 | Time: 2m 52s
2026-07-18 16:14:54 | INFO |   >> New best RAW! Val Acc: 0.6935
2026-07-18 16:17:49 | INFO | Epoch  38/50 | Train Loss: 0.4728 | Train Acc: 0.7949 | Val Loss: 0.5963 | Val Acc: 0.6926 | head_lr: 7.75e-04 | bb_lr: 0.00e+00 | Time: 2m 52s
2026-07-18 16:17:49 | INFO |   >> No improvement for 1/10 epochs
2026-07-18 16:20:43 | INFO | Epoch  39/50 | Train Loss: 0.4713 | Train Acc: 0.7951 | Val Loss: 0.5960 | Val Acc: 0.6925 | head_lr: 6.64e-04 | bb_lr: 0.00e+00 | Time: 2m 53s
2026-07-18 16:20:43 | INFO |   >> No improvement for 2/10 epochs
2026-07-18 16:23:38 | INFO | Epoch  40/50 | Train Loss: 0.4626 | Train Acc: 0.7967 | Val Loss: 0.5956 | Val Acc: 0.6947 | head_lr: 5.61e-04 | bb_lr: 0.00e+00 | Time: 2m 54s
2026-07-18 16:23:38 | INFO |   >> New best RAW! Val Acc: 0.6947
2026-07-18 16:26:38 | INFO | Epoch  41/50 | Train Loss: 0.4785 | Train Acc: 0.7919 | Val Loss: 0.5953 | Val Acc: 0.6930 | head_lr: 4.67e-04 | bb_lr: 0.00e+00 | Time: 2m 58s
2026-07-18 16:26:38 | INFO |   >> No improvement for 1/10 epochs
2026-07-18 16:29:35 | INFO | Epoch  42/50 | Train Loss: 0.4717 | Train Acc: 0.7963 | Val Loss: 0.5952 | Val Acc: 0.6939 | head_lr: 3.82e-04 | bb_lr: 0.00e+00 | Time: 2m 55s
2026-07-18 16:29:35 | INFO |   >> No improvement for 2/10 epochs
2026-07-18 16:32:36 | INFO | Epoch  43/50 | Train Loss: 0.4706 | Train Acc: 0.7944 | Val Loss: 0.5951 | Val Acc: 0.6940 | head_lr: 3.05e-04 | bb_lr: 0.00e+00 | Time: 3m 0s
2026-07-18 16:32:36 | INFO |   >> No improvement for 3/10 epochs
2026-07-18 16:35:30 | INFO | Epoch  44/50 | Train Loss: 0.4830 | Train Acc: 0.7908 | Val Loss: 0.5949 | Val Acc: 0.6935 | head_lr: 2.38e-04 | bb_lr: 0.00e+00 | Time: 2m 54s
2026-07-18 16:35:30 | INFO |   >> No improvement for 4/10 epochs
2026-07-18 16:38:28 | INFO | Epoch  45/50 | Train Loss: 0.4639 | Train Acc: 0.7990 | Val Loss: 0.5948 | Val Acc: 0.6941 | head_lr: 1.81e-04 | bb_lr: 0.00e+00 | Time: 2m 57s
2026-07-18 16:38:28 | INFO |   >> No improvement for 5/10 epochs
2026-07-18 16:41:23 | INFO | Epoch  46/50 | Train Loss: 0.4632 | Train Acc: 0.7988 | Val Loss: 0.5947 | Val Acc: 0.6937 | head_lr: 1.34e-04 | bb_lr: 0.00e+00 | Time: 2m 53s
2026-07-18 16:41:23 | INFO |   >> No improvement for 6/10 epochs
2026-07-18 16:44:23 | INFO | Epoch  47/50 | Train Loss: 0.4620 | Train Acc: 0.7992 | Val Loss: 0.5946 | Val Acc: 0.6943 | head_lr: 9.76e-05 | bb_lr: 0.00e+00 | Time: 2m 59s
2026-07-18 16:44:23 | INFO |   >> No improvement for 7/10 epochs
2026-07-18 16:47:20 | INFO | Epoch  48/50 | Train Loss: 0.4569 | Train Acc: 0.8011 | Val Loss: 0.5946 | Val Acc: 0.6939 | head_lr: 7.12e-05 | bb_lr: 0.00e+00 | Time: 2m 56s
2026-07-18 16:47:20 | INFO |   >> No improvement for 8/10 epochs
2026-07-18 16:50:14 | INFO | Epoch  49/50 | Train Loss: 0.4672 | Train Acc: 0.7965 | Val Loss: 0.5945 | Val Acc: 0.6941 | head_lr: 5.53e-05 | bb_lr: 0.00e+00 | Time: 2m 53s
2026-07-18 16:50:14 | INFO |   >> No improvement for 9/10 epochs
2026-07-18 16:53:05 | INFO | Epoch  50/50 | Train Loss: 0.4585 | Train Acc: 0.8011 | Val Loss: 0.5945 | Val Acc: 0.6941 | head_lr: 5.00e-05 | bb_lr: 0.00e+00 | Time: 2m 49s
2026-07-18 16:53:05 | INFO |   >> No improvement for 10/10 epochs
2026-07-18 16:53:06 | INFO | Early stopping triggered at epoch 50 (no improvement for 10 epochs). Best val acc: 0.6947 at epoch 40.
2026-07-18 16:53:06 | INFO | ============================================================
2026-07-18 16:53:06 | INFO | Training complete! Total time: 2h 26m 47s
2026-07-18 16:53:06 | INFO | Best validation accuracy: 0.6947
2026-07-18 16:53:06 | INFO | Best model saved to: outputs/s_d3_mixup/seed42/checkpoints/best.pt
2026-07-18 16:53:06 | INFO | Training log saved to: outputs/s_d3_mixup/seed42/logs/train_log.csv
2026-07-18 16:53:06 | INFO | Reloaded best checkpoint for post-training evaluation: outputs/s_d3_mixup/seed42/checkpoints/best.pt (epoch=40, best_val_acc=0.69472970)
2026-07-18 16:53:06 | INFO | Running post-training per-class evaluation...
2026-07-18 16:53:26 | INFO | Eval results saved to: outputs/s_d3_mixup/seed42/checkpoints/eval_results.json
2026-07-18 16:53:27 | INFO | Artifact manifest saved to: outputs/s_d3_mixup/seed42/checkpoints/artifact_manifest.json
2026-07-18 16:53:27 | INFO | Per-class metrics saved to: outputs/s_d3_mixup/seed42/checkpoints/per_class_metrics.csv
2026-07-18 16:53:46 | INFO | Prediction records saved to: outputs/s_d3_mixup/seed42/checkpoints/prediction_records.csv
