2026-07-11 18:22:24 | INFO | Using device: cuda
2026-07-11 18:22:24 | INFO | Configuration: configs/f0_frozen_continue.yaml
2026-07-11 18:22:24 | INFO | Train seed: 42
2026-07-11 18:22:24 | INFO | Resolved runtime: experiment_id=F0_FROZEN_CONTINUE, mode=dev, head_type=linear, augmentation=a0, cached=False
2026-07-11 18:22:25 | INFO | Total parameters:     88,105,716
2026-07-11 18:22:25 | INFO | Trainable parameters: 256,500
2026-07-11 18:22:28 | INFO | Using config epochs: 50 (dev mode)
2026-07-11 18:22:28 | INFO | Optimizer parameter groups:
2026-07-11 18:22:28 | INFO |   head        :    256,500 params, lr=3.00e-04, wd=1.00e-04
2026-07-11 18:22:28 | INFO |   TOTAL       :    256,500 optimizer params
2026-07-11 18:22:28 | INFO |   Trainable head params:       256,500
2026-07-11 18:22:28 | INFO |   Trainable visual params:           0
2026-07-11 18:22:28 | INFO | Initializing model weights from: outputs/e0/search/lr_5e-03__wd_1e-04/checkpoints/best.pt
2026-07-11 18:22:28 | INFO | Model weights loaded with exact key match.
2026-07-11 18:22:28 | INFO | Starting training: 50 epochs, 728 batches/epoch
2026-07-11 18:22:28 | INFO | Warmup steps: 1456, Total steps: 36400, Cosine steps: 34944
2026-07-11 18:22:28 | INFO | AMP: True
2026-07-11 18:22:28 | INFO | ============================================================
2026-07-11 18:24:55 | INFO | Epoch   1/50 | Train Loss: 0.8759 | Train Acc: 0.8110 | Val Loss: 1.3266 | Val Acc: 0.6984 | head_lr: 1.50e-04 | bb_lr: 0.00e+00 | Time: 2m 26s
2026-07-11 18:24:55 | INFO |   >> New best model! Val Acc: 0.6984
