2026-07-15 02:02:51 | INFO | Using device: cuda
2026-07-15 02:02:51 | INFO | Configuration: configs/b2_gce05.yaml
2026-07-15 02:02:51 | INFO | Train seed: 42
2026-07-15 02:02:51 | INFO | Resolved runtime: experiment_id=B2_GCE05, mode=dev, head_type=linear, augmentation=a0, cached=False
2026-07-15 02:02:57 | INFO | Total parameters:     88,105,716
2026-07-15 02:02:57 | INFO | Trainable parameters: 256,500
2026-07-15 02:03:04 | INFO | Using config epochs: 50 (dev mode)
2026-07-15 02:03:04 | INFO | Loss: gce (reduction=mean)
2026-07-15 02:03:04 | INFO | Optimizer parameter groups:
2026-07-15 02:03:04 | INFO |   head        :    256,500 params, lr=5.00e-03, wd=1.00e-04
2026-07-15 02:03:04 | INFO |   TOTAL       :    256,500 optimizer params
2026-07-15 02:03:04 | INFO |   Trainable head params:       256,500
2026-07-15 02:03:04 | INFO |   Trainable visual params:           0
2026-07-15 02:03:04 | INFO | Starting training: 50 epochs, 713 batches/epoch
2026-07-15 02:03:04 | INFO | Warmup steps: 1426, Total steps: 35650, Cosine steps: 34224
2026-07-15 02:03:04 | INFO | AMP: True
2026-07-15 02:03:04 | INFO | ============================================================
2026-07-15 02:09:06 | INFO | Epoch   1/50 | Train Loss: 1.8729 | Train Acc: 0.1541 | Val Loss: 1.7614 | Val Acc: 0.2447 | head_lr: 2.50e-03 | bb_lr: 0.00e+00 | Time: 6m 2s
2026-07-15 02:09:06 | INFO |   >> New best RAW! Val Acc: 0.2447
2026-07-15 02:16:41 | INFO | Epoch   2/50 | Train Loss: 1.4430 | Train Acc: 0.3837 | Val Loss: 1.1797 | Val Acc: 0.5025 | head_lr: 5.00e-03 | bb_lr: 0.00e+00 | Time: 7m 32s
2026-07-15 02:16:41 | INFO |   >> New best RAW! Val Acc: 0.5025
2026-07-15 02:25:09 | INFO | Epoch   3/50 | Train Loss: 1.0004 | Train Acc: 0.5845 | Val Loss: 0.9441 | Val Acc: 0.5861 | head_lr: 4.99e-03 | bb_lr: 0.00e+00 | Time: 8m 23s
2026-07-15 02:25:09 | INFO |   >> New best RAW! Val Acc: 0.5861
2026-07-15 02:32:42 | INFO | Epoch   4/50 | Train Loss: 0.8365 | Train Acc: 0.6413 | Val Loss: 0.8522 | Val Acc: 0.6132 | head_lr: 4.98e-03 | bb_lr: 0.00e+00 | Time: 7m 20s
2026-07-15 02:32:42 | INFO |   >> New best RAW! Val Acc: 0.6132
2026-07-15 02:40:02 | INFO | Epoch   5/50 | Train Loss: 0.7558 | Train Acc: 0.6679 | Val Loss: 0.7996 | Val Acc: 0.6304 | head_lr: 4.95e-03 | bb_lr: 0.00e+00 | Time: 7m 14s
2026-07-15 02:40:02 | INFO |   >> New best RAW! Val Acc: 0.6304
2026-07-15 02:46:07 | INFO | Epoch   6/50 | Train Loss: 0.7035 | Train Acc: 0.6863 | Val Loss: 0.7638 | Val Acc: 0.6394 | head_lr: 4.92e-03 | bb_lr: 0.00e+00 | Time: 5m 59s
2026-07-15 02:46:07 | INFO |   >> New best RAW! Val Acc: 0.6394
2026-07-15 02:51:57 | INFO | Epoch   7/50 | Train Loss: 0.6654 | Train Acc: 0.7007 | Val Loss: 0.7373 | Val Acc: 0.6474 | head_lr: 4.87e-03 | bb_lr: 0.00e+00 | Time: 5m 47s
2026-07-15 02:51:57 | INFO |   >> New best RAW! Val Acc: 0.6474
2026-07-15 02:57:21 | INFO | Epoch   8/50 | Train Loss: 0.6355 | Train Acc: 0.7124 | Val Loss: 0.7184 | Val Acc: 0.6521 | head_lr: 4.81e-03 | bb_lr: 0.00e+00 | Time: 5m 20s
2026-07-15 02:57:21 | INFO |   >> New best RAW! Val Acc: 0.6521
2026-07-15 03:02:31 | INFO | Epoch   9/50 | Train Loss: 0.6109 | Train Acc: 0.7219 | Val Loss: 0.7015 | Val Acc: 0.6568 | head_lr: 4.74e-03 | bb_lr: 0.00e+00 | Time: 5m 7s
2026-07-15 03:02:31 | INFO |   >> New best RAW! Val Acc: 0.6568
2026-07-15 03:07:45 | INFO | Epoch  10/50 | Train Loss: 0.5902 | Train Acc: 0.7307 | Val Loss: 0.6881 | Val Acc: 0.6621 | head_lr: 4.67e-03 | bb_lr: 0.00e+00 | Time: 5m 11s
2026-07-15 03:07:45 | INFO |   >> New best RAW! Val Acc: 0.6621
2026-07-15 03:12:57 | INFO | Epoch  11/50 | Train Loss: 0.5726 | Train Acc: 0.7387 | Val Loss: 0.6755 | Val Acc: 0.6673 | head_lr: 4.58e-03 | bb_lr: 0.00e+00 | Time: 5m 8s
2026-07-15 03:12:57 | INFO |   >> New best RAW! Val Acc: 0.6673
2026-07-15 03:18:11 | INFO | Epoch  12/50 | Train Loss: 0.5567 | Train Acc: 0.7460 | Val Loss: 0.6665 | Val Acc: 0.6694 | head_lr: 4.49e-03 | bb_lr: 0.00e+00 | Time: 5m 11s
2026-07-15 03:18:11 | INFO |   >> New best RAW! Val Acc: 0.6694
2026-07-15 03:23:23 | INFO | Epoch  13/50 | Train Loss: 0.5430 | Train Acc: 0.7520 | Val Loss: 0.6582 | Val Acc: 0.6735 | head_lr: 4.39e-03 | bb_lr: 0.00e+00 | Time: 5m 8s
2026-07-15 03:23:23 | INFO |   >> New best RAW! Val Acc: 0.6735
2026-07-15 03:28:37 | INFO | Epoch  14/50 | Train Loss: 0.5309 | Train Acc: 0.7577 | Val Loss: 0.6511 | Val Acc: 0.6749 | head_lr: 4.28e-03 | bb_lr: 0.00e+00 | Time: 5m 10s
2026-07-15 03:28:37 | INFO |   >> New best RAW! Val Acc: 0.6749
2026-07-15 03:33:50 | INFO | Epoch  15/50 | Train Loss: 0.5199 | Train Acc: 0.7632 | Val Loss: 0.6454 | Val Acc: 0.6770 | head_lr: 4.16e-03 | bb_lr: 0.00e+00 | Time: 5m 9s
2026-07-15 03:33:50 | INFO |   >> New best RAW! Val Acc: 0.6770
2026-07-15 03:39:00 | INFO | Epoch  16/50 | Train Loss: 0.5101 | Train Acc: 0.7675 | Val Loss: 0.6394 | Val Acc: 0.6785 | head_lr: 4.03e-03 | bb_lr: 0.00e+00 | Time: 5m 6s
2026-07-15 03:39:00 | INFO |   >> New best RAW! Val Acc: 0.6785
2026-07-15 03:44:07 | INFO | Epoch  17/50 | Train Loss: 0.5011 | Train Acc: 0.7722 | Val Loss: 0.6344 | Val Acc: 0.6788 | head_lr: 3.90e-03 | bb_lr: 0.00e+00 | Time: 5m 4s
2026-07-15 03:44:07 | INFO |   >> New best RAW! Val Acc: 0.6788
2026-07-15 03:49:24 | INFO | Epoch  18/50 | Train Loss: 0.4929 | Train Acc: 0.7757 | Val Loss: 0.6306 | Val Acc: 0.6822 | head_lr: 3.76e-03 | bb_lr: 0.00e+00 | Time: 5m 14s
2026-07-15 03:49:24 | INFO |   >> New best RAW! Val Acc: 0.6822
2026-07-15 03:54:35 | INFO | Epoch  19/50 | Train Loss: 0.4855 | Train Acc: 0.7794 | Val Loss: 0.6261 | Val Acc: 0.6828 | head_lr: 3.62e-03 | bb_lr: 0.00e+00 | Time: 5m 7s
2026-07-15 03:54:35 | INFO |   >> New best RAW! Val Acc: 0.6828
2026-07-15 03:59:42 | INFO | Epoch  20/50 | Train Loss: 0.4785 | Train Acc: 0.7834 | Val Loss: 0.6232 | Val Acc: 0.6810 | head_lr: 3.47e-03 | bb_lr: 0.00e+00 | Time: 5m 5s
2026-07-15 03:59:42 | INFO |   >> No improvement for 1/10 epochs
2026-07-15 04:04:53 | INFO | Epoch  21/50 | Train Loss: 0.4724 | Train Acc: 0.7866 | Val Loss: 0.6189 | Val Acc: 0.6856 | head_lr: 3.32e-03 | bb_lr: 0.00e+00 | Time: 5m 9s
2026-07-15 04:04:53 | INFO |   >> New best RAW! Val Acc: 0.6856
2026-07-15 04:10:04 | INFO | Epoch  22/50 | Train Loss: 0.4665 | Train Acc: 0.7886 | Val Loss: 0.6175 | Val Acc: 0.6853 | head_lr: 3.17e-03 | bb_lr: 0.00e+00 | Time: 5m 8s
2026-07-15 04:10:04 | INFO |   >> No improvement for 1/10 epochs
2026-07-15 04:15:18 | INFO | Epoch  23/50 | Train Loss: 0.4612 | Train Acc: 0.7918 | Val Loss: 0.6148 | Val Acc: 0.6867 | head_lr: 3.01e-03 | bb_lr: 0.00e+00 | Time: 5m 12s
2026-07-15 04:15:18 | INFO |   >> New best RAW! Val Acc: 0.6867
2026-07-15 04:20:42 | INFO | Epoch  24/50 | Train Loss: 0.4563 | Train Acc: 0.7944 | Val Loss: 0.6123 | Val Acc: 0.6888 | head_lr: 2.85e-03 | bb_lr: 0.00e+00 | Time: 5m 19s
2026-07-15 04:20:42 | INFO |   >> New best RAW! Val Acc: 0.6888
2026-07-15 04:25:56 | INFO | Epoch  25/50 | Train Loss: 0.4519 | Train Acc: 0.7968 | Val Loss: 0.6101 | Val Acc: 0.6886 | head_lr: 2.69e-03 | bb_lr: 0.00e+00 | Time: 5m 11s
2026-07-15 04:25:56 | INFO |   >> No improvement for 1/10 epochs
2026-07-15 04:31:00 | INFO | Epoch  26/50 | Train Loss: 0.4475 | Train Acc: 0.7990 | Val Loss: 0.6083 | Val Acc: 0.6892 | head_lr: 2.52e-03 | bb_lr: 0.00e+00 | Time: 5m 2s
2026-07-15 04:31:00 | INFO |   >> New best RAW! Val Acc: 0.6892
2026-07-15 04:36:10 | INFO | Epoch  27/50 | Train Loss: 0.4437 | Train Acc: 0.8006 | Val Loss: 0.6064 | Val Acc: 0.6895 | head_lr: 2.36e-03 | bb_lr: 0.00e+00 | Time: 5m 7s
2026-07-15 04:36:10 | INFO |   >> New best RAW! Val Acc: 0.6895
2026-07-15 04:41:21 | INFO | Epoch  28/50 | Train Loss: 0.4402 | Train Acc: 0.8028 | Val Loss: 0.6049 | Val Acc: 0.6918 | head_lr: 2.20e-03 | bb_lr: 0.00e+00 | Time: 5m 7s
2026-07-15 04:41:21 | INFO |   >> New best RAW! Val Acc: 0.6918
2026-07-15 04:46:33 | INFO | Epoch  29/50 | Train Loss: 0.4369 | Train Acc: 0.8045 | Val Loss: 0.6036 | Val Acc: 0.6910 | head_lr: 2.04e-03 | bb_lr: 0.00e+00 | Time: 5m 8s
2026-07-15 04:46:33 | INFO |   >> No improvement for 1/10 epochs
2026-07-15 04:51:44 | INFO | Epoch  30/50 | Train Loss: 0.4339 | Train Acc: 0.8063 | Val Loss: 0.6024 | Val Acc: 0.6910 | head_lr: 1.88e-03 | bb_lr: 0.00e+00 | Time: 5m 9s
2026-07-15 04:51:44 | INFO |   >> No improvement for 2/10 epochs
2026-07-15 04:56:50 | INFO | Epoch  31/50 | Train Loss: 0.4312 | Train Acc: 0.8073 | Val Loss: 0.6013 | Val Acc: 0.6913 | head_lr: 1.73e-03 | bb_lr: 0.00e+00 | Time: 5m 4s
2026-07-15 04:56:50 | INFO |   >> No improvement for 3/10 epochs
2026-07-15 05:01:56 | INFO | Epoch  32/50 | Train Loss: 0.4288 | Train Acc: 0.8088 | Val Loss: 0.5996 | Val Acc: 0.6925 | head_lr: 1.58e-03 | bb_lr: 0.00e+00 | Time: 5m 5s
2026-07-15 05:01:56 | INFO |   >> New best RAW! Val Acc: 0.6925
2026-07-15 05:07:03 | INFO | Epoch  33/50 | Train Loss: 0.4265 | Train Acc: 0.8104 | Val Loss: 0.5990 | Val Acc: 0.6914 | head_lr: 1.43e-03 | bb_lr: 0.00e+00 | Time: 5m 4s
2026-07-15 05:07:03 | INFO |   >> No improvement for 1/10 epochs
2026-07-15 05:12:08 | INFO | Epoch  34/50 | Train Loss: 0.4245 | Train Acc: 0.8109 | Val Loss: 0.5983 | Val Acc: 0.6915 | head_lr: 1.29e-03 | bb_lr: 0.00e+00 | Time: 5m 3s
2026-07-15 05:12:08 | INFO |   >> No improvement for 2/10 epochs
2026-07-15 05:17:18 | INFO | Epoch  35/50 | Train Loss: 0.4226 | Train Acc: 0.8125 | Val Loss: 0.5977 | Val Acc: 0.6931 | head_lr: 1.15e-03 | bb_lr: 0.00e+00 | Time: 5m 9s
2026-07-15 05:17:18 | INFO |   >> New best RAW! Val Acc: 0.6931
2026-07-15 05:22:33 | INFO | Epoch  36/50 | Train Loss: 0.4209 | Train Acc: 0.8131 | Val Loss: 0.5969 | Val Acc: 0.6928 | head_lr: 1.02e-03 | bb_lr: 0.00e+00 | Time: 5m 11s
2026-07-15 05:22:33 | INFO |   >> No improvement for 1/10 epochs
2026-07-15 05:27:42 | INFO | Epoch  37/50 | Train Loss: 0.4195 | Train Acc: 0.8141 | Val Loss: 0.5964 | Val Acc: 0.6941 | head_lr: 8.93e-04 | bb_lr: 0.00e+00 | Time: 5m 8s
2026-07-15 05:27:42 | INFO |   >> New best RAW! Val Acc: 0.6941
2026-07-15 05:32:52 | INFO | Epoch  38/50 | Train Loss: 0.4182 | Train Acc: 0.8148 | Val Loss: 0.5958 | Val Acc: 0.6935 | head_lr: 7.75e-04 | bb_lr: 0.00e+00 | Time: 5m 6s
2026-07-15 05:32:52 | INFO |   >> No improvement for 1/10 epochs
2026-07-15 05:38:00 | INFO | Epoch  39/50 | Train Loss: 0.4170 | Train Acc: 0.8154 | Val Loss: 0.5955 | Val Acc: 0.6931 | head_lr: 6.64e-04 | bb_lr: 0.00e+00 | Time: 5m 7s
2026-07-15 05:38:00 | INFO |   >> No improvement for 2/10 epochs
2026-07-15 05:43:08 | INFO | Epoch  40/50 | Train Loss: 0.4160 | Train Acc: 0.8160 | Val Loss: 0.5952 | Val Acc: 0.6944 | head_lr: 5.61e-04 | bb_lr: 0.00e+00 | Time: 5m 6s
2026-07-15 05:43:08 | INFO |   >> New best RAW! Val Acc: 0.6944
2026-07-15 05:48:22 | INFO | Epoch  41/50 | Train Loss: 0.4151 | Train Acc: 0.8166 | Val Loss: 0.5949 | Val Acc: 0.6940 | head_lr: 4.67e-04 | bb_lr: 0.00e+00 | Time: 5m 10s
2026-07-15 05:48:22 | INFO |   >> No improvement for 1/10 epochs
2026-07-15 05:53:34 | INFO | Epoch  42/50 | Train Loss: 0.4144 | Train Acc: 0.8172 | Val Loss: 0.5948 | Val Acc: 0.6944 | head_lr: 3.82e-04 | bb_lr: 0.00e+00 | Time: 5m 10s
2026-07-15 05:53:34 | INFO |   >> No improvement for 2/10 epochs
2026-07-15 05:58:42 | INFO | Epoch  43/50 | Train Loss: 0.4137 | Train Acc: 0.8172 | Val Loss: 0.5947 | Val Acc: 0.6936 | head_lr: 3.05e-04 | bb_lr: 0.00e+00 | Time: 5m 6s
2026-07-15 05:58:42 | INFO |   >> No improvement for 3/10 epochs
2026-07-15 06:03:47 | INFO | Epoch  44/50 | Train Loss: 0.4132 | Train Acc: 0.8178 | Val Loss: 0.5945 | Val Acc: 0.6941 | head_lr: 2.38e-04 | bb_lr: 0.00e+00 | Time: 5m 4s
2026-07-15 06:03:47 | INFO |   >> No improvement for 4/10 epochs
2026-07-15 06:08:54 | INFO | Epoch  45/50 | Train Loss: 0.4128 | Train Acc: 0.8178 | Val Loss: 0.5944 | Val Acc: 0.6941 | head_lr: 1.81e-04 | bb_lr: 0.00e+00 | Time: 5m 6s
2026-07-15 06:08:54 | INFO |   >> No improvement for 5/10 epochs
2026-07-15 06:14:03 | INFO | Epoch  46/50 | Train Loss: 0.4124 | Train Acc: 0.8181 | Val Loss: 0.5943 | Val Acc: 0.6947 | head_lr: 1.34e-04 | bb_lr: 0.00e+00 | Time: 5m 7s
2026-07-15 06:14:03 | INFO |   >> New best RAW! Val Acc: 0.6947
2026-07-15 06:19:20 | INFO | Epoch  47/50 | Train Loss: 0.4121 | Train Acc: 0.8184 | Val Loss: 0.5943 | Val Acc: 0.6943 | head_lr: 9.76e-05 | bb_lr: 0.00e+00 | Time: 5m 14s
2026-07-15 06:19:20 | INFO |   >> No improvement for 1/10 epochs
2026-07-15 06:24:32 | INFO | Epoch  48/50 | Train Loss: 0.4119 | Train Acc: 0.8184 | Val Loss: 0.5943 | Val Acc: 0.6948 | head_lr: 7.12e-05 | bb_lr: 0.00e+00 | Time: 5m 10s
2026-07-15 06:24:32 | INFO |   >> New best RAW! Val Acc: 0.6948
2026-07-15 06:29:43 | INFO | Epoch  49/50 | Train Loss: 0.4118 | Train Acc: 0.8185 | Val Loss: 0.5942 | Val Acc: 0.6947 | head_lr: 5.53e-05 | bb_lr: 0.00e+00 | Time: 5m 6s
2026-07-15 06:29:43 | INFO |   >> No improvement for 1/10 epochs
2026-07-15 06:34:50 | INFO | Epoch  50/50 | Train Loss: 0.4117 | Train Acc: 0.8186 | Val Loss: 0.5942 | Val Acc: 0.6949 | head_lr: 5.00e-05 | bb_lr: 0.00e+00 | Time: 5m 5s
2026-07-15 06:34:50 | INFO |   >> New best RAW! Val Acc: 0.6949
2026-07-15 06:34:53 | INFO | ============================================================
2026-07-15 06:34:53 | INFO | Training complete! Total time: 4h 31m 49s
2026-07-15 06:34:53 | INFO | Best validation accuracy: 0.6949
2026-07-15 06:34:53 | INFO | Best model saved to: outputs/b2_gce05/seed42/checkpoints/best.pt
2026-07-15 06:34:53 | INFO | Training log saved to: outputs/b2_gce05/seed42/logs/train_log.csv
2026-07-15 06:34:54 | INFO | Reloaded best checkpoint for post-training evaluation: outputs/b2_gce05/seed42/checkpoints/best.pt (epoch=50, best_val_acc=0.69492346)
2026-07-15 06:34:54 | INFO | Running post-training per-class evaluation...
2026-07-15 06:35:32 | INFO | Eval results saved to: outputs/b2_gce05/seed42/checkpoints/eval_results.json
2026-07-15 06:35:33 | INFO | Artifact manifest saved to: outputs/b2_gce05/seed42/checkpoints/artifact_manifest.json
2026-07-15 06:35:33 | INFO | Per-class metrics saved to: outputs/b2_gce05/seed42/checkpoints/per_class_metrics.csv
2026-07-15 06:36:12 | INFO | Prediction records saved to: outputs/b2_gce05/seed42/checkpoints/prediction_records.csv
