2026-07-19 17:44:19 | INFO | Using device: cuda
2026-07-19 17:44:19 | INFO | Configuration: configs/nr_cl_classwise_drop.yaml
2026-07-19 17:44:19 | INFO | Train seed: 42
2026-07-19 17:44:19 | INFO | Resolved runtime: experiment_id=NR_CL_CLASSWISE_DROP, mode=dev, head_type=linear, augmentation=a0, cached=False
2026-07-19 17:44:22 | INFO | Total parameters:     88,105,716
2026-07-19 17:44:22 | INFO | Trainable parameters: 256,500
2026-07-19 17:44:29 | INFO | Reject policy 'drop': removed 8680 rejected samples (91195 → 82515 remaining)
2026-07-19 17:44:29 | INFO | DataLoader rebuilt with 82515 samples (645 batches)
2026-07-19 17:44:29 | INFO | Using config epochs: 50 (dev mode)
2026-07-19 17:44:34 | INFO | Val weights from manifest: 0/10322 zeroed (0.0%)
2026-07-19 17:44:34 | INFO | Loss: gce (reduction=mean)
2026-07-19 17:44:34 | INFO | Optimizer parameter groups:
2026-07-19 17:44:34 | INFO |   head        :    256,500 params, lr=5.00e-03, wd=1.00e-04
2026-07-19 17:44:34 | INFO |   TOTAL       :    256,500 optimizer params
2026-07-19 17:44:34 | INFO |   Trainable head params:       256,500
2026-07-19 17:44:34 | INFO |   Trainable visual params:           0
2026-07-19 17:44:41 | INFO | Runtime manifest audit PASSED: 82515 samples, coverage=1.0, clean=82515 rejected=0 pseudo=0, max_class_drop=0.1000, reject_policy=drop
2026-07-19 17:44:41 | INFO | Starting training: 50 epochs, 645 batches/epoch
2026-07-19 17:44:41 | INFO | Warmup steps: 1290, Total steps: 32250, Cosine steps: 30960
2026-07-19 17:44:41 | INFO | AMP: True
2026-07-19 17:44:41 | INFO | ============================================================
