2026-07-19 21:45:56 | INFO | Using device: cuda
2026-07-19 21:45:56 | INFO | Configuration: configs/nr_cl_classwise_drop.yaml
2026-07-19 21:45:56 | INFO | Train seed: 42
2026-07-19 21:45:56 | INFO | Resolved runtime: experiment_id=NR_CL_CLASSWISE_DROP, mode=dev, head_type=linear, augmentation=a0, cached=False
2026-07-19 21:45:59 | INFO | Total parameters:     88,105,716
2026-07-19 21:45:59 | INFO | Trainable parameters: 256,500
2026-07-19 21:46:06 | INFO | Reject policy 'drop': removed 8680 rejected samples (91195 → 82515 remaining)
2026-07-19 21:46:06 | INFO | DataLoader rebuilt with 82515 samples (645 batches)
2026-07-19 21:46:06 | INFO | Using config epochs: 50 (dev mode)
2026-07-19 21:46:11 | INFO | Val weights from manifest: 0/10322 zeroed (0.0%)
2026-07-19 21:46:11 | INFO | Loss: gce (reduction=mean)
2026-07-19 21:46:11 | INFO | Optimizer parameter groups:
2026-07-19 21:46:11 | INFO |   head        :    256,500 params, lr=5.00e-03, wd=1.00e-04
2026-07-19 21:46:11 | INFO |   TOTAL       :    256,500 optimizer params
2026-07-19 21:46:11 | INFO |   Trainable head params:       256,500
2026-07-19 21:46:11 | INFO |   Trainable visual params:           0
2026-07-19 21:46:11 | INFO | Restored weight provider state.
2026-07-19 21:46:11 | INFO | Resumed from epoch 18, best val acc: 0.6764
2026-07-19 21:46:16 | INFO | Runtime manifest audit PASSED: 82515 samples, coverage=1.0, clean=82515 rejected=0 pseudo=0, max_class_drop=0.1000, reject_policy=drop
2026-07-19 21:46:16 | INFO | Starting training: 50 epochs, 645 batches/epoch
2026-07-19 21:46:16 | INFO | Warmup steps: 1290, Total steps: 32250, Cosine steps: 30960
2026-07-19 21:46:16 | INFO | AMP: True
2026-07-19 21:46:16 | INFO | ============================================================
2026-07-19 21:48:31 | INFO | Epoch  19/50 | Train Loss: 0.4308 | Train Acc: 0.8233 | Val Loss: 0.6356 | Val Acc: 0.6764 | head_lr: 3.62e-03 | bb_lr: 0.00e+00 | Time: 2m 14s
2026-07-19 21:48:31 | INFO |   >> No improvement for 1/10 epochs
2026-07-19 21:50:55 | INFO | Epoch  20/50 | Train Loss: 0.4116 | Train Acc: 0.8312 | Val Loss: 0.6325 | Val Acc: 0.6773 | head_lr: 3.47e-03 | bb_lr: 0.00e+00 | Time: 2m 23s
2026-07-19 21:50:55 | INFO |   >> New best RAW! Val Acc: 0.6773
2026-07-19 21:53:20 | INFO | Epoch  21/50 | Train Loss: 0.4180 | Train Acc: 0.8290 | Val Loss: 0.6291 | Val Acc: 0.6780 | head_lr: 3.32e-03 | bb_lr: 0.00e+00 | Time: 2m 23s
2026-07-19 21:53:20 | INFO |   >> New best RAW! Val Acc: 0.6780
2026-07-19 21:55:45 | INFO | Epoch  22/50 | Train Loss: 0.4137 | Train Acc: 0.8297 | Val Loss: 0.6267 | Val Acc: 0.6795 | head_lr: 3.17e-03 | bb_lr: 0.00e+00 | Time: 2m 23s
2026-07-19 21:55:45 | INFO |   >> New best RAW! Val Acc: 0.6795
2026-07-19 21:58:17 | INFO | Epoch  23/50 | Train Loss: 0.4048 | Train Acc: 0.8358 | Val Loss: 0.6237 | Val Acc: 0.6793 | head_lr: 3.01e-03 | bb_lr: 0.00e+00 | Time: 2m 28s
2026-07-19 21:58:17 | INFO |   >> No improvement for 1/10 epochs
2026-07-19 22:00:46 | INFO | Epoch  24/50 | Train Loss: 0.3982 | Train Acc: 0.8387 | Val Loss: 0.6215 | Val Acc: 0.6806 | head_lr: 2.85e-03 | bb_lr: 0.00e+00 | Time: 2m 29s
2026-07-19 22:00:46 | INFO |   >> New best RAW! Val Acc: 0.6806
2026-07-19 22:03:34 | INFO | Epoch  25/50 | Train Loss: 0.3947 | Train Acc: 0.8388 | Val Loss: 0.6204 | Val Acc: 0.6819 | head_lr: 2.69e-03 | bb_lr: 0.00e+00 | Time: 2m 45s
2026-07-19 22:03:34 | INFO |   >> New best RAW! Val Acc: 0.6819
2026-07-19 22:06:11 | INFO | Epoch  26/50 | Train Loss: 0.3884 | Train Acc: 0.8427 | Val Loss: 0.6183 | Val Acc: 0.6817 | head_lr: 2.52e-03 | bb_lr: 0.00e+00 | Time: 2m 33s
2026-07-19 22:06:11 | INFO |   >> No improvement for 1/10 epochs
2026-07-19 22:08:40 | INFO | Epoch  27/50 | Train Loss: 0.3842 | Train Acc: 0.8432 | Val Loss: 0.6167 | Val Acc: 0.6822 | head_lr: 2.36e-03 | bb_lr: 0.00e+00 | Time: 2m 28s
2026-07-19 22:08:40 | INFO |   >> New best RAW! Val Acc: 0.6822
2026-07-19 22:10:59 | INFO | Epoch  28/50 | Train Loss: 0.3885 | Train Acc: 0.8419 | Val Loss: 0.6150 | Val Acc: 0.6836 | head_lr: 2.20e-03 | bb_lr: 0.00e+00 | Time: 2m 18s
2026-07-19 22:10:59 | INFO |   >> New best RAW! Val Acc: 0.6836
2026-07-19 22:13:25 | INFO | Epoch  29/50 | Train Loss: 0.3873 | Train Acc: 0.8438 | Val Loss: 0.6137 | Val Acc: 0.6837 | head_lr: 2.04e-03 | bb_lr: 0.00e+00 | Time: 2m 23s
2026-07-19 22:13:25 | INFO |   >> New best RAW! Val Acc: 0.6837
2026-07-19 22:15:46 | INFO | Epoch  30/50 | Train Loss: 0.3779 | Train Acc: 0.8467 | Val Loss: 0.6125 | Val Acc: 0.6841 | head_lr: 1.88e-03 | bb_lr: 0.00e+00 | Time: 2m 19s
2026-07-19 22:15:46 | INFO |   >> New best RAW! Val Acc: 0.6841
2026-07-19 22:18:06 | INFO | Epoch  31/50 | Train Loss: 0.3641 | Train Acc: 0.8530 | Val Loss: 0.6115 | Val Acc: 0.6842 | head_lr: 1.73e-03 | bb_lr: 0.00e+00 | Time: 2m 17s
2026-07-19 22:18:06 | INFO |   >> New best RAW! Val Acc: 0.6842
2026-07-19 22:20:24 | INFO | Epoch  32/50 | Train Loss: 0.3612 | Train Acc: 0.8540 | Val Loss: 0.6104 | Val Acc: 0.6843 | head_lr: 1.58e-03 | bb_lr: 0.00e+00 | Time: 2m 16s
2026-07-19 22:20:24 | INFO |   >> New best RAW! Val Acc: 0.6843
2026-07-19 22:22:49 | INFO | Epoch  33/50 | Train Loss: 0.3642 | Train Acc: 0.8531 | Val Loss: 0.6095 | Val Acc: 0.6834 | head_lr: 1.43e-03 | bb_lr: 0.00e+00 | Time: 2m 23s
2026-07-19 22:22:49 | INFO |   >> No improvement for 1/10 epochs
2026-07-19 22:25:06 | INFO | Epoch  34/50 | Train Loss: 0.3675 | Train Acc: 0.8506 | Val Loss: 0.6087 | Val Acc: 0.6843 | head_lr: 1.29e-03 | bb_lr: 0.00e+00 | Time: 2m 17s
2026-07-19 22:25:06 | INFO |   >> No improvement for 2/10 epochs
2026-07-19 22:27:40 | INFO | Epoch  35/50 | Train Loss: 0.3618 | Train Acc: 0.8548 | Val Loss: 0.6077 | Val Acc: 0.6842 | head_lr: 1.15e-03 | bb_lr: 0.00e+00 | Time: 2m 32s
2026-07-19 22:27:40 | INFO |   >> No improvement for 3/10 epochs
2026-07-19 22:30:10 | INFO | Epoch  36/50 | Train Loss: 0.3638 | Train Acc: 0.8541 | Val Loss: 0.6074 | Val Acc: 0.6850 | head_lr: 1.02e-03 | bb_lr: 0.00e+00 | Time: 2m 29s
2026-07-19 22:30:10 | INFO |   >> New best RAW! Val Acc: 0.6850
2026-07-19 22:32:35 | INFO | Epoch  37/50 | Train Loss: 0.3699 | Train Acc: 0.8492 | Val Loss: 0.6070 | Val Acc: 0.6856 | head_lr: 8.93e-04 | bb_lr: 0.00e+00 | Time: 2m 24s
2026-07-19 22:32:35 | INFO |   >> New best RAW! Val Acc: 0.6856
2026-07-19 22:35:03 | INFO | Epoch  38/50 | Train Loss: 0.3570 | Train Acc: 0.8578 | Val Loss: 0.6066 | Val Acc: 0.6847 | head_lr: 7.75e-04 | bb_lr: 0.00e+00 | Time: 2m 26s
2026-07-19 22:35:03 | INFO |   >> No improvement for 1/10 epochs
2026-07-19 22:37:33 | INFO | Epoch  39/50 | Train Loss: 0.3763 | Train Acc: 0.8490 | Val Loss: 0.6063 | Val Acc: 0.6858 | head_lr: 6.64e-04 | bb_lr: 0.00e+00 | Time: 2m 28s
2026-07-19 22:37:33 | INFO |   >> New best RAW! Val Acc: 0.6858
2026-07-19 22:39:55 | INFO | Epoch  40/50 | Train Loss: 0.3616 | Train Acc: 0.8561 | Val Loss: 0.6060 | Val Acc: 0.6852 | head_lr: 5.61e-04 | bb_lr: 0.00e+00 | Time: 2m 21s
2026-07-19 22:39:55 | INFO |   >> No improvement for 1/10 epochs
2026-07-19 22:42:14 | INFO | Epoch  41/50 | Train Loss: 0.3459 | Train Acc: 0.8623 | Val Loss: 0.6056 | Val Acc: 0.6854 | head_lr: 4.67e-04 | bb_lr: 0.00e+00 | Time: 2m 18s
2026-07-19 22:42:14 | INFO |   >> No improvement for 2/10 epochs
2026-07-19 22:44:35 | INFO | Epoch  42/50 | Train Loss: 0.3700 | Train Acc: 0.8508 | Val Loss: 0.6055 | Val Acc: 0.6853 | head_lr: 3.82e-04 | bb_lr: 0.00e+00 | Time: 2m 19s
2026-07-19 22:44:35 | INFO |   >> No improvement for 3/10 epochs
2026-07-19 22:46:55 | INFO | Epoch  43/50 | Train Loss: 0.3732 | Train Acc: 0.8497 | Val Loss: 0.6053 | Val Acc: 0.6856 | head_lr: 3.05e-04 | bb_lr: 0.00e+00 | Time: 2m 19s
2026-07-19 22:46:55 | INFO |   >> No improvement for 4/10 epochs
2026-07-19 22:49:15 | INFO | Epoch  44/50 | Train Loss: 0.3547 | Train Acc: 0.8580 | Val Loss: 0.6052 | Val Acc: 0.6860 | head_lr: 2.38e-04 | bb_lr: 0.00e+00 | Time: 2m 18s
2026-07-19 22:49:15 | INFO |   >> New best RAW! Val Acc: 0.6860
2026-07-19 22:51:36 | INFO | Epoch  45/50 | Train Loss: 0.3571 | Train Acc: 0.8568 | Val Loss: 0.6051 | Val Acc: 0.6861 | head_lr: 1.81e-04 | bb_lr: 0.00e+00 | Time: 2m 19s
2026-07-19 22:51:36 | INFO |   >> New best RAW! Val Acc: 0.6861
2026-07-19 22:54:00 | INFO | Epoch  46/50 | Train Loss: 0.3557 | Train Acc: 0.8565 | Val Loss: 0.6050 | Val Acc: 0.6860 | head_lr: 1.34e-04 | bb_lr: 0.00e+00 | Time: 2m 21s
2026-07-19 22:54:00 | INFO |   >> No improvement for 1/10 epochs
2026-07-19 22:56:23 | INFO | Epoch  47/50 | Train Loss: 0.3556 | Train Acc: 0.8581 | Val Loss: 0.6050 | Val Acc: 0.6859 | head_lr: 9.76e-05 | bb_lr: 0.00e+00 | Time: 2m 23s
2026-07-19 22:56:23 | INFO |   >> No improvement for 2/10 epochs
2026-07-19 22:58:50 | INFO | Epoch  48/50 | Train Loss: 0.3674 | Train Acc: 0.8516 | Val Loss: 0.6049 | Val Acc: 0.6859 | head_lr: 7.12e-05 | bb_lr: 0.00e+00 | Time: 2m 25s
2026-07-19 22:58:50 | INFO |   >> No improvement for 3/10 epochs
2026-07-19 23:01:16 | INFO | Epoch  49/50 | Train Loss: 0.3623 | Train Acc: 0.8563 | Val Loss: 0.6049 | Val Acc: 0.6860 | head_lr: 5.53e-05 | bb_lr: 0.00e+00 | Time: 2m 24s
2026-07-19 23:01:16 | INFO |   >> No improvement for 4/10 epochs
2026-07-19 23:03:46 | INFO | Epoch  50/50 | Train Loss: 0.3535 | Train Acc: 0.8607 | Val Loss: 0.6049 | Val Acc: 0.6860 | head_lr: 5.00e-05 | bb_lr: 0.00e+00 | Time: 2m 29s
2026-07-19 23:03:46 | INFO |   >> No improvement for 5/10 epochs
2026-07-19 23:03:47 | INFO | ============================================================
2026-07-19 23:03:47 | INFO | Training complete! Total time: 1h 17m 30s
2026-07-19 23:03:47 | INFO | Best validation accuracy: 0.6861
2026-07-19 23:03:47 | INFO | Best model saved to: outputs/oof/nr_cl_classwise_drop/seed42/checkpoints/best.pt
2026-07-19 23:03:47 | INFO | Training log saved to: outputs/oof/nr_cl_classwise_drop/seed42/logs/train_log.csv
2026-07-19 23:03:47 | INFO | Reloaded best checkpoint for post-training evaluation: outputs/oof/nr_cl_classwise_drop/seed42/checkpoints/best.pt (epoch=45, best_val_acc=0.68610734)
2026-07-19 23:03:47 | INFO | Running post-training per-class evaluation...
2026-07-19 23:04:05 | INFO | Eval results saved to: outputs/oof/nr_cl_classwise_drop/seed42/checkpoints/eval_results.json
2026-07-19 23:04:06 | INFO | Artifact manifest saved to: outputs/oof/nr_cl_classwise_drop/seed42/checkpoints/artifact_manifest.json
2026-07-19 23:04:06 | INFO | Per-class metrics saved to: outputs/oof/nr_cl_classwise_drop/seed42/checkpoints/per_class_metrics.csv
2026-07-19 23:04:25 | INFO | Prediction records saved to: outputs/oof/nr_cl_classwise_drop/seed42/checkpoints/prediction_records.csv
