2026-07-19 16:47:58 | INFO | Using device: cuda
2026-07-19 16:47:58 | INFO | Configuration: configs/nr_cl_classwise_drop.yaml
2026-07-19 16:47:58 | INFO | Train seed: 42
2026-07-19 16:47:58 | INFO | Resolved runtime: experiment_id=NR_CL_CLASSWISE_DROP, mode=dev, head_type=linear, augmentation=a0, cached=False
2026-07-19 16:48:01 | INFO | Total parameters:     88,105,716
2026-07-19 16:48:01 | INFO | Trainable parameters: 256,500
2026-07-19 16:48:04 | INFO | Using config epochs: 50 (dev mode)
2026-07-19 16:48:34 | INFO | Val weights from manifest: 0/10322 zeroed (0.0%)
2026-07-19 16:48:34 | INFO | Loss: gce (reduction=mean)
2026-07-19 16:48:34 | INFO | Optimizer parameter groups:
2026-07-19 16:48:34 | INFO |   head        :    256,500 params, lr=5.00e-03, wd=1.00e-04
2026-07-19 16:48:34 | INFO |   TOTAL       :    256,500 optimizer params
2026-07-19 16:48:34 | INFO |   Trainable head params:       256,500
2026-07-19 16:48:34 | INFO |   Trainable visual params:           0
2026-07-19 16:48:40 | INFO | Runtime manifest audit PASSED: 91195 samples, coverage=1.0, clean=82515 rejected=8680 pseudo=0, max_class_drop=0.1000
2026-07-19 16:48:40 | INFO | Starting training: 50 epochs, 713 batches/epoch
2026-07-19 16:48:40 | INFO | Warmup steps: 1426, Total steps: 35650, Cosine steps: 34224
2026-07-19 16:48:40 | INFO | AMP: True
2026-07-19 16:48:40 | INFO | ============================================================
2026-07-19 16:51:55 | INFO | Epoch   1/50 | Train Loss: 1.8734 | Train Acc: 0.1503 | Val Loss: 1.7657 | Val Acc: 0.2469 | head_lr: 2.50e-03 | bb_lr: 0.00e+00 | Time: 3m 14s
2026-07-19 16:51:55 | INFO |   >> New best RAW! Val Acc: 0.2469
