2026-07-14 22:29:00 | INFO | Using device: cuda
2026-07-14 22:29:00 | INFO | Configuration: configs/a2_ce5_gce07_ema099.yaml
2026-07-14 22:29:00 | INFO | Train seed: 42
2026-07-14 22:29:00 | INFO | Resolved runtime: experiment_id=A2_CE5_GCE07_EMA099, mode=dev, head_type=linear, augmentation=a0, cached=False
2026-07-14 22:29:03 | INFO | Total parameters:     88,105,716
2026-07-14 22:29:03 | INFO | Trainable parameters: 256,500
2026-07-14 22:29:06 | INFO | Using config epochs: 50 (dev mode)
2026-07-14 22:29:06 | INFO | Loss: cross_entropy (reduction=mean)
2026-07-14 22:29:06 | INFO | Optimizer parameter groups:
2026-07-14 22:29:06 | INFO |   head        :    256,500 params, lr=5.00e-03, wd=1.00e-04
2026-07-14 22:29:06 | INFO |   TOTAL       :    256,500 optimizer params
2026-07-14 22:29:06 | INFO |   Trainable head params:       256,500
2026-07-14 22:29:06 | INFO |   Trainable visual params:           0
2026-07-14 22:29:06 | INFO | EMA enabled: decay=0.9900, warmup_epochs=5, warmup_steps=3570, selection=ema
2026-07-14 22:29:06 | INFO | Starting training: 50 epochs, 714 batches/epoch
2026-07-14 22:29:06 | INFO | Warmup steps: 1428, Total steps: 35700, Cosine steps: 34272
2026-07-14 22:29:06 | INFO | AMP: True
2026-07-14 22:29:06 | INFO | ============================================================
2026-07-14 22:31:58 | INFO | Epoch   1/50 | Train Loss: 5.7231 | Train Acc: 0.2042 | Val Loss: 4.8490 | Val Acc: 0.3704 | EMA Val Loss: 4.8490 | EMA Val Acc: 0.3704 | EMA updates: 714 | head_lr: 2.50e-03 | bb_lr: 0.00e+00 | Time: 2m 52s
2026-07-14 22:31:58 | INFO |   >> New best RAW! Val Acc: 0.3704
2026-07-14 22:31:58 | INFO |   >> New best EMA! Val Acc: 0.3704
2026-07-14 22:35:00 | INFO | Epoch   2/50 | Train Loss: 3.7906 | Train Acc: 0.4622 | Val Loss: 2.9450 | Val Acc: 0.5332 | EMA Val Loss: 2.9450 | EMA Val Acc: 0.5332 | EMA updates: 1428 | head_lr: 5.00e-03 | bb_lr: 0.00e+00 | Time: 2m 56s
2026-07-14 22:35:00 | INFO |   >> New best RAW! Val Acc: 0.5332
2026-07-14 22:35:00 | INFO |   >> New best EMA! Val Acc: 0.5332
2026-07-14 22:37:55 | INFO | Epoch   3/50 | Train Loss: 2.4459 | Train Acc: 0.5848 | Val Loss: 2.2139 | Val Acc: 0.5989 | EMA Val Loss: 2.2139 | EMA Val Acc: 0.5989 | EMA updates: 2142 | head_lr: 4.99e-03 | bb_lr: 0.00e+00 | Time: 2m 50s
2026-07-14 22:37:55 | INFO |   >> New best RAW! Val Acc: 0.5989
2026-07-14 22:37:55 | INFO |   >> New best EMA! Val Acc: 0.5989
2026-07-14 22:40:43 | INFO | Epoch   4/50 | Train Loss: 1.9538 | Train Acc: 0.6370 | Val Loss: 1.9294 | Val Acc: 0.6269 | EMA Val Loss: 1.9294 | EMA Val Acc: 0.6269 | EMA updates: 2856 | head_lr: 4.98e-03 | bb_lr: 0.00e+00 | Time: 2m 43s
2026-07-14 22:40:43 | INFO |   >> New best RAW! Val Acc: 0.6269
2026-07-14 22:40:43 | INFO |   >> New best EMA! Val Acc: 0.6269
2026-07-14 22:43:32 | INFO | Epoch   5/50 | Train Loss: 1.7177 | Train Acc: 0.6654 | Val Loss: 1.7765 | Val Acc: 0.6428 | EMA Val Loss: 1.7765 | EMA Val Acc: 0.6428 | EMA updates: 3570 | head_lr: 4.95e-03 | bb_lr: 0.00e+00 | Time: 2m 45s
2026-07-14 22:43:32 | INFO |   >> New best RAW! Val Acc: 0.6428
2026-07-14 22:43:32 | INFO |   >> New best EMA! Val Acc: 0.6428
2026-07-14 22:46:25 | INFO | Epoch   6/50 | Train Loss: 0.7097 | Train Acc: 0.6722 | Val Loss: 0.7264 | Val Acc: 0.6313 | EMA Val Loss: 0.7311 | EMA Val Acc: 0.6341 | EMA updates: 4284 | head_lr: 4.92e-03 | bb_lr: 0.00e+00 | Time: 2m 48s
2026-07-14 22:46:25 | INFO |   >> No improvement for 1/10 epochs
2026-07-14 22:49:11 | INFO | Epoch   7/50 | Train Loss: 0.6693 | Train Acc: 0.6697 | Val Loss: 0.6921 | Val Acc: 0.6346 | EMA Val Loss: 0.6959 | EMA Val Acc: 0.6341 | EMA updates: 4998 | head_lr: 4.87e-03 | bb_lr: 0.00e+00 | Time: 2m 45s
2026-07-14 22:49:11 | INFO |   >> No improvement for 2/10 epochs
2026-07-14 22:51:57 | INFO | Epoch   8/50 | Train Loss: 0.6331 | Train Acc: 0.6748 | Val Loss: 0.6607 | Val Acc: 0.6419 | EMA Val Loss: 0.6637 | EMA Val Acc: 0.6402 | EMA updates: 5712 | head_lr: 4.81e-03 | bb_lr: 0.00e+00 | Time: 2m 44s
2026-07-14 22:51:57 | INFO |   >> No improvement for 3/10 epochs
2026-07-14 22:54:45 | INFO | Epoch   9/50 | Train Loss: 0.5996 | Train Acc: 0.6836 | Val Loss: 0.6328 | Val Acc: 0.6441 | EMA Val Loss: 0.6346 | EMA Val Acc: 0.6466 | EMA updates: 6426 | head_lr: 4.74e-03 | bb_lr: 0.00e+00 | Time: 2m 46s
2026-07-14 22:54:46 | INFO |   >> New best RAW! Val Acc: 0.6441
2026-07-14 22:54:46 | INFO |   >> New best EMA! Val Acc: 0.6466
2026-07-14 22:57:40 | INFO | Epoch  10/50 | Train Loss: 0.5735 | Train Acc: 0.6906 | Val Loss: 0.6108 | Val Acc: 0.6535 | EMA Val Loss: 0.6124 | EMA Val Acc: 0.6535 | EMA updates: 7140 | head_lr: 4.67e-03 | bb_lr: 0.00e+00 | Time: 2m 49s
2026-07-14 22:57:40 | INFO |   >> New best RAW! Val Acc: 0.6535
2026-07-14 22:57:40 | INFO |   >> New best EMA! Val Acc: 0.6535
2026-07-14 23:00:37 | INFO | Epoch  11/50 | Train Loss: 0.5499 | Train Acc: 0.6985 | Val Loss: 0.5918 | Val Acc: 0.6587 | EMA Val Loss: 0.5930 | EMA Val Acc: 0.6585 | EMA updates: 7854 | head_lr: 4.58e-03 | bb_lr: 0.00e+00 | Time: 2m 50s
2026-07-14 23:00:37 | INFO |   >> New best RAW! Val Acc: 0.6587
2026-07-14 23:00:37 | INFO |   >> New best EMA! Val Acc: 0.6585
2026-07-14 23:03:29 | INFO | Epoch  12/50 | Train Loss: 0.5290 | Train Acc: 0.7063 | Val Loss: 0.5759 | Val Acc: 0.6654 | EMA Val Loss: 0.5766 | EMA Val Acc: 0.6660 | EMA updates: 8568 | head_lr: 4.49e-03 | bb_lr: 0.00e+00 | Time: 2m 47s
2026-07-14 23:03:29 | INFO |   >> New best RAW! Val Acc: 0.6654
2026-07-14 23:03:29 | INFO |   >> New best EMA! Val Acc: 0.6660
2026-07-14 23:06:21 | INFO | Epoch  13/50 | Train Loss: 0.5107 | Train Acc: 0.7142 | Val Loss: 0.5628 | Val Acc: 0.6682 | EMA Val Loss: 0.5631 | EMA Val Acc: 0.6686 | EMA updates: 9282 | head_lr: 4.39e-03 | bb_lr: 0.00e+00 | Time: 2m 46s
2026-07-14 23:06:21 | INFO |   >> New best RAW! Val Acc: 0.6682
2026-07-14 23:06:21 | INFO |   >> New best EMA! Val Acc: 0.6686
2026-07-14 23:09:13 | INFO | Epoch  14/50 | Train Loss: 0.4948 | Train Acc: 0.7204 | Val Loss: 0.5513 | Val Acc: 0.6730 | EMA Val Loss: 0.5513 | EMA Val Acc: 0.6739 | EMA updates: 9996 | head_lr: 4.28e-03 | bb_lr: 0.00e+00 | Time: 2m 46s
2026-07-14 23:09:13 | INFO |   >> New best RAW! Val Acc: 0.6730
2026-07-14 23:09:13 | INFO |   >> New best EMA! Val Acc: 0.6739
2026-07-14 23:12:06 | INFO | Epoch  15/50 | Train Loss: 0.4809 | Train Acc: 0.7267 | Val Loss: 0.5417 | Val Acc: 0.6769 | EMA Val Loss: 0.5419 | EMA Val Acc: 0.6765 | EMA updates: 10710 | head_lr: 4.16e-03 | bb_lr: 0.00e+00 | Time: 2m 47s
2026-07-14 23:12:06 | INFO |   >> New best RAW! Val Acc: 0.6769
2026-07-14 23:12:06 | INFO |   >> New best EMA! Val Acc: 0.6765
2026-07-14 23:14:54 | INFO | Epoch  16/50 | Train Loss: 0.4689 | Train Acc: 0.7329 | Val Loss: 0.5336 | Val Acc: 0.6762 | EMA Val Loss: 0.5333 | EMA Val Acc: 0.6808 | EMA updates: 11424 | head_lr: 4.03e-03 | bb_lr: 0.00e+00 | Time: 2m 45s
2026-07-14 23:14:54 | INFO |   >> New best EMA! Val Acc: 0.6808
2026-07-14 23:17:43 | INFO | Epoch  17/50 | Train Loss: 0.4581 | Train Acc: 0.7385 | Val Loss: 0.5271 | Val Acc: 0.6795 | EMA Val Loss: 0.5265 | EMA Val Acc: 0.6823 | EMA updates: 12138 | head_lr: 3.90e-03 | bb_lr: 0.00e+00 | Time: 2m 44s
2026-07-14 23:17:43 | INFO |   >> New best RAW! Val Acc: 0.6795
2026-07-14 23:17:43 | INFO |   >> New best EMA! Val Acc: 0.6823
2026-07-14 23:20:33 | INFO | Epoch  18/50 | Train Loss: 0.4486 | Train Acc: 0.7432 | Val Loss: 0.5211 | Val Acc: 0.6805 | EMA Val Loss: 0.5206 | EMA Val Acc: 0.6829 | EMA updates: 12852 | head_lr: 3.76e-03 | bb_lr: 0.00e+00 | Time: 2m 44s
2026-07-14 23:20:33 | INFO |   >> New best RAW! Val Acc: 0.6805
2026-07-14 23:20:33 | INFO |   >> New best EMA! Val Acc: 0.6829
2026-07-14 23:23:20 | INFO | Epoch  19/50 | Train Loss: 0.4401 | Train Acc: 0.7479 | Val Loss: 0.5155 | Val Acc: 0.6862 | EMA Val Loss: 0.5149 | EMA Val Acc: 0.6854 | EMA updates: 13566 | head_lr: 3.62e-03 | bb_lr: 0.00e+00 | Time: 2m 43s
2026-07-14 23:23:20 | INFO |   >> New best RAW! Val Acc: 0.6862
2026-07-14 23:23:20 | INFO |   >> New best EMA! Val Acc: 0.6854
2026-07-14 23:26:10 | INFO | Epoch  20/50 | Train Loss: 0.4327 | Train Acc: 0.7518 | Val Loss: 0.5107 | Val Acc: 0.6860 | EMA Val Loss: 0.5105 | EMA Val Acc: 0.6861 | EMA updates: 14280 | head_lr: 3.47e-03 | bb_lr: 0.00e+00 | Time: 2m 45s
2026-07-14 23:26:10 | INFO |   >> New best EMA! Val Acc: 0.6861
2026-07-14 23:28:59 | INFO | Epoch  21/50 | Train Loss: 0.4257 | Train Acc: 0.7547 | Val Loss: 0.5064 | Val Acc: 0.6870 | EMA Val Loss: 0.5064 | EMA Val Acc: 0.6876 | EMA updates: 14993 | head_lr: 3.32e-03 | bb_lr: 0.00e+00 | Time: 2m 47s
2026-07-14 23:28:59 | INFO |   >> New best RAW! Val Acc: 0.6870
2026-07-14 23:28:59 | INFO |   >> New best EMA! Val Acc: 0.6876
2026-07-14 23:31:48 | INFO | Epoch  22/50 | Train Loss: 0.4194 | Train Acc: 0.7584 | Val Loss: 0.5035 | Val Acc: 0.6859 | EMA Val Loss: 0.5028 | EMA Val Acc: 0.6884 | EMA updates: 15707 | head_lr: 3.17e-03 | bb_lr: 0.00e+00 | Time: 2m 45s
2026-07-14 23:31:48 | INFO |   >> New best EMA! Val Acc: 0.6884
2026-07-14 23:34:39 | INFO | Epoch  23/50 | Train Loss: 0.4137 | Train Acc: 0.7616 | Val Loss: 0.5001 | Val Acc: 0.6888 | EMA Val Loss: 0.4996 | EMA Val Acc: 0.6886 | EMA updates: 16421 | head_lr: 3.01e-03 | bb_lr: 0.00e+00 | Time: 2m 47s
2026-07-14 23:34:39 | INFO |   >> New best RAW! Val Acc: 0.6888
2026-07-14 23:34:39 | INFO |   >> New best EMA! Val Acc: 0.6886
2026-07-14 23:37:48 | INFO | Epoch  24/50 | Train Loss: 0.4086 | Train Acc: 0.7645 | Val Loss: 0.4969 | Val Acc: 0.6889 | EMA Val Loss: 0.4968 | EMA Val Acc: 0.6888 | EMA updates: 17135 | head_lr: 2.85e-03 | bb_lr: 0.00e+00 | Time: 3m 5s
2026-07-14 23:37:48 | INFO |   >> New best RAW! Val Acc: 0.6889
2026-07-14 23:37:48 | INFO |   >> New best EMA! Val Acc: 0.6888
