2026-07-13 18:26:22 | INFO | Using device: cuda
2026-07-13 18:26:22 | INFO | Configuration: configs/gce_q07.yaml
2026-07-13 18:26:22 | INFO | Train seed: 2026
2026-07-13 18:26:22 | INFO | Resolved runtime: experiment_id=gce_q07, mode=dev, head_type=linear, augmentation=a0, cached=False
2026-07-13 18:26:25 | INFO | Total parameters:     88,105,716
2026-07-13 18:26:25 | INFO | Trainable parameters: 256,500
2026-07-13 18:26:27 | INFO | Using config epochs: 50 (dev mode)
2026-07-13 18:26:27 | INFO | Loss: gce (reduction=mean)
2026-07-13 18:26:27 | INFO | Optimizer parameter groups:
2026-07-13 18:26:27 | INFO |   head        :    256,500 params, lr=5.00e-03, wd=1.00e-04
2026-07-13 18:26:27 | INFO |   TOTAL       :    256,500 optimizer params
2026-07-13 18:26:27 | INFO |   Trainable head params:       256,500
2026-07-13 18:26:27 | INFO |   Trainable visual params:           0
2026-07-13 18:26:27 | INFO | Starting training: 50 epochs, 714 batches/epoch
2026-07-13 18:26:27 | INFO | Warmup steps: 1428, Total steps: 35700, Cosine steps: 34272
2026-07-13 18:26:27 | INFO | AMP: True
2026-07-13 18:26:27 | INFO | ============================================================
2026-07-13 18:28:47 | INFO | Epoch   1/50 | Train Loss: 1.3939 | Train Acc: 0.1255 | Val Loss: 1.3268 | Val Acc: 0.1731 | head_lr: 2.50e-03 | bb_lr: 0.00e+00 | Time: 2m 19s
2026-07-13 18:28:47 | INFO |   >> New best model! Val Acc: 0.1731
2026-07-13 18:31:14 | INFO | Epoch   2/50 | Train Loss: 1.1106 | Train Acc: 0.3444 | Val Loss: 0.9267 | Val Acc: 0.4777 | head_lr: 5.00e-03 | bb_lr: 0.00e+00 | Time: 2m 25s
2026-07-13 18:31:14 | INFO |   >> New best model! Val Acc: 0.4777
2026-07-13 18:33:41 | INFO | Epoch   3/50 | Train Loss: 0.8081 | Train Acc: 0.5530 | Val Loss: 0.7576 | Val Acc: 0.5749 | head_lr: 4.99e-03 | bb_lr: 0.00e+00 | Time: 2m 26s
2026-07-13 18:33:41 | INFO |   >> New best model! Val Acc: 0.5749
2026-07-13 18:36:08 | INFO | Epoch   4/50 | Train Loss: 0.6841 | Train Acc: 0.6184 | Val Loss: 0.6823 | Val Acc: 0.6077 | head_lr: 4.98e-03 | bb_lr: 0.00e+00 | Time: 2m 26s
2026-07-13 18:36:08 | INFO |   >> New best model! Val Acc: 0.6077
2026-07-13 18:38:35 | INFO | Epoch   5/50 | Train Loss: 0.6193 | Train Acc: 0.6492 | Val Loss: 0.6405 | Val Acc: 0.6222 | head_lr: 4.95e-03 | bb_lr: 0.00e+00 | Time: 2m 26s
2026-07-13 18:38:35 | INFO |   >> New best model! Val Acc: 0.6222
2026-07-13 18:41:03 | INFO | Epoch   6/50 | Train Loss: 0.5782 | Train Acc: 0.6672 | Val Loss: 0.6107 | Val Acc: 0.6369 | head_lr: 4.92e-03 | bb_lr: 0.00e+00 | Time: 2m 27s
2026-07-13 18:41:03 | INFO |   >> New best model! Val Acc: 0.6369
2026-07-13 18:43:32 | INFO | Epoch   7/50 | Train Loss: 0.5479 | Train Acc: 0.6821 | Val Loss: 0.5890 | Val Acc: 0.6486 | head_lr: 4.87e-03 | bb_lr: 0.00e+00 | Time: 2m 27s
2026-07-13 18:43:32 | INFO |   >> New best model! Val Acc: 0.6486
2026-07-13 18:45:59 | INFO | Epoch   8/50 | Train Loss: 0.5236 | Train Acc: 0.6948 | Val Loss: 0.5704 | Val Acc: 0.6554 | head_lr: 4.81e-03 | bb_lr: 0.00e+00 | Time: 2m 25s
2026-07-13 18:45:59 | INFO |   >> New best model! Val Acc: 0.6554
2026-07-13 18:48:28 | INFO | Epoch   9/50 | Train Loss: 0.5039 | Train Acc: 0.7050 | Val Loss: 0.5573 | Val Acc: 0.6584 | head_lr: 4.74e-03 | bb_lr: 0.00e+00 | Time: 2m 27s
2026-07-13 18:48:28 | INFO |   >> New best model! Val Acc: 0.6584
2026-07-13 18:50:56 | INFO | Epoch  10/50 | Train Loss: 0.4874 | Train Acc: 0.7137 | Val Loss: 0.5455 | Val Acc: 0.6661 | head_lr: 4.67e-03 | bb_lr: 0.00e+00 | Time: 2m 26s
2026-07-13 18:50:56 | INFO |   >> New best model! Val Acc: 0.6661
2026-07-13 18:53:22 | INFO | Epoch  11/50 | Train Loss: 0.4731 | Train Acc: 0.7215 | Val Loss: 0.5362 | Val Acc: 0.6687 | head_lr: 4.58e-03 | bb_lr: 0.00e+00 | Time: 2m 25s
2026-07-13 18:53:22 | INFO |   >> New best model! Val Acc: 0.6687
2026-07-13 18:55:52 | INFO | Epoch  12/50 | Train Loss: 0.4607 | Train Acc: 0.7287 | Val Loss: 0.5280 | Val Acc: 0.6739 | head_lr: 4.49e-03 | bb_lr: 0.00e+00 | Time: 2m 29s
2026-07-13 18:55:52 | INFO |   >> New best model! Val Acc: 0.6739
2026-07-13 18:58:21 | INFO | Epoch  13/50 | Train Loss: 0.4496 | Train Acc: 0.7341 | Val Loss: 0.5222 | Val Acc: 0.6717 | head_lr: 4.39e-03 | bb_lr: 0.00e+00 | Time: 2m 26s
2026-07-13 18:58:21 | INFO |   >> No improvement for 1/10 epochs
2026-07-13 19:00:52 | INFO | Epoch  14/50 | Train Loss: 0.4399 | Train Acc: 0.7394 | Val Loss: 0.5154 | Val Acc: 0.6751 | head_lr: 4.28e-03 | bb_lr: 0.00e+00 | Time: 2m 30s
2026-07-13 19:00:52 | INFO |   >> New best model! Val Acc: 0.6751
2026-07-13 19:03:22 | INFO | Epoch  15/50 | Train Loss: 0.4310 | Train Acc: 0.7451 | Val Loss: 0.5105 | Val Acc: 0.6777 | head_lr: 4.16e-03 | bb_lr: 0.00e+00 | Time: 2m 29s
2026-07-13 19:03:22 | INFO |   >> New best model! Val Acc: 0.6777
2026-07-13 19:05:52 | INFO | Epoch  16/50 | Train Loss: 0.4232 | Train Acc: 0.7499 | Val Loss: 0.5048 | Val Acc: 0.6790 | head_lr: 4.03e-03 | bb_lr: 0.00e+00 | Time: 2m 28s
2026-07-13 19:05:52 | INFO |   >> New best model! Val Acc: 0.6790
2026-07-13 19:08:24 | INFO | Epoch  17/50 | Train Loss: 0.4157 | Train Acc: 0.7534 | Val Loss: 0.5012 | Val Acc: 0.6809 | head_lr: 3.90e-03 | bb_lr: 0.00e+00 | Time: 2m 30s
2026-07-13 19:08:24 | INFO |   >> New best model! Val Acc: 0.6809
2026-07-13 19:11:01 | INFO | Epoch  18/50 | Train Loss: 0.4091 | Train Acc: 0.7574 | Val Loss: 0.4974 | Val Acc: 0.6835 | head_lr: 3.76e-03 | bb_lr: 0.00e+00 | Time: 2m 35s
2026-07-13 19:11:01 | INFO |   >> New best model! Val Acc: 0.6835
2026-07-13 19:13:30 | INFO | Epoch  19/50 | Train Loss: 0.4030 | Train Acc: 0.7614 | Val Loss: 0.4939 | Val Acc: 0.6842 | head_lr: 3.62e-03 | bb_lr: 0.00e+00 | Time: 2m 28s
2026-07-13 19:13:30 | INFO |   >> New best model! Val Acc: 0.6842
2026-07-13 19:16:03 | INFO | Epoch  20/50 | Train Loss: 0.3974 | Train Acc: 0.7645 | Val Loss: 0.4911 | Val Acc: 0.6860 | head_lr: 3.47e-03 | bb_lr: 0.00e+00 | Time: 2m 31s
2026-07-13 19:16:03 | INFO |   >> New best model! Val Acc: 0.6860
2026-07-13 19:18:31 | INFO | Epoch  21/50 | Train Loss: 0.3921 | Train Acc: 0.7673 | Val Loss: 0.4884 | Val Acc: 0.6876 | head_lr: 3.32e-03 | bb_lr: 0.00e+00 | Time: 2m 26s
2026-07-13 19:18:31 | INFO |   >> New best model! Val Acc: 0.6876
2026-07-13 19:20:57 | INFO | Epoch  22/50 | Train Loss: 0.3876 | Train Acc: 0.7704 | Val Loss: 0.4856 | Val Acc: 0.6876 | head_lr: 3.17e-03 | bb_lr: 0.00e+00 | Time: 2m 25s
2026-07-13 19:20:57 | INFO |   >> No improvement for 1/10 epochs
2026-07-13 19:23:25 | INFO | Epoch  23/50 | Train Loss: 0.3830 | Train Acc: 0.7730 | Val Loss: 0.4831 | Val Acc: 0.6883 | head_lr: 3.01e-03 | bb_lr: 0.00e+00 | Time: 2m 27s
2026-07-13 19:23:25 | INFO |   >> New best model! Val Acc: 0.6883
2026-07-13 19:25:50 | INFO | Epoch  24/50 | Train Loss: 0.3790 | Train Acc: 0.7753 | Val Loss: 0.4812 | Val Acc: 0.6897 | head_lr: 2.85e-03 | bb_lr: 0.00e+00 | Time: 2m 24s
2026-07-13 19:25:50 | INFO |   >> New best model! Val Acc: 0.6897
2026-07-13 19:28:19 | INFO | Epoch  25/50 | Train Loss: 0.3752 | Train Acc: 0.7776 | Val Loss: 0.4796 | Val Acc: 0.6886 | head_lr: 2.69e-03 | bb_lr: 0.00e+00 | Time: 2m 27s
2026-07-13 19:28:19 | INFO |   >> No improvement for 1/10 epochs
2026-07-13 19:30:48 | INFO | Epoch  26/50 | Train Loss: 0.3718 | Train Acc: 0.7799 | Val Loss: 0.4774 | Val Acc: 0.6918 | head_lr: 2.52e-03 | bb_lr: 0.00e+00 | Time: 2m 27s
2026-07-13 19:30:48 | INFO |   >> New best model! Val Acc: 0.6918
2026-07-13 19:33:16 | INFO | Epoch  27/50 | Train Loss: 0.3687 | Train Acc: 0.7822 | Val Loss: 0.4760 | Val Acc: 0.6923 | head_lr: 2.36e-03 | bb_lr: 0.00e+00 | Time: 2m 27s
2026-07-13 19:33:16 | INFO |   >> New best model! Val Acc: 0.6923
2026-07-13 19:35:46 | INFO | Epoch  28/50 | Train Loss: 0.3658 | Train Acc: 0.7838 | Val Loss: 0.4746 | Val Acc: 0.6923 | head_lr: 2.20e-03 | bb_lr: 0.00e+00 | Time: 2m 29s
2026-07-13 19:35:46 | INFO |   >> No improvement for 1/10 epochs
2026-07-13 19:38:17 | INFO | Epoch  29/50 | Train Loss: 0.3632 | Train Acc: 0.7851 | Val Loss: 0.4739 | Val Acc: 0.6924 | head_lr: 2.04e-03 | bb_lr: 0.00e+00 | Time: 2m 30s
2026-07-13 19:38:17 | INFO |   >> New best model! Val Acc: 0.6924
2026-07-13 19:40:44 | INFO | Epoch  30/50 | Train Loss: 0.3607 | Train Acc: 0.7870 | Val Loss: 0.4727 | Val Acc: 0.6931 | head_lr: 1.88e-03 | bb_lr: 0.00e+00 | Time: 2m 25s
2026-07-13 19:40:44 | INFO |   >> New best model! Val Acc: 0.6931
2026-07-13 19:43:34 | INFO | Epoch  31/50 | Train Loss: 0.3586 | Train Acc: 0.7887 | Val Loss: 0.4715 | Val Acc: 0.6944 | head_lr: 1.73e-03 | bb_lr: 0.00e+00 | Time: 2m 48s
2026-07-13 19:43:34 | INFO |   >> New best model! Val Acc: 0.6944
2026-07-13 19:46:06 | INFO | Epoch  32/50 | Train Loss: 0.3566 | Train Acc: 0.7897 | Val Loss: 0.4703 | Val Acc: 0.6944 | head_lr: 1.58e-03 | bb_lr: 0.00e+00 | Time: 2m 31s
2026-07-13 19:46:06 | INFO |   >> No improvement for 1/10 epochs
2026-07-13 19:48:36 | INFO | Epoch  33/50 | Train Loss: 0.3548 | Train Acc: 0.7905 | Val Loss: 0.4702 | Val Acc: 0.6950 | head_lr: 1.43e-03 | bb_lr: 0.00e+00 | Time: 2m 28s
2026-07-13 19:48:36 | INFO |   >> New best model! Val Acc: 0.6950
2026-07-13 19:51:06 | INFO | Epoch  34/50 | Train Loss: 0.3532 | Train Acc: 0.7915 | Val Loss: 0.4691 | Val Acc: 0.6939 | head_lr: 1.29e-03 | bb_lr: 0.00e+00 | Time: 2m 29s
2026-07-13 19:51:06 | INFO |   >> No improvement for 1/10 epochs
2026-07-13 19:53:32 | INFO | Epoch  35/50 | Train Loss: 0.3517 | Train Acc: 0.7926 | Val Loss: 0.4687 | Val Acc: 0.6953 | head_lr: 1.15e-03 | bb_lr: 0.00e+00 | Time: 2m 25s
2026-07-13 19:53:32 | INFO |   >> New best model! Val Acc: 0.6953
2026-07-13 19:56:01 | INFO | Epoch  36/50 | Train Loss: 0.3504 | Train Acc: 0.7936 | Val Loss: 0.4682 | Val Acc: 0.6945 | head_lr: 1.02e-03 | bb_lr: 0.00e+00 | Time: 2m 27s
2026-07-13 19:56:01 | INFO |   >> No improvement for 1/10 epochs
2026-07-13 19:58:27 | INFO | Epoch  37/50 | Train Loss: 0.3492 | Train Acc: 0.7940 | Val Loss: 0.4678 | Val Acc: 0.6945 | head_lr: 8.93e-04 | bb_lr: 0.00e+00 | Time: 2m 25s
2026-07-13 19:58:27 | INFO |   >> No improvement for 2/10 epochs
2026-07-13 20:00:56 | INFO | Epoch  38/50 | Train Loss: 0.3482 | Train Acc: 0.7948 | Val Loss: 0.4673 | Val Acc: 0.6948 | head_lr: 7.75e-04 | bb_lr: 0.00e+00 | Time: 2m 28s
2026-07-13 20:00:56 | INFO |   >> No improvement for 3/10 epochs
2026-07-13 20:03:21 | INFO | Epoch  39/50 | Train Loss: 0.3472 | Train Acc: 0.7952 | Val Loss: 0.4671 | Val Acc: 0.6943 | head_lr: 6.64e-04 | bb_lr: 0.00e+00 | Time: 2m 24s
2026-07-13 20:03:21 | INFO |   >> No improvement for 4/10 epochs
2026-07-13 20:05:47 | INFO | Epoch  40/50 | Train Loss: 0.3465 | Train Acc: 0.7957 | Val Loss: 0.4668 | Val Acc: 0.6946 | head_lr: 5.61e-04 | bb_lr: 0.00e+00 | Time: 2m 24s
2026-07-13 20:05:47 | INFO |   >> No improvement for 5/10 epochs
2026-07-13 20:08:14 | INFO | Epoch  41/50 | Train Loss: 0.3458 | Train Acc: 0.7961 | Val Loss: 0.4666 | Val Acc: 0.6952 | head_lr: 4.67e-04 | bb_lr: 0.00e+00 | Time: 2m 26s
2026-07-13 20:08:14 | INFO |   >> No improvement for 6/10 epochs
2026-07-13 20:10:47 | INFO | Epoch  42/50 | Train Loss: 0.3452 | Train Acc: 0.7965 | Val Loss: 0.4664 | Val Acc: 0.6947 | head_lr: 3.82e-04 | bb_lr: 0.00e+00 | Time: 2m 31s
2026-07-13 20:10:47 | INFO |   >> No improvement for 7/10 epochs
2026-07-13 20:13:21 | INFO | Epoch  43/50 | Train Loss: 0.3447 | Train Acc: 0.7968 | Val Loss: 0.4662 | Val Acc: 0.6946 | head_lr: 3.05e-04 | bb_lr: 0.00e+00 | Time: 2m 33s
2026-07-13 20:13:21 | INFO |   >> No improvement for 8/10 epochs
2026-07-13 20:15:53 | INFO | Epoch  44/50 | Train Loss: 0.3443 | Train Acc: 0.7970 | Val Loss: 0.4661 | Val Acc: 0.6950 | head_lr: 2.38e-04 | bb_lr: 0.00e+00 | Time: 2m 31s
2026-07-13 20:15:53 | INFO |   >> No improvement for 9/10 epochs
2026-07-13 20:18:26 | INFO | Epoch  45/50 | Train Loss: 0.3439 | Train Acc: 0.7972 | Val Loss: 0.4660 | Val Acc: 0.6950 | head_lr: 1.81e-04 | bb_lr: 0.00e+00 | Time: 2m 32s
2026-07-13 20:18:26 | INFO |   >> No improvement for 10/10 epochs
2026-07-13 20:18:27 | INFO | Early stopping triggered at epoch 45 (no improvement for 10 epochs). Best val acc: 0.6953 at epoch 35.
2026-07-13 20:18:27 | INFO | ============================================================
2026-07-13 20:18:27 | INFO | Training complete! Total time: 1h 51m 59s
2026-07-13 20:18:27 | INFO | Best validation accuracy: 0.6953
2026-07-13 20:18:27 | INFO | Best model saved to: outputs/gce_q07/seed2026/checkpoints/best.pt
2026-07-13 20:18:27 | INFO | Training log saved to: outputs/gce_q07/seed2026/logs/train_log.csv
2026-07-13 20:18:27 | INFO | Reloaded best checkpoint for post-training evaluation: outputs/gce_q07/seed2026/checkpoints/best.pt (epoch=35, best_val_acc=0.69532765)
2026-07-13 20:18:27 | INFO | Running post-training per-class evaluation...
2026-07-13 20:18:47 | INFO | Eval results saved to: outputs/gce_q07/seed2026/checkpoints/eval_results.json
